20:54:40    16 -->                                                             [tcl] ucliGUI::connect -toolargs -ucligui -toolexe ./simv -pid 14188 -toolin /tmp/vcs_20241003125439_14186_host..stdin -toolout /tmp/vcs_20241003125439_14186_host..stdout  
20:54:40    17 -->                                                                 [tcl] set ucliGUI::state
20:54:40    18 -->                                                                     [tcl] gui_update_simulator_buttons
20:54:40    19 -->                                                                         [tcl] set ucliGUI::state
20:54:40    20 -->                                                                             [tcl] ucliCore::getToolPID
20:54:40    21 -->                                                                                 [tcl] synopsys::env hasTB
20:54:40    22 -->                                                                                     [tcl] trigger_hier_stack_context_switch 0
20:54:40    23 -->                                                                                         [tcl] synopsys::xml set_array_limit <data limit="50" />
20:54:40    24 -->                                                                                             [tcl] synopsys::xml set_depth_limit <data limit="100" />
20:54:40    25 --> ...  [tcl] synopsys::xml set_string_limit <data limit="1000" />
20:54:40    26 --> ...      [tcl] synopsys::xml set_only_active_frame <data value="1" />
20:54:40    27 --> ...          [tcl] synopsys::xml set_variable_frame_id <data value="1" />
20:54:40    28 --> ...              [tcl] synUtils::setDVEInitPhase 1
20:54:40    29 --> ...                  [tcl] gui_get_env SIMSETUP::SIMVPD
20:54:40    30 --> ...                      [tcl] synopsys::dump -type VPD -file /home/host/risc_32i/src/rtl/tb/inter.vpd -locking
20:54:40    31 --> ...                          [tcl] synopsys::dump -autoflush on -fid VPD0
20:54:40    32 --> ...                              [tcl] set ::dve_fid VPD0
20:54:40    33 --> ...                                  [tcl] synUtils::setDVEInitPhase 0
20:54:40    34 --> ...                                      [tcl] ucliCore::getToolPID
20:54:40    35 --> ...                                          [tcl] synUtils::sendTool -active _icl_setToolSocket /tmp/smlnp4RFgjC
20:54:40    36 --> ...                                              [tcl] synUtils::sendTool -active {_icl_start_rpc -version "O-2018.09-SP2_Full64" -sync_file /tmp/vcs_dve_rpc.host.14188}
20:54:41    37 --> ...                                                  [tcl] synUtils::sendTool -active {_icl_createSharedMemory /tmp/vcs_dve_general.host.14188}
20:54:41    38 --> ...                                                      [tcl] dveMisc::vbusExpand uvm_pkg
20:54:41    39 --> ...                                                          [tcl] config endofsim noexit
20:54:41    40 --> ...                                                              [tcl] config onfail enable all
20:54:41    41 --> ...                                                                  [tcl] config syscaddplainmembers
20:54:41    42 --> ...                                                                      [tcl] config syscaddsourcenames
20:54:41    43 --> ...                                                                          [tcl] config syscaddstructtypes
20:54:41    44 --> ...                                                                              [tcl] synopsys::listing -disable
20:54:43    45 --> ...                                                                                  [tcl] dveMisc::vbusExpand quick_sim_pc
20:54:44    46 --> ...                                                                                      [tcl] dveMisc::vbusExpand _vcs_unit__2942016970
20:54:44    47 --> ...                                                                                          [tcl] dveMisc::vbusExpand quick_sim_pc.ex_uut
20:54:45    48 --> ...                                                                                              [tcl] dveMisc::vbusExpand quick_sim_pc.id_ex_uut
20:54:46    49 --> ...                                                                                                  [tcl] dveMisc::vbusExpand quick_sim_pc.regs_uut
20:54:51    50 --> ...  [tcl] synopsys::dump -add {_vcs_unit__2942016970 quick_sim_pc.regs_uut.clk quick_sim_pc.regs_uut.jtag_addr_i quick_sim_pc.regs_uut.jtag_data_i quick_sim_pc.regs_uut.jtag_data_o quick_sim_pc.regs_uut.jtag_we_i quick_sim_pc.regs_uut.raddr1_i quick_sim_pc.regs_uut.raddr2_i quick_sim_pc.regs_uut.rdata1_o quick_sim_pc.regs_uut.rdata2_o quick_sim_pc.regs_uut.regs quick_sim_pc.regs_uut.rst quick_sim_pc.regs_uut.waddr_i quick_sim_pc.regs_uut.wdata_i quick_sim_pc.regs_uut.we_i } -aggregates  -fid VPD0
20:54:54    51 --> ...      [tcl] synopsys::run
20:54:54    52 --> ...          [tcl] set ucliGUI::state
20:54:54    53 --> ...              [tcl] gui_update_simulator_buttons
20:54:54    54 --> ...                  [tcl] set ucliGUI::state
20:54:54    55 --> ...                      [tcl] set ucliGUI::state
20:54:54    56 --> ...                          [tcl] set ucliGUI::state
20:54:54    57 --> ...                              [tcl] catch {senv activeDomain} dveMisc::result 
20:54:54    58 --> ...                                  [tcl] set dveMisc::result
20:54:54    59 --> ...                                      [tcl] gui_update_simulator_buttons
20:54:54    60 --> ...                                          [tcl] synopsys::xml get_stop_data
20:54:54    61 --> ...                                              [tcl] synopsys::xml {frames <data updateType="preserve" itemId="none" viewId="Stack.1" />}
