#! /usr/local/bin/vvp
:ivl_version "11.0 (stable)" "(v11_0-132-gb2f2414f4)";
:ivl_delay_selection "TYPICAL";
:vpi_time_precision + 0;
:vpi_module "/usr/local/lib/ivl/system.vpi";
:vpi_module "/usr/local/lib/ivl/vhdl_sys.vpi";
:vpi_module "/usr/local/lib/ivl/vhdl_textio.vpi";
:vpi_module "/usr/local/lib/ivl/v2005_math.vpi";
:vpi_module "/usr/local/lib/ivl/va_math.vpi";
S_0x56356a300d60 .scope module, "csr_reg" "csr_reg" 2 3;
 .timescale 0 0;
    .port_info 0 /INPUT 1 "clk";
    .port_info 1 /INPUT 1 "rst";
    .port_info 2 /INPUT 1 "we_i";
    .port_info 3 /INPUT 32 "raddr_i";
    .port_info 4 /INPUT 32 "waddr_i";
    .port_info 5 /INPUT 32 "data_i";
    .port_info 6 /OUTPUT 32 "data_o";
    .port_info 7 /INPUT 1 "clint_we_i";
    .port_info 8 /INPUT 32 "clint_raddr_i";
    .port_info 9 /INPUT 32 "clint_waddr_i";
    .port_info 10 /INPUT 32 "clint_data_i";
    .port_info 11 /OUTPUT 32 "clint_data_o";
    .port_info 12 /OUTPUT 32 "clint_csr_mtvec";
    .port_info 13 /OUTPUT 32 "clint_csr_mepc";
    .port_info 14 /OUTPUT 32 "clint_csr_mstatus";
    .port_info 15 /OUTPUT 1 "global_int_en_o";
L_0x7f2210214018 .functor BUFT 1, C4<1>, C4<0>, C4<0>, C4<0>;
L_0x56356a329b80 .functor XNOR 1, L_0x56356a36a390, L_0x7f2210214018, C4<0>, C4<0>;
L_0x56356a36a640 .functor BUFZ 32, v0x56356a369d70_0, C4<00000000000000000000000000000000>, C4<00000000000000000000000000000000>, C4<00000000000000000000000000000000>;
L_0x56356a36a6b0 .functor BUFZ 32, v0x56356a3699f0_0, C4<00000000000000000000000000000000>, C4<00000000000000000000000000000000>, C4<00000000000000000000000000000000>;
L_0x56356a36a750 .functor BUFZ 32, v0x56356a369c90_0, C4<00000000000000000000000000000000>, C4<00000000000000000000000000000000>, C4<00000000000000000000000000000000>;
v0x56356a329d20_0 .net *"_ivl_1", 0 0, L_0x56356a36a390;  1 drivers
v0x56356a368a80_0 .net/2u *"_ivl_2", 0 0, L_0x7f2210214018;  1 drivers
v0x56356a368b60_0 .net *"_ivl_4", 0 0, L_0x56356a329b80;  1 drivers
L_0x7f2210214060 .functor BUFT 1, C4<1>, C4<0>, C4<0>, C4<0>;
v0x56356a368c00_0 .net/2u *"_ivl_6", 0 0, L_0x7f2210214060;  1 drivers
L_0x7f22102140a8 .functor BUFT 1, C4<0>, C4<0>, C4<0>, C4<0>;
v0x56356a368ce0_0 .net/2u *"_ivl_8", 0 0, L_0x7f22102140a8;  1 drivers
v0x56356a368e10_0 .net "clint_csr_mepc", 31 0, L_0x56356a36a6b0;  1 drivers
v0x56356a368ef0_0 .net "clint_csr_mstatus", 31 0, L_0x56356a36a750;  1 drivers
v0x56356a368fd0_0 .net "clint_csr_mtvec", 31 0, L_0x56356a36a640;  1 drivers
o0x7f221025d198 .functor BUFZ 32, C4<zzzzzzzzzzzzzzzzzzzzzzzzzzzzzzzz>; HiZ drive
v0x56356a3690b0_0 .net "clint_data_i", 31 0, o0x7f221025d198;  0 drivers
v0x56356a369190_0 .var "clint_data_o", 31 0;
o0x7f221025d1f8 .functor BUFZ 32, C4<zzzzzzzzzzzzzzzzzzzzzzzzzzzzzzzz>; HiZ drive
v0x56356a369270_0 .net "clint_raddr_i", 31 0, o0x7f221025d1f8;  0 drivers
o0x7f221025d228 .functor BUFZ 32, C4<zzzzzzzzzzzzzzzzzzzzzzzzzzzzzzzz>; HiZ drive
v0x56356a369350_0 .net "clint_waddr_i", 31 0, o0x7f221025d228;  0 drivers
o0x7f221025d258 .functor BUFZ 1, C4<z>; HiZ drive
v0x56356a369430_0 .net "clint_we_i", 0 0, o0x7f221025d258;  0 drivers
o0x7f221025d288 .functor BUFZ 1, C4<z>; HiZ drive
v0x56356a3694f0_0 .net "clk", 0 0, o0x7f221025d288;  0 drivers
v0x56356a3695b0_0 .var "cycle", 63 0;
o0x7f221025d2e8 .functor BUFZ 32, C4<zzzzzzzzzzzzzzzzzzzzzzzzzzzzzzzz>; HiZ drive
v0x56356a369690_0 .net "data_i", 31 0, o0x7f221025d2e8;  0 drivers
v0x56356a369770_0 .var "data_o", 31 0;
v0x56356a369850_0 .net "global_int_en_o", 0 0, L_0x56356a36a480;  1 drivers
v0x56356a369910_0 .var "mcause", 31 0;
v0x56356a3699f0_0 .var "mepc", 31 0;
v0x56356a369ad0_0 .var "mie", 31 0;
v0x56356a369bb0_0 .var "mscratch", 31 0;
v0x56356a369c90_0 .var "mstatus", 31 0;
v0x56356a369d70_0 .var "mtvec", 31 0;
o0x7f221025d498 .functor BUFZ 32, C4<zzzzzzzzzzzzzzzzzzzzzzzzzzzzzzzz>; HiZ drive
v0x56356a369e50_0 .net "raddr_i", 31 0, o0x7f221025d498;  0 drivers
o0x7f221025d4c8 .functor BUFZ 1, C4<z>; HiZ drive
v0x56356a369f30_0 .net "rst", 0 0, o0x7f221025d4c8;  0 drivers
o0x7f221025d4f8 .functor BUFZ 32, C4<zzzzzzzzzzzzzzzzzzzzzzzzzzzzzzzz>; HiZ drive
v0x56356a369ff0_0 .net "waddr_i", 31 0, o0x7f221025d4f8;  0 drivers
o0x7f221025d528 .functor BUFZ 1, C4<z>; HiZ drive
v0x56356a36a0d0_0 .net "we_i", 0 0, o0x7f221025d528;  0 drivers
E_0x56356a301600/0 .event edge, v0x56356a369350_0, v0x56356a369270_0, v0x56356a369430_0, v0x56356a3690b0_0;
E_0x56356a301600/1 .event edge, v0x56356a3695b0_0, v0x56356a369d70_0, v0x56356a369910_0, v0x56356a3699f0_0;
E_0x56356a301600/2 .event edge, v0x56356a369ad0_0, v0x56356a369c90_0, v0x56356a369bb0_0;
E_0x56356a301600 .event/or E_0x56356a301600/0, E_0x56356a301600/1, E_0x56356a301600/2;
E_0x56356a339410/0 .event edge, v0x56356a369ff0_0, v0x56356a369e50_0, v0x56356a36a0d0_0, v0x56356a369690_0;
E_0x56356a339410/1 .event edge, v0x56356a3695b0_0, v0x56356a369d70_0, v0x56356a369910_0, v0x56356a3699f0_0;
E_0x56356a339410/2 .event edge, v0x56356a369ad0_0, v0x56356a369c90_0, v0x56356a369bb0_0;
E_0x56356a339410 .event/or E_0x56356a339410/0, E_0x56356a339410/1, E_0x56356a339410/2;
E_0x56356a301850 .event posedge, v0x56356a3694f0_0;
L_0x56356a36a390 .part v0x56356a369c90_0, 3, 1;
L_0x56356a36a480 .functor MUXZ 1, L_0x7f22102140a8, L_0x7f2210214060, L_0x56356a329b80, C4<>;
    .scope S_0x56356a300d60;
T_0 ;
    %wait E_0x56356a301850;
    %load/vec4 v0x56356a369f30_0;
    %cmpi/e 0, 0, 1;
    %jmp/0xz  T_0.0, 4;
    %pushi/vec4 0, 0, 64;
    %assign/vec4 v0x56356a3695b0_0, 0;
    %jmp T_0.1;
T_0.0 ;
    %load/vec4 v0x56356a3695b0_0;
    %addi 1, 0, 64;
    %assign/vec4 v0x56356a3695b0_0, 0;
T_0.1 ;
    %jmp T_0;
    .thread T_0;
    .scope S_0x56356a300d60;
T_1 ;
    %wait E_0x56356a301850;
    %load/vec4 v0x56356a369f30_0;
    %cmpi/e 0, 0, 1;
    %jmp/0xz  T_1.0, 4;
    %pushi/vec4 0, 0, 32;
    %assign/vec4 v0x56356a369d70_0, 0;
    %pushi/vec4 0, 0, 32;
    %assign/vec4 v0x56356a369910_0, 0;
    %pushi/vec4 0, 0, 32;
    %assign/vec4 v0x56356a3699f0_0, 0;
    %pushi/vec4 0, 0, 32;
    %assign/vec4 v0x56356a369ad0_0, 0;
    %pushi/vec4 0, 0, 32;
    %assign/vec4 v0x56356a369c90_0, 0;
    %pushi/vec4 0, 0, 32;
    %assign/vec4 v0x56356a369bb0_0, 0;
    %jmp T_1.1;
T_1.0 ;
    %load/vec4 v0x56356a36a0d0_0;
    %cmpi/e 1, 0, 1;
    %jmp/0xz  T_1.2, 4;
    %load/vec4 v0x56356a369ff0_0;
    %parti/s 12, 0, 2;
    %dup/vec4;
    %pushi/vec4 773, 0, 12;
    %cmp/u;
    %jmp/1 T_1.4, 6;
    %dup/vec4;
    %pushi/vec4 834, 0, 12;
    %cmp/u;
    %jmp/1 T_1.5, 6;
    %dup/vec4;
    %pushi/vec4 833, 0, 12;
    %cmp/u;
    %jmp/1 T_1.6, 6;
    %dup/vec4;
    %pushi/vec4 772, 0, 12;
    %cmp/u;
    %jmp/1 T_1.7, 6;
    %dup/vec4;
    %pushi/vec4 768, 0, 12;
    %cmp/u;
    %jmp/1 T_1.8, 6;
    %dup/vec4;
    %pushi/vec4 832, 0, 12;
    %cmp/u;
    %jmp/1 T_1.9, 6;
    %jmp T_1.11;
T_1.4 ;
    %load/vec4 v0x56356a369690_0;
    %assign/vec4 v0x56356a369d70_0, 0;
    %jmp T_1.11;
T_1.5 ;
    %load/vec4 v0x56356a369690_0;
    %assign/vec4 v0x56356a369910_0, 0;
    %jmp T_1.11;
T_1.6 ;
    %load/vec4 v0x56356a369690_0;
    %assign/vec4 v0x56356a3699f0_0, 0;
    %jmp T_1.11;
T_1.7 ;
    %load/vec4 v0x56356a369690_0;
    %assign/vec4 v0x56356a369ad0_0, 0;
    %jmp T_1.11;
T_1.8 ;
    %load/vec4 v0x56356a369690_0;
    %assign/vec4 v0x56356a369c90_0, 0;
    %jmp T_1.11;
T_1.9 ;
    %load/vec4 v0x56356a369690_0;
    %assign/vec4 v0x56356a369bb0_0, 0;
    %jmp T_1.11;
T_1.11 ;
    %pop/vec4 1;
    %jmp T_1.3;
T_1.2 ;
    %load/vec4 v0x56356a369430_0;
    %cmpi/e 1, 0, 1;
    %jmp/0xz  T_1.12, 4;
    %load/vec4 v0x56356a369350_0;
    %parti/s 12, 0, 2;
    %dup/vec4;
    %pushi/vec4 773, 0, 12;
    %cmp/u;
    %jmp/1 T_1.14, 6;
    %dup/vec4;
    %pushi/vec4 834, 0, 12;
    %cmp/u;
    %jmp/1 T_1.15, 6;
    %dup/vec4;
    %pushi/vec4 833, 0, 12;
    %cmp/u;
    %jmp/1 T_1.16, 6;
    %dup/vec4;
    %pushi/vec4 772, 0, 12;
    %cmp/u;
    %jmp/1 T_1.17, 6;
    %dup/vec4;
    %pushi/vec4 768, 0, 12;
    %cmp/u;
    %jmp/1 T_1.18, 6;
    %dup/vec4;
    %pushi/vec4 832, 0, 12;
    %cmp/u;
    %jmp/1 T_1.19, 6;
    %jmp T_1.21;
T_1.14 ;
    %load/vec4 v0x56356a3690b0_0;
    %assign/vec4 v0x56356a369d70_0, 0;
    %jmp T_1.21;
T_1.15 ;
    %load/vec4 v0x56356a3690b0_0;
    %assign/vec4 v0x56356a369910_0, 0;
    %jmp T_1.21;
T_1.16 ;
    %load/vec4 v0x56356a3690b0_0;
    %assign/vec4 v0x56356a3699f0_0, 0;
    %jmp T_1.21;
T_1.17 ;
    %load/vec4 v0x56356a3690b0_0;
    %assign/vec4 v0x56356a369ad0_0, 0;
    %jmp T_1.21;
T_1.18 ;
    %load/vec4 v0x56356a3690b0_0;
    %assign/vec4 v0x56356a369c90_0, 0;
    %jmp T_1.21;
T_1.19 ;
    %load/vec4 v0x56356a3690b0_0;
    %assign/vec4 v0x56356a369bb0_0, 0;
    %jmp T_1.21;
T_1.21 ;
    %pop/vec4 1;
T_1.12 ;
T_1.3 ;
T_1.1 ;
    %jmp T_1;
    .thread T_1;
    .scope S_0x56356a300d60;
T_2 ;
    %wait E_0x56356a339410;
    %load/vec4 v0x56356a369ff0_0;
    %parti/s 12, 0, 2;
    %load/vec4 v0x56356a369e50_0;
    %parti/s 12, 0, 2;
    %cmp/e;
    %flag_get/vec4 4;
    %jmp/0 T_2.2, 4;
    %load/vec4 v0x56356a36a0d0_0;
    %pushi/vec4 1, 0, 1;
    %cmp/e;
    %flag_get/vec4 4;
    %and;
T_2.2;
    %flag_set/vec4 8;
    %jmp/0xz  T_2.0, 8;
    %load/vec4 v0x56356a369690_0;
    %store/vec4 v0x56356a369770_0, 0, 32;
    %jmp T_2.1;
T_2.0 ;
    %load/vec4 v0x56356a369e50_0;
    %parti/s 12, 0, 2;
    %dup/vec4;
    %pushi/vec4 3072, 0, 12;
    %cmp/u;
    %jmp/1 T_2.3, 6;
    %dup/vec4;
    %pushi/vec4 3200, 0, 12;
    %cmp/u;
    %jmp/1 T_2.4, 6;
    %dup/vec4;
    %pushi/vec4 773, 0, 12;
    %cmp/u;
    %jmp/1 T_2.5, 6;
    %dup/vec4;
    %pushi/vec4 834, 0, 12;
    %cmp/u;
    %jmp/1 T_2.6, 6;
    %dup/vec4;
    %pushi/vec4 833, 0, 12;
    %cmp/u;
    %jmp/1 T_2.7, 6;
    %dup/vec4;
    %pushi/vec4 772, 0, 12;
    %cmp/u;
    %jmp/1 T_2.8, 6;
    %dup/vec4;
    %pushi/vec4 768, 0, 12;
    %cmp/u;
    %jmp/1 T_2.9, 6;
    %dup/vec4;
    %pushi/vec4 832, 0, 12;
    %cmp/u;
    %jmp/1 T_2.10, 6;
    %pushi/vec4 0, 0, 32;
    %assign/vec4 v0x56356a369770_0, 0;
    %jmp T_2.12;
T_2.3 ;
    %load/vec4 v0x56356a3695b0_0;
    %parti/s 32, 0, 2;
    %assign/vec4 v0x56356a369770_0, 0;
    %jmp T_2.12;
T_2.4 ;
    %load/vec4 v0x56356a3695b0_0;
    %parti/s 32, 32, 7;
    %assign/vec4 v0x56356a369770_0, 0;
    %jmp T_2.12;
T_2.5 ;
    %load/vec4 v0x56356a369d70_0;
    %assign/vec4 v0x56356a369770_0, 0;
    %jmp T_2.12;
T_2.6 ;
    %load/vec4 v0x56356a369910_0;
    %assign/vec4 v0x56356a369770_0, 0;
    %jmp T_2.12;
T_2.7 ;
    %load/vec4 v0x56356a3699f0_0;
    %assign/vec4 v0x56356a369770_0, 0;
    %jmp T_2.12;
T_2.8 ;
    %load/vec4 v0x56356a369ad0_0;
    %assign/vec4 v0x56356a369770_0, 0;
    %jmp T_2.12;
T_2.9 ;
    %load/vec4 v0x56356a369c90_0;
    %assign/vec4 v0x56356a369770_0, 0;
    %jmp T_2.12;
T_2.10 ;
    %load/vec4 v0x56356a369bb0_0;
    %assign/vec4 v0x56356a369770_0, 0;
    %jmp T_2.12;
T_2.12 ;
    %pop/vec4 1;
T_2.1 ;
    %jmp T_2;
    .thread T_2, $push;
    .scope S_0x56356a300d60;
T_3 ;
    %wait E_0x56356a301600;
    %load/vec4 v0x56356a369350_0;
    %parti/s 12, 0, 2;
    %load/vec4 v0x56356a369270_0;
    %parti/s 12, 0, 2;
    %cmp/e;
    %flag_get/vec4 4;
    %jmp/0 T_3.2, 4;
    %load/vec4 v0x56356a369430_0;
    %pushi/vec4 1, 0, 1;
    %cmp/e;
    %flag_get/vec4 4;
    %and;
T_3.2;
    %flag_set/vec4 8;
    %jmp/0xz  T_3.0, 8;
    %load/vec4 v0x56356a3690b0_0;
    %store/vec4 v0x56356a369190_0, 0, 32;
    %jmp T_3.1;
T_3.0 ;
    %load/vec4 v0x56356a369270_0;
    %parti/s 12, 0, 2;
    %dup/vec4;
    %pushi/vec4 3072, 0, 12;
    %cmp/u;
    %jmp/1 T_3.3, 6;
    %dup/vec4;
    %pushi/vec4 3200, 0, 12;
    %cmp/u;
    %jmp/1 T_3.4, 6;
    %dup/vec4;
    %pushi/vec4 773, 0, 12;
    %cmp/u;
    %jmp/1 T_3.5, 6;
    %dup/vec4;
    %pushi/vec4 834, 0, 12;
    %cmp/u;
    %jmp/1 T_3.6, 6;
    %dup/vec4;
    %pushi/vec4 833, 0, 12;
    %cmp/u;
    %jmp/1 T_3.7, 6;
    %dup/vec4;
    %pushi/vec4 772, 0, 12;
    %cmp/u;
    %jmp/1 T_3.8, 6;
    %dup/vec4;
    %pushi/vec4 768, 0, 12;
    %cmp/u;
    %jmp/1 T_3.9, 6;
    %dup/vec4;
    %pushi/vec4 832, 0, 12;
    %cmp/u;
    %jmp/1 T_3.10, 6;
    %pushi/vec4 0, 0, 32;
    %assign/vec4 v0x56356a369190_0, 0;
    %jmp T_3.12;
T_3.3 ;
    %load/vec4 v0x56356a3695b0_0;
    %parti/s 32, 0, 2;
    %assign/vec4 v0x56356a369190_0, 0;
    %jmp T_3.12;
T_3.4 ;
    %load/vec4 v0x56356a3695b0_0;
    %parti/s 32, 32, 7;
    %assign/vec4 v0x56356a369190_0, 0;
    %jmp T_3.12;
T_3.5 ;
    %load/vec4 v0x56356a369d70_0;
    %assign/vec4 v0x56356a369190_0, 0;
    %jmp T_3.12;
T_3.6 ;
    %load/vec4 v0x56356a369910_0;
    %assign/vec4 v0x56356a369190_0, 0;
    %jmp T_3.12;
T_3.7 ;
    %load/vec4 v0x56356a3699f0_0;
    %assign/vec4 v0x56356a369190_0, 0;
    %jmp T_3.12;
T_3.8 ;
    %load/vec4 v0x56356a369ad0_0;
    %assign/vec4 v0x56356a369190_0, 0;
    %jmp T_3.12;
T_3.9 ;
    %load/vec4 v0x56356a369c90_0;
    %assign/vec4 v0x56356a369190_0, 0;
    %jmp T_3.12;
T_3.10 ;
    %load/vec4 v0x56356a369bb0_0;
    %assign/vec4 v0x56356a369190_0, 0;
    %jmp T_3.12;
T_3.12 ;
    %pop/vec4 1;
T_3.1 ;
    %jmp T_3;
    .thread T_3, $push;
# The file index is used to find the file name in the following table.
:file_names 3;
    "N/A";
    "<interactive>";
    "csr_reg.v";
