#! /usr/local/bin/vvp
:ivl_version "11.0 (stable)" "(v11_0-132-gb2f2414f4)";
:ivl_delay_selection "TYPICAL";
:vpi_time_precision + 0;
:vpi_module "/usr/local/lib/ivl/system.vpi";
:vpi_module "/usr/local/lib/ivl/vhdl_sys.vpi";
:vpi_module "/usr/local/lib/ivl/vhdl_textio.vpi";
:vpi_module "/usr/local/lib/ivl/v2005_math.vpi";
:vpi_module "/usr/local/lib/ivl/va_math.vpi";
S_0x55be00b73970 .scope module, "ex" "ex" 2 4;
 .timescale 0 0;
    .port_info 0 /INPUT 1 "clk";
    .port_info 1 /INPUT 1 "rst";
    .port_info 2 /INPUT 32 "op1_i";
    .port_info 3 /INPUT 32 "op2_i";
    .port_info 4 /INPUT 32 "op1_jump_i";
    .port_info 5 /INPUT 32 "op2_jump_i";
    .port_info 6 /INPUT 32 "inst_i";
    .port_info 7 /INPUT 32 "inst_addr_i";
    .port_info 8 /INPUT 32 "reg1_rdata_i";
    .port_info 9 /INPUT 32 "reg2_rdata_i";
    .port_info 10 /INPUT 1 "reg_we_i";
    .port_info 11 /INPUT 5 "reg_waddr_i";
    .port_info 12 /INPUT 1 "csr_we_i";
    .port_info 13 /INPUT 32 "csr_rdata_i";
    .port_info 14 /INPUT 32 "csr_waddr_i";
    .port_info 15 /INPUT 32 "mem_rdata_i";
    .port_info 16 /OUTPUT 32 "mem_wdata_o";
    .port_info 17 /OUTPUT 32 "mem_raddr_o";
    .port_info 18 /OUTPUT 32 "mem_waddr_o";
    .port_info 19 /OUTPUT 1 "mem_we_o";
    .port_info 20 /OUTPUT 1 "mem_req_o";
    .port_info 21 /OUTPUT 32 "reg_wdata_o";
    .port_info 22 /OUTPUT 1 "reg_we_o";
    .port_info 23 /OUTPUT 5 "reg_waddr_o";
    .port_info 24 /OUTPUT 32 "csr_wdata_o";
    .port_info 25 /OUTPUT 1 "csr_we_o";
    .port_info 26 /OUTPUT 32 "csr_waddr_o";
    .port_info 27 /OUTPUT 1 "hold_flag_o";
    .port_info 28 /OUTPUT 1 "jump_flag_o";
    .port_info 29 /OUTPUT 32 "jump_addr_o";
o0x7fba80daec48 .functor BUFZ 32, C4<zzzzzzzzzzzzzzzzzzzzzzzzzzzzzzzz>; HiZ drive
o0x7fba80daed68 .functor BUFZ 32, C4<zzzzzzzzzzzzzzzzzzzzzzzzzzzzzzzz>; HiZ drive
L_0x55be00c1d790 .functor OR 32, o0x7fba80daec48, o0x7fba80daed68, C4<00000000000000000000000000000000>, C4<00000000000000000000000000000000>;
L_0x55be00c2de00 .functor XOR 32, o0x7fba80daec48, o0x7fba80daed68, C4<00000000000000000000000000000000>, C4<00000000000000000000000000000000>;
L_0x55be00c2dea0 .functor AND 32, o0x7fba80daec48, o0x7fba80daed68, C4<11111111111111111111111111111111>, C4<11111111111111111111111111111111>;
L_0x7fba80d65138 .functor BUFT 1, C4<1>, C4<0>, C4<0>, C4<0>;
L_0x55be00c2e010 .functor XNOR 1, L_0x55be00c2e800, L_0x7fba80d65138, C4<0>, C4<0>;
L_0x55be00c2eea0 .functor NOT 32, L_0x55be00c2e5a0, C4<00000000000000000000000000000000>, C4<00000000000000000000000000000000>, C4<00000000000000000000000000000000>;
L_0x55be00c2ef60 .functor OR 32, L_0x55be00c2ee00, L_0x55be00c2eea0, C4<00000000000000000000000000000000>, C4<00000000000000000000000000000000>;
L_0x7fba80d65180 .functor BUFT 1, C4<1>, C4<0>, C4<0>, C4<0>;
L_0x55be00c2f620 .functor XNOR 1, L_0x55be00c2f580, L_0x7fba80d65180, C4<0>, C4<0>;
L_0x55be00c2f9b0 .functor NOT 32, L_0x55be00c2e5a0, C4<00000000000000000000000000000000>, C4<00000000000000000000000000000000>, C4<00000000000000000000000000000000>;
L_0x55be00c2fa70 .functor OR 32, L_0x55be00c2f8c0, L_0x55be00c2f9b0, C4<00000000000000000000000000000000>, C4<00000000000000000000000000000000>;
L_0x7fba80d651c8 .functor BUFT 1, C4<00000000000000000000000000000011>, C4<0>, C4<0>, C4<0>;
L_0x55be00c303c0 .functor AND 32, L_0x55be00c2dea0, L_0x7fba80d651c8, C4<11111111111111111111111111111111>, C4<11111111111111111111111111111111>;
L_0x7fba80d65210 .functor BUFT 1, C4<00000000000000000000000000000011>, C4<0>, C4<0>, C4<0>;
L_0x55be00c30780 .functor AND 32, L_0x55be00c2dea0, L_0x7fba80d65210, C4<11111111111111111111111111111111>, C4<11111111111111111111111111111111>;
v0x55be00b3d110_0 .net *"_ivl_100", 31 0, L_0x55be00c303c0;  1 drivers
v0x55be00c17ab0_0 .net/2u *"_ivl_104", 31 0, L_0x7fba80d65210;  1 drivers
v0x55be00c17b90_0 .net *"_ivl_106", 31 0, L_0x55be00c30780;  1 drivers
v0x55be00c17c50_0 .net *"_ivl_14", 0 0, L_0x55be00c1d9c0;  1 drivers
L_0x7fba80d65018 .functor BUFT 1, C4<0000000000000000000000000000000>, C4<0>, C4<0>, C4<0>;
v0x55be00c17d10_0 .net *"_ivl_19", 30 0, L_0x7fba80d65018;  1 drivers
v0x55be00c17e40_0 .net *"_ivl_20", 0 0, L_0x55be00c2dc30;  1 drivers
L_0x7fba80d65060 .functor BUFT 1, C4<0000000000000000000000000000000>, C4<0>, C4<0>, C4<0>;
v0x55be00c17f00_0 .net *"_ivl_25", 30 0, L_0x7fba80d65060;  1 drivers
v0x55be00c17fe0_0 .net *"_ivl_33", 4 0, L_0x55be00c2df40;  1 drivers
v0x55be00c180c0_0 .net *"_ivl_37", 4 0, L_0x55be00c2e180;  1 drivers
L_0x7fba80d650a8 .functor BUFT 1, C4<11111111111111111111111111111111>, C4<0>, C4<0>, C4<0>;
v0x55be00c181a0_0 .net/2u *"_ivl_40", 31 0, L_0x7fba80d650a8;  1 drivers
v0x55be00c18280_0 .net *"_ivl_43", 4 0, L_0x55be00c2e440;  1 drivers
L_0x7fba80d650f0 .functor BUFT 1, C4<11111111111111111111111111111111>, C4<0>, C4<0>, C4<0>;
v0x55be00c18360_0 .net/2u *"_ivl_46", 31 0, L_0x7fba80d650f0;  1 drivers
v0x55be00c18440_0 .net *"_ivl_49", 4 0, L_0x55be00c2e710;  1 drivers
v0x55be00c18520_0 .net *"_ivl_50", 31 0, L_0x55be00c2e8a0;  1 drivers
v0x55be00c18600_0 .net *"_ivl_55", 0 0, L_0x55be00c2e800;  1 drivers
v0x55be00c186e0_0 .net/2u *"_ivl_56", 0 0, L_0x7fba80d65138;  1 drivers
v0x55be00c187c0_0 .net *"_ivl_58", 0 0, L_0x55be00c2e010;  1 drivers
v0x55be00c18880_0 .net *"_ivl_61", 4 0, L_0x55be00c2eca0;  1 drivers
v0x55be00c18960_0 .net *"_ivl_62", 31 0, L_0x55be00c2ee00;  1 drivers
v0x55be00c18a40_0 .net *"_ivl_64", 31 0, L_0x55be00c2eea0;  1 drivers
v0x55be00c18b20_0 .net *"_ivl_66", 31 0, L_0x55be00c2ef60;  1 drivers
v0x55be00c18c00_0 .net *"_ivl_69", 4 0, L_0x55be00c2f0b0;  1 drivers
v0x55be00c18ce0_0 .net *"_ivl_70", 31 0, L_0x55be00c2f220;  1 drivers
v0x55be00c18dc0_0 .net *"_ivl_75", 0 0, L_0x55be00c2f580;  1 drivers
v0x55be00c18ea0_0 .net/2u *"_ivl_76", 0 0, L_0x7fba80d65180;  1 drivers
v0x55be00c18f80_0 .net *"_ivl_78", 0 0, L_0x55be00c2f620;  1 drivers
v0x55be00c19040_0 .net *"_ivl_81", 4 0, L_0x55be00c2f730;  1 drivers
v0x55be00c19120_0 .net *"_ivl_82", 31 0, L_0x55be00c2f8c0;  1 drivers
v0x55be00c19200_0 .net *"_ivl_84", 31 0, L_0x55be00c2f9b0;  1 drivers
v0x55be00c192e0_0 .net *"_ivl_86", 31 0, L_0x55be00c2fa70;  1 drivers
v0x55be00c193c0_0 .net *"_ivl_89", 4 0, L_0x55be00c2fb80;  1 drivers
v0x55be00c194a0_0 .net *"_ivl_90", 31 0, L_0x55be00c2fd20;  1 drivers
v0x55be00c19580_0 .net/2u *"_ivl_98", 31 0, L_0x7fba80d651c8;  1 drivers
o0x7fba80dae648 .functor BUFZ 1, C4<z>; HiZ drive
v0x55be00c19870_0 .net "clk", 0 0, o0x7fba80dae648;  0 drivers
o0x7fba80dae678 .functor BUFZ 32, C4<zzzzzzzzzzzzzzzzzzzzzzzzzzzzzzzz>; HiZ drive
v0x55be00c19930_0 .net "csr_rdata_i", 31 0, o0x7fba80dae678;  0 drivers
o0x7fba80dae6a8 .functor BUFZ 32, C4<zzzzzzzzzzzzzzzzzzzzzzzzzzzzzzzz>; HiZ drive
v0x55be00c19a10_0 .net "csr_waddr_i", 31 0, o0x7fba80dae6a8;  0 drivers
o0x7fba80dae6d8 .functor BUFZ 32, C4<zzzzzzzzzzzzzzzzzzzzzzzzzzzzzzzz>; HiZ drive
v0x55be00c19af0_0 .net "csr_waddr_o", 31 0, o0x7fba80dae6d8;  0 drivers
v0x55be00c19bd0_0 .var "csr_wdata_o", 31 0;
o0x7fba80dae738 .functor BUFZ 1, C4<z>; HiZ drive
v0x55be00c19cb0_0 .net "csr_we_i", 0 0, o0x7fba80dae738;  0 drivers
o0x7fba80dae768 .functor BUFZ 1, C4<z>; HiZ drive
v0x55be00c19d70_0 .net "csr_we_o", 0 0, o0x7fba80dae768;  0 drivers
v0x55be00c19e30_0 .net "funct3", 2 0, L_0x55be00c1d4e0;  1 drivers
v0x55be00c19f10_0 .net "funct7", 6 0, L_0x55be00c1d650;  1 drivers
v0x55be00c19ff0_0 .var "hold_flag", 0 0;
o0x7fba80dae828 .functor BUFZ 1, C4<z>; HiZ drive
v0x55be00c1a0b0_0 .net "hold_flag_o", 0 0, o0x7fba80dae828;  0 drivers
o0x7fba80dae858 .functor BUFZ 32, C4<zzzzzzzzzzzzzzzzzzzzzzzzzzzzzzzz>; HiZ drive
v0x55be00c1a170_0 .net "inst_addr_i", 31 0, o0x7fba80dae858;  0 drivers
o0x7fba80dae888 .functor BUFZ 32, C4<zzzzzzzzzzzzzzzzzzzzzzzzzzzzzzzz>; HiZ drive
v0x55be00c1a250_0 .net "inst_i", 31 0, o0x7fba80dae888;  0 drivers
v0x55be00c1a330_0 .var "jump_addr", 31 0;
o0x7fba80dae8e8 .functor BUFZ 32, C4<zzzzzzzzzzzzzzzzzzzzzzzzzzzzzzzz>; HiZ drive
v0x55be00c1a410_0 .net "jump_addr_o", 31 0, o0x7fba80dae8e8;  0 drivers
v0x55be00c1a4f0_0 .var "jump_flag", 0 0;
o0x7fba80dae948 .functor BUFZ 1, C4<z>; HiZ drive
v0x55be00c1a5b0_0 .net "jump_flag_o", 0 0, o0x7fba80dae948;  0 drivers
v0x55be00c1a670_0 .net "mem_r_mask", 1 0, L_0x55be00c30840;  1 drivers
v0x55be00c1a750_0 .var "mem_raddr_o", 31 0;
o0x7fba80dae9d8 .functor BUFZ 32, C4<zzzzzzzzzzzzzzzzzzzzzzzzzzzzzzzz>; HiZ drive
v0x55be00c1a830_0 .net "mem_rdata_i", 31 0, o0x7fba80dae9d8;  0 drivers
v0x55be00c1a910_0 .var "mem_req", 0 0;
o0x7fba80daea38 .functor BUFZ 1, C4<z>; HiZ drive
v0x55be00c1a9d0_0 .net "mem_req_o", 0 0, o0x7fba80daea38;  0 drivers
v0x55be00c1aa90_0 .net "mem_w_mask", 1 0, L_0x55be00c306e0;  1 drivers
v0x55be00c1ab70_0 .var "mem_waddr_o", 31 0;
v0x55be00c1ac50_0 .var "mem_wdata_o", 31 0;
v0x55be00c1ad30_0 .var "mem_we", 0 0;
o0x7fba80daeb28 .functor BUFZ 1, C4<z>; HiZ drive
v0x55be00c1adf0_0 .net "mem_we_o", 0 0, o0x7fba80daeb28;  0 drivers
v0x55be00c1aeb0_0 .net "op1_add_op2_res", 31 0, L_0x55be00c1d6f0;  1 drivers
v0x55be00c1af90_0 .net "op1_and_op2_res", 31 0, L_0x55be00c2dea0;  1 drivers
v0x55be00c1b070_0 .net "op1_eq_op2_res", 0 0, L_0x55be00c30060;  1 drivers
v0x55be00c1b130_0 .net "op1_ge_op2_signed", 31 0, L_0x55be00c1dab0;  1 drivers
v0x55be00c1b210_0 .net "op1_ge_op2_unsigned", 31 0, L_0x55be00c2dd30;  1 drivers
v0x55be00c1b700_0 .net "op1_i", 31 0, o0x7fba80daec48;  0 drivers
v0x55be00c1b7e0_0 .net "op1_jump_add_op2_jump_res", 31 0, L_0x55be00c30320;  1 drivers
o0x7fba80daeca8 .functor BUFZ 32, C4<zzzzzzzzzzzzzzzzzzzzzzzzzzzzzzzz>; HiZ drive
v0x55be00c1b8c0_0 .net "op1_jump_i", 31 0, o0x7fba80daeca8;  0 drivers
v0x55be00c1b9a0_0 .net "op1_or_op2_res", 31 0, L_0x55be00c1d790;  1 drivers
v0x55be00c1ba80_0 .net "op1_sub_op2_res", 31 0, L_0x55be00c1d8d0;  1 drivers
v0x55be00c1bb60_0 .net "op1_xor_op2_res", 31 0, L_0x55be00c2de00;  1 drivers
v0x55be00c1bc40_0 .net "op2_i", 31 0, o0x7fba80daed68;  0 drivers
o0x7fba80daed98 .functor BUFZ 32, C4<zzzzzzzzzzzzzzzzzzzzzzzzzzzzzzzz>; HiZ drive
v0x55be00c1bd20_0 .net "op2_jump_i", 31 0, o0x7fba80daed98;  0 drivers
v0x55be00c1be00_0 .net "opcode", 6 0, L_0x55be00c1d3a0;  1 drivers
v0x55be00c1bee0_0 .net "rd", 4 0, L_0x55be00c1d440;  1 drivers
o0x7fba80daee28 .functor BUFZ 32, C4<zzzzzzzzzzzzzzzzzzzzzzzzzzzzzzzz>; HiZ drive
v0x55be00c1bfc0_0 .net "reg1_rdata_i", 31 0, o0x7fba80daee28;  0 drivers
v0x55be00c1c0a0_0 .net "reg1_sll_reg2_res", 31 0, L_0x55be00c2e2d0;  1 drivers
v0x55be00c1c180_0 .net "reg1_slli_imm_res", 31 0, L_0x55be00c2e080;  1 drivers
v0x55be00c1c260_0 .net "reg1_srl_reg2_res", 31 0, L_0x55be00c2fdc0;  1 drivers
v0x55be00c1c340_0 .net "reg1_srli_imm_res", 31 0, L_0x55be00c2f310;  1 drivers
o0x7fba80daef18 .functor BUFZ 32, C4<zzzzzzzzzzzzzzzzzzzzzzzzzzzzzzzz>; HiZ drive
v0x55be00c1c420_0 .net "reg2_rdata_i", 31 0, o0x7fba80daef18;  0 drivers
v0x55be00c1c500_0 .var "reg_waddr", 4 0;
o0x7fba80daef78 .functor BUFZ 5, C4<zzzzz>; HiZ drive
v0x55be00c1c5e0_0 .net "reg_waddr_i", 4 0, o0x7fba80daef78;  0 drivers
o0x7fba80daefa8 .functor BUFZ 5, C4<zzzzz>; HiZ drive
v0x55be00c1c6c0_0 .net "reg_waddr_o", 4 0, o0x7fba80daefa8;  0 drivers
v0x55be00c1c7a0_0 .var "reg_wdata", 31 0;
o0x7fba80daf008 .functor BUFZ 32, C4<zzzzzzzzzzzzzzzzzzzzzzzzzzzzzzzz>; HiZ drive
v0x55be00c1c880_0 .net "reg_wdata_o", 31 0, o0x7fba80daf008;  0 drivers
v0x55be00c1c960_0 .var "reg_we", 0 0;
o0x7fba80daf068 .functor BUFZ 1, C4<z>; HiZ drive
v0x55be00c1ca20_0 .net "reg_we_i", 0 0, o0x7fba80daf068;  0 drivers
o0x7fba80daf098 .functor BUFZ 1, C4<z>; HiZ drive
v0x55be00c1cae0_0 .net "reg_we_o", 0 0, o0x7fba80daf098;  0 drivers
o0x7fba80daf0c8 .functor BUFZ 1, C4<z>; HiZ drive
v0x55be00c1cba0_0 .net "rst", 0 0, o0x7fba80daf0c8;  0 drivers
v0x55be00c1cc60_0 .net "shift_mask", 31 0, L_0x55be00c2e5a0;  1 drivers
v0x55be00c1cd40_0 .net "shift_mask_reg2", 0 0, L_0x55be00c2e9e0;  1 drivers
v0x55be00c1ce00_0 .net "uimm", 4 0, L_0x55be00c1d580;  1 drivers
E_0x55be00b7ff30/0 .event edge, v0x55be00c1ca20_0, v0x55be00c1c5e0_0, v0x55be00c1be00_0, v0x55be00c19e30_0;
E_0x55be00b7ff30/1 .event edge, v0x55be00c1aeb0_0, v0x55be00c1b130_0, v0x55be00c1b210_0, v0x55be00c1bb60_0;
E_0x55be00b7ff30/2 .event edge, v0x55be00c1b9a0_0, v0x55be00c1af90_0, v0x55be00c1c180_0, v0x55be00c1c340_0;
E_0x55be00b7ff30/3 .event edge, v0x55be00c1b070_0, v0x55be00c1b7e0_0, v0x55be00c1a670_0, v0x55be00c1a830_0;
E_0x55be00b7ff30/4 .event edge, v0x55be00c19f10_0, v0x55be00c1ba80_0, v0x55be00c1c0a0_0, v0x55be00c1c260_0;
E_0x55be00b7ff30/5 .event edge, v0x55be00c1aa90_0, v0x55be00c1c420_0, v0x55be00c19930_0, v0x55be00c1bfc0_0;
E_0x55be00b7ff30/6 .event edge, v0x55be00c1ce00_0;
E_0x55be00b7ff30 .event/or E_0x55be00b7ff30/0, E_0x55be00b7ff30/1, E_0x55be00b7ff30/2, E_0x55be00b7ff30/3, E_0x55be00b7ff30/4, E_0x55be00b7ff30/5, E_0x55be00b7ff30/6;
L_0x55be00c1d3a0 .part o0x7fba80dae888, 0, 7;
L_0x55be00c1d440 .part o0x7fba80dae888, 7, 5;
L_0x55be00c1d4e0 .part o0x7fba80dae888, 12, 3;
L_0x55be00c1d580 .part o0x7fba80dae888, 15, 5;
L_0x55be00c1d650 .part o0x7fba80dae888, 25, 7;
L_0x55be00c1d6f0 .arith/sum 32, o0x7fba80daec48, o0x7fba80daed68;
L_0x55be00c1d8d0 .arith/sub 32, o0x7fba80daec48, o0x7fba80daed68;
L_0x55be00c1d9c0 .cmp/ge.s 32, o0x7fba80daec48, o0x7fba80daed68;
L_0x55be00c1dab0 .concat [ 1 31 0 0], L_0x55be00c1d9c0, L_0x7fba80d65018;
L_0x55be00c2dc30 .cmp/ge 32, o0x7fba80daec48, o0x7fba80daed68;
L_0x55be00c2dd30 .concat [ 1 31 0 0], L_0x55be00c2dc30, L_0x7fba80d65060;
L_0x55be00c2df40 .part o0x7fba80dae888, 20, 5;
L_0x55be00c2e080 .shift/l 32, o0x7fba80daee28, L_0x55be00c2df40;
L_0x55be00c2e180 .part o0x7fba80daef18, 0, 5;
L_0x55be00c2e2d0 .shift/l 32, o0x7fba80daee28, L_0x55be00c2e180;
L_0x55be00c2e440 .part o0x7fba80dae888, 20, 5;
L_0x55be00c2e5a0 .shift/r 32, L_0x7fba80d650a8, L_0x55be00c2e440;
L_0x55be00c2e710 .part o0x7fba80daef18, 0, 5;
L_0x55be00c2e8a0 .shift/r 32, L_0x7fba80d650f0, L_0x55be00c2e710;
L_0x55be00c2e9e0 .part L_0x55be00c2e8a0, 0, 1;
L_0x55be00c2e800 .part o0x7fba80daee28, 31, 1;
L_0x55be00c2eca0 .part o0x7fba80dae888, 20, 5;
L_0x55be00c2ee00 .shift/r 32, o0x7fba80daee28, L_0x55be00c2eca0;
L_0x55be00c2f0b0 .part o0x7fba80dae888, 20, 5;
L_0x55be00c2f220 .shift/r 32, o0x7fba80daee28, L_0x55be00c2f0b0;
L_0x55be00c2f310 .functor MUXZ 32, L_0x55be00c2f220, L_0x55be00c2ef60, L_0x55be00c2e010, C4<>;
L_0x55be00c2f580 .part o0x7fba80daee28, 31, 1;
L_0x55be00c2f730 .part o0x7fba80daef18, 0, 5;
L_0x55be00c2f8c0 .shift/r 32, o0x7fba80daee28, L_0x55be00c2f730;
L_0x55be00c2fb80 .part o0x7fba80daef18, 0, 5;
L_0x55be00c2fd20 .shift/r 32, o0x7fba80daee28, L_0x55be00c2fb80;
L_0x55be00c2fdc0 .functor MUXZ 32, L_0x55be00c2fd20, L_0x55be00c2fa70, L_0x55be00c2f620, C4<>;
L_0x55be00c30060 .cmp/eq 32, o0x7fba80daec48, o0x7fba80daed68;
L_0x55be00c30320 .arith/sum 32, o0x7fba80daeca8, o0x7fba80daed98;
L_0x55be00c306e0 .part L_0x55be00c303c0, 0, 2;
L_0x55be00c30840 .part L_0x55be00c30780, 0, 2;
    .scope S_0x55be00b73970;
T_0 ;
    %wait E_0x55be00b7ff30;
    %load/vec4 v0x55be00c1ca20_0;
    %store/vec4 v0x55be00c1c960_0, 0, 1;
    %load/vec4 v0x55be00c1c5e0_0;
    %store/vec4 v0x55be00c1c500_0, 0, 5;
    %pushi/vec4 0, 0, 1;
    %store/vec4 v0x55be00c1a910_0, 0, 1;
    %pushi/vec4 0, 0, 32;
    %store/vec4 v0x55be00c19bd0_0, 0, 32;
    %load/vec4 v0x55be00c1be00_0;
    %dup/vec4;
    %pushi/vec4 19, 0, 7;
    %cmp/u;
    %jmp/1 T_0.0, 6;
    %dup/vec4;
    %pushi/vec4 99, 0, 7;
    %cmp/u;
    %jmp/1 T_0.1, 6;
    %dup/vec4;
    %pushi/vec4 3, 0, 7;
    %cmp/u;
    %jmp/1 T_0.2, 6;
    %dup/vec4;
    %pushi/vec4 51, 0, 7;
    %cmp/u;
    %jmp/1 T_0.3, 6;
    %dup/vec4;
    %pushi/vec4 35, 0, 7;
    %cmp/u;
    %jmp/1 T_0.4, 6;
    %dup/vec4;
    %pushi/vec4 115, 0, 7;
    %cmp/u;
    %jmp/1 T_0.5, 6;
    %dup/vec4;
    %pushi/vec4 111, 0, 7;
    %cmp/u;
    %jmp/1 T_0.6, 6;
    %dup/vec4;
    %pushi/vec4 103, 0, 7;
    %cmp/u;
    %jmp/1 T_0.7, 6;
    %dup/vec4;
    %pushi/vec4 55, 0, 7;
    %cmp/u;
    %jmp/1 T_0.8, 6;
    %dup/vec4;
    %pushi/vec4 23, 0, 7;
    %cmp/u;
    %jmp/1 T_0.9, 6;
    %dup/vec4;
    %pushi/vec4 1, 0, 7;
    %cmp/u;
    %jmp/1 T_0.10, 6;
    %dup/vec4;
    %pushi/vec4 15, 0, 7;
    %cmp/u;
    %jmp/1 T_0.11, 6;
    %pushi/vec4 0, 0, 1;
    %store/vec4 v0x55be00c19ff0_0, 0, 1;
    %pushi/vec4 0, 0, 32;
    %store/vec4 v0x55be00c1ab70_0, 0, 32;
    %pushi/vec4 0, 0, 32;
    %store/vec4 v0x55be00c1a750_0, 0, 32;
    %pushi/vec4 0, 0, 1;
    %store/vec4 v0x55be00c1ad30_0, 0, 1;
    %pushi/vec4 0, 0, 32;
    %store/vec4 v0x55be00c1ac50_0, 0, 32;
    %pushi/vec4 0, 0, 1;
    %store/vec4 v0x55be00c1a4f0_0, 0, 1;
    %pushi/vec4 0, 0, 32;
    %store/vec4 v0x55be00c1a330_0, 0, 32;
    %pushi/vec4 0, 0, 32;
    %store/vec4 v0x55be00c1c7a0_0, 0, 32;
    %jmp T_0.13;
T_0.0 ;
    %load/vec4 v0x55be00c19e30_0;
    %dup/vec4;
    %pushi/vec4 0, 0, 3;
    %cmp/u;
    %jmp/1 T_0.14, 6;
    %dup/vec4;
    %pushi/vec4 2, 0, 3;
    %cmp/u;
    %jmp/1 T_0.15, 6;
    %dup/vec4;
    %pushi/vec4 3, 0, 3;
    %cmp/u;
    %jmp/1 T_0.16, 6;
    %dup/vec4;
    %pushi/vec4 4, 0, 3;
    %cmp/u;
    %jmp/1 T_0.17, 6;
    %dup/vec4;
    %pushi/vec4 6, 0, 3;
    %cmp/u;
    %jmp/1 T_0.18, 6;
    %dup/vec4;
    %pushi/vec4 7, 0, 3;
    %cmp/u;
    %jmp/1 T_0.19, 6;
    %dup/vec4;
    %pushi/vec4 1, 0, 3;
    %cmp/u;
    %jmp/1 T_0.20, 6;
    %dup/vec4;
    %pushi/vec4 5, 0, 3;
    %cmp/u;
    %jmp/1 T_0.21, 6;
    %pushi/vec4 0, 0, 1;
    %store/vec4 v0x55be00c1a4f0_0, 0, 1;
    %pushi/vec4 0, 0, 1;
    %store/vec4 v0x55be00c19ff0_0, 0, 1;
    %pushi/vec4 0, 0, 32;
    %store/vec4 v0x55be00c1a330_0, 0, 32;
    %pushi/vec4 0, 0, 32;
    %store/vec4 v0x55be00c1ab70_0, 0, 32;
    %pushi/vec4 0, 0, 32;
    %store/vec4 v0x55be00c1a750_0, 0, 32;
    %pushi/vec4 0, 0, 32;
    %store/vec4 v0x55be00c1ac50_0, 0, 32;
    %pushi/vec4 0, 0, 1;
    %store/vec4 v0x55be00c1ad30_0, 0, 1;
    %pushi/vec4 0, 0, 32;
    %store/vec4 v0x55be00c1c7a0_0, 0, 32;
    %jmp T_0.23;
T_0.14 ;
    %pushi/vec4 0, 0, 1;
    %store/vec4 v0x55be00c1a4f0_0, 0, 1;
    %pushi/vec4 0, 0, 1;
    %store/vec4 v0x55be00c19ff0_0, 0, 1;
    %pushi/vec4 0, 0, 32;
    %store/vec4 v0x55be00c1a330_0, 0, 32;
    %pushi/vec4 0, 0, 32;
    %store/vec4 v0x55be00c1ab70_0, 0, 32;
    %pushi/vec4 0, 0, 32;
    %store/vec4 v0x55be00c1a750_0, 0, 32;
    %pushi/vec4 0, 0, 32;
    %store/vec4 v0x55be00c1ac50_0, 0, 32;
    %pushi/vec4 0, 0, 1;
    %store/vec4 v0x55be00c1ad30_0, 0, 1;
    %load/vec4 v0x55be00c1aeb0_0;
    %store/vec4 v0x55be00c1c7a0_0, 0, 32;
    %jmp T_0.23;
T_0.15 ;
    %pushi/vec4 0, 0, 1;
    %store/vec4 v0x55be00c1a4f0_0, 0, 1;
    %pushi/vec4 0, 0, 1;
    %store/vec4 v0x55be00c19ff0_0, 0, 1;
    %pushi/vec4 0, 0, 32;
    %store/vec4 v0x55be00c1a330_0, 0, 32;
    %pushi/vec4 0, 0, 32;
    %store/vec4 v0x55be00c1ab70_0, 0, 32;
    %pushi/vec4 0, 0, 32;
    %store/vec4 v0x55be00c1a750_0, 0, 32;
    %pushi/vec4 0, 0, 32;
    %store/vec4 v0x55be00c1ac50_0, 0, 32;
    %pushi/vec4 0, 0, 1;
    %store/vec4 v0x55be00c1ad30_0, 0, 1;
    %load/vec4 v0x55be00c1b130_0;
    %inv;
    %replicate 32;
    %pushi/vec4 1, 0, 1024;
    %and;
    %pad/u 32;
    %store/vec4 v0x55be00c1c7a0_0, 0, 32;
    %jmp T_0.23;
T_0.16 ;
    %pushi/vec4 0, 0, 1;
    %store/vec4 v0x55be00c1a4f0_0, 0, 1;
    %pushi/vec4 0, 0, 1;
    %store/vec4 v0x55be00c19ff0_0, 0, 1;
    %pushi/vec4 0, 0, 32;
    %store/vec4 v0x55be00c1a330_0, 0, 32;
    %pushi/vec4 0, 0, 32;
    %store/vec4 v0x55be00c1ab70_0, 0, 32;
    %pushi/vec4 0, 0, 32;
    %store/vec4 v0x55be00c1a750_0, 0, 32;
    %pushi/vec4 0, 0, 32;
    %store/vec4 v0x55be00c1ac50_0, 0, 32;
    %pushi/vec4 0, 0, 1;
    %store/vec4 v0x55be00c1ad30_0, 0, 1;
    %load/vec4 v0x55be00c1b210_0;
    %inv;
    %replicate 32;
    %pushi/vec4 1, 0, 1024;
    %and;
    %pad/u 32;
    %store/vec4 v0x55be00c1c7a0_0, 0, 32;
    %jmp T_0.23;
T_0.17 ;
    %pushi/vec4 0, 0, 1;
    %store/vec4 v0x55be00c1a4f0_0, 0, 1;
    %pushi/vec4 0, 0, 1;
    %store/vec4 v0x55be00c19ff0_0, 0, 1;
    %pushi/vec4 0, 0, 32;
    %store/vec4 v0x55be00c1a330_0, 0, 32;
    %pushi/vec4 0, 0, 32;
    %store/vec4 v0x55be00c1ab70_0, 0, 32;
    %pushi/vec4 0, 0, 32;
    %store/vec4 v0x55be00c1a750_0, 0, 32;
    %pushi/vec4 0, 0, 32;
    %store/vec4 v0x55be00c1ac50_0, 0, 32;
    %pushi/vec4 0, 0, 1;
    %store/vec4 v0x55be00c1ad30_0, 0, 1;
    %load/vec4 v0x55be00c1bb60_0;
    %store/vec4 v0x55be00c1c7a0_0, 0, 32;
    %jmp T_0.23;
T_0.18 ;
    %pushi/vec4 0, 0, 1;
    %store/vec4 v0x55be00c1a4f0_0, 0, 1;
    %pushi/vec4 0, 0, 1;
    %store/vec4 v0x55be00c19ff0_0, 0, 1;
    %pushi/vec4 0, 0, 32;
    %store/vec4 v0x55be00c1a330_0, 0, 32;
    %pushi/vec4 0, 0, 32;
    %store/vec4 v0x55be00c1ab70_0, 0, 32;
    %pushi/vec4 0, 0, 32;
    %store/vec4 v0x55be00c1a750_0, 0, 32;
    %pushi/vec4 0, 0, 32;
    %store/vec4 v0x55be00c1ac50_0, 0, 32;
    %pushi/vec4 0, 0, 1;
    %store/vec4 v0x55be00c1ad30_0, 0, 1;
    %load/vec4 v0x55be00c1b9a0_0;
    %store/vec4 v0x55be00c1c7a0_0, 0, 32;
    %jmp T_0.23;
T_0.19 ;
    %pushi/vec4 0, 0, 1;
    %store/vec4 v0x55be00c1a4f0_0, 0, 1;
    %pushi/vec4 0, 0, 1;
    %store/vec4 v0x55be00c19ff0_0, 0, 1;
    %pushi/vec4 0, 0, 32;
    %store/vec4 v0x55be00c1a330_0, 0, 32;
    %pushi/vec4 0, 0, 32;
    %store/vec4 v0x55be00c1ab70_0, 0, 32;
    %pushi/vec4 0, 0, 32;
    %store/vec4 v0x55be00c1a750_0, 0, 32;
    %pushi/vec4 0, 0, 32;
    %store/vec4 v0x55be00c1ac50_0, 0, 32;
    %pushi/vec4 0, 0, 1;
    %store/vec4 v0x55be00c1ad30_0, 0, 1;
    %load/vec4 v0x55be00c1af90_0;
    %store/vec4 v0x55be00c1c7a0_0, 0, 32;
    %jmp T_0.23;
T_0.20 ;
    %pushi/vec4 0, 0, 1;
    %store/vec4 v0x55be00c1a4f0_0, 0, 1;
    %pushi/vec4 0, 0, 1;
    %store/vec4 v0x55be00c19ff0_0, 0, 1;
    %pushi/vec4 0, 0, 32;
    %store/vec4 v0x55be00c1a330_0, 0, 32;
    %pushi/vec4 0, 0, 32;
    %store/vec4 v0x55be00c1ab70_0, 0, 32;
    %pushi/vec4 0, 0, 32;
    %store/vec4 v0x55be00c1a750_0, 0, 32;
    %pushi/vec4 0, 0, 32;
    %store/vec4 v0x55be00c1ac50_0, 0, 32;
    %pushi/vec4 0, 0, 1;
    %store/vec4 v0x55be00c1ad30_0, 0, 1;
    %load/vec4 v0x55be00c1c180_0;
    %store/vec4 v0x55be00c1c7a0_0, 0, 32;
    %jmp T_0.23;
T_0.21 ;
    %pushi/vec4 0, 0, 1;
    %store/vec4 v0x55be00c1a4f0_0, 0, 1;
    %pushi/vec4 0, 0, 1;
    %store/vec4 v0x55be00c19ff0_0, 0, 1;
    %pushi/vec4 0, 0, 32;
    %store/vec4 v0x55be00c1a330_0, 0, 32;
    %pushi/vec4 0, 0, 32;
    %store/vec4 v0x55be00c1ab70_0, 0, 32;
    %pushi/vec4 0, 0, 32;
    %store/vec4 v0x55be00c1a750_0, 0, 32;
    %pushi/vec4 0, 0, 32;
    %store/vec4 v0x55be00c1ac50_0, 0, 32;
    %pushi/vec4 0, 0, 1;
    %store/vec4 v0x55be00c1ad30_0, 0, 1;
    %load/vec4 v0x55be00c1c340_0;
    %store/vec4 v0x55be00c1c7a0_0, 0, 32;
    %jmp T_0.23;
T_0.23 ;
    %pop/vec4 1;
    %jmp T_0.13;
T_0.1 ;
    %load/vec4 v0x55be00c19e30_0;
    %dup/vec4;
    %pushi/vec4 0, 0, 3;
    %cmp/u;
    %jmp/1 T_0.24, 6;
    %dup/vec4;
    %pushi/vec4 1, 0, 3;
    %cmp/u;
    %jmp/1 T_0.25, 6;
    %dup/vec4;
    %pushi/vec4 4, 0, 3;
    %cmp/u;
    %jmp/1 T_0.26, 6;
    %dup/vec4;
    %pushi/vec4 5, 0, 3;
    %cmp/u;
    %jmp/1 T_0.27, 6;
    %dup/vec4;
    %pushi/vec4 6, 0, 3;
    %cmp/u;
    %jmp/1 T_0.28, 6;
    %dup/vec4;
    %pushi/vec4 7, 0, 3;
    %cmp/u;
    %jmp/1 T_0.29, 6;
    %pushi/vec4 0, 0, 1;
    %store/vec4 v0x55be00c1a4f0_0, 0, 1;
    %pushi/vec4 0, 0, 1;
    %store/vec4 v0x55be00c19ff0_0, 0, 1;
    %pushi/vec4 0, 0, 32;
    %store/vec4 v0x55be00c1a330_0, 0, 32;
    %pushi/vec4 0, 0, 32;
    %store/vec4 v0x55be00c1ab70_0, 0, 32;
    %pushi/vec4 0, 0, 32;
    %store/vec4 v0x55be00c1a750_0, 0, 32;
    %pushi/vec4 0, 0, 32;
    %store/vec4 v0x55be00c1ac50_0, 0, 32;
    %pushi/vec4 0, 0, 1;
    %store/vec4 v0x55be00c1ad30_0, 0, 1;
    %pushi/vec4 0, 0, 32;
    %store/vec4 v0x55be00c1c7a0_0, 0, 32;
    %jmp T_0.31;
T_0.24 ;
    %load/vec4 v0x55be00c1b070_0;
    %store/vec4 v0x55be00c1a4f0_0, 0, 1;
    %pushi/vec4 0, 0, 1;
    %store/vec4 v0x55be00c19ff0_0, 0, 1;
    %load/vec4 v0x55be00c1b070_0;
    %flag_set/vec4 8;
    %jmp/0 T_0.32, 8;
    %load/vec4 v0x55be00c1b7e0_0;
    %jmp/1 T_0.33, 8;
T_0.32 ; End of true expr.
    %pushi/vec4 0, 0, 32;
    %jmp/0 T_0.33, 8;
 ; End of false expr.
    %blend;
T_0.33;
    %store/vec4 v0x55be00c1a330_0, 0, 32;
    %pushi/vec4 0, 0, 32;
    %store/vec4 v0x55be00c1ab70_0, 0, 32;
    %pushi/vec4 0, 0, 32;
    %store/vec4 v0x55be00c1a750_0, 0, 32;
    %pushi/vec4 0, 0, 32;
    %store/vec4 v0x55be00c1ac50_0, 0, 32;
    %pushi/vec4 0, 0, 1;
    %store/vec4 v0x55be00c1ad30_0, 0, 1;
    %pushi/vec4 0, 0, 32;
    %store/vec4 v0x55be00c1c7a0_0, 0, 32;
    %jmp T_0.31;
T_0.25 ;
    %load/vec4 v0x55be00c1b070_0;
    %inv;
    %store/vec4 v0x55be00c1a4f0_0, 0, 1;
    %pushi/vec4 0, 0, 1;
    %store/vec4 v0x55be00c19ff0_0, 0, 1;
    %load/vec4 v0x55be00c1b070_0;
    %inv;
    %flag_set/vec4 8;
    %jmp/0 T_0.34, 8;
    %load/vec4 v0x55be00c1b7e0_0;
    %jmp/1 T_0.35, 8;
T_0.34 ; End of true expr.
    %pushi/vec4 0, 0, 32;
    %jmp/0 T_0.35, 8;
 ; End of false expr.
    %blend;
T_0.35;
    %store/vec4 v0x55be00c1a330_0, 0, 32;
    %pushi/vec4 0, 0, 32;
    %store/vec4 v0x55be00c1ab70_0, 0, 32;
    %pushi/vec4 0, 0, 32;
    %store/vec4 v0x55be00c1a750_0, 0, 32;
    %pushi/vec4 0, 0, 32;
    %store/vec4 v0x55be00c1ac50_0, 0, 32;
    %pushi/vec4 0, 0, 1;
    %store/vec4 v0x55be00c1ad30_0, 0, 1;
    %pushi/vec4 0, 0, 32;
    %store/vec4 v0x55be00c1c7a0_0, 0, 32;
    %jmp T_0.31;
T_0.26 ;
    %load/vec4 v0x55be00c1b130_0;
    %inv;
    %pad/u 1;
    %store/vec4 v0x55be00c1a4f0_0, 0, 1;
    %pushi/vec4 0, 0, 1;
    %store/vec4 v0x55be00c19ff0_0, 0, 1;
    %load/vec4 v0x55be00c1b130_0;
    %inv;
    %cmpi/ne 0, 0, 32;
    %flag_mov 8, 4;
    %jmp/0 T_0.36, 8;
    %load/vec4 v0x55be00c1b7e0_0;
    %jmp/1 T_0.37, 8;
T_0.36 ; End of true expr.
    %pushi/vec4 0, 0, 32;
    %jmp/0 T_0.37, 8;
 ; End of false expr.
    %blend;
T_0.37;
    %store/vec4 v0x55be00c1a330_0, 0, 32;
    %pushi/vec4 0, 0, 32;
    %store/vec4 v0x55be00c1ab70_0, 0, 32;
    %pushi/vec4 0, 0, 32;
    %store/vec4 v0x55be00c1a750_0, 0, 32;
    %pushi/vec4 0, 0, 32;
    %store/vec4 v0x55be00c1ac50_0, 0, 32;
    %pushi/vec4 0, 0, 1;
    %store/vec4 v0x55be00c1ad30_0, 0, 1;
    %pushi/vec4 0, 0, 32;
    %store/vec4 v0x55be00c1c7a0_0, 0, 32;
    %jmp T_0.31;
T_0.27 ;
    %load/vec4 v0x55be00c1b130_0;
    %pad/u 1;
    %store/vec4 v0x55be00c1a4f0_0, 0, 1;
    %pushi/vec4 0, 0, 1;
    %store/vec4 v0x55be00c19ff0_0, 0, 1;
    %load/vec4 v0x55be00c1b130_0;
    %cmpi/ne 0, 0, 32;
    %flag_mov 8, 4;
    %jmp/0 T_0.38, 8;
    %load/vec4 v0x55be00c1b7e0_0;
    %jmp/1 T_0.39, 8;
T_0.38 ; End of true expr.
    %pushi/vec4 0, 0, 32;
    %jmp/0 T_0.39, 8;
 ; End of false expr.
    %blend;
T_0.39;
    %store/vec4 v0x55be00c1a330_0, 0, 32;
    %pushi/vec4 0, 0, 32;
    %store/vec4 v0x55be00c1ab70_0, 0, 32;
    %pushi/vec4 0, 0, 32;
    %store/vec4 v0x55be00c1a750_0, 0, 32;
    %pushi/vec4 0, 0, 32;
    %store/vec4 v0x55be00c1ac50_0, 0, 32;
    %pushi/vec4 0, 0, 1;
    %store/vec4 v0x55be00c1ad30_0, 0, 1;
    %pushi/vec4 0, 0, 32;
    %store/vec4 v0x55be00c1c7a0_0, 0, 32;
    %jmp T_0.31;
T_0.28 ;
    %load/vec4 v0x55be00c1b210_0;
    %inv;
    %pad/u 1;
    %store/vec4 v0x55be00c1a4f0_0, 0, 1;
    %pushi/vec4 0, 0, 1;
    %store/vec4 v0x55be00c19ff0_0, 0, 1;
    %load/vec4 v0x55be00c1b210_0;
    %inv;
    %cmpi/ne 0, 0, 32;
    %flag_mov 8, 4;
    %jmp/0 T_0.40, 8;
    %load/vec4 v0x55be00c1b7e0_0;
    %jmp/1 T_0.41, 8;
T_0.40 ; End of true expr.
    %pushi/vec4 0, 0, 32;
    %jmp/0 T_0.41, 8;
 ; End of false expr.
    %blend;
T_0.41;
    %store/vec4 v0x55be00c1a330_0, 0, 32;
    %pushi/vec4 0, 0, 32;
    %store/vec4 v0x55be00c1ab70_0, 0, 32;
    %pushi/vec4 0, 0, 32;
    %store/vec4 v0x55be00c1a750_0, 0, 32;
    %pushi/vec4 0, 0, 32;
    %store/vec4 v0x55be00c1ac50_0, 0, 32;
    %pushi/vec4 0, 0, 1;
    %store/vec4 v0x55be00c1ad30_0, 0, 1;
    %pushi/vec4 0, 0, 32;
    %store/vec4 v0x55be00c1c7a0_0, 0, 32;
    %jmp T_0.31;
T_0.29 ;
    %load/vec4 v0x55be00c1b210_0;
    %pad/u 1;
    %store/vec4 v0x55be00c1a4f0_0, 0, 1;
    %pushi/vec4 0, 0, 1;
    %store/vec4 v0x55be00c19ff0_0, 0, 1;
    %load/vec4 v0x55be00c1b210_0;
    %cmpi/ne 0, 0, 32;
    %flag_mov 8, 4;
    %jmp/0 T_0.42, 8;
    %load/vec4 v0x55be00c1b7e0_0;
    %jmp/1 T_0.43, 8;
T_0.42 ; End of true expr.
    %pushi/vec4 0, 0, 32;
    %jmp/0 T_0.43, 8;
 ; End of false expr.
    %blend;
T_0.43;
    %store/vec4 v0x55be00c1a330_0, 0, 32;
    %pushi/vec4 0, 0, 32;
    %store/vec4 v0x55be00c1ab70_0, 0, 32;
    %pushi/vec4 0, 0, 32;
    %store/vec4 v0x55be00c1a750_0, 0, 32;
    %pushi/vec4 0, 0, 32;
    %store/vec4 v0x55be00c1ac50_0, 0, 32;
    %pushi/vec4 0, 0, 1;
    %store/vec4 v0x55be00c1ad30_0, 0, 1;
    %pushi/vec4 0, 0, 32;
    %store/vec4 v0x55be00c1c7a0_0, 0, 32;
    %jmp T_0.31;
T_0.31 ;
    %pop/vec4 1;
    %jmp T_0.13;
T_0.2 ;
    %load/vec4 v0x55be00c19e30_0;
    %dup/vec4;
    %pushi/vec4 0, 0, 3;
    %cmp/u;
    %jmp/1 T_0.44, 6;
    %dup/vec4;
    %pushi/vec4 1, 0, 3;
    %cmp/u;
    %jmp/1 T_0.45, 6;
    %dup/vec4;
    %pushi/vec4 2, 0, 3;
    %cmp/u;
    %jmp/1 T_0.46, 6;
    %dup/vec4;
    %pushi/vec4 4, 0, 3;
    %cmp/u;
    %jmp/1 T_0.47, 6;
    %dup/vec4;
    %pushi/vec4 5, 0, 3;
    %cmp/u;
    %jmp/1 T_0.48, 6;
    %pushi/vec4 0, 0, 1;
    %store/vec4 v0x55be00c1a4f0_0, 0, 1;
    %pushi/vec4 0, 0, 1;
    %store/vec4 v0x55be00c19ff0_0, 0, 1;
    %pushi/vec4 0, 0, 32;
    %store/vec4 v0x55be00c1a330_0, 0, 32;
    %pushi/vec4 0, 0, 32;
    %store/vec4 v0x55be00c1ab70_0, 0, 32;
    %pushi/vec4 0, 0, 32;
    %store/vec4 v0x55be00c1a750_0, 0, 32;
    %pushi/vec4 0, 0, 32;
    %store/vec4 v0x55be00c1ac50_0, 0, 32;
    %pushi/vec4 0, 0, 1;
    %store/vec4 v0x55be00c1ad30_0, 0, 1;
    %pushi/vec4 0, 0, 1;
    %store/vec4 v0x55be00c1a910_0, 0, 1;
    %pushi/vec4 0, 0, 32;
    %store/vec4 v0x55be00c1c7a0_0, 0, 32;
    %jmp T_0.50;
T_0.44 ;
    %pushi/vec4 0, 0, 1;
    %store/vec4 v0x55be00c1a4f0_0, 0, 1;
    %pushi/vec4 0, 0, 1;
    %store/vec4 v0x55be00c19ff0_0, 0, 1;
    %pushi/vec4 0, 0, 32;
    %store/vec4 v0x55be00c1a330_0, 0, 32;
    %pushi/vec4 0, 0, 32;
    %store/vec4 v0x55be00c1ab70_0, 0, 32;
    %load/vec4 v0x55be00c1aeb0_0;
    %store/vec4 v0x55be00c1a750_0, 0, 32;
    %pushi/vec4 0, 0, 32;
    %store/vec4 v0x55be00c1ac50_0, 0, 32;
    %pushi/vec4 0, 0, 1;
    %store/vec4 v0x55be00c1ad30_0, 0, 1;
    %pushi/vec4 1, 0, 1;
    %store/vec4 v0x55be00c1a910_0, 0, 1;
    %load/vec4 v0x55be00c1a670_0;
    %dup/vec4;
    %pushi/vec4 0, 0, 2;
    %cmp/u;
    %jmp/1 T_0.51, 6;
    %dup/vec4;
    %pushi/vec4 1, 0, 2;
    %cmp/u;
    %jmp/1 T_0.52, 6;
    %dup/vec4;
    %pushi/vec4 2, 0, 2;
    %cmp/u;
    %jmp/1 T_0.53, 6;
    %load/vec4 v0x55be00c1a830_0;
    %parti/s 1, 31, 6;
    %replicate 24;
    %load/vec4 v0x55be00c1a830_0;
    %parti/s 8, 24, 6;
    %concat/vec4; draw_concat_vec4
    %store/vec4 v0x55be00c1c7a0_0, 0, 32;
    %jmp T_0.55;
T_0.51 ;
    %load/vec4 v0x55be00c1a830_0;
    %parti/s 1, 7, 4;
    %replicate 24;
    %load/vec4 v0x55be00c1a830_0;
    %parti/s 8, 0, 2;
    %concat/vec4; draw_concat_vec4
    %store/vec4 v0x55be00c1c7a0_0, 0, 32;
    %jmp T_0.55;
T_0.52 ;
    %load/vec4 v0x55be00c1a830_0;
    %parti/s 1, 15, 5;
    %replicate 24;
    %load/vec4 v0x55be00c1a830_0;
    %parti/s 8, 8, 5;
    %concat/vec4; draw_concat_vec4
    %store/vec4 v0x55be00c1c7a0_0, 0, 32;
    %jmp T_0.55;
T_0.53 ;
    %load/vec4 v0x55be00c1a830_0;
    %parti/s 1, 23, 6;
    %replicate 24;
    %load/vec4 v0x55be00c1a830_0;
    %parti/s 8, 16, 6;
    %concat/vec4; draw_concat_vec4
    %store/vec4 v0x55be00c1c7a0_0, 0, 32;
    %jmp T_0.55;
T_0.55 ;
    %pop/vec4 1;
    %jmp T_0.50;
T_0.45 ;
    %pushi/vec4 0, 0, 1;
    %store/vec4 v0x55be00c1a4f0_0, 0, 1;
    %pushi/vec4 0, 0, 1;
    %store/vec4 v0x55be00c19ff0_0, 0, 1;
    %pushi/vec4 0, 0, 32;
    %store/vec4 v0x55be00c1a330_0, 0, 32;
    %pushi/vec4 0, 0, 32;
    %store/vec4 v0x55be00c1ab70_0, 0, 32;
    %load/vec4 v0x55be00c1aeb0_0;
    %store/vec4 v0x55be00c1a750_0, 0, 32;
    %pushi/vec4 0, 0, 32;
    %store/vec4 v0x55be00c1ac50_0, 0, 32;
    %pushi/vec4 0, 0, 1;
    %store/vec4 v0x55be00c1ad30_0, 0, 1;
    %pushi/vec4 1, 0, 1;
    %store/vec4 v0x55be00c1a910_0, 0, 1;
    %load/vec4 v0x55be00c1a670_0;
    %dup/vec4;
    %pushi/vec4 0, 0, 2;
    %cmp/u;
    %jmp/1 T_0.56, 6;
    %load/vec4 v0x55be00c1a830_0;
    %parti/s 1, 31, 6;
    %replicate 12;
    %load/vec4 v0x55be00c1a830_0;
    %parti/s 16, 16, 6;
    %concat/vec4; draw_concat_vec4
    %pad/u 32;
    %store/vec4 v0x55be00c1c7a0_0, 0, 32;
    %jmp T_0.58;
T_0.56 ;
    %load/vec4 v0x55be00c1a830_0;
    %parti/s 1, 15, 5;
    %replicate 12;
    %load/vec4 v0x55be00c1a830_0;
    %parti/s 16, 0, 2;
    %concat/vec4; draw_concat_vec4
    %pad/u 32;
    %store/vec4 v0x55be00c1c7a0_0, 0, 32;
    %jmp T_0.58;
T_0.58 ;
    %pop/vec4 1;
    %jmp T_0.50;
T_0.46 ;
    %pushi/vec4 0, 0, 1;
    %store/vec4 v0x55be00c1a4f0_0, 0, 1;
    %pushi/vec4 0, 0, 1;
    %store/vec4 v0x55be00c19ff0_0, 0, 1;
    %pushi/vec4 0, 0, 32;
    %store/vec4 v0x55be00c1a330_0, 0, 32;
    %pushi/vec4 0, 0, 32;
    %store/vec4 v0x55be00c1ab70_0, 0, 32;
    %load/vec4 v0x55be00c1aeb0_0;
    %store/vec4 v0x55be00c1a750_0, 0, 32;
    %pushi/vec4 0, 0, 32;
    %store/vec4 v0x55be00c1ac50_0, 0, 32;
    %pushi/vec4 0, 0, 1;
    %store/vec4 v0x55be00c1ad30_0, 0, 1;
    %pushi/vec4 1, 0, 1;
    %store/vec4 v0x55be00c1a910_0, 0, 1;
    %load/vec4 v0x55be00c1a830_0;
    %store/vec4 v0x55be00c1c7a0_0, 0, 32;
    %jmp T_0.50;
T_0.47 ;
    %pushi/vec4 0, 0, 1;
    %store/vec4 v0x55be00c1a4f0_0, 0, 1;
    %pushi/vec4 0, 0, 1;
    %store/vec4 v0x55be00c19ff0_0, 0, 1;
    %pushi/vec4 0, 0, 32;
    %store/vec4 v0x55be00c1a330_0, 0, 32;
    %pushi/vec4 0, 0, 32;
    %store/vec4 v0x55be00c1ab70_0, 0, 32;
    %load/vec4 v0x55be00c1aeb0_0;
    %store/vec4 v0x55be00c1a750_0, 0, 32;
    %pushi/vec4 0, 0, 32;
    %store/vec4 v0x55be00c1ac50_0, 0, 32;
    %pushi/vec4 0, 0, 1;
    %store/vec4 v0x55be00c1ad30_0, 0, 1;
    %pushi/vec4 1, 0, 1;
    %store/vec4 v0x55be00c1a910_0, 0, 1;
    %load/vec4 v0x55be00c1a670_0;
    %dup/vec4;
    %pushi/vec4 0, 0, 2;
    %cmp/u;
    %jmp/1 T_0.59, 6;
    %dup/vec4;
    %pushi/vec4 1, 0, 2;
    %cmp/u;
    %jmp/1 T_0.60, 6;
    %dup/vec4;
    %pushi/vec4 2, 0, 2;
    %cmp/u;
    %jmp/1 T_0.61, 6;
    %pushi/vec4 0, 0, 24;
    %load/vec4 v0x55be00c1a830_0;
    %parti/s 8, 24, 6;
    %concat/vec4; draw_concat_vec4
    %store/vec4 v0x55be00c1c7a0_0, 0, 32;
    %jmp T_0.63;
T_0.59 ;
    %pushi/vec4 0, 0, 24;
    %load/vec4 v0x55be00c1a830_0;
    %parti/s 8, 0, 2;
    %concat/vec4; draw_concat_vec4
    %store/vec4 v0x55be00c1c7a0_0, 0, 32;
    %jmp T_0.63;
T_0.60 ;
    %pushi/vec4 0, 0, 24;
    %load/vec4 v0x55be00c1a830_0;
    %parti/s 8, 8, 5;
    %concat/vec4; draw_concat_vec4
    %store/vec4 v0x55be00c1c7a0_0, 0, 32;
    %jmp T_0.63;
T_0.61 ;
    %pushi/vec4 0, 0, 24;
    %load/vec4 v0x55be00c1a830_0;
    %parti/s 8, 16, 6;
    %concat/vec4; draw_concat_vec4
    %store/vec4 v0x55be00c1c7a0_0, 0, 32;
    %jmp T_0.63;
T_0.63 ;
    %pop/vec4 1;
    %jmp T_0.50;
T_0.48 ;
    %pushi/vec4 0, 0, 1;
    %store/vec4 v0x55be00c1a4f0_0, 0, 1;
    %pushi/vec4 0, 0, 1;
    %store/vec4 v0x55be00c19ff0_0, 0, 1;
    %pushi/vec4 0, 0, 32;
    %store/vec4 v0x55be00c1a330_0, 0, 32;
    %pushi/vec4 0, 0, 32;
    %store/vec4 v0x55be00c1ab70_0, 0, 32;
    %load/vec4 v0x55be00c1aeb0_0;
    %store/vec4 v0x55be00c1a750_0, 0, 32;
    %pushi/vec4 0, 0, 32;
    %store/vec4 v0x55be00c1ac50_0, 0, 32;
    %pushi/vec4 0, 0, 1;
    %store/vec4 v0x55be00c1ad30_0, 0, 1;
    %pushi/vec4 1, 0, 1;
    %store/vec4 v0x55be00c1a910_0, 0, 1;
    %load/vec4 v0x55be00c1a670_0;
    %dup/vec4;
    %pushi/vec4 0, 0, 2;
    %cmp/u;
    %jmp/1 T_0.64, 6;
    %pushi/vec4 0, 0, 12;
    %load/vec4 v0x55be00c1a830_0;
    %parti/s 16, 16, 6;
    %concat/vec4; draw_concat_vec4
    %pad/u 32;
    %store/vec4 v0x55be00c1c7a0_0, 0, 32;
    %jmp T_0.66;
T_0.64 ;
    %pushi/vec4 0, 0, 12;
    %load/vec4 v0x55be00c1a830_0;
    %parti/s 16, 0, 2;
    %concat/vec4; draw_concat_vec4
    %pad/u 32;
    %store/vec4 v0x55be00c1c7a0_0, 0, 32;
    %jmp T_0.66;
T_0.66 ;
    %pop/vec4 1;
    %jmp T_0.50;
T_0.50 ;
    %pop/vec4 1;
    %jmp T_0.13;
T_0.3 ;
    %load/vec4 v0x55be00c19f10_0;
    %cmpi/e 0, 0, 7;
    %jmp/1 T_0.69, 4;
    %flag_mov 8, 4;
    %load/vec4 v0x55be00c19f10_0;
    %cmpi/e 32, 0, 7;
    %flag_or 4, 8;
T_0.69;
    %jmp/0xz  T_0.67, 4;
    %load/vec4 v0x55be00c19e30_0;
    %dup/vec4;
    %pushi/vec4 0, 0, 3;
    %cmp/u;
    %jmp/1 T_0.70, 6;
    %dup/vec4;
    %pushi/vec4 1, 0, 3;
    %cmp/u;
    %jmp/1 T_0.71, 6;
    %dup/vec4;
    %pushi/vec4 2, 0, 3;
    %cmp/u;
    %jmp/1 T_0.72, 6;
    %dup/vec4;
    %pushi/vec4 3, 0, 3;
    %cmp/u;
    %jmp/1 T_0.73, 6;
    %dup/vec4;
    %pushi/vec4 4, 0, 3;
    %cmp/u;
    %jmp/1 T_0.74, 6;
    %dup/vec4;
    %pushi/vec4 5, 0, 3;
    %cmp/u;
    %jmp/1 T_0.75, 6;
    %dup/vec4;
    %pushi/vec4 6, 0, 3;
    %cmp/u;
    %jmp/1 T_0.76, 6;
    %dup/vec4;
    %pushi/vec4 7, 0, 3;
    %cmp/u;
    %jmp/1 T_0.77, 6;
    %pushi/vec4 0, 0, 1;
    %store/vec4 v0x55be00c1a4f0_0, 0, 1;
    %pushi/vec4 0, 0, 1;
    %store/vec4 v0x55be00c19ff0_0, 0, 1;
    %pushi/vec4 0, 0, 32;
    %store/vec4 v0x55be00c1a330_0, 0, 32;
    %pushi/vec4 0, 0, 32;
    %store/vec4 v0x55be00c1ab70_0, 0, 32;
    %pushi/vec4 0, 0, 32;
    %store/vec4 v0x55be00c1a750_0, 0, 32;
    %pushi/vec4 0, 0, 32;
    %store/vec4 v0x55be00c1ac50_0, 0, 32;
    %pushi/vec4 0, 0, 1;
    %store/vec4 v0x55be00c1ad30_0, 0, 1;
    %pushi/vec4 0, 0, 32;
    %store/vec4 v0x55be00c1c7a0_0, 0, 32;
    %jmp T_0.79;
T_0.70 ;
    %pushi/vec4 0, 0, 1;
    %store/vec4 v0x55be00c1a4f0_0, 0, 1;
    %pushi/vec4 0, 0, 1;
    %store/vec4 v0x55be00c19ff0_0, 0, 1;
    %pushi/vec4 0, 0, 32;
    %store/vec4 v0x55be00c1a330_0, 0, 32;
    %pushi/vec4 0, 0, 32;
    %store/vec4 v0x55be00c1ab70_0, 0, 32;
    %pushi/vec4 0, 0, 32;
    %store/vec4 v0x55be00c1a750_0, 0, 32;
    %pushi/vec4 0, 0, 32;
    %store/vec4 v0x55be00c1ac50_0, 0, 32;
    %pushi/vec4 0, 0, 1;
    %store/vec4 v0x55be00c1ad30_0, 0, 1;
    %load/vec4 v0x55be00c19f10_0;
    %dup/vec4;
    %pushi/vec4 0, 0, 7;
    %cmp/u;
    %jmp/1 T_0.80, 6;
    %dup/vec4;
    %pushi/vec4 32, 0, 7;
    %cmp/u;
    %jmp/1 T_0.81, 6;
    %pushi/vec4 0, 0, 32;
    %store/vec4 v0x55be00c1c7a0_0, 0, 32;
    %jmp T_0.83;
T_0.80 ;
    %load/vec4 v0x55be00c1aeb0_0;
    %store/vec4 v0x55be00c1c7a0_0, 0, 32;
    %jmp T_0.83;
T_0.81 ;
    %load/vec4 v0x55be00c1ba80_0;
    %store/vec4 v0x55be00c1c7a0_0, 0, 32;
    %jmp T_0.83;
T_0.83 ;
    %pop/vec4 1;
    %jmp T_0.79;
T_0.71 ;
    %pushi/vec4 0, 0, 1;
    %store/vec4 v0x55be00c1a4f0_0, 0, 1;
    %pushi/vec4 0, 0, 1;
    %store/vec4 v0x55be00c19ff0_0, 0, 1;
    %pushi/vec4 0, 0, 32;
    %store/vec4 v0x55be00c1a330_0, 0, 32;
    %pushi/vec4 0, 0, 32;
    %store/vec4 v0x55be00c1ab70_0, 0, 32;
    %pushi/vec4 0, 0, 32;
    %store/vec4 v0x55be00c1a750_0, 0, 32;
    %pushi/vec4 0, 0, 32;
    %store/vec4 v0x55be00c1ac50_0, 0, 32;
    %pushi/vec4 0, 0, 1;
    %store/vec4 v0x55be00c1ad30_0, 0, 1;
    %load/vec4 v0x55be00c1c0a0_0;
    %store/vec4 v0x55be00c1c7a0_0, 0, 32;
    %jmp T_0.79;
T_0.72 ;
    %pushi/vec4 0, 0, 1;
    %store/vec4 v0x55be00c1a4f0_0, 0, 1;
    %pushi/vec4 0, 0, 1;
    %store/vec4 v0x55be00c19ff0_0, 0, 1;
    %pushi/vec4 0, 0, 32;
    %store/vec4 v0x55be00c1a330_0, 0, 32;
    %pushi/vec4 0, 0, 32;
    %store/vec4 v0x55be00c1ab70_0, 0, 32;
    %pushi/vec4 0, 0, 32;
    %store/vec4 v0x55be00c1a750_0, 0, 32;
    %pushi/vec4 0, 0, 32;
    %store/vec4 v0x55be00c1ac50_0, 0, 32;
    %pushi/vec4 0, 0, 1;
    %store/vec4 v0x55be00c1ad30_0, 0, 1;
    %load/vec4 v0x55be00c1b130_0;
    %inv;
    %replicate 32;
    %pushi/vec4 1, 0, 1024;
    %and;
    %pad/u 32;
    %store/vec4 v0x55be00c1c7a0_0, 0, 32;
    %jmp T_0.79;
T_0.73 ;
    %pushi/vec4 0, 0, 1;
    %store/vec4 v0x55be00c1a4f0_0, 0, 1;
    %pushi/vec4 0, 0, 1;
    %store/vec4 v0x55be00c19ff0_0, 0, 1;
    %pushi/vec4 0, 0, 32;
    %store/vec4 v0x55be00c1a330_0, 0, 32;
    %pushi/vec4 0, 0, 32;
    %store/vec4 v0x55be00c1ab70_0, 0, 32;
    %pushi/vec4 0, 0, 32;
    %store/vec4 v0x55be00c1a750_0, 0, 32;
    %pushi/vec4 0, 0, 32;
    %store/vec4 v0x55be00c1ac50_0, 0, 32;
    %pushi/vec4 0, 0, 1;
    %store/vec4 v0x55be00c1ad30_0, 0, 1;
    %load/vec4 v0x55be00c1b210_0;
    %inv;
    %replicate 32;
    %pushi/vec4 1, 0, 1024;
    %and;
    %pad/u 32;
    %store/vec4 v0x55be00c1c7a0_0, 0, 32;
    %jmp T_0.79;
T_0.74 ;
    %pushi/vec4 0, 0, 1;
    %store/vec4 v0x55be00c1a4f0_0, 0, 1;
    %pushi/vec4 0, 0, 1;
    %store/vec4 v0x55be00c19ff0_0, 0, 1;
    %pushi/vec4 0, 0, 32;
    %store/vec4 v0x55be00c1a330_0, 0, 32;
    %pushi/vec4 0, 0, 32;
    %store/vec4 v0x55be00c1ab70_0, 0, 32;
    %pushi/vec4 0, 0, 32;
    %store/vec4 v0x55be00c1a750_0, 0, 32;
    %pushi/vec4 0, 0, 32;
    %store/vec4 v0x55be00c1ac50_0, 0, 32;
    %pushi/vec4 0, 0, 1;
    %store/vec4 v0x55be00c1ad30_0, 0, 1;
    %load/vec4 v0x55be00c1bb60_0;
    %store/vec4 v0x55be00c1c7a0_0, 0, 32;
    %jmp T_0.79;
T_0.75 ;
    %pushi/vec4 0, 0, 1;
    %store/vec4 v0x55be00c1a4f0_0, 0, 1;
    %pushi/vec4 0, 0, 1;
    %store/vec4 v0x55be00c19ff0_0, 0, 1;
    %pushi/vec4 0, 0, 32;
    %store/vec4 v0x55be00c1a330_0, 0, 32;
    %pushi/vec4 0, 0, 32;
    %store/vec4 v0x55be00c1ab70_0, 0, 32;
    %pushi/vec4 0, 0, 32;
    %store/vec4 v0x55be00c1a750_0, 0, 32;
    %pushi/vec4 0, 0, 32;
    %store/vec4 v0x55be00c1ac50_0, 0, 32;
    %pushi/vec4 0, 0, 1;
    %store/vec4 v0x55be00c1ad30_0, 0, 1;
    %load/vec4 v0x55be00c1c260_0;
    %store/vec4 v0x55be00c1c7a0_0, 0, 32;
    %jmp T_0.79;
T_0.76 ;
    %pushi/vec4 0, 0, 1;
    %store/vec4 v0x55be00c1a4f0_0, 0, 1;
    %pushi/vec4 0, 0, 1;
    %store/vec4 v0x55be00c19ff0_0, 0, 1;
    %pushi/vec4 0, 0, 32;
    %store/vec4 v0x55be00c1a330_0, 0, 32;
    %pushi/vec4 0, 0, 32;
    %store/vec4 v0x55be00c1ab70_0, 0, 32;
    %pushi/vec4 0, 0, 32;
    %store/vec4 v0x55be00c1a750_0, 0, 32;
    %pushi/vec4 0, 0, 32;
    %store/vec4 v0x55be00c1ac50_0, 0, 32;
    %pushi/vec4 0, 0, 1;
    %store/vec4 v0x55be00c1ad30_0, 0, 1;
    %load/vec4 v0x55be00c1b9a0_0;
    %store/vec4 v0x55be00c1c7a0_0, 0, 32;
    %jmp T_0.79;
T_0.77 ;
    %pushi/vec4 0, 0, 1;
    %store/vec4 v0x55be00c1a4f0_0, 0, 1;
    %pushi/vec4 0, 0, 1;
    %store/vec4 v0x55be00c19ff0_0, 0, 1;
    %pushi/vec4 0, 0, 32;
    %store/vec4 v0x55be00c1a330_0, 0, 32;
    %pushi/vec4 0, 0, 32;
    %store/vec4 v0x55be00c1ab70_0, 0, 32;
    %pushi/vec4 0, 0, 32;
    %store/vec4 v0x55be00c1a750_0, 0, 32;
    %pushi/vec4 0, 0, 32;
    %store/vec4 v0x55be00c1ac50_0, 0, 32;
    %pushi/vec4 0, 0, 1;
    %store/vec4 v0x55be00c1ad30_0, 0, 1;
    %load/vec4 v0x55be00c1af90_0;
    %store/vec4 v0x55be00c1c7a0_0, 0, 32;
    %jmp T_0.79;
T_0.79 ;
    %pop/vec4 1;
    %jmp T_0.68;
T_0.67 ;
    %load/vec4 v0x55be00c19f10_0;
    %cmpi/e 1, 0, 7;
    %jmp/0xz  T_0.84, 4;
T_0.84 ;
T_0.68 ;
    %jmp T_0.13;
T_0.4 ;
    %load/vec4 v0x55be00c19e30_0;
    %dup/vec4;
    %pushi/vec4 0, 0, 3;
    %cmp/u;
    %jmp/1 T_0.86, 6;
    %dup/vec4;
    %pushi/vec4 1, 0, 3;
    %cmp/u;
    %jmp/1 T_0.87, 6;
    %dup/vec4;
    %pushi/vec4 2, 0, 3;
    %cmp/u;
    %jmp/1 T_0.88, 6;
    %pushi/vec4 0, 0, 1;
    %store/vec4 v0x55be00c1a4f0_0, 0, 1;
    %pushi/vec4 0, 0, 1;
    %store/vec4 v0x55be00c19ff0_0, 0, 1;
    %pushi/vec4 0, 0, 32;
    %store/vec4 v0x55be00c1a330_0, 0, 32;
    %pushi/vec4 0, 0, 32;
    %store/vec4 v0x55be00c1ab70_0, 0, 32;
    %pushi/vec4 0, 0, 32;
    %store/vec4 v0x55be00c1a750_0, 0, 32;
    %pushi/vec4 1, 0, 1;
    %store/vec4 v0x55be00c1ad30_0, 0, 1;
    %pushi/vec4 0, 0, 32;
    %store/vec4 v0x55be00c1c7a0_0, 0, 32;
    %pushi/vec4 0, 0, 1;
    %store/vec4 v0x55be00c1a910_0, 0, 1;
    %pushi/vec4 0, 0, 32;
    %store/vec4 v0x55be00c1ac50_0, 0, 32;
    %jmp T_0.90;
T_0.86 ;
    %pushi/vec4 0, 0, 1;
    %store/vec4 v0x55be00c1a4f0_0, 0, 1;
    %pushi/vec4 0, 0, 1;
    %store/vec4 v0x55be00c19ff0_0, 0, 1;
    %pushi/vec4 0, 0, 32;
    %store/vec4 v0x55be00c1a330_0, 0, 32;
    %load/vec4 v0x55be00c1aeb0_0;
    %store/vec4 v0x55be00c1ab70_0, 0, 32;
    %pushi/vec4 0, 0, 32;
    %store/vec4 v0x55be00c1a750_0, 0, 32;
    %pushi/vec4 1, 0, 1;
    %store/vec4 v0x55be00c1ad30_0, 0, 1;
    %pushi/vec4 0, 0, 32;
    %store/vec4 v0x55be00c1c7a0_0, 0, 32;
    %pushi/vec4 1, 0, 1;
    %store/vec4 v0x55be00c1a910_0, 0, 1;
    %load/vec4 v0x55be00c1aa90_0;
    %dup/vec4;
    %pushi/vec4 0, 0, 2;
    %cmp/u;
    %jmp/1 T_0.91, 6;
    %dup/vec4;
    %pushi/vec4 1, 0, 2;
    %cmp/u;
    %jmp/1 T_0.92, 6;
    %dup/vec4;
    %pushi/vec4 2, 0, 2;
    %cmp/u;
    %jmp/1 T_0.93, 6;
    %load/vec4 v0x55be00c1c420_0;
    %parti/s 8, 24, 6;
    %load/vec4 v0x55be00c1a830_0;
    %parti/s 24, 0, 2;
    %concat/vec4; draw_concat_vec4
    %store/vec4 v0x55be00c1ac50_0, 0, 32;
    %jmp T_0.95;
T_0.91 ;
    %load/vec4 v0x55be00c1a830_0;
    %parti/s 24, 8, 5;
    %load/vec4 v0x55be00c1c420_0;
    %parti/s 8, 0, 2;
    %concat/vec4; draw_concat_vec4
    %store/vec4 v0x55be00c1ac50_0, 0, 32;
    %jmp T_0.95;
T_0.92 ;
    %load/vec4 v0x55be00c1a830_0;
    %parti/s 16, 16, 6;
    %load/vec4 v0x55be00c1c420_0;
    %parti/s 8, 8, 5;
    %concat/vec4; draw_concat_vec4
    %load/vec4 v0x55be00c1a830_0;
    %parti/s 8, 0, 2;
    %concat/vec4; draw_concat_vec4
    %store/vec4 v0x55be00c1ac50_0, 0, 32;
    %jmp T_0.95;
T_0.93 ;
    %load/vec4 v0x55be00c1a830_0;
    %parti/s 24, 8, 5;
    %load/vec4 v0x55be00c1c420_0;
    %parti/s 8, 16, 6;
    %concat/vec4; draw_concat_vec4
    %load/vec4 v0x55be00c1a830_0;
    %parti/s 16, 0, 2;
    %concat/vec4; draw_concat_vec4
    %pad/u 32;
    %store/vec4 v0x55be00c1ac50_0, 0, 32;
    %jmp T_0.95;
T_0.95 ;
    %pop/vec4 1;
    %jmp T_0.90;
T_0.87 ;
    %pushi/vec4 0, 0, 1;
    %store/vec4 v0x55be00c1a4f0_0, 0, 1;
    %pushi/vec4 0, 0, 1;
    %store/vec4 v0x55be00c19ff0_0, 0, 1;
    %pushi/vec4 0, 0, 32;
    %store/vec4 v0x55be00c1a330_0, 0, 32;
    %load/vec4 v0x55be00c1aeb0_0;
    %store/vec4 v0x55be00c1ab70_0, 0, 32;
    %pushi/vec4 0, 0, 32;
    %store/vec4 v0x55be00c1a750_0, 0, 32;
    %pushi/vec4 1, 0, 1;
    %store/vec4 v0x55be00c1ad30_0, 0, 1;
    %pushi/vec4 0, 0, 32;
    %store/vec4 v0x55be00c1c7a0_0, 0, 32;
    %pushi/vec4 1, 0, 1;
    %store/vec4 v0x55be00c1a910_0, 0, 1;
    %load/vec4 v0x55be00c1aa90_0;
    %dup/vec4;
    %pushi/vec4 0, 0, 2;
    %cmp/u;
    %jmp/1 T_0.96, 6;
    %load/vec4 v0x55be00c1c420_0;
    %parti/s 16, 16, 6;
    %load/vec4 v0x55be00c1a830_0;
    %parti/s 16, 0, 2;
    %concat/vec4; draw_concat_vec4
    %store/vec4 v0x55be00c1ac50_0, 0, 32;
    %jmp T_0.98;
T_0.96 ;
    %load/vec4 v0x55be00c1a830_0;
    %parti/s 16, 16, 6;
    %load/vec4 v0x55be00c1c420_0;
    %parti/s 16, 0, 2;
    %concat/vec4; draw_concat_vec4
    %store/vec4 v0x55be00c1ac50_0, 0, 32;
    %jmp T_0.98;
T_0.98 ;
    %pop/vec4 1;
    %jmp T_0.90;
T_0.88 ;
    %pushi/vec4 0, 0, 1;
    %store/vec4 v0x55be00c1a4f0_0, 0, 1;
    %pushi/vec4 0, 0, 1;
    %store/vec4 v0x55be00c19ff0_0, 0, 1;
    %pushi/vec4 0, 0, 32;
    %store/vec4 v0x55be00c1a330_0, 0, 32;
    %load/vec4 v0x55be00c1aeb0_0;
    %store/vec4 v0x55be00c1ab70_0, 0, 32;
    %pushi/vec4 0, 0, 32;
    %store/vec4 v0x55be00c1a750_0, 0, 32;
    %pushi/vec4 1, 0, 1;
    %store/vec4 v0x55be00c1ad30_0, 0, 1;
    %pushi/vec4 0, 0, 32;
    %store/vec4 v0x55be00c1c7a0_0, 0, 32;
    %pushi/vec4 1, 0, 1;
    %store/vec4 v0x55be00c1a910_0, 0, 1;
    %load/vec4 v0x55be00c1c420_0;
    %store/vec4 v0x55be00c1ac50_0, 0, 32;
    %jmp T_0.90;
T_0.90 ;
    %pop/vec4 1;
    %jmp T_0.13;
T_0.5 ;
    %pushi/vec4 0, 0, 1;
    %store/vec4 v0x55be00c1a4f0_0, 0, 1;
    %pushi/vec4 0, 0, 1;
    %store/vec4 v0x55be00c19ff0_0, 0, 1;
    %pushi/vec4 0, 0, 32;
    %store/vec4 v0x55be00c1a330_0, 0, 32;
    %pushi/vec4 0, 0, 32;
    %store/vec4 v0x55be00c1ab70_0, 0, 32;
    %pushi/vec4 0, 0, 32;
    %store/vec4 v0x55be00c1a750_0, 0, 32;
    %pushi/vec4 0, 0, 1;
    %store/vec4 v0x55be00c1ad30_0, 0, 1;
    %pushi/vec4 0, 0, 32;
    %store/vec4 v0x55be00c1ac50_0, 0, 32;
    %load/vec4 v0x55be00c19e30_0;
    %dup/vec4;
    %pushi/vec4 1, 0, 3;
    %cmp/u;
    %jmp/1 T_0.99, 6;
    %dup/vec4;
    %pushi/vec4 2, 0, 3;
    %cmp/u;
    %jmp/1 T_0.100, 6;
    %dup/vec4;
    %pushi/vec4 3, 0, 3;
    %cmp/u;
    %jmp/1 T_0.101, 6;
    %dup/vec4;
    %pushi/vec4 5, 0, 3;
    %cmp/u;
    %jmp/1 T_0.102, 6;
    %dup/vec4;
    %pushi/vec4 6, 0, 3;
    %cmp/u;
    %jmp/1 T_0.103, 6;
    %dup/vec4;
    %pushi/vec4 7, 0, 3;
    %cmp/u;
    %jmp/1 T_0.104, 6;
    %pushi/vec4 0, 0, 32;
    %store/vec4 v0x55be00c1c7a0_0, 0, 32;
    %pushi/vec4 0, 0, 32;
    %store/vec4 v0x55be00c19bd0_0, 0, 32;
    %jmp T_0.106;
T_0.99 ;
    %load/vec4 v0x55be00c19930_0;
    %store/vec4 v0x55be00c1c7a0_0, 0, 32;
    %load/vec4 v0x55be00c1bfc0_0;
    %store/vec4 v0x55be00c19bd0_0, 0, 32;
    %jmp T_0.106;
T_0.100 ;
    %load/vec4 v0x55be00c19930_0;
    %store/vec4 v0x55be00c1c7a0_0, 0, 32;
    %load/vec4 v0x55be00c19930_0;
    %load/vec4 v0x55be00c1bfc0_0;
    %or;
    %store/vec4 v0x55be00c19bd0_0, 0, 32;
    %jmp T_0.106;
T_0.101 ;
    %load/vec4 v0x55be00c19930_0;
    %store/vec4 v0x55be00c1c7a0_0, 0, 32;
    %load/vec4 v0x55be00c19930_0;
    %load/vec4 v0x55be00c1bfc0_0;
    %inv;
    %and;
    %store/vec4 v0x55be00c19bd0_0, 0, 32;
    %jmp T_0.106;
T_0.102 ;
    %load/vec4 v0x55be00c19930_0;
    %store/vec4 v0x55be00c1c7a0_0, 0, 32;
    %pushi/vec4 0, 0, 27;
    %load/vec4 v0x55be00c1ce00_0;
    %concat/vec4; draw_concat_vec4
    %store/vec4 v0x55be00c19bd0_0, 0, 32;
    %jmp T_0.106;
T_0.103 ;
    %load/vec4 v0x55be00c19930_0;
    %store/vec4 v0x55be00c1c7a0_0, 0, 32;
    %load/vec4 v0x55be00c19930_0;
    %pushi/vec4 0, 0, 27;
    %load/vec4 v0x55be00c1ce00_0;
    %concat/vec4; draw_concat_vec4
    %or;
    %store/vec4 v0x55be00c19bd0_0, 0, 32;
    %jmp T_0.106;
T_0.104 ;
    %load/vec4 v0x55be00c19930_0;
    %store/vec4 v0x55be00c1c7a0_0, 0, 32;
    %load/vec4 v0x55be00c19930_0;
    %pushi/vec4 0, 0, 27;
    %load/vec4 v0x55be00c1ce00_0;
    %concat/vec4; draw_concat_vec4
    %inv;
    %and;
    %store/vec4 v0x55be00c19bd0_0, 0, 32;
    %jmp T_0.106;
T_0.106 ;
    %pop/vec4 1;
    %jmp T_0.13;
T_0.6 ;
    %pushi/vec4 0, 0, 1;
    %store/vec4 v0x55be00c19ff0_0, 0, 1;
    %pushi/vec4 0, 0, 32;
    %store/vec4 v0x55be00c1ab70_0, 0, 32;
    %pushi/vec4 0, 0, 32;
    %store/vec4 v0x55be00c1a750_0, 0, 32;
    %pushi/vec4 0, 0, 1;
    %store/vec4 v0x55be00c1ad30_0, 0, 1;
    %pushi/vec4 0, 0, 32;
    %store/vec4 v0x55be00c1ac50_0, 0, 32;
    %pushi/vec4 1, 0, 1;
    %store/vec4 v0x55be00c1a4f0_0, 0, 1;
    %load/vec4 v0x55be00c1b7e0_0;
    %store/vec4 v0x55be00c1a330_0, 0, 32;
    %load/vec4 v0x55be00c1aeb0_0;
    %store/vec4 v0x55be00c1c7a0_0, 0, 32;
    %jmp T_0.13;
T_0.7 ;
    %pushi/vec4 0, 0, 1;
    %store/vec4 v0x55be00c19ff0_0, 0, 1;
    %pushi/vec4 0, 0, 32;
    %store/vec4 v0x55be00c1ab70_0, 0, 32;
    %pushi/vec4 0, 0, 32;
    %store/vec4 v0x55be00c1a750_0, 0, 32;
    %pushi/vec4 0, 0, 1;
    %store/vec4 v0x55be00c1ad30_0, 0, 1;
    %pushi/vec4 0, 0, 32;
    %store/vec4 v0x55be00c1ac50_0, 0, 32;
    %pushi/vec4 1, 0, 1;
    %store/vec4 v0x55be00c1a4f0_0, 0, 1;
    %load/vec4 v0x55be00c1b7e0_0;
    %store/vec4 v0x55be00c1a330_0, 0, 32;
    %load/vec4 v0x55be00c1aeb0_0;
    %store/vec4 v0x55be00c1c7a0_0, 0, 32;
    %jmp T_0.13;
T_0.8 ;
    %pushi/vec4 0, 0, 1;
    %store/vec4 v0x55be00c19ff0_0, 0, 1;
    %pushi/vec4 0, 0, 32;
    %store/vec4 v0x55be00c1ab70_0, 0, 32;
    %pushi/vec4 0, 0, 32;
    %store/vec4 v0x55be00c1a750_0, 0, 32;
    %pushi/vec4 0, 0, 1;
    %store/vec4 v0x55be00c1ad30_0, 0, 1;
    %pushi/vec4 0, 0, 32;
    %store/vec4 v0x55be00c1ac50_0, 0, 32;
    %pushi/vec4 0, 0, 1;
    %store/vec4 v0x55be00c1a4f0_0, 0, 1;
    %pushi/vec4 0, 0, 32;
    %store/vec4 v0x55be00c1a330_0, 0, 32;
    %load/vec4 v0x55be00c1aeb0_0;
    %store/vec4 v0x55be00c1c7a0_0, 0, 32;
    %jmp T_0.13;
T_0.9 ;
    %pushi/vec4 0, 0, 1;
    %store/vec4 v0x55be00c19ff0_0, 0, 1;
    %pushi/vec4 0, 0, 32;
    %store/vec4 v0x55be00c1ab70_0, 0, 32;
    %pushi/vec4 0, 0, 32;
    %store/vec4 v0x55be00c1a750_0, 0, 32;
    %pushi/vec4 0, 0, 1;
    %store/vec4 v0x55be00c1ad30_0, 0, 1;
    %pushi/vec4 0, 0, 32;
    %store/vec4 v0x55be00c1ac50_0, 0, 32;
    %pushi/vec4 0, 0, 1;
    %store/vec4 v0x55be00c1a4f0_0, 0, 1;
    %pushi/vec4 0, 0, 32;
    %store/vec4 v0x55be00c1a330_0, 0, 32;
    %load/vec4 v0x55be00c1aeb0_0;
    %store/vec4 v0x55be00c1c7a0_0, 0, 32;
    %jmp T_0.13;
T_0.10 ;
    %pushi/vec4 0, 0, 1;
    %store/vec4 v0x55be00c19ff0_0, 0, 1;
    %pushi/vec4 0, 0, 32;
    %store/vec4 v0x55be00c1ab70_0, 0, 32;
    %pushi/vec4 0, 0, 32;
    %store/vec4 v0x55be00c1a750_0, 0, 32;
    %pushi/vec4 0, 0, 1;
    %store/vec4 v0x55be00c1ad30_0, 0, 1;
    %pushi/vec4 0, 0, 32;
    %store/vec4 v0x55be00c1ac50_0, 0, 32;
    %pushi/vec4 0, 0, 1;
    %store/vec4 v0x55be00c1a4f0_0, 0, 1;
    %pushi/vec4 0, 0, 32;
    %store/vec4 v0x55be00c1a330_0, 0, 32;
    %pushi/vec4 0, 0, 32;
    %store/vec4 v0x55be00c1c7a0_0, 0, 32;
    %jmp T_0.13;
T_0.11 ;
    %pushi/vec4 0, 0, 1;
    %store/vec4 v0x55be00c19ff0_0, 0, 1;
    %pushi/vec4 0, 0, 32;
    %store/vec4 v0x55be00c1ab70_0, 0, 32;
    %pushi/vec4 0, 0, 32;
    %store/vec4 v0x55be00c1a750_0, 0, 32;
    %pushi/vec4 0, 0, 1;
    %store/vec4 v0x55be00c1ad30_0, 0, 1;
    %pushi/vec4 0, 0, 32;
    %store/vec4 v0x55be00c1ac50_0, 0, 32;
    %pushi/vec4 1, 0, 1;
    %store/vec4 v0x55be00c1a4f0_0, 0, 1;
    %load/vec4 v0x55be00c1b7e0_0;
    %store/vec4 v0x55be00c1a330_0, 0, 32;
    %pushi/vec4 0, 0, 32;
    %store/vec4 v0x55be00c1c7a0_0, 0, 32;
    %jmp T_0.13;
T_0.13 ;
    %pop/vec4 1;
    %jmp T_0;
    .thread T_0, $push;
# The file index is used to find the file name in the following table.
:file_names 3;
    "N/A";
    "<interactive>";
    "ex.v";
