# Preference setting overrides
gui_set_pref_value -category {Globals} -key {app_default_font} -value {Fixed [Sony],18,-1,5,50,0,0,0,0,0}
gui_set_pref_value -category {Globals} -key {app_fixed_width_font} -value {Fixed [Sony],18,-1,5,50,0,0,0,0,0}
gui_create_pref_key -category {Globals} -key {load_detail_for_funcov} -value_type {bool} -value {false}
gui_set_pref_value -category {Schematics} -key {net_text_maxlen} -value {20}
gui_create_pref_category -category {dlg_settings}
gui_create_pref_key -category {dlg_settings} -key {tableWithImmediatePopup} -value_type {bool} -value {true}
gui_create_pref_category -category {schem_obj_name}
gui_create_pref_key -category {schem_obj_name} -key {show_cell_and_pin_with_symbol_name} -value_type {bool} -value {false}
gui_create_pref_key -category {schem_pin_hc} -key {textExtFont} -value_type {string} -value {Helvetica,10,-1,5,50,0,0,0,0,0}
gui_set_pref_value -category {schem_text} -key {sizeScheme} -value {Large}

# State setting overrides
gui_state_default_create -off -ini
gui_set_state_value -category Layout -key child_console_size_x -value 2487
gui_set_state_value -category Layout -key child_console_size_y -value 669
gui_set_state_value -category Layout -key child_data_coltype -value 124
gui_set_state_value -category Layout -key child_data_colvalue -value 52
gui_set_state_value -category Layout -key child_data_colvariable -value 251
gui_set_state_value -category Layout -key child_data_size_x -value 297
gui_set_state_value -category Layout -key child_data_size_y -value 757
gui_set_state_value -category Layout -key child_driver_size_x -value 2189
gui_set_state_value -category Layout -key child_driver_size_y -value 671
gui_set_state_value -category Layout -key child_hier_col3 -value {-1}
gui_set_state_value -category Layout -key child_hier_colhier -value 242
gui_set_state_value -category Layout -key child_hier_colpd -value 0
gui_set_state_value -category Layout -key child_hier_coltype -value 107
gui_set_state_value -category Layout -key child_hier_size_x -value 283
gui_set_state_value -category Layout -key child_hier_size_y -value 757
gui_set_state_value -category Layout -key child_hier_sort_column -value 1
gui_set_state_value -category Layout -key child_schematic_pos_x -value {-2}
gui_set_state_value -category Layout -key child_schematic_pos_y -value {-25}
gui_set_state_value -category Layout -key child_schematic_size_x -value 1680
gui_set_state_value -category Layout -key child_schematic_size_y -value 862
gui_set_state_value -category Layout -key child_source_docknewline -value false
gui_set_state_value -category Layout -key child_source_pos_x -value {-2}
gui_set_state_value -category Layout -key child_source_pos_y -value {-25}
gui_set_state_value -category Layout -key child_source_size_x -value 1910
gui_set_state_value -category Layout -key child_source_size_y -value 754
gui_set_state_value -category Layout -key child_watch_size_x -value 1981
gui_set_state_value -category Layout -key child_watch_size_y -value 679
gui_set_state_value -category Layout -key child_wave_colname -value 366
gui_set_state_value -category Layout -key child_wave_colvalue -value 352
gui_set_state_value -category Layout -key child_wave_left -value 722
gui_set_state_value -category Layout -key child_wave_right -value 1760
gui_set_state_value -category Layout -key main_pos_x -value 1
gui_set_state_value -category Layout -key main_pos_y -value 38
gui_set_state_value -category Layout -key main_size_x -value 2488
gui_set_state_value -category Layout -key main_size_y -value 1573
gui_set_state_value -category Layout -key stand_source_child_docknewline -value false
gui_set_state_value -category Layout -key stand_source_child_pos_x -value {-2}
gui_set_state_value -category Layout -key stand_source_child_pos_y -value {-25}
gui_set_state_value -category Layout -key stand_source_child_size_x -value 1686
gui_set_state_value -category Layout -key stand_source_child_size_y -value 466
gui_set_state_value -category Layout -key stand_wave_child_docknewline -value false
gui_set_state_value -category Layout -key stand_wave_child_pos_x -value {-2}
gui_set_state_value -category Layout -key stand_wave_child_pos_y -value {-25}
gui_set_state_value -category Layout -key stand_wave_child_size_x -value 2492
gui_set_state_value -category Layout -key stand_wave_child_size_y -value 1423
gui_set_state_value -category Layout -key stand_wave_top_pos_x -value 73
gui_set_state_value -category Layout -key stand_wave_top_pos_y -value 80
gui_set_state_value -category Layout -key stand_wave_top_size_x -value 2560
gui_set_state_value -category Layout -key stand_wave_top_size_y -value 1615
gui_create_state_key -category FindDialog -key m_pMatchCase -value_type bool -value false
gui_create_state_key -category FindDialog -key m_pMatchWord -value_type bool -value false
gui_create_state_key -category FindDialog -key m_pUseCombo -value_type string -value {}
gui_create_state_key -category FindDialog -key m_pWrapAround -value_type bool -value true
gui_state_default_create -off

# Begin command logging
gui_set_pref_value -category {Globals} -key {smart_resize} -value {false}
gui_set_pref_value -category {Globals} -key {smart_resize} -value {true}
gui_sim_run Ucli -exe ./simv -args {-ucligui  } -dir .
gui_list_select -id Hier.1 -current_item_name _vcs_msglog -current_item_type Scope  -selected  { _vcs_msglog   }
gui_list_select -id Hier.1 -current_item_name quick_sim_core -current_item_type Scope  -selected  { quick_sim_core   }
gui_list_expand -id Hier.1   quick_sim_core
gui_list_action -id  Hier.1 quick_sim_core
gui_list_select -id Hier.1 -current_item_name uvm_custom_install_recording -current_item_type Scope  -selected  { uvm_custom_install_recording   }
gui_list_select -id Hier.1 -current_item_name quick_sim_core.u_rv32i -current_item_type Scope  -selected  { quick_sim_core.u_rv32i   }
gui_list_expand -id Hier.1   quick_sim_core.u_rv32i
gui_list_action -id  Hier.1 quick_sim_core.u_rv32i
gui_list_select -id Hier.1 -current_item_name quick_sim_core.u_rv32i.d_cache -current_item_type Scope  -selected  { quick_sim_core.u_rv32i.d_cache   }
gui_list_select -id Hier.1 -current_item_name quick_sim_core.u_rv32i.u_ex -current_item_type Scope  -selected  { quick_sim_core.u_rv32i.u_ex   }
gui_list_select -id Hier.1 -current_item_name quick_sim_core.u_rv32i.u_pc -current_item_type Scope  -selected  { quick_sim_core.u_rv32i.u_pc   }
gui_open_window Watch TopLevel.1
gui_list_add -id Watch.1 { quick_sim_core.u_rv32i.u_pc }
gui_open_window Wave
gui_list_add -id Wave.1 -from Hier.1 { quick_sim_core.u_rv32i.u_pc } -insertionbar
gui_wv_zoom_timerange -id  Wave.1 0 580
gui_sim_continue  
gui_wv_scroll_hslidermove -id  Wave.1 0
gui_list_select -id Wave.1 -selected  { {quick_sim_core.u_rv32i.u_pc.inst_o[31:0]}   }
gui_close_window -window TopLevel.2
