Chronologic VCS simulator copyright 1991-2018
Contains Synopsys proprietary information.
Compiler version O-2018.09-SP2_Full64; Runtime version O-2018.09-SP2_Full64;  Oct  6 16:30 2024
UVM_INFO /opt/synopsys/vcs201809/etc/uvm-1.2/base/uvm_root.svh(402) @ 0: reporter [UVM/RELNOTES] 
----------------------------------------------------------------
UVM-1.2.Synopsys
(C) 2007-2014 Mentor Graphics Corporation
(C) 2007-2014 Cadence Design Systems, Inc.
(C) 2006-2014 Synopsys, Inc.
(C) 2011-2013 Cypress Semiconductor Corp.
(C) 2013-2014 NVIDIA Corporation
----------------------------------------------------------------

  ***********       IMPORTANT RELEASE NOTES         ************

  You are using a version of the UVM library that has been compiled
  with `UVM_NO_DEPRECATED undefined.
  See http://www.eda.org/svdb/view.php?id=3313 for more details.

  You are using a version of the UVM library that has been compiled
  with `UVM_OBJECT_DO_NOT_NEED_CONSTRUCTOR undefined.
  See http://www.eda.org/svdb/view.php?id=3770 for more details.

      (Specify +UVM_NO_RELNOTES to turn off this notice)

VCD+ Writer O-2018.09-SP2_Full64 Copyright (c) 1991-2018 by Synopsys Inc.
The design has assertions or cover properties.
The assertion browser can be used to view them. Click on the assertion toolbar button or use the menu 'Window->Panes->Assertion' to open it.
The file '/home/host/risc_32i/src/rtl/coretb/inter.vpd' was opened successfully.

Warning-[STASKW_CO1] Cannot open file
  The file '../../../sim/inst128.data' could not be opened. No such file or 
  directory.
  Please ensure that the file exists with proper permissions.


Warning-[STASKW_RMCOF] Cannot open file
../coretb/quick_sim_core.sv, 104
  Cannot open file '../../../sim/inst128.data' passed as argument to $readmem.
  Please verify that the first argument to $readmem is a file that exists with
  proper permissions.

$finish called from file "../coretb/quick_sim_core.sv", line 98.
$finish at simulation time                50035
Simulation complete, time is 50035 ns.
           V C S   S i m u l a t i o n   R e p o r t 
Time: 50035 ns
CPU Time:      0.460 seconds;       Data structure size:   8.6Mb
Sun Oct  6 16:31:15 2024
