16:30:35    16 -->                                                             [tcl] ucliGUI::connect -toolargs -ucligui -toolexe ./simv -pid 28395 -toolin /tmp/vcs_20241006083034_28393_host..stdin -toolout /tmp/vcs_20241006083034_28393_host..stdout  
16:30:35    17 -->                                                                 [tcl] set ucliGUI::state
16:30:36    18 -->                                                                     [tcl] gui_update_simulator_buttons
16:30:36    19 -->                                                                         [tcl] set ucliGUI::state
16:30:36    20 -->                                                                             [tcl] ucliCore::getToolPID
16:30:36    21 -->                                                                                 [tcl] synopsys::env hasTB
16:30:36    22 -->                                                                                     [tcl] trigger_hier_stack_context_switch 0
16:30:36    23 -->                                                                                         [tcl] synopsys::xml set_array_limit <data limit="50" />
16:30:36    24 -->                                                                                             [tcl] synopsys::xml set_depth_limit <data limit="100" />
16:30:36    25 --> ...  [tcl] synopsys::xml set_string_limit <data limit="1000" />
16:30:36    26 --> ...      [tcl] synopsys::xml set_only_active_frame <data value="1" />
16:30:36    27 --> ...          [tcl] synopsys::xml set_variable_frame_id <data value="1" />
16:30:36    28 --> ...              [tcl] synUtils::setDVEInitPhase 1
16:30:36    29 --> ...                  [tcl] gui_get_env SIMSETUP::SIMVPD
16:30:36    30 --> ...                      [tcl] synopsys::dump -type VPD -file /home/host/risc_32i/src/rtl/coretb/inter.vpd -locking
16:30:36    31 --> ...                          [tcl] synopsys::dump -autoflush on -fid VPD0
16:30:36    32 --> ...                              [tcl] set ::dve_fid VPD0
16:30:36    33 --> ...                                  [tcl] synUtils::setDVEInitPhase 0
16:30:36    34 --> ...                                      [tcl] ucliCore::getToolPID
16:30:36    35 --> ...                                          [tcl] synUtils::sendTool -active _icl_setToolSocket /tmp/smlnpGxwWES
16:30:36    36 --> ...                                              [tcl] synUtils::sendTool -active {_icl_start_rpc -version "O-2018.09-SP2_Full64" -sync_file /tmp/vcs_dve_rpc.host.28395}
16:30:36    37 --> ...                                                  [tcl] synUtils::sendTool -active {_icl_createSharedMemory /tmp/vcs_dve_general.host.28395}
16:30:37    38 --> ...                                                      [tcl] dveMisc::vbusExpand uvm_pkg
16:30:37    39 --> ...                                                          [tcl] config endofsim noexit
16:30:37    40 --> ...                                                              [tcl] config onfail enable all
16:30:37    41 --> ...                                                                  [tcl] config syscaddplainmembers
16:30:37    42 --> ...                                                                      [tcl] config syscaddsourcenames
16:30:37    43 --> ...                                                                          [tcl] config syscaddstructtypes
16:30:37    44 --> ...                                                                              [tcl] synopsys::listing -disable
16:30:42    45 --> ...                                                                                  [tcl] dveMisc::vbusExpand _vcs_msglog
16:30:42    46 --> ...                                                                                      [tcl] dveMisc::vbusExpand quick_sim_core
16:30:43    47 --> ...                                                                                          [tcl] dveMisc::vbusExpand _vcs_unit__3877395951
16:30:43    48 --> ...                                                                                              [tcl] dveMisc::vbusExpand uvm_custom_install_recording
16:30:44    49 --> ...                                                                                                  [tcl] dveMisc::vbusExpand quick_sim_core.u_rv32i
16:30:44    50 --> ...  [tcl] dveMisc::vbusExpand quick_sim_core.u_rv32i.d_cache
16:30:46    51 --> ...      [tcl] dveMisc::vbusExpand quick_sim_core.u_rv32i.u_ex
16:30:48    52 --> ...          [tcl] dveMisc::vbusExpand quick_sim_core.u_rv32i.u_pc
16:30:51    53 --> ...              [tcl] ucliGUI::getSignalValues -scope quick_sim_core.u_rv32i.u_pc -radix {hexadecimal binary hexadecimal hexadecimal binary binary hexadecimal hexadecimal binary hexadecimal binary hexadecimal binary binary hexadecimal binary binary hexadecimal binary binary } -list {{o_p_addr[24:0]} i_p_waitrequest {inst_o[31:0]} {pc_n[31:0]} jtag_reset_flag_i i_p_readdata_valid {inst_addr_o[31:0]} {hold_flag_i[2:0]} jmp_under_reslove {o_p_writedata[31:0]} jump_flag_i {jump_addr_i[31:0]} o_p_write clk {o_p_byte_en[3:0]} o_p_read read_cache {$unit} inst_valid_o rst }
16:30:55    54 --> ...                  [tcl] synopsys::dump -add {quick_sim_core.u_rv32i.u_pc} -scope "." -depth 1 -fid VPD0
16:30:55    55 --> ...                      [tcl] synopsys::dump -add {_vcs_unit__3877395951 } -aggregates  -fid VPD0
16:30:56    56 --> ...                          [tcl] synopsys::run
16:30:56    57 --> ...                              [tcl] set ucliGUI::state
16:30:56    58 --> ...                                  [tcl] gui_update_simulator_buttons
16:30:56    59 --> ...                                      [tcl] set ucliGUI::state
16:30:56    60 --> ...                                          [tcl] set ucliGUI::state
16:30:56    61 --> ...                                              [tcl] set ucliGUI::state
16:30:56    62 --> ...                                                  [tcl] catch {senv activeDomain} dveMisc::result 
16:30:56    63 --> ...                                                      [tcl] set dveMisc::result
16:30:56    64 --> ...                                                          [tcl] gui_update_simulator_buttons
16:30:56    65 --> ...                                                              [tcl] synopsys::xml get_stop_data
16:30:56    66 --> ...                                                                  [tcl] synopsys::xml {frames <data updateType="preserve" itemId="none" viewId="Stack.1" />}
16:30:56    67 --> ...                                                                      [tcl] ucliGUI::getSignalValues -scope quick_sim_core.u_rv32i.u_pc -radix {hexadecimal binary hexadecimal hexadecimal binary binary hexadecimal hexadecimal binary hexadecimal binary hexadecimal binary binary hexadecimal binary binary hexadecimal binary binary } -list {{o_p_addr[24:0]} i_p_waitrequest {inst_o[31:0]} {pc_n[31:0]} jtag_reset_flag_i i_p_readdata_valid {inst_addr_o[31:0]} {hold_flag_i[2:0]} jmp_under_reslove {o_p_writedata[31:0]} jump_flag_i {jump_addr_i[31:0]} o_p_write clk {o_p_byte_en[3:0]} o_p_read read_cache {$unit} inst_valid_o rst }
16:31:15    68 --> ...                                                                          [tcl] if [catch {gui_sim_terminate}] {gui_sim_terminate -kill}
16:31:15    69 --> ...                                                                              [tcl] synopsys::finish
16:31:15    70 --> ...                                                                                  [tcl] set ucliGUI::state
16:31:15    71 --> ...                                                                                      [tcl] gui_update_simulator_buttons
16:31:15    72 --> ...                                                                                          [tcl] set ucliGUI::state
16:31:15    73 --> ...                                                                                              [tcl] catch {senv activeDomain} dveMisc::result 
16:31:15    74 --> ...                                                                                                  [tcl] set dveMisc::result
16:31:15    75 --> ...  [tcl] gui_update_simulator_buttons
16:31:15    76 --> ...      [tcl] catch {senv activeDomain} dveMisc::result 
16:31:15    77 --> ...          [tcl] set dveMisc::result
16:31:15    78 --> ...              [tcl] ucli_exit
