WARNING: ../src/rtl/coretb/quick_sim_core.sv:107: $readmemh(../sim/inst128.data): Not enough words in the file for the requested range [0:4096].
VCD info: dumpfile this.vcd opened for output.
addr is 00000014, this might cause jumping to 00000020
addr is 00000020, this might cause jumping to 0000001c
addr is 0000001c, this might cause jumping to 00000028
addr is 00000034, this might cause jumping to 00000040
addr is 00000040, this might cause jumping to 0000003c
addr is 0000003c, this might cause jumping to 00000048
addr is 00000054, this might cause jumping to 00000060
addr is 00000060, this might cause jumping to 0000005c
addr is 0000005c, this might cause jumping to 00000068
addr is 00000074, this might cause jumping to 00000080
addr is 00000080, this might cause jumping to 0000007c
addr is 0000007c, this might cause jumping to 00000088
addr is 00000098, this might cause jumping to 000000a0
addr is 000000b4, this might cause jumping to 000000bc
addr is 000000d0, this might cause jumping to 000000d8
addr is 000000f8, this might cause jumping to 000000e4
addr is 0000011c, this might cause jumping to 00000104
addr is 00000144, this might cause jumping to 00000128
addr is 00000168, this might cause jumping to 00000150
addr is 00000190, this might cause jumping to 00000174
addr is 000001b8, this might cause jumping to 0000019c
addr is 000001d8, this might cause jumping to 000001c4
addr is 000001fc, this might cause jumping to 000001e4
addr is 00000224, this might cause jumping to 00000208
addr is 00000248, this might cause jumping to 00000230
addr is 00000270, this might cause jumping to 00000254
addr is 00000298, this might cause jumping to 0000027c
addr is 000002a0, this might cause jumping to 000002b4
addr is 000002c8, this might cause jumping to 000002d8
~~~~~~~~~~~~~~~~~~~ TEST_PASS ~~~~~~~~~~~~~~~~~~~
~~~~~~~~~~~~~~~~~~~~~~~~~~~~~~~~~~~~~~~~~~~~~~~~~
~~~~~~~~~ #####     ##     ####    #### ~~~~~~~~~
~~~~~~~~~ #    #   #  #   #       #     ~~~~~~~~~
~~~~~~~~~ #    #  #    #   ####    #### ~~~~~~~~~
~~~~~~~~~ #####   ######       #       #~~~~~~~~~
~~~~~~~~~ #       #    #  #    #  #    #~~~~~~~~~
~~~~~~~~~ #       #    #   ####    #### ~~~~~~~~~
~~~~~~~~~~~~~~~~~~~~~~~~~~~~~~~~~~~~~~~~~~~~~~~~~
