WARNING: ../src/rtl/coretb/quick_sim_core.sv:107: $readmemh(../sim/inst128.data): Not enough words in the file for the requested range [0:4096].
VCD info: dumpfile this.vcd opened for output.
the addr is 000001e8, while before addr is 00000200, this might cause by jump: 1
the addr is 00000214, while before addr is 00000230, this might cause by jump: 1
the addr is 00000244, while before addr is 00000264, this might cause by jump: 1
the addr is 00000278, while before addr is 0000028c, this might cause by jump: 1
the addr is 000002a0, while before addr is 000002b8, this might cause by jump: 1
the addr is 000002cc, while before addr is 000002e8, this might cause by jump: 1
the addr is 000002fc, while before addr is 00000314, this might cause by jump: 1
the addr is 00000328, while before addr is 00000344, this might cause by jump: 1
the addr is 00000358, while before addr is 00000374, this might cause by jump: 1
the addr is 00000388, while before addr is 0000039c, this might cause by jump: 1
the addr is 000003b0, while before addr is 000003c8, this might cause by jump: 1
the addr is 000003dc, while before addr is 000003f8, this might cause by jump: 1
the addr is 0000040c, while before addr is 00000424, this might cause by jump: 1
the addr is 00000438, while before addr is 00000454, this might cause by jump: 1
the addr is 00000468, while before addr is 00000484, this might cause by jump: 1
the addr is 000004f4, while before addr is 000004e4, this might cause by jump: 1
~~~~~~~~~~~~~~~~~~~ TEST_PASS ~~~~~~~~~~~~~~~~~~~
~~~~~~~~~~~~~~~~~~~~~~~~~~~~~~~~~~~~~~~~~~~~~~~~~
~~~~~~~~~ #####     ##     ####    #### ~~~~~~~~~
~~~~~~~~~ #    #   #  #   #       #     ~~~~~~~~~
~~~~~~~~~ #    #  #    #   ####    #### ~~~~~~~~~
~~~~~~~~~ #####   ######       #       #~~~~~~~~~
~~~~~~~~~ #       #    #  #    #  #    #~~~~~~~~~
~~~~~~~~~ #       #    #   ####    #### ~~~~~~~~~
~~~~~~~~~~~~~~~~~~~~~~~~~~~~~~~~~~~~~~~~~~~~~~~~~
