WARNING: ../src/rtl/coretb/quick_sim_core.sv:107: $readmemh(../sim/inst128.data): Not enough words in the file for the requested range [0:4096].
VCD info: dumpfile this.vcd opened for output.
addr is 00000014, this might cause jumping to 00000020
addr is 00000020, this might cause jumping to 0000001c
addr is 0000001c, this might cause jumping to 00000028
addr is 00000034, this might cause jumping to 00000040
addr is 00000040, this might cause jumping to 0000003c
addr is 0000003c, this might cause jumping to 00000048
addr is 00000054, this might cause jumping to 00000060
addr is 00000060, this might cause jumping to 0000005c
addr is 0000005c, this might cause jumping to 00000068
addr is 00000074, this might cause jumping to 00000080
addr is 00000080, this might cause jumping to 0000007c
addr is 0000007c, this might cause jumping to 00000088
addr is 00000094, this might cause jumping to 000000a0
addr is 000000a0, this might cause jumping to 0000009c
addr is 0000009c, this might cause jumping to 000000a8
addr is 000000b4, this might cause jumping to 000000c0
addr is 000000c0, this might cause jumping to 000000bc
addr is 000000bc, this might cause jumping to 000000c8
addr is 000000d8, this might cause jumping to 000000e0
addr is 000000f4, this might cause jumping to 000000fc
addr is 00000110, this might cause jumping to 00000118
addr is 0000012c, this might cause jumping to 00000134
addr is 00000154, this might cause jumping to 00000140
addr is 00000178, this might cause jumping to 00000160
addr is 000001a0, this might cause jumping to 00000184
addr is 000001c4, this might cause jumping to 000001ac
addr is 000001ec, this might cause jumping to 000001d0
addr is 00000214, this might cause jumping to 000001f8
addr is 00000234, this might cause jumping to 00000220
addr is 00000258, this might cause jumping to 00000240
addr is 00000280, this might cause jumping to 00000264
addr is 000002a4, this might cause jumping to 0000028c
addr is 000002cc, this might cause jumping to 000002b0
addr is 000002f4, this might cause jumping to 000002d8
addr is 000002fc, this might cause jumping to 00000310
addr is 00000324, this might cause jumping to 00000334
~~~~~~~~~~~~~~~~~~~ TEST_PASS ~~~~~~~~~~~~~~~~~~~
~~~~~~~~~~~~~~~~~~~~~~~~~~~~~~~~~~~~~~~~~~~~~~~~~
~~~~~~~~~ #####     ##     ####    #### ~~~~~~~~~
~~~~~~~~~ #    #   #  #   #       #     ~~~~~~~~~
~~~~~~~~~ #    #  #    #   ####    #### ~~~~~~~~~
~~~~~~~~~ #####   ######       #       #~~~~~~~~~
~~~~~~~~~ #       #    #  #    #  #    #~~~~~~~~~
~~~~~~~~~ #       #    #   ####    #### ~~~~~~~~~
~~~~~~~~~~~~~~~~~~~~~~~~~~~~~~~~~~~~~~~~~~~~~~~~~
