WARNING: ../src/rtl/coretb/quick_sim_core.sv:107: $readmemh(../sim/inst128.data): Not enough words in the file for the requested range [0:4096].
VCD info: dumpfile this.vcd opened for output.
addr is 000001e0, this might cause jumping to 000001c8
addr is 00000210, this might cause jumping to 000001f4
addr is 00000244, this might cause jumping to 00000224
addr is 0000026c, this might cause jumping to 00000258
addr is 00000298, this might cause jumping to 00000280
addr is 000002c8, this might cause jumping to 000002ac
addr is 000002f4, this might cause jumping to 000002dc
addr is 00000324, this might cause jumping to 00000308
addr is 00000354, this might cause jumping to 00000338
addr is 0000037c, this might cause jumping to 00000368
addr is 000003a8, this might cause jumping to 00000390
addr is 000003d8, this might cause jumping to 000003bc
addr is 00000404, this might cause jumping to 000003ec
addr is 00000434, this might cause jumping to 00000418
addr is 00000464, this might cause jumping to 00000448
addr is 000004c4, this might cause jumping to 000004d4
~~~~~~~~~~~~~~~~~~~ TEST_PASS ~~~~~~~~~~~~~~~~~~~
~~~~~~~~~~~~~~~~~~~~~~~~~~~~~~~~~~~~~~~~~~~~~~~~~
~~~~~~~~~ #####     ##     ####    #### ~~~~~~~~~
~~~~~~~~~ #    #   #  #   #       #     ~~~~~~~~~
~~~~~~~~~ #    #  #    #   ####    #### ~~~~~~~~~
~~~~~~~~~ #####   ######       #       #~~~~~~~~~
~~~~~~~~~ #       #    #  #    #  #    #~~~~~~~~~
~~~~~~~~~ #       #    #   ####    #### ~~~~~~~~~
~~~~~~~~~~~~~~~~~~~~~~~~~~~~~~~~~~~~~~~~~~~~~~~~~
