WARNING: ../src/rtl/coretb/quick_sim_core.sv:107: $readmemh(../sim/inst128.data): Not enough words in the file for the requested range [0:4096].
VCD info: dumpfile this.vcd opened for output.
addr is 000001cc, this might cause jumping to 000001a0
addr is 00000208, this might cause jumping to 000001d8
addr is 00000248, this might cause jumping to 00000214
addr is 00000284, this might cause jumping to 00000254
addr is 000002c4, this might cause jumping to 00000290
addr is 00000304, this might cause jumping to 000002d0
addr is 0000033c, this might cause jumping to 00000310
addr is 00000378, this might cause jumping to 00000348
addr is 000003b8, this might cause jumping to 00000384
addr is 000003ec, this might cause jumping to 000003c4
addr is 00000424, this might cause jumping to 000003f8
addr is 00000464, this might cause jumping to 00000430
addr is 0000047c, this might cause jumping to 0000048c
~~~~~~~~~~~~~~~~~~~ TEST_PASS ~~~~~~~~~~~~~~~~~~~
~~~~~~~~~~~~~~~~~~~~~~~~~~~~~~~~~~~~~~~~~~~~~~~~~
~~~~~~~~~ #####     ##     ####    #### ~~~~~~~~~
~~~~~~~~~ #    #   #  #   #       #     ~~~~~~~~~
~~~~~~~~~ #    #  #    #   ####    #### ~~~~~~~~~
~~~~~~~~~ #####   ######       #       #~~~~~~~~~
~~~~~~~~~ #       #    #  #    #  #    #~~~~~~~~~
~~~~~~~~~ #       #    #   ####    #### ~~~~~~~~~
~~~~~~~~~~~~~~~~~~~~~~~~~~~~~~~~~~~~~~~~~~~~~~~~~
