WARNING: ../src/rtl/coretb/quick_sim_core.sv:107: $readmemh(../sim/inst128.data): Not enough words in the file for the requested range [0:4096].
VCD info: dumpfile this.vcd opened for output.
addr is 00000018, this might cause jumping to 00000020
addr is 0000003c, this might cause jumping to 00000044
addr is 0000004c, this might cause jumping to 00000034
addr is 0000003c, this might cause jumping to 00000044
addr is 00000064, this might cause jumping to 0000006c
addr is 00000074, this might cause jumping to 00000058
addr is 00000064, this might cause jumping to 0000006c
addr is 00000090, this might cause jumping to 00000098
addr is 000000a0, this might cause jumping to 00000080
addr is 00000090, this might cause jumping to 00000098
addr is 000000b0, this might cause jumping to 000000c0
addr is 000000d8, this might cause jumping to 000000e8
~~~~~~~~~~~~~~~~~~~ TEST_PASS ~~~~~~~~~~~~~~~~~~~
~~~~~~~~~~~~~~~~~~~~~~~~~~~~~~~~~~~~~~~~~~~~~~~~~
~~~~~~~~~ #####     ##     ####    #### ~~~~~~~~~
~~~~~~~~~ #    #   #  #   #       #     ~~~~~~~~~
~~~~~~~~~ #    #  #    #   ####    #### ~~~~~~~~~
~~~~~~~~~ #####   ######       #       #~~~~~~~~~
~~~~~~~~~ #       #    #  #    #  #    #~~~~~~~~~
~~~~~~~~~ #       #    #   ####    #### ~~~~~~~~~
~~~~~~~~~~~~~~~~~~~~~~~~~~~~~~~~~~~~~~~~~~~~~~~~~
