WARNING: ../src/rtl/coretb/quick_sim_core.sv:107: $readmemh(../sim/inst128.data): Not enough words in the file for the requested range [0:4096].
VCD info: dumpfile this.vcd opened for output.
addr is 00000014, this might cause jumping to 00000020
addr is 00000020, this might cause jumping to 0000001c
addr is 0000001c, this might cause jumping to 00000028
addr is 00000034, this might cause jumping to 00000040
addr is 00000040, this might cause jumping to 0000003c
addr is 0000003c, this might cause jumping to 00000048
addr is 00000054, this might cause jumping to 00000060
addr is 00000060, this might cause jumping to 0000005c
addr is 0000005c, this might cause jumping to 00000068
addr is 00000078, this might cause jumping to 00000080
addr is 00000094, this might cause jumping to 0000009c
addr is 000000b0, this might cause jumping to 000000b8
addr is 000000cc, this might cause jumping to 000000d4
addr is 000000f4, this might cause jumping to 000000e0
addr is 00000118, this might cause jumping to 00000100
addr is 00000140, this might cause jumping to 00000124
addr is 00000164, this might cause jumping to 0000014c
addr is 0000018c, this might cause jumping to 00000170
addr is 000001b4, this might cause jumping to 00000198
addr is 000001d4, this might cause jumping to 000001c0
addr is 000001f8, this might cause jumping to 000001e0
addr is 00000220, this might cause jumping to 00000204
addr is 00000244, this might cause jumping to 0000022c
addr is 0000026c, this might cause jumping to 00000250
addr is 00000294, this might cause jumping to 00000278
addr is 0000029c, this might cause jumping to 000002b0
addr is 000002c4, this might cause jumping to 000002d4
~~~~~~~~~~~~~~~~~~~ TEST_PASS ~~~~~~~~~~~~~~~~~~~
~~~~~~~~~~~~~~~~~~~~~~~~~~~~~~~~~~~~~~~~~~~~~~~~~
~~~~~~~~~ #####     ##     ####    #### ~~~~~~~~~
~~~~~~~~~ #    #   #  #   #       #     ~~~~~~~~~
~~~~~~~~~ #    #  #    #   ####    #### ~~~~~~~~~
~~~~~~~~~ #####   ######       #       #~~~~~~~~~
~~~~~~~~~ #       #    #  #    #  #    #~~~~~~~~~
~~~~~~~~~ #       #    #   ####    #### ~~~~~~~~~
~~~~~~~~~~~~~~~~~~~~~~~~~~~~~~~~~~~~~~~~~~~~~~~~~
