WARNING: ../src/rtl/coretb/quick_sim_core.sv:107: $readmemh(../sim/inst128.data): Not enough words in the file for the requested range [0:4096].
VCD info: dumpfile this.vcd opened for output.
addr is 0000011c, this might cause jumping to 000000fc
addr is 00000158, this might cause jumping to 00000134
addr is 00000198, this might cause jumping to 00000170
addr is 000001cc, this might cause jumping to 000001b0
addr is 00000204, this might cause jumping to 000001e4
addr is 00000240, this might cause jumping to 0000021c
addr is 00000278, this might cause jumping to 00000258
addr is 000002b4, this might cause jumping to 00000290
addr is 000002f0, this might cause jumping to 000002cc
addr is 00000324, this might cause jumping to 00000308
addr is 0000035c, this might cause jumping to 0000033c
addr is 00000398, this might cause jumping to 00000374
addr is 000003d0, this might cause jumping to 000003b0
addr is 0000040c, this might cause jumping to 000003e8
addr is 00000448, this might cause jumping to 00000424
addr is 000004bc, this might cause jumping to 000004cc
~~~~~~~~~~~~~~~~~~~ TEST_PASS ~~~~~~~~~~~~~~~~~~~
~~~~~~~~~~~~~~~~~~~~~~~~~~~~~~~~~~~~~~~~~~~~~~~~~
~~~~~~~~~ #####     ##     ####    #### ~~~~~~~~~
~~~~~~~~~ #    #   #  #   #       #     ~~~~~~~~~
~~~~~~~~~ #    #  #    #   ####    #### ~~~~~~~~~
~~~~~~~~~ #####   ######       #       #~~~~~~~~~
~~~~~~~~~ #       #    #  #    #  #    #~~~~~~~~~
~~~~~~~~~ #       #    #   ####    #### ~~~~~~~~~
~~~~~~~~~~~~~~~~~~~~~~~~~~~~~~~~~~~~~~~~~~~~~~~~~
