WARNING: ../src/rtl/coretb/quick_sim_core.sv:107: $readmemh(../sim/inst128.data): Not enough words in the file for the requested range [0:4096].
VCD info: dumpfile this.vcd opened for output.
addr is 000002b8, this might cause jumping to 000002a0
addr is 000002e8, this might cause jumping to 000002cc
addr is 0000031c, this might cause jumping to 000002fc
addr is 00000344, this might cause jumping to 00000330
addr is 00000370, this might cause jumping to 00000358
addr is 000003a0, this might cause jumping to 00000384
addr is 000003cc, this might cause jumping to 000003b4
addr is 000003fc, this might cause jumping to 000003e0
addr is 0000042c, this might cause jumping to 00000410
addr is 00000454, this might cause jumping to 00000440
addr is 00000480, this might cause jumping to 00000468
addr is 000004b0, this might cause jumping to 00000494
addr is 000004dc, this might cause jumping to 000004c4
addr is 0000050c, this might cause jumping to 000004f0
addr is 0000053c, this might cause jumping to 00000520
addr is 000005a0, this might cause jumping to 000005b0
~~~~~~~~~~~~~~~~~~~ TEST_PASS ~~~~~~~~~~~~~~~~~~~
~~~~~~~~~~~~~~~~~~~~~~~~~~~~~~~~~~~~~~~~~~~~~~~~~
~~~~~~~~~ #####     ##     ####    #### ~~~~~~~~~
~~~~~~~~~ #    #   #  #   #       #     ~~~~~~~~~
~~~~~~~~~ #    #  #    #   ####    #### ~~~~~~~~~
~~~~~~~~~ #####   ######       #       #~~~~~~~~~
~~~~~~~~~ #       #    #  #    #  #    #~~~~~~~~~
~~~~~~~~~ #       #    #   ####    #### ~~~~~~~~~
~~~~~~~~~~~~~~~~~~~~~~~~~~~~~~~~~~~~~~~~~~~~~~~~~
