WARNING: ../src/rtl/coretb/quick_sim_core.sv:107: $readmemh(../sim/inst128.data): Not enough words in the file for the requested range [0:4096].
VCD info: dumpfile this.vcd opened for output.
addr is 0000026c, this might cause jumping to 00000254
addr is 0000029c, this might cause jumping to 00000280
addr is 000002d0, this might cause jumping to 000002b0
addr is 000002f8, this might cause jumping to 000002e4
addr is 00000324, this might cause jumping to 0000030c
addr is 00000354, this might cause jumping to 00000338
addr is 00000380, this might cause jumping to 00000368
addr is 000003b0, this might cause jumping to 00000394
addr is 000003e0, this might cause jumping to 000003c4
addr is 00000408, this might cause jumping to 000003f4
addr is 00000434, this might cause jumping to 0000041c
addr is 00000464, this might cause jumping to 00000448
addr is 00000490, this might cause jumping to 00000478
addr is 000004c0, this might cause jumping to 000004a4
addr is 000004f0, this might cause jumping to 000004d4
addr is 00000554, this might cause jumping to 00000564
~~~~~~~~~~~~~~~~~~~ TEST_PASS ~~~~~~~~~~~~~~~~~~~
~~~~~~~~~~~~~~~~~~~~~~~~~~~~~~~~~~~~~~~~~~~~~~~~~
~~~~~~~~~ #####     ##     ####    #### ~~~~~~~~~
~~~~~~~~~ #    #   #  #   #       #     ~~~~~~~~~
~~~~~~~~~ #    #  #    #   ####    #### ~~~~~~~~~
~~~~~~~~~ #####   ######       #       #~~~~~~~~~
~~~~~~~~~ #       #    #  #    #  #    #~~~~~~~~~
~~~~~~~~~ #       #    #   ####    #### ~~~~~~~~~
~~~~~~~~~~~~~~~~~~~~~~~~~~~~~~~~~~~~~~~~~~~~~~~~~
