WARNING: ../src/rtl/coretb/quick_sim_core.sv:107: $readmemh(../sim/inst128.data): Not enough words in the file for the requested range [0:4096].
VCD info: dumpfile this.vcd opened for output.
the addr is 00000020, while before addr is 00000014, this might cause by jump: 1
the addr is 0000001c, while before addr is 00000020, this might cause by jump: 1
the addr is 00000028, while before addr is 0000001c, this might cause by jump: 1
the addr is 00000040, while before addr is 00000034, this might cause by jump: 1
the addr is 0000003c, while before addr is 00000040, this might cause by jump: 1
the addr is 00000048, while before addr is 0000003c, this might cause by jump: 1
the addr is 00000060, while before addr is 00000054, this might cause by jump: 1
the addr is 0000005c, while before addr is 00000060, this might cause by jump: 1
the addr is 00000068, while before addr is 0000005c, this might cause by jump: 1
the addr is 00000080, while before addr is 00000074, this might cause by jump: 1
the addr is 0000007c, while before addr is 00000080, this might cause by jump: 1
the addr is 00000088, while before addr is 0000007c, this might cause by jump: 1
the addr is 000000a0, while before addr is 00000094, this might cause by jump: 1
the addr is 0000009c, while before addr is 000000a0, this might cause by jump: 1
the addr is 000000a8, while before addr is 0000009c, this might cause by jump: 1
the addr is 000000c0, while before addr is 000000b4, this might cause by jump: 1
the addr is 000000bc, while before addr is 000000c0, this might cause by jump: 1
the addr is 000000c8, while before addr is 000000bc, this might cause by jump: 1
the addr is 000000e0, while before addr is 000000d8, this might cause by jump: 1
the addr is 000000fc, while before addr is 000000f4, this might cause by jump: 1
the addr is 00000118, while before addr is 00000110, this might cause by jump: 1
the addr is 00000138, while before addr is 00000130, this might cause by jump: 1
the addr is 00000144, while before addr is 0000015c, this might cause by jump: 1
the addr is 00000168, while before addr is 00000184, this might cause by jump: 1
the addr is 00000190, while before addr is 000001b0, this might cause by jump: 1
the addr is 000001bc, while before addr is 000001d8, this might cause by jump: 1
the addr is 000001e4, while before addr is 00000204, this might cause by jump: 1
the addr is 00000210, while before addr is 00000230, this might cause by jump: 1
the addr is 0000023c, while before addr is 00000254, this might cause by jump: 1
the addr is 00000260, while before addr is 0000027c, this might cause by jump: 1
the addr is 00000288, while before addr is 000002a8, this might cause by jump: 1
the addr is 000002b4, while before addr is 000002d0, this might cause by jump: 1
the addr is 000002dc, while before addr is 000002fc, this might cause by jump: 1
the addr is 00000308, while before addr is 00000328, this might cause by jump: 1
the addr is 00000344, while before addr is 00000330, this might cause by jump: 1
the addr is 00000368, while before addr is 00000358, this might cause by jump: 1
~~~~~~~~~~~~~~~~~~~ TEST_PASS ~~~~~~~~~~~~~~~~~~~
~~~~~~~~~~~~~~~~~~~~~~~~~~~~~~~~~~~~~~~~~~~~~~~~~
~~~~~~~~~ #####     ##     ####    #### ~~~~~~~~~
~~~~~~~~~ #    #   #  #   #       #     ~~~~~~~~~
~~~~~~~~~ #    #  #    #   ####    #### ~~~~~~~~~
~~~~~~~~~ #####   ######       #       #~~~~~~~~~
~~~~~~~~~ #       #    #  #    #  #    #~~~~~~~~~
~~~~~~~~~ #       #    #   ####    #### ~~~~~~~~~
~~~~~~~~~~~~~~~~~~~~~~~~~~~~~~~~~~~~~~~~~~~~~~~~~
