WARNING: ../src/rtl/coretb/quick_sim_core.sv:107: $readmemh(../sim/inst128.data): Not enough words in the file for the requested range [0:4096].
VCD info: dumpfile this.vcd opened for output.
addr is 000001dc, this might cause jumping to 000001b0
addr is 00000218, this might cause jumping to 000001e8
addr is 00000258, this might cause jumping to 00000224
addr is 00000294, this might cause jumping to 00000264
addr is 000002d4, this might cause jumping to 000002a0
addr is 00000314, this might cause jumping to 000002e0
addr is 0000034c, this might cause jumping to 00000320
addr is 00000388, this might cause jumping to 00000358
addr is 000003c8, this might cause jumping to 00000394
addr is 00000404, this might cause jumping to 000003d4
addr is 00000444, this might cause jumping to 00000410
addr is 00000484, this might cause jumping to 00000450
addr is 00000488, this might cause jumping to 00000498
~~~~~~~~~~~~~~~~~~~ TEST_PASS ~~~~~~~~~~~~~~~~~~~
~~~~~~~~~~~~~~~~~~~~~~~~~~~~~~~~~~~~~~~~~~~~~~~~~
~~~~~~~~~ #####     ##     ####    #### ~~~~~~~~~
~~~~~~~~~ #    #   #  #   #       #     ~~~~~~~~~
~~~~~~~~~ #    #  #    #   ####    #### ~~~~~~~~~
~~~~~~~~~ #####   ######       #       #~~~~~~~~~
~~~~~~~~~ #       #    #  #    #  #    #~~~~~~~~~
~~~~~~~~~ #       #    #   ####    #### ~~~~~~~~~
~~~~~~~~~~~~~~~~~~~~~~~~~~~~~~~~~~~~~~~~~~~~~~~~~
