WARNING: ../src/rtl/coretb/quick_sim_core.sv:107: $readmemh(../sim/inst128.data): Not enough words in the file for the requested range [0:4096].
VCD info: dumpfile this.vcd opened for output.
addr is 000002a0, this might cause jumping to 00000288
addr is 000002d0, this might cause jumping to 000002b4
addr is 00000304, this might cause jumping to 000002e4
addr is 0000032c, this might cause jumping to 00000318
addr is 00000358, this might cause jumping to 00000340
addr is 00000388, this might cause jumping to 0000036c
addr is 000003b4, this might cause jumping to 0000039c
addr is 000003e4, this might cause jumping to 000003c8
addr is 00000414, this might cause jumping to 000003f8
addr is 0000043c, this might cause jumping to 00000428
addr is 00000468, this might cause jumping to 00000450
addr is 00000498, this might cause jumping to 0000047c
addr is 000004c4, this might cause jumping to 000004ac
addr is 000004f4, this might cause jumping to 000004d8
addr is 00000524, this might cause jumping to 00000508
addr is 00000588, this might cause jumping to 00000598
~~~~~~~~~~~~~~~~~~~ TEST_PASS ~~~~~~~~~~~~~~~~~~~
~~~~~~~~~~~~~~~~~~~~~~~~~~~~~~~~~~~~~~~~~~~~~~~~~
~~~~~~~~~ #####     ##     ####    #### ~~~~~~~~~
~~~~~~~~~ #    #   #  #   #       #     ~~~~~~~~~
~~~~~~~~~ #    #  #    #   ####    #### ~~~~~~~~~
~~~~~~~~~ #####   ######       #       #~~~~~~~~~
~~~~~~~~~ #       #    #  #    #  #    #~~~~~~~~~
~~~~~~~~~ #       #    #   ####    #### ~~~~~~~~~
~~~~~~~~~~~~~~~~~~~~~~~~~~~~~~~~~~~~~~~~~~~~~~~~~
