WARNING: ../src/rtl/coretb/quick_sim_core.sv:107: $readmemh(../sim/inst128.data): Not enough words in the file for the requested range [0:4096].
VCD info: dumpfile this.vcd opened for output.
addr is 00000014, this might cause jumping to 00000020
addr is 00000020, this might cause jumping to 0000001c
addr is 0000001c, this might cause jumping to 00000028
addr is 00000034, this might cause jumping to 00000040
addr is 00000040, this might cause jumping to 0000003c
addr is 0000003c, this might cause jumping to 00000048
addr is 00000054, this might cause jumping to 00000060
addr is 00000060, this might cause jumping to 0000005c
addr is 0000005c, this might cause jumping to 00000068
addr is 00000078, this might cause jumping to 00000080
addr is 00000094, this might cause jumping to 0000009c
addr is 000000b0, this might cause jumping to 000000b8
addr is 000000d0, this might cause jumping to 000000d8
addr is 000000fc, this might cause jumping to 000000e4
addr is 00000124, this might cause jumping to 00000108
addr is 00000150, this might cause jumping to 00000130
addr is 00000178, this might cause jumping to 0000015c
addr is 000001a4, this might cause jumping to 00000184
addr is 000001d0, this might cause jumping to 000001b0
addr is 000001f4, this might cause jumping to 000001dc
addr is 0000021c, this might cause jumping to 00000200
addr is 00000248, this might cause jumping to 00000228
addr is 00000270, this might cause jumping to 00000254
addr is 0000029c, this might cause jumping to 0000027c
addr is 000002c8, this might cause jumping to 000002a8
addr is 000002d0, this might cause jumping to 000002e4
addr is 000002f8, this might cause jumping to 00000308
~~~~~~~~~~~~~~~~~~~ TEST_PASS ~~~~~~~~~~~~~~~~~~~
~~~~~~~~~~~~~~~~~~~~~~~~~~~~~~~~~~~~~~~~~~~~~~~~~
~~~~~~~~~ #####     ##     ####    #### ~~~~~~~~~
~~~~~~~~~ #    #   #  #   #       #     ~~~~~~~~~
~~~~~~~~~ #    #  #    #   ####    #### ~~~~~~~~~
~~~~~~~~~ #####   ######       #       #~~~~~~~~~
~~~~~~~~~ #       #    #  #    #  #    #~~~~~~~~~
~~~~~~~~~ #       #    #   ####    #### ~~~~~~~~~
~~~~~~~~~~~~~~~~~~~~~~~~~~~~~~~~~~~~~~~~~~~~~~~~~
