WARNING: ../src/rtl/coretb/quick_sim_core.sv:107: $readmemh(../sim/inst128.data): Not enough words in the file for the requested range [0:4096].
VCD info: dumpfile this.vcd opened for output.
addr is 00000194, this might cause jumping to 00000170
addr is 000001c8, this might cause jumping to 000001a0
addr is 00000200, this might cause jumping to 000001d4
addr is 00000234, this might cause jumping to 0000020c
addr is 0000026c, this might cause jumping to 00000240
addr is 000002a4, this might cause jumping to 00000278
addr is 000002d4, this might cause jumping to 000002b0
addr is 00000308, this might cause jumping to 000002e0
addr is 00000340, this might cause jumping to 00000314
addr is 00000374, this might cause jumping to 0000034c
addr is 000003ac, this might cause jumping to 00000380
addr is 000003e4, this might cause jumping to 000003b8
addr is 000003f8, this might cause jumping to 00000408
~~~~~~~~~~~~~~~~~~~ TEST_PASS ~~~~~~~~~~~~~~~~~~~
~~~~~~~~~~~~~~~~~~~~~~~~~~~~~~~~~~~~~~~~~~~~~~~~~
~~~~~~~~~ #####     ##     ####    #### ~~~~~~~~~
~~~~~~~~~ #    #   #  #   #       #     ~~~~~~~~~
~~~~~~~~~ #    #  #    #   ####    #### ~~~~~~~~~
~~~~~~~~~ #####   ######       #       #~~~~~~~~~
~~~~~~~~~ #       #    #  #    #  #    #~~~~~~~~~
~~~~~~~~~ #       #    #   ####    #### ~~~~~~~~~
~~~~~~~~~~~~~~~~~~~~~~~~~~~~~~~~~~~~~~~~~~~~~~~~~
