WARNING: ../src/rtl/coretb/quick_sim_core.sv:107: $readmemh(../sim/inst128.data): Not enough words in the file for the requested range [0:4096].
VCD info: dumpfile this.vcd opened for output.
addr is 000001e8, this might cause jumping to 000001d0
addr is 00000218, this might cause jumping to 000001fc
addr is 0000024c, this might cause jumping to 0000022c
addr is 00000274, this might cause jumping to 00000260
addr is 000002a0, this might cause jumping to 00000288
addr is 000002d0, this might cause jumping to 000002b4
addr is 000002fc, this might cause jumping to 000002e4
addr is 0000032c, this might cause jumping to 00000310
addr is 0000035c, this might cause jumping to 00000340
addr is 00000384, this might cause jumping to 00000370
addr is 000003b0, this might cause jumping to 00000398
addr is 000003e0, this might cause jumping to 000003c4
addr is 0000040c, this might cause jumping to 000003f4
addr is 0000043c, this might cause jumping to 00000420
addr is 0000046c, this might cause jumping to 00000450
addr is 000004cc, this might cause jumping to 000004dc
~~~~~~~~~~~~~~~~~~~ TEST_PASS ~~~~~~~~~~~~~~~~~~~
~~~~~~~~~~~~~~~~~~~~~~~~~~~~~~~~~~~~~~~~~~~~~~~~~
~~~~~~~~~ #####     ##     ####    #### ~~~~~~~~~
~~~~~~~~~ #    #   #  #   #       #     ~~~~~~~~~
~~~~~~~~~ #    #  #    #   ####    #### ~~~~~~~~~
~~~~~~~~~ #####   ######       #       #~~~~~~~~~
~~~~~~~~~ #       #    #  #    #  #    #~~~~~~~~~
~~~~~~~~~ #       #    #   ####    #### ~~~~~~~~~
~~~~~~~~~~~~~~~~~~~~~~~~~~~~~~~~~~~~~~~~~~~~~~~~~
