WARNING: ../src/rtl/coretb/quick_sim_core.sv:107: $readmemh(../sim/inst128.data): Not enough words in the file for the requested range [0:4096].
VCD info: dumpfile this.vcd opened for output.
the addr is 00000020, while before addr is 00000014, this might cause by jump: 1
the addr is 0000001c, while before addr is 00000020, this might cause by jump: 1
the addr is 00000028, while before addr is 0000001c, this might cause by jump: 1
the addr is 00000040, while before addr is 00000034, this might cause by jump: 1
the addr is 0000003c, while before addr is 00000040, this might cause by jump: 1
the addr is 00000048, while before addr is 0000003c, this might cause by jump: 1
the addr is 00000060, while before addr is 00000054, this might cause by jump: 1
the addr is 0000005c, while before addr is 00000060, this might cause by jump: 1
the addr is 00000068, while before addr is 0000005c, this might cause by jump: 1
the addr is 00000080, while before addr is 00000078, this might cause by jump: 1
the addr is 0000009c, while before addr is 00000094, this might cause by jump: 1
the addr is 000000b8, while before addr is 000000b0, this might cause by jump: 1
the addr is 000000d4, while before addr is 000000cc, this might cause by jump: 1
the addr is 000000e0, while before addr is 000000f4, this might cause by jump: 1
the addr is 00000100, while before addr is 00000118, this might cause by jump: 1
the addr is 00000124, while before addr is 00000140, this might cause by jump: 1
the addr is 0000014c, while before addr is 00000164, this might cause by jump: 1
the addr is 00000170, while before addr is 0000018c, this might cause by jump: 1
the addr is 00000198, while before addr is 000001b4, this might cause by jump: 1
the addr is 000001c0, while before addr is 000001d4, this might cause by jump: 1
the addr is 000001e0, while before addr is 000001f8, this might cause by jump: 1
the addr is 00000204, while before addr is 00000220, this might cause by jump: 1
the addr is 0000022c, while before addr is 00000244, this might cause by jump: 1
the addr is 00000250, while before addr is 0000026c, this might cause by jump: 1
the addr is 00000278, while before addr is 00000294, this might cause by jump: 1
the addr is 000002b0, while before addr is 0000029c, this might cause by jump: 1
the addr is 000002d4, while before addr is 000002c4, this might cause by jump: 1
~~~~~~~~~~~~~~~~~~~ TEST_PASS ~~~~~~~~~~~~~~~~~~~
~~~~~~~~~~~~~~~~~~~~~~~~~~~~~~~~~~~~~~~~~~~~~~~~~
~~~~~~~~~ #####     ##     ####    #### ~~~~~~~~~
~~~~~~~~~ #    #   #  #   #       #     ~~~~~~~~~
~~~~~~~~~ #    #  #    #   ####    #### ~~~~~~~~~
~~~~~~~~~ #####   ######       #       #~~~~~~~~~
~~~~~~~~~ #       #    #  #    #  #    #~~~~~~~~~
~~~~~~~~~ #       #    #   ####    #### ~~~~~~~~~
~~~~~~~~~~~~~~~~~~~~~~~~~~~~~~~~~~~~~~~~~~~~~~~~~
