#! /usr/local/bin/vvp
:ivl_version "11.0 (stable)";
:ivl_delay_selection "TYPICAL";
:vpi_time_precision + 0;
:vpi_module "/usr/local/lib/ivl/system.vpi";
:vpi_module "/usr/local/lib/ivl/vhdl_sys.vpi";
:vpi_module "/usr/local/lib/ivl/vhdl_textio.vpi";
:vpi_module "/usr/local/lib/ivl/v2005_math.vpi";
:vpi_module "/usr/local/lib/ivl/va_math.vpi";
S_0x558ed714cfa0 .scope module, "gen_en_dff" "gen_en_dff" 2 125;
 .timescale 0 0;
    .port_info 0 /INPUT 1 "clk";
    .port_info 1 /INPUT 1 "rst";
    .port_info 2 /INPUT 1 "en";
    .port_info 3 /INPUT 32 "din";
    .port_info 4 /OUTPUT 32 "qout";
P_0x558ed71b7620 .param/l "DW" 0 2 126, +C4<00000000000000000000000000100000>;
L_0x558ed71f6820 .functor BUFZ 32, v0x558ed71ecaa0_0, C4<00000000000000000000000000000000>, C4<00000000000000000000000000000000>, C4<00000000000000000000000000000000>;
o0x7fde6823a018 .functor BUFZ 1, C4<z>; HiZ drive
v0x558ed71e4fd0_0 .net "clk", 0 0, o0x7fde6823a018;  0 drivers
o0x7fde6823a048 .functor BUFZ 32, C4<zzzzzzzzzzzzzzzzzzzzzzzzzzzzzzzz>; HiZ drive
v0x558ed71f6940_0 .net "din", 31 0, o0x7fde6823a048;  0 drivers
o0x7fde6823a078 .functor BUFZ 1, C4<z>; HiZ drive
v0x558ed71f5670_0 .net "en", 0 0, o0x7fde6823a078;  0 drivers
v0x558ed71f4310_0 .net "qout", 31 0, L_0x558ed71f6820;  1 drivers
v0x558ed71ecaa0_0 .var "qout_r", 31 0;
o0x7fde6823a108 .functor BUFZ 1, C4<z>; HiZ drive
v0x558ed711ca70_0 .net "rst", 0 0, o0x7fde6823a108;  0 drivers
E_0x558ed7154410 .event posedge, v0x558ed71e4fd0_0;
S_0x558ed71e3a20 .scope module, "gen_rst_0_dff" "gen_rst_0_dff" 2 46;
 .timescale 0 0;
    .port_info 0 /INPUT 1 "clk";
    .port_info 1 /INPUT 1 "rst";
    .port_info 2 /INPUT 32 "din";
    .port_info 3 /OUTPUT 32 "qout";
P_0x558ed7227ee0 .param/l "DW" 0 2 47, +C4<00000000000000000000000000100000>;
L_0x558ed71f41f0 .functor BUFZ 32, v0x558ed7238090_0, C4<00000000000000000000000000000000>, C4<00000000000000000000000000000000>, C4<00000000000000000000000000000000>;
o0x7fde6823a228 .functor BUFZ 1, C4<z>; HiZ drive
v0x558ed71f7180_0 .net "clk", 0 0, o0x7fde6823a228;  0 drivers
o0x7fde6823a258 .functor BUFZ 32, C4<zzzzzzzzzzzzzzzzzzzzzzzzzzzzzzzz>; HiZ drive
v0x558ed7237ef0_0 .net "din", 31 0, o0x7fde6823a258;  0 drivers
v0x558ed7237fd0_0 .net "qout", 31 0, L_0x558ed71f41f0;  1 drivers
v0x558ed7238090_0 .var "qout_r", 31 0;
o0x7fde6823a2e8 .functor BUFZ 1, C4<z>; HiZ drive
v0x558ed7238170_0 .net "rst", 0 0, o0x7fde6823a2e8;  0 drivers
E_0x558ed711c850 .event posedge, v0x558ed71f7180_0;
S_0x558ed7145ec0 .scope module, "gen_rst_1_dff" "gen_rst_1_dff" 2 72;
 .timescale 0 0;
    .port_info 0 /INPUT 1 "clk";
    .port_info 1 /INPUT 1 "rst";
    .port_info 2 /INPUT 32 "din";
    .port_info 3 /OUTPUT 32 "qout";
P_0x558ed714afb0 .param/l "DW" 0 2 73, +C4<00000000000000000000000000100000>;
L_0x558ed71ec900 .functor BUFZ 32, v0x558ed72385c0_0, C4<00000000000000000000000000000000>, C4<00000000000000000000000000000000>, C4<00000000000000000000000000000000>;
o0x7fde6823a3d8 .functor BUFZ 1, C4<z>; HiZ drive
v0x558ed7238340_0 .net "clk", 0 0, o0x7fde6823a3d8;  0 drivers
o0x7fde6823a408 .functor BUFZ 32, C4<zzzzzzzzzzzzzzzzzzzzzzzzzzzzzzzz>; HiZ drive
v0x558ed7238420_0 .net "din", 31 0, o0x7fde6823a408;  0 drivers
v0x558ed7238500_0 .net "qout", 31 0, L_0x558ed71ec900;  1 drivers
v0x558ed72385c0_0 .var "qout_r", 31 0;
o0x7fde6823a498 .functor BUFZ 1, C4<z>; HiZ drive
v0x558ed72386a0_0 .net "rst", 0 0, o0x7fde6823a498;  0 drivers
E_0x558ed713f020 .event posedge, v0x558ed7238340_0;
S_0x558ed7148340 .scope module, "gen_rst_def_dff" "gen_rst_def_dff" 2 98;
 .timescale 0 0;
    .port_info 0 /INPUT 1 "clk";
    .port_info 1 /INPUT 1 "rst";
    .port_info 2 /INPUT 32 "def_val";
    .port_info 3 /INPUT 32 "din";
    .port_info 4 /OUTPUT 32 "qout";
P_0x558ed71cf430 .param/l "DW" 0 2 99, +C4<00000000000000000000000000100000>;
L_0x558ed716da60 .functor BUFZ 32, v0x558ed7238bd0_0, C4<00000000000000000000000000000000>, C4<00000000000000000000000000000000>, C4<00000000000000000000000000000000>;
o0x7fde6823a588 .functor BUFZ 1, C4<z>; HiZ drive
v0x558ed7238870_0 .net "clk", 0 0, o0x7fde6823a588;  0 drivers
o0x7fde6823a5b8 .functor BUFZ 32, C4<zzzzzzzzzzzzzzzzzzzzzzzzzzzzzzzz>; HiZ drive
v0x558ed7238950_0 .net "def_val", 31 0, o0x7fde6823a5b8;  0 drivers
o0x7fde6823a5e8 .functor BUFZ 32, C4<zzzzzzzzzzzzzzzzzzzzzzzzzzzzzzzz>; HiZ drive
v0x558ed7238a30_0 .net "din", 31 0, o0x7fde6823a5e8;  0 drivers
v0x558ed7238af0_0 .net "qout", 31 0, L_0x558ed716da60;  1 drivers
v0x558ed7238bd0_0 .var "qout_r", 31 0;
o0x7fde6823a678 .functor BUFZ 1, C4<z>; HiZ drive
v0x558ed7238d00_0 .net "rst", 0 0, o0x7fde6823a678;  0 drivers
E_0x558ed7227a50 .event posedge, v0x558ed7238870_0;
S_0x558ed71491e0 .scope module, "rv32i" "rv32i" 3 9;
 .timescale 0 0;
    .port_info 0 /INPUT 1 "clk";
    .port_info 1 /INPUT 1 "rst";
    .port_info 2 /OUTPUT 32 "rib_ex_addr_o";
    .port_info 3 /INPUT 32 "rib_ex_data_i";
    .port_info 4 /OUTPUT 32 "rib_ex_data_o";
    .port_info 5 /OUTPUT 1 "rib_ex_req_o";
    .port_info 6 /OUTPUT 1 "rib_ex_we_o";
    .port_info 7 /OUTPUT 32 "rib_pc_addr_o";
    .port_info 8 /INPUT 32 "rib_pc_data_i";
    .port_info 9 /INPUT 5 "jtag_reg_addr_i";
    .port_info 10 /INPUT 32 "jtag_reg_data_i";
    .port_info 11 /INPUT 1 "jtag_reg_we_i";
    .port_info 12 /OUTPUT 32 "jtag_reg_data_o";
    .port_info 13 /INPUT 1 "rib_hold_flag_i";
    .port_info 14 /INPUT 1 "jtag_halt_flag_i";
    .port_info 15 /INPUT 1 "jtag_reset_flag_i";
    .port_info 16 /INPUT 8 "int_i";
o0x7fde6823d258 .functor BUFZ 1, C4<z>; HiZ drive
L_0x7fde681f1018 .functor BUFT 1, C4<1>, C4<0>, C4<0>, C4<0>;
L_0x558ed7246af0 .functor XNOR 1, o0x7fde6823d258, L_0x7fde681f1018, C4<0>, C4<0>;
o0x7fde6823d228 .functor BUFZ 32, C4<zzzzzzzzzzzzzzzzzzzzzzzzzzzzzzzz>; HiZ drive
L_0x558ed7246d30 .functor BUFZ 32, o0x7fde6823d228, C4<00000000000000000000000000000000>, C4<00000000000000000000000000000000>, C4<00000000000000000000000000000000>;
o0x7fde6823d1c8 .functor BUFZ 1, C4<z>; HiZ drive
L_0x558ed7246e00 .functor BUFZ 1, o0x7fde6823d1c8, C4<0>, C4<0>, C4<0>;
L_0x558ed7246ed0 .functor BUFZ 1, o0x7fde6823d258, C4<0>, C4<0>, C4<0>;
L_0x558ed7246ff0 .functor BUFZ 32, v0x558ed72418c0_0, C4<00000000000000000000000000000000>, C4<00000000000000000000000000000000>, C4<00000000000000000000000000000000>;
v0x558ed7243400_0 .net/2u *"_ivl_0", 0 0, L_0x7fde681f1018;  1 drivers
v0x558ed7243500_0 .net *"_ivl_2", 0 0, L_0x558ed7246af0;  1 drivers
o0x7fde6823a918 .functor BUFZ 32, C4<zzzzzzzzzzzzzzzzzzzzzzzzzzzzzzzz>; HiZ drive
v0x558ed72435c0_0 .net "clint_data_o", 31 0, o0x7fde6823a918;  0 drivers
o0x7fde6823a978 .functor BUFZ 32, C4<zzzzzzzzzzzzzzzzzzzzzzzzzzzzzzzz>; HiZ drive
v0x558ed72436c0_0 .net "clint_raddr_o", 31 0, o0x7fde6823a978;  0 drivers
o0x7fde6823a9a8 .functor BUFZ 32, C4<zzzzzzzzzzzzzzzzzzzzzzzzzzzzzzzz>; HiZ drive
v0x558ed7243790_0 .net "clint_waddr_o", 31 0, o0x7fde6823a9a8;  0 drivers
o0x7fde6823a9d8 .functor BUFZ 1, C4<z>; HiZ drive
v0x558ed7243830_0 .net "clint_we_o", 0 0, o0x7fde6823a9d8;  0 drivers
o0x7fde6823aa08 .functor BUFZ 1, C4<z>; HiZ drive
v0x558ed7243900_0 .net "clk", 0 0, o0x7fde6823aa08;  0 drivers
v0x558ed72439a0_0 .net "csr_clint_csr_mepc", 31 0, L_0x558ed72475a0;  1 drivers
v0x558ed7243a70_0 .net "csr_clint_csr_mstatus", 31 0, L_0x558ed7247490;  1 drivers
v0x558ed7243bd0_0 .net "csr_clint_csr_mtvec", 31 0, L_0x558ed7247660;  1 drivers
v0x558ed7243ca0_0 .net "csr_clint_data_o", 31 0, v0x558ed7239820_0;  1 drivers
v0x558ed7243d70_0 .net "csr_data_o", 31 0, v0x558ed7239e00_0;  1 drivers
v0x558ed7243e10_0 .net "csr_global_int_en_o", 0 0, L_0x558ed72472b0;  1 drivers
o0x7fde6823c388 .functor BUFZ 3, C4<zzz>; HiZ drive
v0x558ed7243eb0_0 .net "ctrl_hold_flag_o", 2 0, o0x7fde6823c388;  0 drivers
o0x7fde6823c5c8 .functor BUFZ 32, C4<zzzzzzzzzzzzzzzzzzzzzzzzzzzzzzzz>; HiZ drive
v0x558ed7243fa0_0 .net "ctrl_jump_addr_o", 31 0, o0x7fde6823c5c8;  0 drivers
o0x7fde6823c5f8 .functor BUFZ 1, C4<z>; HiZ drive
v0x558ed7244040_0 .net "ctrl_jump_flag_o", 0 0, o0x7fde6823c5f8;  0 drivers
o0x7fde6823ac78 .functor BUFZ 32, C4<zzzzzzzzzzzzzzzzzzzzzzzzzzzzzzzz>; HiZ drive
v0x558ed7244110_0 .net "ex_csr_waddr_o", 31 0, o0x7fde6823ac78;  0 drivers
o0x7fde6823aa68 .functor BUFZ 32, C4<zzzzzzzzzzzzzzzzzzzzzzzzzzzzzzzz>; HiZ drive
v0x558ed72442f0_0 .net "ex_csr_wdata_o", 31 0, o0x7fde6823aa68;  0 drivers
o0x7fde6823aca8 .functor BUFZ 1, C4<z>; HiZ drive
v0x558ed72443c0_0 .net "ex_csr_we_o", 0 0, o0x7fde6823aca8;  0 drivers
o0x7fde6823b6c8 .functor BUFZ 1, C4<z>; HiZ drive
v0x558ed7244490_0 .net "ex_jump_flag_o", 0 0, o0x7fde6823b6c8;  0 drivers
o0x7fde6823d198 .functor BUFZ 32, C4<zzzzzzzzzzzzzzzzzzzzzzzzzzzzzzzz>; HiZ drive
v0x558ed7244560_0 .net "ex_mem_raddr_o", 31 0, o0x7fde6823d198;  0 drivers
v0x558ed7244600_0 .net "ex_mem_req_o", 0 0, o0x7fde6823d1c8;  0 drivers
o0x7fde6823d1f8 .functor BUFZ 32, C4<zzzzzzzzzzzzzzzzzzzzzzzzzzzzzzzz>; HiZ drive
v0x558ed72446a0_0 .net "ex_mem_waddr_o", 31 0, o0x7fde6823d1f8;  0 drivers
v0x558ed7244760_0 .net "ex_mem_wdata_o", 31 0, o0x7fde6823d228;  0 drivers
v0x558ed7244840_0 .net "ex_mem_we_o", 0 0, o0x7fde6823d258;  0 drivers
o0x7fde6823ce38 .functor BUFZ 5, C4<zzzzz>; HiZ drive
v0x558ed7244900_0 .net "ex_reg_waddr_o", 4 0, o0x7fde6823ce38;  0 drivers
o0x7fde6823ce68 .functor BUFZ 32, C4<zzzzzzzzzzzzzzzzzzzzzzzzzzzzzzzz>; HiZ drive
v0x558ed72449f0_0 .net "ex_reg_wdata_o", 31 0, o0x7fde6823ce68;  0 drivers
o0x7fde6823ce98 .functor BUFZ 1, C4<z>; HiZ drive
v0x558ed7244ac0_0 .net "ex_reg_we_o", 0 0, o0x7fde6823ce98;  0 drivers
v0x558ed7244b90_0 .net "id_csr_raddr_o", 31 0, v0x558ed723d020_0;  1 drivers
v0x558ed7244c80_0 .net "id_csr_rdata_o", 31 0, v0x558ed723d180_0;  1 drivers
v0x558ed7244d20_0 .net "id_inst_addr_o", 31 0, v0x558ed723d3e0_0;  1 drivers
v0x558ed7244df0_0 .net "id_inst_o", 31 0, v0x558ed723d5a0_0;  1 drivers
v0x558ed7244ec0_0 .net "id_op1_jump_o", 31 0, v0x558ed723d680_0;  1 drivers
v0x558ed7244f90_0 .net "id_op1_o", 31 0, v0x558ed723d760_0;  1 drivers
v0x558ed7245060_0 .net "id_op2_jump_o", 31 0, v0x558ed723d840_0;  1 drivers
v0x558ed7245130_0 .net "id_op2_o", 31 0, v0x558ed723d920_0;  1 drivers
v0x558ed7245200_0 .net "id_reg1_raddr_o", 4 0, v0x558ed723dae0_0;  1 drivers
v0x558ed72452f0_0 .net "id_reg1_rdata_o", 31 0, v0x558ed723dca0_0;  1 drivers
v0x558ed72453b0_0 .net "id_reg2_raddr_o", 4 0, v0x558ed723dd80_0;  1 drivers
v0x558ed72454a0_0 .net "id_reg2_rdata_o", 31 0, v0x558ed723df40_0;  1 drivers
v0x558ed7245560_0 .net "if_inst_addr_o", 31 0, L_0x558ed72579d0;  1 drivers
v0x558ed7245650_0 .net "if_inst_o", 31 0, L_0x558ed7247890;  1 drivers
v0x558ed7245760_0 .net "if_int_flag_o", 7 0, L_0x558ed7257b00;  1 drivers
o0x7fde6823c178 .functor BUFZ 8, C4<zzzzzzzz>; HiZ drive
v0x558ed7245820_0 .net "int_i", 7 0, o0x7fde6823c178;  0 drivers
o0x7fde6823d288 .functor BUFZ 1, C4<z>; HiZ drive
v0x558ed7245910_0 .net "jtag_halt_flag_i", 0 0, o0x7fde6823d288;  0 drivers
o0x7fde6823c778 .functor BUFZ 5, C4<zzzzz>; HiZ drive
v0x558ed72459d0_0 .net "jtag_reg_addr_i", 4 0, o0x7fde6823c778;  0 drivers
o0x7fde6823c7a8 .functor BUFZ 32, C4<zzzzzzzzzzzzzzzzzzzzzzzzzzzzzzzz>; HiZ drive
v0x558ed7245a90_0 .net "jtag_reg_data_i", 31 0, o0x7fde6823c7a8;  0 drivers
v0x558ed7245b30_0 .net "jtag_reg_data_o", 31 0, v0x558ed7242550_0;  1 drivers
o0x7fde6823c808 .functor BUFZ 1, C4<z>; HiZ drive
v0x558ed7245c00_0 .net "jtag_reg_we_i", 0 0, o0x7fde6823c808;  0 drivers
o0x7fde6823c598 .functor BUFZ 1, C4<z>; HiZ drive
v0x558ed7245cd0_0 .net "jtag_reset_flag_i", 0 0, o0x7fde6823c598;  0 drivers
v0x558ed7245da0_0 .net "pc_pc_o", 31 0, v0x558ed72418c0_0;  1 drivers
v0x558ed7245e40_0 .net "regs_rdata1_o", 31 0, v0x558ed72428a0_0;  1 drivers
v0x558ed7245f30_0 .net "regs_rdata2_o", 31 0, v0x558ed7242940_0;  1 drivers
v0x558ed7246020_0 .net "rib_ex_addr_o", 31 0, L_0x558ed7246c10;  1 drivers
o0x7fde6823d2e8 .functor BUFZ 32, C4<zzzzzzzzzzzzzzzzzzzzzzzzzzzzzzzz>; HiZ drive
v0x558ed7246100_0 .net "rib_ex_data_i", 31 0, o0x7fde6823d2e8;  0 drivers
v0x558ed72461e0_0 .net "rib_ex_data_o", 31 0, L_0x558ed7246d30;  1 drivers
v0x558ed72462c0_0 .net "rib_ex_req_o", 0 0, L_0x558ed7246e00;  1 drivers
v0x558ed7246380_0 .net "rib_ex_we_o", 0 0, L_0x558ed7246ed0;  1 drivers
o0x7fde6823d3a8 .functor BUFZ 1, C4<z>; HiZ drive
v0x558ed7246440_0 .net "rib_hold_flag_i", 0 0, o0x7fde6823d3a8;  0 drivers
v0x558ed7246500_0 .net "rib_pc_addr_o", 31 0, L_0x558ed7246ff0;  1 drivers
o0x7fde6823bd88 .functor BUFZ 32, C4<zzzzzzzzzzzzzzzzzzzzzzzzzzzzzzzz>; HiZ drive
v0x558ed72465e0_0 .net "rib_pc_data_i", 31 0, o0x7fde6823bd88;  0 drivers
o0x7fde6823ac48 .functor BUFZ 1, C4<z>; HiZ drive
v0x558ed72466f0_0 .net "rst", 0 0, o0x7fde6823ac48;  0 drivers
L_0x558ed7246c10 .functor MUXZ 32, o0x7fde6823d198, o0x7fde6823d1f8, L_0x558ed7246af0, C4<>;
S_0x558ed71497c0 .scope module, "u_csr_reg" "csr_reg" 3 165, 4 1 0, S_0x558ed71491e0;
 .timescale 0 0;
    .port_info 0 /INPUT 1 "clk";
    .port_info 1 /INPUT 1 "rst";
    .port_info 2 /INPUT 1 "we_i";
    .port_info 3 /INPUT 32 "raddr_i";
    .port_info 4 /INPUT 32 "waddr_i";
    .port_info 5 /INPUT 32 "data_i";
    .port_info 6 /OUTPUT 32 "data_o";
    .port_info 7 /INPUT 1 "clint_we_i";
    .port_info 8 /INPUT 32 "clint_raddr_i";
    .port_info 9 /INPUT 32 "clint_waddr_i";
    .port_info 10 /INPUT 32 "clint_data_i";
    .port_info 11 /OUTPUT 32 "clint_data_o";
    .port_info 12 /OUTPUT 32 "clint_csr_mtvec";
    .port_info 13 /OUTPUT 32 "clint_csr_mepc";
    .port_info 14 /OUTPUT 32 "clint_csr_mstatus";
    .port_info 15 /OUTPUT 1 "global_int_en_o";
L_0x7fde681f1060 .functor BUFT 1, C4<1>, C4<0>, C4<0>, C4<0>;
L_0x558ed7247190 .functor XNOR 1, L_0x558ed7247060, L_0x7fde681f1060, C4<0>, C4<0>;
L_0x558ed7247490 .functor BUFZ 32, v0x558ed723a430_0, C4<00000000000000000000000000000000>, C4<00000000000000000000000000000000>, C4<00000000000000000000000000000000>;
L_0x558ed72475a0 .functor BUFZ 32, v0x558ed723a190_0, C4<00000000000000000000000000000000>, C4<00000000000000000000000000000000>, C4<00000000000000000000000000000000>;
L_0x558ed7247660 .functor BUFZ 32, v0x558ed723a510_0, C4<00000000000000000000000000000000>, C4<00000000000000000000000000000000>, C4<00000000000000000000000000000000>;
v0x558ed7239010_0 .net *"_ivl_1", 0 0, L_0x558ed7247060;  1 drivers
v0x558ed7239110_0 .net/2u *"_ivl_2", 0 0, L_0x7fde681f1060;  1 drivers
v0x558ed72391f0_0 .net *"_ivl_4", 0 0, L_0x558ed7247190;  1 drivers
L_0x7fde681f10a8 .functor BUFT 1, C4<1>, C4<0>, C4<0>, C4<0>;
v0x558ed7239290_0 .net/2u *"_ivl_6", 0 0, L_0x7fde681f10a8;  1 drivers
L_0x7fde681f10f0 .functor BUFT 1, C4<0>, C4<0>, C4<0>, C4<0>;
v0x558ed7239370_0 .net/2u *"_ivl_8", 0 0, L_0x7fde681f10f0;  1 drivers
v0x558ed72394a0_0 .net "clint_csr_mepc", 31 0, L_0x558ed72475a0;  alias, 1 drivers
v0x558ed7239580_0 .net "clint_csr_mstatus", 31 0, L_0x558ed7247490;  alias, 1 drivers
v0x558ed7239660_0 .net "clint_csr_mtvec", 31 0, L_0x558ed7247660;  alias, 1 drivers
v0x558ed7239740_0 .net "clint_data_i", 31 0, o0x7fde6823a918;  alias, 0 drivers
v0x558ed7239820_0 .var "clint_data_o", 31 0;
v0x558ed7239900_0 .net "clint_raddr_i", 31 0, o0x7fde6823a978;  alias, 0 drivers
v0x558ed72399e0_0 .net "clint_waddr_i", 31 0, o0x7fde6823a9a8;  alias, 0 drivers
v0x558ed7239ac0_0 .net "clint_we_i", 0 0, o0x7fde6823a9d8;  alias, 0 drivers
v0x558ed7239b80_0 .net "clk", 0 0, o0x7fde6823aa08;  alias, 0 drivers
v0x558ed7239c40_0 .var "cycle", 63 0;
v0x558ed7239d20_0 .net "data_i", 31 0, o0x7fde6823aa68;  alias, 0 drivers
v0x558ed7239e00_0 .var "data_o", 31 0;
v0x558ed7239ff0_0 .net "global_int_en_o", 0 0, L_0x558ed72472b0;  alias, 1 drivers
v0x558ed723a0b0_0 .var "mcause", 31 0;
v0x558ed723a190_0 .var "mepc", 31 0;
v0x558ed723a270_0 .var "mie", 31 0;
v0x558ed723a350_0 .var "mscratch", 31 0;
v0x558ed723a430_0 .var "mstatus", 31 0;
v0x558ed723a510_0 .var "mtvec", 31 0;
v0x558ed723a5f0_0 .net "raddr_i", 31 0, v0x558ed723d020_0;  alias, 1 drivers
v0x558ed723a6d0_0 .net "rst", 0 0, o0x7fde6823ac48;  alias, 0 drivers
v0x558ed723a790_0 .net "waddr_i", 31 0, o0x7fde6823ac78;  alias, 0 drivers
v0x558ed723a870_0 .net "we_i", 0 0, o0x7fde6823aca8;  alias, 0 drivers
E_0x558ed7227bc0/0 .event edge, v0x558ed72399e0_0, v0x558ed7239900_0, v0x558ed7239ac0_0, v0x558ed7239740_0;
E_0x558ed7227bc0/1 .event edge, v0x558ed7239c40_0, v0x558ed723a510_0, v0x558ed723a0b0_0, v0x558ed723a270_0;
E_0x558ed7227bc0/2 .event edge, v0x558ed723a190_0, v0x558ed723a350_0, v0x558ed723a430_0;
E_0x558ed7227bc0 .event/or E_0x558ed7227bc0/0, E_0x558ed7227bc0/1, E_0x558ed7227bc0/2;
E_0x558ed7228c60/0 .event edge, v0x558ed723a790_0, v0x558ed723a5f0_0, v0x558ed723a870_0, v0x558ed7239d20_0;
E_0x558ed7228c60/1 .event edge, v0x558ed7239c40_0, v0x558ed723a510_0, v0x558ed723a0b0_0, v0x558ed723a270_0;
E_0x558ed7228c60/2 .event edge, v0x558ed723a190_0, v0x558ed723a350_0, v0x558ed723a430_0;
E_0x558ed7228c60 .event/or E_0x558ed7228c60/0, E_0x558ed7228c60/1, E_0x558ed7228c60/2;
E_0x558ed7238fb0 .event posedge, v0x558ed7239b80_0;
L_0x558ed7247060 .part v0x558ed723a430_0, 3, 1;
L_0x558ed72472b0 .functor MUXZ 1, L_0x7fde681f10f0, L_0x7fde681f10a8, L_0x558ed7247190, C4<>;
S_0x558ed714c980 .scope module, "u_id" "id" 3 198, 5 6 0, S_0x558ed71491e0;
 .timescale 0 0;
    .port_info 0 /INPUT 1 "rst";
    .port_info 1 /INPUT 32 "inst_i";
    .port_info 2 /INPUT 32 "inst_addr_i";
    .port_info 3 /INPUT 32 "reg1_rdata_i";
    .port_info 4 /INPUT 32 "reg2_rdata_i";
    .port_info 5 /INPUT 32 "csr_rdata_i";
    .port_info 6 /INPUT 1 "ex_jump_flag_i";
    .port_info 7 /OUTPUT 5 "reg1_raddr_o";
    .port_info 8 /OUTPUT 5 "reg2_raddr_o";
    .port_info 9 /OUTPUT 32 "csr_raddr_o";
    .port_info 10 /OUTPUT 32 "op1_o";
    .port_info 11 /OUTPUT 32 "op2_o";
    .port_info 12 /OUTPUT 32 "op1_jump_o";
    .port_info 13 /OUTPUT 32 "op2_jump_o";
    .port_info 14 /OUTPUT 32 "inst_o";
    .port_info 15 /OUTPUT 32 "inst_addr_o";
    .port_info 16 /OUTPUT 32 "reg1_rdata_o";
    .port_info 17 /OUTPUT 32 "reg2_rdata_o";
    .port_info 18 /OUTPUT 32 "csr_rdata_o";
v0x558ed723af40_0 .net "B_funct3", 2 0, L_0x558ed7259190;  1 drivers
v0x558ed723b040_0 .net "B_imm", 11 0, L_0x558ed7259880;  1 drivers
v0x558ed723b120_0 .net "B_rs1", 4 0, L_0x558ed7259230;  1 drivers
v0x558ed723b1e0_0 .net "B_rs2", 4 0, L_0x558ed72590f0;  1 drivers
v0x558ed723b2c0_0 .net "I_funct3", 2 0, L_0x558ed7257f40;  1 drivers
v0x558ed723b3f0_0 .net "I_imm", 11 0, L_0x558ed72580e0;  1 drivers
v0x558ed723b4d0_0 .net "I_rd", 4 0, L_0x558ed7257ea0;  1 drivers
v0x558ed723b5b0_0 .net "I_rs1", 4 0, L_0x558ed7258010;  1 drivers
v0x558ed723b690_0 .net "J_funct3", 2 0, L_0x558ed7259ec0;  1 drivers
v0x558ed723b770_0 .net "J_imm", 19 0, L_0x558ed725aa20;  1 drivers
v0x558ed723b850_0 .net "J_rd", 4 0, L_0x558ed725a060;  1 drivers
v0x558ed723b930_0 .net "R_funct3", 2 0, L_0x558ed72583a0;  1 drivers
v0x558ed723ba10_0 .net "R_funct7", 4 0, L_0x558ed7258790;  1 drivers
v0x558ed723baf0_0 .net "R_rd", 4 0, L_0x558ed7258300;  1 drivers
v0x558ed723bbd0_0 .net "R_rs1", 4 0, L_0x558ed72584c0;  1 drivers
v0x558ed723bcb0_0 .net "R_rs2", 4 0, L_0x558ed7258590;  1 drivers
v0x558ed723bd90_0 .net "S_funct3", 2 0, L_0x558ed72588d0;  1 drivers
v0x558ed723bf80_0 .net "S_imm", 11 0, L_0x558ed7258fd0;  1 drivers
v0x558ed723c060_0 .net "S_rs1", 4 0, L_0x558ed7258970;  1 drivers
v0x558ed723c140_0 .net "S_rs2", 4 0, L_0x558ed7258ac0;  1 drivers
v0x558ed723c220_0 .net "U_imm", 19 0, L_0x558ed7259e20;  1 drivers
v0x558ed723c300_0 .net "U_rd", 2 0, L_0x558ed7259c40;  1 drivers
v0x558ed723c3e0_0 .net *"_ivl_1", 6 0, L_0x558ed7257c80;  1 drivers
v0x558ed723c4c0_0 .net *"_ivl_23", 6 0, L_0x558ed72586c0;  1 drivers
v0x558ed723c5a0_0 .net *"_ivl_33", 6 0, L_0x558ed7258da0;  1 drivers
v0x558ed723c680_0 .net *"_ivl_35", 4 0, L_0x558ed7258f00;  1 drivers
v0x558ed723c760_0 .net *"_ivl_45", 0 0, L_0x558ed72593b0;  1 drivers
v0x558ed723c840_0 .net *"_ivl_47", 0 0, L_0x558ed7259540;  1 drivers
v0x558ed723c920_0 .net *"_ivl_49", 5 0, L_0x558ed7259610;  1 drivers
L_0x7fde681f1258 .functor BUFT 1, C4<0>, C4<0>, C4<0>, C4<0>;
v0x558ed723ca00_0 .net *"_ivl_5", 0 0, L_0x7fde681f1258;  1 drivers
v0x558ed723cae0_0 .net *"_ivl_51", 3 0, L_0x558ed72597b0;  1 drivers
v0x558ed723cbc0_0 .net *"_ivl_55", 4 0, L_0x558ed7259ba0;  1 drivers
v0x558ed723cca0_0 .net *"_ivl_65", 0 0, L_0x558ed725a100;  1 drivers
v0x558ed723cd80_0 .net *"_ivl_67", 7 0, L_0x558ed725a2b0;  1 drivers
v0x558ed723ce60_0 .net *"_ivl_69", 0 0, L_0x558ed725a350;  1 drivers
v0x558ed723cf40_0 .net *"_ivl_71", 9 0, L_0x558ed725a950;  1 drivers
v0x558ed723d020_0 .var "csr_raddr_o", 31 0;
v0x558ed723d0e0_0 .net "csr_rdata_i", 31 0, v0x558ed7239e00_0;  alias, 1 drivers
v0x558ed723d180_0 .var "csr_rdata_o", 31 0;
v0x558ed723d240_0 .net "ex_jump_flag_i", 0 0, o0x7fde6823b6c8;  alias, 0 drivers
v0x558ed723d300_0 .net "inst_addr_i", 31 0, L_0x558ed72579d0;  alias, 1 drivers
v0x558ed723d3e0_0 .var "inst_addr_o", 31 0;
v0x558ed723d4c0_0 .net "inst_i", 31 0, L_0x558ed7247890;  alias, 1 drivers
v0x558ed723d5a0_0 .var "inst_o", 31 0;
v0x558ed723d680_0 .var "op1_jump_o", 31 0;
v0x558ed723d760_0 .var "op1_o", 31 0;
v0x558ed723d840_0 .var "op2_jump_o", 31 0;
v0x558ed723d920_0 .var "op2_o", 31 0;
v0x558ed723da00_0 .net "opcode", 7 0, L_0x558ed7257d20;  1 drivers
v0x558ed723dae0_0 .var "reg1_raddr_o", 4 0;
v0x558ed723dbc0_0 .net "reg1_rdata_i", 31 0, v0x558ed72428a0_0;  alias, 1 drivers
v0x558ed723dca0_0 .var "reg1_rdata_o", 31 0;
v0x558ed723dd80_0 .var "reg2_raddr_o", 4 0;
v0x558ed723de60_0 .net "reg2_rdata_i", 31 0, v0x558ed7242940_0;  alias, 1 drivers
v0x558ed723df40_0 .var "reg2_rdata_o", 31 0;
v0x558ed723e020_0 .net "rst", 0 0, o0x7fde6823ac48;  alias, 0 drivers
E_0x558ed723adc0/0 .event edge, v0x558ed723da00_0, v0x558ed723b2c0_0, v0x558ed723b5b0_0, v0x558ed723b3f0_0;
E_0x558ed723adc0/1 .event edge, v0x558ed723dbc0_0, v0x558ed723af40_0, v0x558ed723b120_0, v0x558ed723b1e0_0;
E_0x558ed723adc0/2 .event edge, v0x558ed723d300_0, v0x558ed723b040_0, v0x558ed723de60_0, v0x558ed723ba10_0;
E_0x558ed723adc0/3 .event edge, v0x558ed723b930_0, v0x558ed723bbd0_0, v0x558ed723bcb0_0, v0x558ed723baf0_0;
E_0x558ed723adc0/4 .event edge, v0x558ed723bd90_0, v0x558ed723c060_0, v0x558ed723c140_0, v0x558ed723bf80_0;
E_0x558ed723adc0/5 .event edge, v0x558ed723b4d0_0, v0x558ed7239e00_0, v0x558ed723b850_0, v0x558ed723b770_0;
E_0x558ed723adc0/6 .event edge, v0x558ed723c220_0, v0x558ed723c300_0;
E_0x558ed723adc0 .event/or E_0x558ed723adc0/0, E_0x558ed723adc0/1, E_0x558ed723adc0/2, E_0x558ed723adc0/3, E_0x558ed723adc0/4, E_0x558ed723adc0/5, E_0x558ed723adc0/6;
E_0x558ed723aee0 .event edge, v0x558ed723d4c0_0, v0x558ed723d300_0;
L_0x558ed7257c80 .part L_0x558ed7247890, 0, 7;
L_0x558ed7257d20 .concat [ 7 1 0 0], L_0x558ed7257c80, L_0x7fde681f1258;
L_0x558ed7257ea0 .part L_0x558ed7247890, 7, 5;
L_0x558ed7257f40 .part L_0x558ed7247890, 12, 3;
L_0x558ed7258010 .part L_0x558ed7247890, 15, 5;
L_0x558ed72580e0 .part L_0x558ed7247890, 20, 12;
L_0x558ed7258300 .part L_0x558ed7247890, 7, 5;
L_0x558ed72583a0 .part L_0x558ed7247890, 12, 3;
L_0x558ed72584c0 .part L_0x558ed7247890, 15, 5;
L_0x558ed7258590 .part L_0x558ed7247890, 20, 5;
L_0x558ed72586c0 .part L_0x558ed7247890, 25, 7;
L_0x558ed7258790 .part L_0x558ed72586c0, 0, 5;
L_0x558ed72588d0 .part L_0x558ed7247890, 12, 3;
L_0x558ed7258970 .part L_0x558ed7247890, 15, 5;
L_0x558ed7258ac0 .part L_0x558ed7247890, 20, 5;
L_0x558ed7258da0 .part L_0x558ed7247890, 25, 7;
L_0x558ed7258f00 .part L_0x558ed7247890, 7, 5;
L_0x558ed7258fd0 .concat [ 5 7 0 0], L_0x558ed7258f00, L_0x558ed7258da0;
L_0x558ed7259190 .part L_0x558ed7247890, 12, 3;
L_0x558ed7259230 .part L_0x558ed7247890, 15, 5;
L_0x558ed72590f0 .part L_0x558ed7247890, 20, 5;
L_0x558ed72593b0 .part L_0x558ed7247890, 31, 1;
L_0x558ed7259540 .part L_0x558ed7247890, 7, 1;
L_0x558ed7259610 .part L_0x558ed7247890, 25, 6;
L_0x558ed72597b0 .part L_0x558ed7247890, 8, 4;
L_0x558ed7259880 .concat [ 4 6 1 1], L_0x558ed72597b0, L_0x558ed7259610, L_0x558ed7259540, L_0x558ed72593b0;
L_0x558ed7259ba0 .part L_0x558ed7247890, 7, 5;
L_0x558ed7259c40 .part L_0x558ed7259ba0, 0, 3;
L_0x558ed7259e20 .part L_0x558ed7247890, 12, 20;
L_0x558ed7259ec0 .part L_0x558ed7247890, 12, 3;
L_0x558ed725a060 .part L_0x558ed7247890, 7, 5;
L_0x558ed725a100 .part L_0x558ed7247890, 31, 1;
L_0x558ed725a2b0 .part L_0x558ed7247890, 12, 8;
L_0x558ed725a350 .part L_0x558ed7247890, 20, 1;
L_0x558ed725a950 .part L_0x558ed7247890, 21, 10;
L_0x558ed725aa20 .concat [ 10 1 8 1], L_0x558ed725a950, L_0x558ed725a350, L_0x558ed725a2b0, L_0x558ed725a100;
S_0x558ed723e3a0 .scope module, "u_if_id" "if_id" 3 185, 6 5 0, S_0x558ed71491e0;
 .timescale 0 0;
    .port_info 0 /INPUT 1 "clk";
    .port_info 1 /INPUT 1 "rst";
    .port_info 2 /INPUT 32 "inst_i";
    .port_info 3 /INPUT 32 "inst_addr_i";
    .port_info 4 /INPUT 3 "hold_flag_i";
    .port_info 5 /INPUT 8 "int_flag_i";
    .port_info 6 /OUTPUT 8 "int_flag_o";
    .port_info 7 /OUTPUT 32 "inst_o";
    .port_info 8 /OUTPUT 32 "inst_addr_o";
L_0x558ed7247890 .functor BUFZ 32, v0x558ed723edb0_0, C4<00000000000000000000000000000000>, C4<00000000000000000000000000000000>, C4<00000000000000000000000000000000>;
L_0x558ed72579d0 .functor BUFZ 32, v0x558ed723f800_0, C4<00000000000000000000000000000000>, C4<00000000000000000000000000000000>, C4<00000000000000000000000000000000>;
L_0x558ed7257b00 .functor BUFZ 8, v0x558ed7240260_0, C4<00000000>, C4<00000000>, C4<00000000>;
o0x7fde6823bdb8 .functor BUFZ 1, C4<z>; HiZ drive
v0x558ed72404e0_0 .net "HoldEnable", 0 0, o0x7fde6823bdb8;  0 drivers
L_0x7fde681f1138 .functor BUFT 1, C4<010>, C4<0>, C4<0>, C4<0>;
v0x558ed72405a0_0 .net/2u *"_ivl_0", 2 0, L_0x7fde681f1138;  1 drivers
v0x558ed7240680_0 .net "clk", 0 0, o0x7fde6823aa08;  alias, 0 drivers
v0x558ed72407b0_0 .net "hold_en", 0 0, L_0x558ed72477a0;  1 drivers
v0x558ed7240850_0 .net "hold_flag_i", 2 0, o0x7fde6823c388;  alias, 0 drivers
v0x558ed7240930_0 .net "inst", 31 0, v0x558ed723edb0_0;  1 drivers
v0x558ed72409f0_0 .net "inst_addr", 31 0, v0x558ed723f800_0;  1 drivers
v0x558ed7240a90_0 .net "inst_addr_i", 31 0, v0x558ed72418c0_0;  alias, 1 drivers
v0x558ed7240b60_0 .net "inst_addr_o", 31 0, L_0x558ed72579d0;  alias, 1 drivers
v0x558ed7240cc0_0 .net "inst_i", 31 0, o0x7fde6823bd88;  alias, 0 drivers
v0x558ed7240d90_0 .net "inst_o", 31 0, L_0x558ed7247890;  alias, 1 drivers
v0x558ed7240e60_0 .net "int_flag", 7 0, v0x558ed7240260_0;  1 drivers
v0x558ed7240f30_0 .net "int_flag_i", 7 0, o0x7fde6823c178;  alias, 0 drivers
v0x558ed7241000_0 .net "int_flag_o", 7 0, L_0x558ed7257b00;  alias, 1 drivers
v0x558ed72410c0_0 .net "rst", 0 0, o0x7fde6823ac48;  alias, 0 drivers
L_0x558ed72477a0 .cmp/ge 3, L_0x7fde681f1138, o0x7fde6823c388;
S_0x558ed723e660 .scope module, "pipe_inst" "gen_pipe_dff" 6 29, 2 18 0, S_0x558ed723e3a0;
 .timescale 0 0;
    .port_info 0 /INPUT 1 "clk";
    .port_info 1 /INPUT 1 "rst";
    .port_info 2 /INPUT 1 "hold_en";
    .port_info 3 /INPUT 32 "def_val";
    .port_info 4 /INPUT 32 "din";
    .port_info 5 /OUTPUT 32 "qout";
P_0x558ed723e840 .param/l "DW" 0 2 19, +C4<00000000000000000000000000100000>;
v0x558ed723e920_0 .net "clk", 0 0, o0x7fde6823aa08;  alias, 0 drivers
L_0x7fde681f1180 .functor BUFT 1, C4<00000000000000000000000000000001>, C4<0>, C4<0>, C4<0>;
v0x558ed723ea10_0 .net "def_val", 31 0, L_0x7fde681f1180;  1 drivers
v0x558ed723ead0_0 .net "din", 31 0, o0x7fde6823bd88;  alias, 0 drivers
v0x558ed723ebc0_0 .net "hold_en", 0 0, o0x7fde6823bdb8;  alias, 0 drivers
v0x558ed723ec80_0 .net "qout", 31 0, v0x558ed723edb0_0;  alias, 1 drivers
v0x558ed723edb0_0 .var "qout_r", 31 0;
v0x558ed723ee90_0 .net "rst", 0 0, o0x7fde6823ac48;  alias, 0 drivers
S_0x558ed723f080 .scope module, "pipe_inst_addr" "gen_pipe_dff" 6 41, 2 18 0, S_0x558ed723e3a0;
 .timescale 0 0;
    .port_info 0 /INPUT 1 "clk";
    .port_info 1 /INPUT 1 "rst";
    .port_info 2 /INPUT 1 "hold_en";
    .port_info 3 /INPUT 32 "def_val";
    .port_info 4 /INPUT 32 "din";
    .port_info 5 /OUTPUT 32 "qout";
P_0x558ed723f280 .param/l "DW" 0 2 19, +C4<00000000000000000000000000100000>;
v0x558ed723f3c0_0 .net "clk", 0 0, o0x7fde6823aa08;  alias, 0 drivers
L_0x7fde681f11c8 .functor BUFT 1, C4<00000000000000000000000000000000>, C4<0>, C4<0>, C4<0>;
v0x558ed723f4b0_0 .net "def_val", 31 0, L_0x7fde681f11c8;  1 drivers
v0x558ed723f590_0 .net "din", 31 0, v0x558ed72418c0_0;  alias, 1 drivers
v0x558ed723f650_0 .net "hold_en", 0 0, o0x7fde6823bdb8;  alias, 0 drivers
v0x558ed723f6f0_0 .net "qout", 31 0, v0x558ed723f800_0;  alias, 1 drivers
v0x558ed723f800_0 .var "qout_r", 31 0;
v0x558ed723f8e0_0 .net "rst", 0 0, o0x7fde6823ac48;  alias, 0 drivers
S_0x558ed723fa80 .scope module, "pipe_int_flag" "gen_pipe_dff" 6 53, 2 18 0, S_0x558ed723e3a0;
 .timescale 0 0;
    .port_info 0 /INPUT 1 "clk";
    .port_info 1 /INPUT 1 "rst";
    .port_info 2 /INPUT 1 "hold_en";
    .port_info 3 /INPUT 8 "def_val";
    .port_info 4 /INPUT 8 "din";
    .port_info 5 /OUTPUT 8 "qout";
P_0x558ed723fc60 .param/l "DW" 0 2 19, +C4<00000000000000000000000000001000>;
v0x558ed723fdd0_0 .net "clk", 0 0, o0x7fde6823aa08;  alias, 0 drivers
L_0x7fde681f1210 .functor BUFT 1, C4<00000000>, C4<0>, C4<0>, C4<0>;
v0x558ed723fe70_0 .net "def_val", 7 0, L_0x7fde681f1210;  1 drivers
v0x558ed723ff50_0 .net "din", 7 0, o0x7fde6823c178;  alias, 0 drivers
v0x558ed7240040_0 .net "hold_en", 0 0, o0x7fde6823bdb8;  alias, 0 drivers
v0x558ed7240130_0 .net "qout", 7 0, v0x558ed7240260_0;  alias, 1 drivers
v0x558ed7240260_0 .var "qout_r", 7 0;
v0x558ed7240340_0 .net "rst", 0 0, o0x7fde6823ac48;  alias, 0 drivers
S_0x558ed7241280 .scope module, "u_pc_reg" "pc" 3 137, 7 1 0, S_0x558ed71491e0;
 .timescale 0 0;
    .port_info 0 /INPUT 1 "clk";
    .port_info 1 /INPUT 1 "rst";
    .port_info 2 /INPUT 1 "jump_flag_i";
    .port_info 3 /INPUT 32 "jump_addr_i";
    .port_info 4 /INPUT 3 "hold_flag_i";
    .port_info 5 /OUTPUT 32 "pc_o";
    .port_info 6 /INPUT 1 "jtag_reset_flag_i";
v0x558ed72414c0_0 .net "clk", 0 0, o0x7fde6823aa08;  alias, 0 drivers
v0x558ed7241580_0 .net "hold_flag_i", 2 0, o0x7fde6823c388;  alias, 0 drivers
v0x558ed7241670_0 .net "jtag_reset_flag_i", 0 0, o0x7fde6823c598;  alias, 0 drivers
v0x558ed7241740_0 .net "jump_addr_i", 31 0, o0x7fde6823c5c8;  alias, 0 drivers
v0x558ed7241800_0 .net "jump_flag_i", 0 0, o0x7fde6823c5f8;  alias, 0 drivers
v0x558ed72418c0_0 .var "pc_o", 31 0;
v0x558ed72419d0_0 .net "rst", 0 0, o0x7fde6823ac48;  alias, 0 drivers
S_0x558ed7241b90 .scope module, "u_regs" "regs" 3 148, 8 1 0, S_0x558ed71491e0;
 .timescale 0 0;
    .port_info 0 /INPUT 1 "clk";
    .port_info 1 /INPUT 1 "rst";
    .port_info 2 /INPUT 1 "we_i";
    .port_info 3 /INPUT 32 "wdata_i";
    .port_info 4 /INPUT 5 "waddr_i";
    .port_info 5 /INPUT 1 "jtag_we_i";
    .port_info 6 /INPUT 32 "jtag_data_i";
    .port_info 7 /INPUT 5 "jtag_addr_i";
    .port_info 8 /OUTPUT 32 "jtag_data_o";
    .port_info 9 /OUTPUT 32 "rdata1_o";
    .port_info 10 /OUTPUT 32 "rdata2_o";
    .port_info 11 /INPUT 5 "raddr1_i";
    .port_info 12 /INPUT 5 "raddr2_i";
v0x558ed72422f0_0 .net "clk", 0 0, o0x7fde6823aa08;  alias, 0 drivers
v0x558ed72423b0_0 .net "jtag_addr_i", 4 0, o0x7fde6823c778;  alias, 0 drivers
v0x558ed7242490_0 .net "jtag_data_i", 31 0, o0x7fde6823c7a8;  alias, 0 drivers
v0x558ed7242550_0 .var "jtag_data_o", 31 0;
v0x558ed7242630_0 .net "jtag_we_i", 0 0, o0x7fde6823c808;  alias, 0 drivers
v0x558ed7242740_0 .net "raddr1_i", 4 0, v0x558ed723dae0_0;  alias, 1 drivers
v0x558ed7242800_0 .net "raddr2_i", 4 0, v0x558ed723dd80_0;  alias, 1 drivers
v0x558ed72428a0_0 .var "rdata1_o", 31 0;
v0x558ed7242940_0 .var "rdata2_o", 31 0;
v0x558ed7242aa0 .array "regs", 31 0, 31 0;
v0x558ed7242f40_0 .net "rst", 0 0, o0x7fde6823ac48;  alias, 0 drivers
v0x558ed7242fe0_0 .net "waddr_i", 4 0, o0x7fde6823ce38;  alias, 0 drivers
v0x558ed72430c0_0 .net "wdata_i", 31 0, o0x7fde6823ce68;  alias, 0 drivers
v0x558ed72431a0_0 .net "we_i", 0 0, o0x7fde6823ce98;  alias, 0 drivers
v0x558ed7242aa0_0 .array/port v0x558ed7242aa0, 0;
v0x558ed7242aa0_1 .array/port v0x558ed7242aa0, 1;
v0x558ed7242aa0_2 .array/port v0x558ed7242aa0, 2;
E_0x558ed723e8e0/0 .event edge, v0x558ed72423b0_0, v0x558ed7242aa0_0, v0x558ed7242aa0_1, v0x558ed7242aa0_2;
v0x558ed7242aa0_3 .array/port v0x558ed7242aa0, 3;
v0x558ed7242aa0_4 .array/port v0x558ed7242aa0, 4;
v0x558ed7242aa0_5 .array/port v0x558ed7242aa0, 5;
v0x558ed7242aa0_6 .array/port v0x558ed7242aa0, 6;
E_0x558ed723e8e0/1 .event edge, v0x558ed7242aa0_3, v0x558ed7242aa0_4, v0x558ed7242aa0_5, v0x558ed7242aa0_6;
v0x558ed7242aa0_7 .array/port v0x558ed7242aa0, 7;
v0x558ed7242aa0_8 .array/port v0x558ed7242aa0, 8;
v0x558ed7242aa0_9 .array/port v0x558ed7242aa0, 9;
v0x558ed7242aa0_10 .array/port v0x558ed7242aa0, 10;
E_0x558ed723e8e0/2 .event edge, v0x558ed7242aa0_7, v0x558ed7242aa0_8, v0x558ed7242aa0_9, v0x558ed7242aa0_10;
v0x558ed7242aa0_11 .array/port v0x558ed7242aa0, 11;
v0x558ed7242aa0_12 .array/port v0x558ed7242aa0, 12;
v0x558ed7242aa0_13 .array/port v0x558ed7242aa0, 13;
v0x558ed7242aa0_14 .array/port v0x558ed7242aa0, 14;
E_0x558ed723e8e0/3 .event edge, v0x558ed7242aa0_11, v0x558ed7242aa0_12, v0x558ed7242aa0_13, v0x558ed7242aa0_14;
v0x558ed7242aa0_15 .array/port v0x558ed7242aa0, 15;
v0x558ed7242aa0_16 .array/port v0x558ed7242aa0, 16;
v0x558ed7242aa0_17 .array/port v0x558ed7242aa0, 17;
v0x558ed7242aa0_18 .array/port v0x558ed7242aa0, 18;
E_0x558ed723e8e0/4 .event edge, v0x558ed7242aa0_15, v0x558ed7242aa0_16, v0x558ed7242aa0_17, v0x558ed7242aa0_18;
v0x558ed7242aa0_19 .array/port v0x558ed7242aa0, 19;
v0x558ed7242aa0_20 .array/port v0x558ed7242aa0, 20;
v0x558ed7242aa0_21 .array/port v0x558ed7242aa0, 21;
v0x558ed7242aa0_22 .array/port v0x558ed7242aa0, 22;
E_0x558ed723e8e0/5 .event edge, v0x558ed7242aa0_19, v0x558ed7242aa0_20, v0x558ed7242aa0_21, v0x558ed7242aa0_22;
v0x558ed7242aa0_23 .array/port v0x558ed7242aa0, 23;
v0x558ed7242aa0_24 .array/port v0x558ed7242aa0, 24;
v0x558ed7242aa0_25 .array/port v0x558ed7242aa0, 25;
v0x558ed7242aa0_26 .array/port v0x558ed7242aa0, 26;
E_0x558ed723e8e0/6 .event edge, v0x558ed7242aa0_23, v0x558ed7242aa0_24, v0x558ed7242aa0_25, v0x558ed7242aa0_26;
v0x558ed7242aa0_27 .array/port v0x558ed7242aa0, 27;
v0x558ed7242aa0_28 .array/port v0x558ed7242aa0, 28;
v0x558ed7242aa0_29 .array/port v0x558ed7242aa0, 29;
v0x558ed7242aa0_30 .array/port v0x558ed7242aa0, 30;
E_0x558ed723e8e0/7 .event edge, v0x558ed7242aa0_27, v0x558ed7242aa0_28, v0x558ed7242aa0_29, v0x558ed7242aa0_30;
v0x558ed7242aa0_31 .array/port v0x558ed7242aa0, 31;
E_0x558ed723e8e0/8 .event edge, v0x558ed7242aa0_31;
E_0x558ed723e8e0 .event/or E_0x558ed723e8e0/0, E_0x558ed723e8e0/1, E_0x558ed723e8e0/2, E_0x558ed723e8e0/3, E_0x558ed723e8e0/4, E_0x558ed723e8e0/5, E_0x558ed723e8e0/6, E_0x558ed723e8e0/7, E_0x558ed723e8e0/8;
E_0x558ed7242030/0 .event edge, v0x558ed723dd80_0, v0x558ed7242fe0_0, v0x558ed72430c0_0, v0x558ed7242aa0_0;
E_0x558ed7242030/1 .event edge, v0x558ed7242aa0_1, v0x558ed7242aa0_2, v0x558ed7242aa0_3, v0x558ed7242aa0_4;
E_0x558ed7242030/2 .event edge, v0x558ed7242aa0_5, v0x558ed7242aa0_6, v0x558ed7242aa0_7, v0x558ed7242aa0_8;
E_0x558ed7242030/3 .event edge, v0x558ed7242aa0_9, v0x558ed7242aa0_10, v0x558ed7242aa0_11, v0x558ed7242aa0_12;
E_0x558ed7242030/4 .event edge, v0x558ed7242aa0_13, v0x558ed7242aa0_14, v0x558ed7242aa0_15, v0x558ed7242aa0_16;
E_0x558ed7242030/5 .event edge, v0x558ed7242aa0_17, v0x558ed7242aa0_18, v0x558ed7242aa0_19, v0x558ed7242aa0_20;
E_0x558ed7242030/6 .event edge, v0x558ed7242aa0_21, v0x558ed7242aa0_22, v0x558ed7242aa0_23, v0x558ed7242aa0_24;
E_0x558ed7242030/7 .event edge, v0x558ed7242aa0_25, v0x558ed7242aa0_26, v0x558ed7242aa0_27, v0x558ed7242aa0_28;
E_0x558ed7242030/8 .event edge, v0x558ed7242aa0_29, v0x558ed7242aa0_30, v0x558ed7242aa0_31;
E_0x558ed7242030 .event/or E_0x558ed7242030/0, E_0x558ed7242030/1, E_0x558ed7242030/2, E_0x558ed7242030/3, E_0x558ed7242030/4, E_0x558ed7242030/5, E_0x558ed7242030/6, E_0x558ed7242030/7, E_0x558ed7242030/8;
E_0x558ed7242190/0 .event edge, v0x558ed723dae0_0, v0x558ed7242fe0_0, v0x558ed72430c0_0, v0x558ed7242aa0_0;
E_0x558ed7242190/1 .event edge, v0x558ed7242aa0_1, v0x558ed7242aa0_2, v0x558ed7242aa0_3, v0x558ed7242aa0_4;
E_0x558ed7242190/2 .event edge, v0x558ed7242aa0_5, v0x558ed7242aa0_6, v0x558ed7242aa0_7, v0x558ed7242aa0_8;
E_0x558ed7242190/3 .event edge, v0x558ed7242aa0_9, v0x558ed7242aa0_10, v0x558ed7242aa0_11, v0x558ed7242aa0_12;
E_0x558ed7242190/4 .event edge, v0x558ed7242aa0_13, v0x558ed7242aa0_14, v0x558ed7242aa0_15, v0x558ed7242aa0_16;
E_0x558ed7242190/5 .event edge, v0x558ed7242aa0_17, v0x558ed7242aa0_18, v0x558ed7242aa0_19, v0x558ed7242aa0_20;
E_0x558ed7242190/6 .event edge, v0x558ed7242aa0_21, v0x558ed7242aa0_22, v0x558ed7242aa0_23, v0x558ed7242aa0_24;
E_0x558ed7242190/7 .event edge, v0x558ed7242aa0_25, v0x558ed7242aa0_26, v0x558ed7242aa0_27, v0x558ed7242aa0_28;
E_0x558ed7242190/8 .event edge, v0x558ed7242aa0_29, v0x558ed7242aa0_30, v0x558ed7242aa0_31;
E_0x558ed7242190 .event/or E_0x558ed7242190/0, E_0x558ed7242190/1, E_0x558ed7242190/2, E_0x558ed7242190/3, E_0x558ed7242190/4, E_0x558ed7242190/5, E_0x558ed7242190/6, E_0x558ed7242190/7, E_0x558ed7242190/8;
    .scope S_0x558ed714cfa0;
T_0 ;
    %wait E_0x558ed7154410;
    %load/vec4 v0x558ed711ca70_0;
    %nor/r;
    %flag_set/vec4 8;
    %jmp/0xz  T_0.0, 8;
    %pushi/vec4 0, 0, 32;
    %assign/vec4 v0x558ed71ecaa0_0, 0;
    %jmp T_0.1;
T_0.0 ;
    %load/vec4 v0x558ed71f5670_0;
    %cmpi/e 1, 0, 1;
    %jmp/0xz  T_0.2, 4;
    %load/vec4 v0x558ed71f6940_0;
    %assign/vec4 v0x558ed71ecaa0_0, 0;
T_0.2 ;
T_0.1 ;
    %jmp T_0;
    .thread T_0;
    .scope S_0x558ed71e3a20;
T_1 ;
    %wait E_0x558ed711c850;
    %load/vec4 v0x558ed7238170_0;
    %nor/r;
    %flag_set/vec4 8;
    %jmp/0xz  T_1.0, 8;
    %pushi/vec4 0, 0, 32;
    %assign/vec4 v0x558ed7238090_0, 0;
    %jmp T_1.1;
T_1.0 ;
    %load/vec4 v0x558ed7237ef0_0;
    %assign/vec4 v0x558ed7238090_0, 0;
T_1.1 ;
    %jmp T_1;
    .thread T_1;
    .scope S_0x558ed7145ec0;
T_2 ;
    %wait E_0x558ed713f020;
    %load/vec4 v0x558ed72386a0_0;
    %nor/r;
    %flag_set/vec4 8;
    %jmp/0xz  T_2.0, 8;
    %pushi/vec4 4294967295, 0, 32;
    %assign/vec4 v0x558ed72385c0_0, 0;
    %jmp T_2.1;
T_2.0 ;
    %load/vec4 v0x558ed7238420_0;
    %assign/vec4 v0x558ed72385c0_0, 0;
T_2.1 ;
    %jmp T_2;
    .thread T_2;
    .scope S_0x558ed7148340;
T_3 ;
    %wait E_0x558ed7227a50;
    %load/vec4 v0x558ed7238d00_0;
    %nor/r;
    %flag_set/vec4 8;
    %jmp/0xz  T_3.0, 8;
    %load/vec4 v0x558ed7238950_0;
    %assign/vec4 v0x558ed7238bd0_0, 0;
    %jmp T_3.1;
T_3.0 ;
    %load/vec4 v0x558ed7238a30_0;
    %assign/vec4 v0x558ed7238bd0_0, 0;
T_3.1 ;
    %jmp T_3;
    .thread T_3;
    .scope S_0x558ed7241280;
T_4 ;
    %wait E_0x558ed7238fb0;
    %load/vec4 v0x558ed72419d0_0;
    %load/vec4 v0x558ed7241670_0;
    %or;
    %flag_set/vec4 8;
    %jmp/0xz  T_4.0, 8;
    %pushi/vec4 0, 0, 32;
    %assign/vec4 v0x558ed72418c0_0, 0;
    %jmp T_4.1;
T_4.0 ;
    %load/vec4 v0x558ed7241800_0;
    %flag_set/vec4 8;
    %jmp/0xz  T_4.2, 8;
    %load/vec4 v0x558ed7241740_0;
    %assign/vec4 v0x558ed72418c0_0, 0;
    %jmp T_4.3;
T_4.2 ;
    %load/vec4 v0x558ed7241580_0;
    %cmpi/u 1, 0, 3;
    %flag_or 5, 4; GT is !LE
    %flag_inv 5;
    %jmp/0xz  T_4.4, 5;
    %load/vec4 v0x558ed72418c0_0;
    %assign/vec4 v0x558ed72418c0_0, 0;
    %jmp T_4.5;
T_4.4 ;
    %load/vec4 v0x558ed72418c0_0;
    %addi 4, 0, 32;
    %assign/vec4 v0x558ed72418c0_0, 0;
T_4.5 ;
T_4.3 ;
T_4.1 ;
    %jmp T_4;
    .thread T_4;
    .scope S_0x558ed7241b90;
T_5 ;
    %wait E_0x558ed7238fb0;
    %load/vec4 v0x558ed7242f40_0;
    %cmpi/e 0, 0, 1;
    %jmp/0xz  T_5.0, 4;
    %jmp T_5.1;
T_5.0 ;
    %load/vec4 v0x558ed7242f40_0;
    %cmpi/e 1, 0, 1;
    %jmp/0xz  T_5.2, 4;
    %load/vec4 v0x558ed72431a0_0;
    %cmpi/e 1, 0, 1;
    %flag_get/vec4 4;
    %jmp/0 T_5.6, 4;
    %load/vec4 v0x558ed7242fe0_0;
    %pushi/vec4 0, 0, 5;
    %cmp/ne;
    %flag_get/vec4 4;
    %and;
T_5.6;
    %flag_set/vec4 8;
    %jmp/0xz  T_5.4, 8;
    %load/vec4 v0x558ed72430c0_0;
    %load/vec4 v0x558ed7242fe0_0;
    %pad/u 7;
    %ix/vec4 3;
    %ix/load 4, 0, 0; Constant delay
    %assign/vec4/a/d v0x558ed7242aa0, 0, 4;
    %jmp T_5.5;
T_5.4 ;
    %load/vec4 v0x558ed7242630_0;
    %cmpi/e 1, 0, 1;
    %flag_get/vec4 4;
    %jmp/0 T_5.9, 4;
    %load/vec4 v0x558ed72423b0_0;
    %pushi/vec4 0, 0, 5;
    %cmp/ne;
    %flag_get/vec4 4;
    %and;
T_5.9;
    %flag_set/vec4 8;
    %jmp/0xz  T_5.7, 8;
    %load/vec4 v0x558ed7242490_0;
    %load/vec4 v0x558ed7242fe0_0;
    %pad/u 7;
    %ix/vec4 3;
    %ix/load 4, 0, 0; Constant delay
    %assign/vec4/a/d v0x558ed7242aa0, 0, 4;
T_5.7 ;
T_5.5 ;
T_5.2 ;
T_5.1 ;
    %jmp T_5;
    .thread T_5;
    .scope S_0x558ed7241b90;
T_6 ;
    %wait E_0x558ed7242190;
    %load/vec4 v0x558ed7242740_0;
    %cmpi/e 0, 0, 5;
    %jmp/0xz  T_6.0, 4;
    %pushi/vec4 0, 0, 32;
    %assign/vec4 v0x558ed72428a0_0, 0;
    %jmp T_6.1;
T_6.0 ;
    %load/vec4 v0x558ed7242740_0;
    %load/vec4 v0x558ed7242fe0_0;
    %cmp/e;
    %jmp/0xz  T_6.2, 4;
    %load/vec4 v0x558ed72430c0_0;
    %assign/vec4 v0x558ed72428a0_0, 0;
    %jmp T_6.3;
T_6.2 ;
    %load/vec4 v0x558ed7242740_0;
    %pad/u 7;
    %ix/vec4 4;
    %load/vec4a v0x558ed7242aa0, 4;
    %assign/vec4 v0x558ed72428a0_0, 0;
T_6.3 ;
T_6.1 ;
    %jmp T_6;
    .thread T_6, $push;
    .scope S_0x558ed7241b90;
T_7 ;
    %wait E_0x558ed7242030;
    %load/vec4 v0x558ed7242800_0;
    %cmpi/e 0, 0, 5;
    %jmp/0xz  T_7.0, 4;
    %pushi/vec4 0, 0, 32;
    %assign/vec4 v0x558ed7242940_0, 0;
    %jmp T_7.1;
T_7.0 ;
    %load/vec4 v0x558ed7242800_0;
    %load/vec4 v0x558ed7242fe0_0;
    %cmp/e;
    %jmp/0xz  T_7.2, 4;
    %load/vec4 v0x558ed72430c0_0;
    %assign/vec4 v0x558ed7242940_0, 0;
    %jmp T_7.3;
T_7.2 ;
    %load/vec4 v0x558ed7242800_0;
    %pad/u 7;
    %ix/vec4 4;
    %load/vec4a v0x558ed7242aa0, 4;
    %assign/vec4 v0x558ed7242940_0, 0;
T_7.3 ;
T_7.1 ;
    %jmp T_7;
    .thread T_7, $push;
    .scope S_0x558ed7241b90;
T_8 ;
    %wait E_0x558ed723e8e0;
    %load/vec4 v0x558ed72423b0_0;
    %cmpi/e 0, 0, 5;
    %jmp/0xz  T_8.0, 4;
    %pushi/vec4 0, 0, 32;
    %assign/vec4 v0x558ed7242550_0, 0;
    %jmp T_8.1;
T_8.0 ;
    %load/vec4 v0x558ed72423b0_0;
    %pad/u 7;
    %ix/vec4 4;
    %load/vec4a v0x558ed7242aa0, 4;
    %assign/vec4 v0x558ed7242550_0, 0;
T_8.1 ;
    %jmp T_8;
    .thread T_8, $push;
    .scope S_0x558ed71497c0;
T_9 ;
    %wait E_0x558ed7238fb0;
    %load/vec4 v0x558ed723a6d0_0;
    %cmpi/e 0, 0, 1;
    %jmp/0xz  T_9.0, 4;
    %pushi/vec4 0, 0, 64;
    %assign/vec4 v0x558ed7239c40_0, 0;
    %jmp T_9.1;
T_9.0 ;
    %load/vec4 v0x558ed7239c40_0;
    %addi 1, 0, 64;
    %assign/vec4 v0x558ed7239c40_0, 0;
T_9.1 ;
    %jmp T_9;
    .thread T_9;
    .scope S_0x558ed71497c0;
T_10 ;
    %wait E_0x558ed7238fb0;
    %load/vec4 v0x558ed723a6d0_0;
    %cmpi/e 0, 0, 1;
    %jmp/0xz  T_10.0, 4;
    %pushi/vec4 0, 0, 32;
    %assign/vec4 v0x558ed723a510_0, 0;
    %pushi/vec4 0, 0, 32;
    %assign/vec4 v0x558ed723a0b0_0, 0;
    %pushi/vec4 0, 0, 32;
    %assign/vec4 v0x558ed723a190_0, 0;
    %pushi/vec4 0, 0, 32;
    %assign/vec4 v0x558ed723a350_0, 0;
    %pushi/vec4 0, 0, 32;
    %assign/vec4 v0x558ed723a270_0, 0;
    %pushi/vec4 0, 0, 32;
    %assign/vec4 v0x558ed723a430_0, 0;
    %jmp T_10.1;
T_10.0 ;
    %load/vec4 v0x558ed723a870_0;
    %cmpi/e 1, 0, 1;
    %jmp/0xz  T_10.2, 4;
    %load/vec4 v0x558ed723a790_0;
    %parti/s 12, 0, 2;
    %dup/vec4;
    %pushi/vec4 773, 0, 12;
    %cmp/u;
    %jmp/1 T_10.4, 6;
    %dup/vec4;
    %pushi/vec4 834, 0, 12;
    %cmp/u;
    %jmp/1 T_10.5, 6;
    %dup/vec4;
    %pushi/vec4 833, 0, 12;
    %cmp/u;
    %jmp/1 T_10.6, 6;
    %dup/vec4;
    %pushi/vec4 772, 0, 12;
    %cmp/u;
    %jmp/1 T_10.7, 6;
    %dup/vec4;
    %pushi/vec4 768, 0, 12;
    %cmp/u;
    %jmp/1 T_10.8, 6;
    %dup/vec4;
    %pushi/vec4 832, 0, 12;
    %cmp/u;
    %jmp/1 T_10.9, 6;
    %jmp T_10.10;
T_10.4 ;
    %load/vec4 v0x558ed7239d20_0;
    %assign/vec4 v0x558ed723a510_0, 0;
    %jmp T_10.10;
T_10.5 ;
    %load/vec4 v0x558ed7239d20_0;
    %assign/vec4 v0x558ed723a0b0_0, 0;
    %jmp T_10.10;
T_10.6 ;
    %load/vec4 v0x558ed7239d20_0;
    %assign/vec4 v0x558ed723a190_0, 0;
    %jmp T_10.10;
T_10.7 ;
    %load/vec4 v0x558ed7239d20_0;
    %assign/vec4 v0x558ed723a270_0, 0;
    %jmp T_10.10;
T_10.8 ;
    %load/vec4 v0x558ed7239d20_0;
    %assign/vec4 v0x558ed723a430_0, 0;
    %jmp T_10.10;
T_10.9 ;
    %load/vec4 v0x558ed7239d20_0;
    %assign/vec4 v0x558ed723a350_0, 0;
    %jmp T_10.10;
T_10.10 ;
    %pop/vec4 1;
    %jmp T_10.3;
T_10.2 ;
    %load/vec4 v0x558ed7239ac0_0;
    %flag_set/vec4 8;
    %jmp/0xz  T_10.11, 8;
    %load/vec4 v0x558ed72399e0_0;
    %parti/s 12, 0, 2;
    %dup/vec4;
    %pushi/vec4 773, 0, 12;
    %cmp/u;
    %jmp/1 T_10.13, 6;
    %dup/vec4;
    %pushi/vec4 834, 0, 12;
    %cmp/u;
    %jmp/1 T_10.14, 6;
    %dup/vec4;
    %pushi/vec4 833, 0, 12;
    %cmp/u;
    %jmp/1 T_10.15, 6;
    %dup/vec4;
    %pushi/vec4 772, 0, 12;
    %cmp/u;
    %jmp/1 T_10.16, 6;
    %dup/vec4;
    %pushi/vec4 768, 0, 12;
    %cmp/u;
    %jmp/1 T_10.17, 6;
    %dup/vec4;
    %pushi/vec4 832, 0, 12;
    %cmp/u;
    %jmp/1 T_10.18, 6;
    %jmp T_10.19;
T_10.13 ;
    %load/vec4 v0x558ed7239740_0;
    %assign/vec4 v0x558ed723a510_0, 0;
    %jmp T_10.19;
T_10.14 ;
    %load/vec4 v0x558ed7239740_0;
    %assign/vec4 v0x558ed723a0b0_0, 0;
    %jmp T_10.19;
T_10.15 ;
    %load/vec4 v0x558ed7239740_0;
    %assign/vec4 v0x558ed723a190_0, 0;
    %jmp T_10.19;
T_10.16 ;
    %load/vec4 v0x558ed7239740_0;
    %assign/vec4 v0x558ed723a270_0, 0;
    %jmp T_10.19;
T_10.17 ;
    %load/vec4 v0x558ed7239740_0;
    %assign/vec4 v0x558ed723a430_0, 0;
    %jmp T_10.19;
T_10.18 ;
    %load/vec4 v0x558ed7239740_0;
    %assign/vec4 v0x558ed723a350_0, 0;
    %jmp T_10.19;
T_10.19 ;
    %pop/vec4 1;
T_10.11 ;
T_10.3 ;
T_10.1 ;
    %jmp T_10;
    .thread T_10;
    .scope S_0x558ed71497c0;
T_11 ;
    %wait E_0x558ed7228c60;
    %load/vec4 v0x558ed723a790_0;
    %parti/s 12, 0, 2;
    %load/vec4 v0x558ed723a5f0_0;
    %parti/s 12, 0, 2;
    %cmp/e;
    %flag_get/vec4 4;
    %jmp/0 T_11.2, 4;
    %load/vec4 v0x558ed723a870_0;
    %pushi/vec4 1, 0, 1;
    %cmp/e;
    %flag_get/vec4 4;
    %and;
T_11.2;
    %flag_set/vec4 8;
    %jmp/0xz  T_11.0, 8;
    %load/vec4 v0x558ed7239d20_0;
    %assign/vec4 v0x558ed7239e00_0, 0;
    %jmp T_11.1;
T_11.0 ;
    %load/vec4 v0x558ed723a5f0_0;
    %parti/s 12, 0, 2;
    %dup/vec4;
    %pushi/vec4 3072, 0, 12;
    %cmp/u;
    %jmp/1 T_11.3, 6;
    %dup/vec4;
    %pushi/vec4 3200, 0, 12;
    %cmp/u;
    %jmp/1 T_11.4, 6;
    %dup/vec4;
    %pushi/vec4 773, 0, 12;
    %cmp/u;
    %jmp/1 T_11.5, 6;
    %dup/vec4;
    %pushi/vec4 834, 0, 12;
    %cmp/u;
    %jmp/1 T_11.6, 6;
    %dup/vec4;
    %pushi/vec4 772, 0, 12;
    %cmp/u;
    %jmp/1 T_11.7, 6;
    %dup/vec4;
    %pushi/vec4 833, 0, 12;
    %cmp/u;
    %jmp/1 T_11.8, 6;
    %dup/vec4;
    %pushi/vec4 832, 0, 12;
    %cmp/u;
    %jmp/1 T_11.9, 6;
    %dup/vec4;
    %pushi/vec4 768, 0, 12;
    %cmp/u;
    %jmp/1 T_11.10, 6;
    %jmp T_11.11;
T_11.3 ;
    %load/vec4 v0x558ed7239c40_0;
    %parti/s 32, 0, 2;
    %store/vec4 v0x558ed7239e00_0, 0, 32;
    %jmp T_11.11;
T_11.4 ;
    %load/vec4 v0x558ed7239c40_0;
    %parti/s 32, 32, 7;
    %store/vec4 v0x558ed7239e00_0, 0, 32;
    %jmp T_11.11;
T_11.5 ;
    %load/vec4 v0x558ed723a510_0;
    %store/vec4 v0x558ed7239e00_0, 0, 32;
    %jmp T_11.11;
T_11.6 ;
    %load/vec4 v0x558ed723a0b0_0;
    %store/vec4 v0x558ed7239e00_0, 0, 32;
    %jmp T_11.11;
T_11.7 ;
    %load/vec4 v0x558ed723a270_0;
    %store/vec4 v0x558ed7239e00_0, 0, 32;
    %jmp T_11.11;
T_11.8 ;
    %load/vec4 v0x558ed723a190_0;
    %store/vec4 v0x558ed7239e00_0, 0, 32;
    %jmp T_11.11;
T_11.9 ;
    %load/vec4 v0x558ed723a350_0;
    %store/vec4 v0x558ed7239e00_0, 0, 32;
    %jmp T_11.11;
T_11.10 ;
    %load/vec4 v0x558ed723a430_0;
    %store/vec4 v0x558ed7239e00_0, 0, 32;
    %jmp T_11.11;
T_11.11 ;
    %pop/vec4 1;
T_11.1 ;
    %jmp T_11;
    .thread T_11, $push;
    .scope S_0x558ed71497c0;
T_12 ;
    %wait E_0x558ed7227bc0;
    %load/vec4 v0x558ed72399e0_0;
    %parti/s 12, 0, 2;
    %load/vec4 v0x558ed7239900_0;
    %parti/s 12, 0, 2;
    %cmp/e;
    %flag_get/vec4 4;
    %jmp/0 T_12.2, 4;
    %load/vec4 v0x558ed7239ac0_0;
    %pushi/vec4 1, 0, 1;
    %cmp/e;
    %flag_get/vec4 4;
    %and;
T_12.2;
    %flag_set/vec4 8;
    %jmp/0xz  T_12.0, 8;
    %load/vec4 v0x558ed7239740_0;
    %assign/vec4 v0x558ed7239820_0, 0;
    %jmp T_12.1;
T_12.0 ;
    %load/vec4 v0x558ed7239900_0;
    %parti/s 12, 0, 2;
    %dup/vec4;
    %pushi/vec4 3072, 0, 12;
    %cmp/u;
    %jmp/1 T_12.3, 6;
    %dup/vec4;
    %pushi/vec4 3200, 0, 12;
    %cmp/u;
    %jmp/1 T_12.4, 6;
    %dup/vec4;
    %pushi/vec4 773, 0, 12;
    %cmp/u;
    %jmp/1 T_12.5, 6;
    %dup/vec4;
    %pushi/vec4 834, 0, 12;
    %cmp/u;
    %jmp/1 T_12.6, 6;
    %dup/vec4;
    %pushi/vec4 772, 0, 12;
    %cmp/u;
    %jmp/1 T_12.7, 6;
    %dup/vec4;
    %pushi/vec4 833, 0, 12;
    %cmp/u;
    %jmp/1 T_12.8, 6;
    %dup/vec4;
    %pushi/vec4 832, 0, 12;
    %cmp/u;
    %jmp/1 T_12.9, 6;
    %dup/vec4;
    %pushi/vec4 768, 0, 12;
    %cmp/u;
    %jmp/1 T_12.10, 6;
    %jmp T_12.11;
T_12.3 ;
    %load/vec4 v0x558ed7239c40_0;
    %parti/s 32, 0, 2;
    %store/vec4 v0x558ed7239820_0, 0, 32;
    %jmp T_12.11;
T_12.4 ;
    %load/vec4 v0x558ed7239c40_0;
    %parti/s 32, 32, 7;
    %store/vec4 v0x558ed7239820_0, 0, 32;
    %jmp T_12.11;
T_12.5 ;
    %load/vec4 v0x558ed723a510_0;
    %store/vec4 v0x558ed7239820_0, 0, 32;
    %jmp T_12.11;
T_12.6 ;
    %load/vec4 v0x558ed723a0b0_0;
    %store/vec4 v0x558ed7239820_0, 0, 32;
    %jmp T_12.11;
T_12.7 ;
    %load/vec4 v0x558ed723a270_0;
    %store/vec4 v0x558ed7239820_0, 0, 32;
    %jmp T_12.11;
T_12.8 ;
    %load/vec4 v0x558ed723a190_0;
    %store/vec4 v0x558ed7239820_0, 0, 32;
    %jmp T_12.11;
T_12.9 ;
    %load/vec4 v0x558ed723a350_0;
    %store/vec4 v0x558ed7239820_0, 0, 32;
    %jmp T_12.11;
T_12.10 ;
    %load/vec4 v0x558ed723a430_0;
    %store/vec4 v0x558ed7239820_0, 0, 32;
    %jmp T_12.11;
T_12.11 ;
    %pop/vec4 1;
T_12.1 ;
    %jmp T_12;
    .thread T_12, $push;
    .scope S_0x558ed723e660;
T_13 ;
    %wait E_0x558ed7238fb0;
    %load/vec4 v0x558ed723ee90_0;
    %nor/r;
    %load/vec4 v0x558ed723ebc0_0;
    %or;
    %flag_set/vec4 8;
    %jmp/0xz  T_13.0, 8;
    %load/vec4 v0x558ed723ea10_0;
    %assign/vec4 v0x558ed723edb0_0, 0;
    %jmp T_13.1;
T_13.0 ;
    %load/vec4 v0x558ed723ead0_0;
    %assign/vec4 v0x558ed723edb0_0, 0;
T_13.1 ;
    %jmp T_13;
    .thread T_13;
    .scope S_0x558ed723f080;
T_14 ;
    %wait E_0x558ed7238fb0;
    %load/vec4 v0x558ed723f8e0_0;
    %nor/r;
    %load/vec4 v0x558ed723f650_0;
    %or;
    %flag_set/vec4 8;
    %jmp/0xz  T_14.0, 8;
    %load/vec4 v0x558ed723f4b0_0;
    %assign/vec4 v0x558ed723f800_0, 0;
    %jmp T_14.1;
T_14.0 ;
    %load/vec4 v0x558ed723f590_0;
    %assign/vec4 v0x558ed723f800_0, 0;
T_14.1 ;
    %jmp T_14;
    .thread T_14;
    .scope S_0x558ed723fa80;
T_15 ;
    %wait E_0x558ed7238fb0;
    %load/vec4 v0x558ed7240340_0;
    %nor/r;
    %load/vec4 v0x558ed7240040_0;
    %or;
    %flag_set/vec4 8;
    %jmp/0xz  T_15.0, 8;
    %load/vec4 v0x558ed723fe70_0;
    %assign/vec4 v0x558ed7240260_0, 0;
    %jmp T_15.1;
T_15.0 ;
    %load/vec4 v0x558ed723ff50_0;
    %assign/vec4 v0x558ed7240260_0, 0;
T_15.1 ;
    %jmp T_15;
    .thread T_15;
    .scope S_0x558ed714c980;
T_16 ;
    %wait E_0x558ed723aee0;
    %load/vec4 v0x558ed723d4c0_0;
    %store/vec4 v0x558ed723d5a0_0, 0, 32;
    %load/vec4 v0x558ed723d300_0;
    %store/vec4 v0x558ed723d3e0_0, 0, 32;
    %jmp T_16;
    .thread T_16, $push;
    .scope S_0x558ed714c980;
T_17 ;
    %wait E_0x558ed723adc0;
    %load/vec4 v0x558ed723da00_0;
    %dup/vec4;
    %pushi/vec4 19, 0, 8;
    %cmp/u;
    %jmp/1 T_17.0, 6;
    %dup/vec4;
    %pushi/vec4 99, 0, 8;
    %cmp/u;
    %jmp/1 T_17.1, 6;
    %dup/vec4;
    %pushi/vec4 51, 0, 8;
    %cmp/u;
    %jmp/1 T_17.2, 6;
    %dup/vec4;
    %pushi/vec4 35, 0, 8;
    %cmp/u;
    %jmp/1 T_17.3, 6;
    %dup/vec4;
    %pushi/vec4 3, 0, 8;
    %cmp/u;
    %jmp/1 T_17.4, 6;
    %dup/vec4;
    %pushi/vec4 115, 0, 8;
    %cmp/u;
    %jmp/1 T_17.5, 6;
    %dup/vec4;
    %pushi/vec4 111, 0, 8;
    %cmp/u;
    %jmp/1 T_17.6, 6;
    %dup/vec4;
    %pushi/vec4 103, 0, 8;
    %cmp/u;
    %jmp/1 T_17.7, 6;
    %dup/vec4;
    %pushi/vec4 55, 0, 8;
    %cmp/u;
    %jmp/1 T_17.8, 6;
    %dup/vec4;
    %pushi/vec4 23, 0, 8;
    %cmp/u;
    %jmp/1 T_17.9, 6;
    %dup/vec4;
    %pushi/vec4 1, 0, 8;
    %cmp/u;
    %jmp/1 T_17.10, 6;
    %dup/vec4;
    %pushi/vec4 15, 0, 8;
    %cmp/u;
    %jmp/1 T_17.11, 6;
    %pushi/vec4 0, 0, 5;
    %store/vec4 v0x558ed723dae0_0, 0, 5;
    %pushi/vec4 0, 0, 5;
    %store/vec4 v0x558ed723dd80_0, 0, 5;
    %pushi/vec4 0, 0, 32;
    %store/vec4 v0x558ed723d760_0, 0, 32;
    %pushi/vec4 0, 0, 32;
    %store/vec4 v0x558ed723d920_0, 0, 32;
    %pushi/vec4 0, 0, 32;
    %store/vec4 v0x558ed723d680_0, 0, 32;
    %pushi/vec4 0, 0, 32;
    %store/vec4 v0x558ed723d840_0, 0, 32;
    %pushi/vec4 0, 0, 32;
    %store/vec4 v0x558ed723dca0_0, 0, 32;
    %pushi/vec4 0, 0, 32;
    %store/vec4 v0x558ed723df40_0, 0, 32;
    %jmp T_17.13;
T_17.0 ;
    %load/vec4 v0x558ed723b2c0_0;
    %dup/vec4;
    %pushi/vec4 0, 0, 3;
    %cmp/u;
    %jmp/1 T_17.14, 6;
    %dup/vec4;
    %pushi/vec4 2, 0, 3;
    %cmp/u;
    %jmp/1 T_17.15, 6;
    %dup/vec4;
    %pushi/vec4 3, 0, 3;
    %cmp/u;
    %jmp/1 T_17.16, 6;
    %dup/vec4;
    %pushi/vec4 4, 0, 3;
    %cmp/u;
    %jmp/1 T_17.17, 6;
    %dup/vec4;
    %pushi/vec4 6, 0, 3;
    %cmp/u;
    %jmp/1 T_17.18, 6;
    %dup/vec4;
    %pushi/vec4 7, 0, 3;
    %cmp/u;
    %jmp/1 T_17.19, 6;
    %dup/vec4;
    %pushi/vec4 1, 0, 3;
    %cmp/u;
    %jmp/1 T_17.20, 6;
    %dup/vec4;
    %pushi/vec4 5, 0, 3;
    %cmp/u;
    %jmp/1 T_17.21, 6;
    %pushi/vec4 0, 0, 5;
    %store/vec4 v0x558ed723dae0_0, 0, 5;
    %pushi/vec4 0, 0, 5;
    %store/vec4 v0x558ed723dd80_0, 0, 5;
    %pushi/vec4 0, 0, 32;
    %store/vec4 v0x558ed723d760_0, 0, 32;
    %pushi/vec4 0, 0, 32;
    %store/vec4 v0x558ed723d920_0, 0, 32;
    %pushi/vec4 0, 0, 32;
    %store/vec4 v0x558ed723d680_0, 0, 32;
    %pushi/vec4 0, 0, 32;
    %store/vec4 v0x558ed723d840_0, 0, 32;
    %pushi/vec4 0, 0, 32;
    %store/vec4 v0x558ed723dca0_0, 0, 32;
    %pushi/vec4 0, 0, 32;
    %store/vec4 v0x558ed723df40_0, 0, 32;
    %jmp T_17.23;
T_17.14 ;
    %load/vec4 v0x558ed723b5b0_0;
    %store/vec4 v0x558ed723dae0_0, 0, 5;
    %pushi/vec4 0, 0, 5;
    %store/vec4 v0x558ed723dd80_0, 0, 5;
    %load/vec4 v0x558ed723b3f0_0;
    %parti/s 1, 11, 5;
    %replicate 20;
    %load/vec4 v0x558ed723b3f0_0;
    %concat/vec4; draw_concat_vec4
    %store/vec4 v0x558ed723d760_0, 0, 32;
    %pushi/vec4 0, 0, 32;
    %store/vec4 v0x558ed723d920_0, 0, 32;
    %pushi/vec4 0, 0, 32;
    %store/vec4 v0x558ed723d680_0, 0, 32;
    %pushi/vec4 0, 0, 32;
    %store/vec4 v0x558ed723d840_0, 0, 32;
    %load/vec4 v0x558ed723dbc0_0;
    %store/vec4 v0x558ed723dca0_0, 0, 32;
    %pushi/vec4 0, 0, 32;
    %store/vec4 v0x558ed723df40_0, 0, 32;
    %jmp T_17.23;
T_17.15 ;
    %load/vec4 v0x558ed723b5b0_0;
    %store/vec4 v0x558ed723dae0_0, 0, 5;
    %pushi/vec4 0, 0, 5;
    %store/vec4 v0x558ed723dd80_0, 0, 5;
    %load/vec4 v0x558ed723b3f0_0;
    %parti/s 1, 11, 5;
    %replicate 20;
    %load/vec4 v0x558ed723b3f0_0;
    %concat/vec4; draw_concat_vec4
    %store/vec4 v0x558ed723d760_0, 0, 32;
    %pushi/vec4 0, 0, 32;
    %store/vec4 v0x558ed723d920_0, 0, 32;
    %pushi/vec4 0, 0, 32;
    %store/vec4 v0x558ed723d680_0, 0, 32;
    %pushi/vec4 0, 0, 32;
    %store/vec4 v0x558ed723d840_0, 0, 32;
    %load/vec4 v0x558ed723dbc0_0;
    %store/vec4 v0x558ed723dca0_0, 0, 32;
    %pushi/vec4 0, 0, 32;
    %store/vec4 v0x558ed723df40_0, 0, 32;
    %jmp T_17.23;
T_17.16 ;
    %load/vec4 v0x558ed723b5b0_0;
    %store/vec4 v0x558ed723dae0_0, 0, 5;
    %pushi/vec4 0, 0, 5;
    %store/vec4 v0x558ed723dd80_0, 0, 5;
    %load/vec4 v0x558ed723b3f0_0;
    %parti/s 1, 11, 5;
    %replicate 20;
    %load/vec4 v0x558ed723b3f0_0;
    %concat/vec4; draw_concat_vec4
    %store/vec4 v0x558ed723d760_0, 0, 32;
    %pushi/vec4 0, 0, 32;
    %store/vec4 v0x558ed723d920_0, 0, 32;
    %pushi/vec4 0, 0, 32;
    %store/vec4 v0x558ed723d680_0, 0, 32;
    %pushi/vec4 0, 0, 32;
    %store/vec4 v0x558ed723d840_0, 0, 32;
    %load/vec4 v0x558ed723dbc0_0;
    %store/vec4 v0x558ed723dca0_0, 0, 32;
    %pushi/vec4 0, 0, 32;
    %store/vec4 v0x558ed723df40_0, 0, 32;
    %jmp T_17.23;
T_17.17 ;
    %load/vec4 v0x558ed723b5b0_0;
    %store/vec4 v0x558ed723dae0_0, 0, 5;
    %pushi/vec4 0, 0, 5;
    %store/vec4 v0x558ed723dd80_0, 0, 5;
    %load/vec4 v0x558ed723b3f0_0;
    %parti/s 1, 11, 5;
    %replicate 20;
    %load/vec4 v0x558ed723b3f0_0;
    %concat/vec4; draw_concat_vec4
    %store/vec4 v0x558ed723d760_0, 0, 32;
    %pushi/vec4 0, 0, 32;
    %store/vec4 v0x558ed723d920_0, 0, 32;
    %pushi/vec4 0, 0, 32;
    %store/vec4 v0x558ed723d680_0, 0, 32;
    %pushi/vec4 0, 0, 32;
    %store/vec4 v0x558ed723d840_0, 0, 32;
    %load/vec4 v0x558ed723dbc0_0;
    %store/vec4 v0x558ed723dca0_0, 0, 32;
    %pushi/vec4 0, 0, 32;
    %store/vec4 v0x558ed723df40_0, 0, 32;
    %jmp T_17.23;
T_17.18 ;
    %load/vec4 v0x558ed723b5b0_0;
    %store/vec4 v0x558ed723dae0_0, 0, 5;
    %pushi/vec4 0, 0, 5;
    %store/vec4 v0x558ed723dd80_0, 0, 5;
    %load/vec4 v0x558ed723b3f0_0;
    %parti/s 1, 11, 5;
    %replicate 20;
    %load/vec4 v0x558ed723b3f0_0;
    %concat/vec4; draw_concat_vec4
    %store/vec4 v0x558ed723d760_0, 0, 32;
    %pushi/vec4 0, 0, 32;
    %store/vec4 v0x558ed723d920_0, 0, 32;
    %pushi/vec4 0, 0, 32;
    %store/vec4 v0x558ed723d680_0, 0, 32;
    %pushi/vec4 0, 0, 32;
    %store/vec4 v0x558ed723d840_0, 0, 32;
    %load/vec4 v0x558ed723dbc0_0;
    %store/vec4 v0x558ed723dca0_0, 0, 32;
    %pushi/vec4 0, 0, 32;
    %store/vec4 v0x558ed723df40_0, 0, 32;
    %jmp T_17.23;
T_17.19 ;
    %load/vec4 v0x558ed723b5b0_0;
    %store/vec4 v0x558ed723dae0_0, 0, 5;
    %pushi/vec4 0, 0, 5;
    %store/vec4 v0x558ed723dd80_0, 0, 5;
    %load/vec4 v0x558ed723b3f0_0;
    %parti/s 1, 11, 5;
    %replicate 20;
    %load/vec4 v0x558ed723b3f0_0;
    %concat/vec4; draw_concat_vec4
    %store/vec4 v0x558ed723d760_0, 0, 32;
    %pushi/vec4 0, 0, 32;
    %store/vec4 v0x558ed723d920_0, 0, 32;
    %pushi/vec4 0, 0, 32;
    %store/vec4 v0x558ed723d680_0, 0, 32;
    %pushi/vec4 0, 0, 32;
    %store/vec4 v0x558ed723d840_0, 0, 32;
    %load/vec4 v0x558ed723dbc0_0;
    %store/vec4 v0x558ed723dca0_0, 0, 32;
    %pushi/vec4 0, 0, 32;
    %store/vec4 v0x558ed723df40_0, 0, 32;
    %jmp T_17.23;
T_17.20 ;
    %load/vec4 v0x558ed723b5b0_0;
    %store/vec4 v0x558ed723dae0_0, 0, 5;
    %pushi/vec4 0, 0, 5;
    %store/vec4 v0x558ed723dd80_0, 0, 5;
    %load/vec4 v0x558ed723b3f0_0;
    %parti/s 1, 11, 5;
    %replicate 20;
    %load/vec4 v0x558ed723b3f0_0;
    %concat/vec4; draw_concat_vec4
    %store/vec4 v0x558ed723d760_0, 0, 32;
    %pushi/vec4 0, 0, 32;
    %store/vec4 v0x558ed723d920_0, 0, 32;
    %pushi/vec4 0, 0, 32;
    %store/vec4 v0x558ed723d680_0, 0, 32;
    %pushi/vec4 0, 0, 32;
    %store/vec4 v0x558ed723d840_0, 0, 32;
    %load/vec4 v0x558ed723dbc0_0;
    %store/vec4 v0x558ed723dca0_0, 0, 32;
    %pushi/vec4 0, 0, 32;
    %store/vec4 v0x558ed723df40_0, 0, 32;
    %jmp T_17.23;
T_17.21 ;
    %load/vec4 v0x558ed723b5b0_0;
    %store/vec4 v0x558ed723dae0_0, 0, 5;
    %pushi/vec4 0, 0, 5;
    %store/vec4 v0x558ed723dd80_0, 0, 5;
    %load/vec4 v0x558ed723b3f0_0;
    %parti/s 1, 11, 5;
    %replicate 20;
    %load/vec4 v0x558ed723b3f0_0;
    %concat/vec4; draw_concat_vec4
    %store/vec4 v0x558ed723d760_0, 0, 32;
    %pushi/vec4 0, 0, 32;
    %store/vec4 v0x558ed723d920_0, 0, 32;
    %pushi/vec4 0, 0, 32;
    %store/vec4 v0x558ed723d680_0, 0, 32;
    %pushi/vec4 0, 0, 32;
    %store/vec4 v0x558ed723d840_0, 0, 32;
    %load/vec4 v0x558ed723dbc0_0;
    %store/vec4 v0x558ed723dca0_0, 0, 32;
    %pushi/vec4 0, 0, 32;
    %store/vec4 v0x558ed723df40_0, 0, 32;
    %jmp T_17.23;
T_17.23 ;
    %pop/vec4 1;
    %jmp T_17.13;
T_17.1 ;
    %load/vec4 v0x558ed723af40_0;
    %dup/vec4;
    %pushi/vec4 0, 0, 3;
    %cmp/u;
    %jmp/1 T_17.24, 6;
    %dup/vec4;
    %pushi/vec4 1, 0, 3;
    %cmp/u;
    %jmp/1 T_17.25, 6;
    %dup/vec4;
    %pushi/vec4 4, 0, 3;
    %cmp/u;
    %jmp/1 T_17.26, 6;
    %dup/vec4;
    %pushi/vec4 5, 0, 3;
    %cmp/u;
    %jmp/1 T_17.27, 6;
    %dup/vec4;
    %pushi/vec4 6, 0, 3;
    %cmp/u;
    %jmp/1 T_17.28, 6;
    %dup/vec4;
    %pushi/vec4 7, 0, 3;
    %cmp/u;
    %jmp/1 T_17.29, 6;
    %pushi/vec4 0, 0, 5;
    %store/vec4 v0x558ed723dae0_0, 0, 5;
    %pushi/vec4 0, 0, 5;
    %store/vec4 v0x558ed723dd80_0, 0, 5;
    %pushi/vec4 0, 0, 32;
    %store/vec4 v0x558ed723d760_0, 0, 32;
    %pushi/vec4 0, 0, 32;
    %store/vec4 v0x558ed723d920_0, 0, 32;
    %pushi/vec4 0, 0, 32;
    %store/vec4 v0x558ed723d680_0, 0, 32;
    %pushi/vec4 0, 0, 32;
    %store/vec4 v0x558ed723d840_0, 0, 32;
    %pushi/vec4 0, 0, 32;
    %store/vec4 v0x558ed723dca0_0, 0, 32;
    %pushi/vec4 0, 0, 32;
    %store/vec4 v0x558ed723df40_0, 0, 32;
    %jmp T_17.31;
T_17.24 ;
    %load/vec4 v0x558ed723b120_0;
    %store/vec4 v0x558ed723dae0_0, 0, 5;
    %load/vec4 v0x558ed723b1e0_0;
    %store/vec4 v0x558ed723dd80_0, 0, 5;
    %pushi/vec4 0, 0, 32;
    %store/vec4 v0x558ed723d760_0, 0, 32;
    %pushi/vec4 0, 0, 32;
    %store/vec4 v0x558ed723d920_0, 0, 32;
    %load/vec4 v0x558ed723d300_0;
    %store/vec4 v0x558ed723d680_0, 0, 32;
    %load/vec4 v0x558ed723b040_0;
    %parti/s 1, 11, 5;
    %replicate 19;
    %load/vec4 v0x558ed723b040_0;
    %concat/vec4; draw_concat_vec4
    %concati/vec4 0, 0, 1;
    %store/vec4 v0x558ed723d840_0, 0, 32;
    %load/vec4 v0x558ed723dbc0_0;
    %store/vec4 v0x558ed723dca0_0, 0, 32;
    %load/vec4 v0x558ed723de60_0;
    %store/vec4 v0x558ed723df40_0, 0, 32;
    %jmp T_17.31;
T_17.25 ;
    %load/vec4 v0x558ed723b120_0;
    %store/vec4 v0x558ed723dae0_0, 0, 5;
    %load/vec4 v0x558ed723b1e0_0;
    %store/vec4 v0x558ed723dd80_0, 0, 5;
    %pushi/vec4 0, 0, 32;
    %store/vec4 v0x558ed723d760_0, 0, 32;
    %pushi/vec4 0, 0, 32;
    %store/vec4 v0x558ed723d920_0, 0, 32;
    %load/vec4 v0x558ed723d300_0;
    %store/vec4 v0x558ed723d680_0, 0, 32;
    %load/vec4 v0x558ed723b040_0;
    %parti/s 1, 11, 5;
    %replicate 19;
    %load/vec4 v0x558ed723b040_0;
    %concat/vec4; draw_concat_vec4
    %concati/vec4 0, 0, 1;
    %store/vec4 v0x558ed723d840_0, 0, 32;
    %load/vec4 v0x558ed723dbc0_0;
    %store/vec4 v0x558ed723dca0_0, 0, 32;
    %load/vec4 v0x558ed723de60_0;
    %store/vec4 v0x558ed723df40_0, 0, 32;
    %jmp T_17.31;
T_17.26 ;
    %load/vec4 v0x558ed723b120_0;
    %store/vec4 v0x558ed723dae0_0, 0, 5;
    %load/vec4 v0x558ed723b1e0_0;
    %store/vec4 v0x558ed723dd80_0, 0, 5;
    %pushi/vec4 0, 0, 32;
    %store/vec4 v0x558ed723d760_0, 0, 32;
    %pushi/vec4 0, 0, 32;
    %store/vec4 v0x558ed723d920_0, 0, 32;
    %load/vec4 v0x558ed723d300_0;
    %store/vec4 v0x558ed723d680_0, 0, 32;
    %load/vec4 v0x558ed723b040_0;
    %parti/s 1, 11, 5;
    %replicate 19;
    %load/vec4 v0x558ed723b040_0;
    %concat/vec4; draw_concat_vec4
    %concati/vec4 0, 0, 1;
    %store/vec4 v0x558ed723d840_0, 0, 32;
    %load/vec4 v0x558ed723dbc0_0;
    %store/vec4 v0x558ed723dca0_0, 0, 32;
    %load/vec4 v0x558ed723de60_0;
    %store/vec4 v0x558ed723df40_0, 0, 32;
    %jmp T_17.31;
T_17.27 ;
    %load/vec4 v0x558ed723b120_0;
    %store/vec4 v0x558ed723dae0_0, 0, 5;
    %load/vec4 v0x558ed723b1e0_0;
    %store/vec4 v0x558ed723dd80_0, 0, 5;
    %pushi/vec4 0, 0, 32;
    %store/vec4 v0x558ed723d760_0, 0, 32;
    %pushi/vec4 0, 0, 32;
    %store/vec4 v0x558ed723d920_0, 0, 32;
    %load/vec4 v0x558ed723d300_0;
    %store/vec4 v0x558ed723d680_0, 0, 32;
    %load/vec4 v0x558ed723b040_0;
    %parti/s 1, 11, 5;
    %replicate 19;
    %load/vec4 v0x558ed723b040_0;
    %concat/vec4; draw_concat_vec4
    %concati/vec4 0, 0, 1;
    %store/vec4 v0x558ed723d840_0, 0, 32;
    %load/vec4 v0x558ed723dbc0_0;
    %store/vec4 v0x558ed723dca0_0, 0, 32;
    %load/vec4 v0x558ed723de60_0;
    %store/vec4 v0x558ed723df40_0, 0, 32;
    %jmp T_17.31;
T_17.28 ;
    %load/vec4 v0x558ed723b120_0;
    %store/vec4 v0x558ed723dae0_0, 0, 5;
    %load/vec4 v0x558ed723b1e0_0;
    %store/vec4 v0x558ed723dd80_0, 0, 5;
    %pushi/vec4 0, 0, 32;
    %store/vec4 v0x558ed723d760_0, 0, 32;
    %pushi/vec4 0, 0, 32;
    %store/vec4 v0x558ed723d920_0, 0, 32;
    %load/vec4 v0x558ed723d300_0;
    %store/vec4 v0x558ed723d680_0, 0, 32;
    %load/vec4 v0x558ed723b040_0;
    %parti/s 1, 11, 5;
    %replicate 19;
    %load/vec4 v0x558ed723b040_0;
    %concat/vec4; draw_concat_vec4
    %concati/vec4 0, 0, 1;
    %store/vec4 v0x558ed723d840_0, 0, 32;
    %load/vec4 v0x558ed723dbc0_0;
    %store/vec4 v0x558ed723dca0_0, 0, 32;
    %load/vec4 v0x558ed723de60_0;
    %store/vec4 v0x558ed723df40_0, 0, 32;
    %jmp T_17.31;
T_17.29 ;
    %load/vec4 v0x558ed723b120_0;
    %store/vec4 v0x558ed723dae0_0, 0, 5;
    %load/vec4 v0x558ed723b1e0_0;
    %store/vec4 v0x558ed723dd80_0, 0, 5;
    %pushi/vec4 0, 0, 32;
    %store/vec4 v0x558ed723d760_0, 0, 32;
    %pushi/vec4 0, 0, 32;
    %store/vec4 v0x558ed723d920_0, 0, 32;
    %load/vec4 v0x558ed723d300_0;
    %store/vec4 v0x558ed723d680_0, 0, 32;
    %load/vec4 v0x558ed723b040_0;
    %parti/s 1, 11, 5;
    %replicate 19;
    %load/vec4 v0x558ed723b040_0;
    %concat/vec4; draw_concat_vec4
    %concati/vec4 0, 0, 1;
    %store/vec4 v0x558ed723d840_0, 0, 32;
    %load/vec4 v0x558ed723dbc0_0;
    %store/vec4 v0x558ed723dca0_0, 0, 32;
    %load/vec4 v0x558ed723de60_0;
    %store/vec4 v0x558ed723df40_0, 0, 32;
    %jmp T_17.31;
T_17.31 ;
    %pop/vec4 1;
    %jmp T_17.13;
T_17.2 ;
    %load/vec4 v0x558ed723ba10_0;
    %dup/vec4;
    %pushi/vec4 0, 0, 5;
    %cmp/u;
    %jmp/1 T_17.32, 6;
    %pushi/vec4 0, 0, 5;
    %store/vec4 v0x558ed723dae0_0, 0, 5;
    %pushi/vec4 0, 0, 5;
    %store/vec4 v0x558ed723dd80_0, 0, 5;
    %pushi/vec4 0, 0, 32;
    %store/vec4 v0x558ed723d760_0, 0, 32;
    %pushi/vec4 0, 0, 32;
    %store/vec4 v0x558ed723d920_0, 0, 32;
    %pushi/vec4 0, 0, 32;
    %store/vec4 v0x558ed723d680_0, 0, 32;
    %pushi/vec4 0, 0, 32;
    %store/vec4 v0x558ed723d840_0, 0, 32;
    %pushi/vec4 0, 0, 32;
    %store/vec4 v0x558ed723dca0_0, 0, 32;
    %pushi/vec4 0, 0, 32;
    %store/vec4 v0x558ed723df40_0, 0, 32;
    %jmp T_17.34;
T_17.32 ;
    %load/vec4 v0x558ed723b930_0;
    %dup/vec4;
    %pushi/vec4 0, 0, 3;
    %cmp/u;
    %jmp/1 T_17.35, 6;
    %dup/vec4;
    %pushi/vec4 1, 0, 3;
    %cmp/u;
    %jmp/1 T_17.36, 6;
    %dup/vec4;
    %pushi/vec4 2, 0, 3;
    %cmp/u;
    %jmp/1 T_17.37, 6;
    %dup/vec4;
    %pushi/vec4 3, 0, 3;
    %cmp/u;
    %jmp/1 T_17.38, 6;
    %dup/vec4;
    %pushi/vec4 4, 0, 3;
    %cmp/u;
    %jmp/1 T_17.39, 6;
    %dup/vec4;
    %pushi/vec4 5, 0, 3;
    %cmp/u;
    %jmp/1 T_17.40, 6;
    %dup/vec4;
    %pushi/vec4 6, 0, 3;
    %cmp/u;
    %jmp/1 T_17.41, 6;
    %dup/vec4;
    %pushi/vec4 7, 0, 3;
    %cmp/u;
    %jmp/1 T_17.42, 6;
    %pushi/vec4 0, 0, 5;
    %store/vec4 v0x558ed723dae0_0, 0, 5;
    %pushi/vec4 0, 0, 5;
    %store/vec4 v0x558ed723dd80_0, 0, 5;
    %pushi/vec4 0, 0, 32;
    %store/vec4 v0x558ed723d760_0, 0, 32;
    %pushi/vec4 0, 0, 32;
    %store/vec4 v0x558ed723d920_0, 0, 32;
    %pushi/vec4 0, 0, 32;
    %store/vec4 v0x558ed723d680_0, 0, 32;
    %pushi/vec4 0, 0, 32;
    %store/vec4 v0x558ed723d840_0, 0, 32;
    %pushi/vec4 0, 0, 32;
    %store/vec4 v0x558ed723dca0_0, 0, 32;
    %pushi/vec4 0, 0, 32;
    %store/vec4 v0x558ed723df40_0, 0, 32;
    %jmp T_17.44;
T_17.35 ;
    %load/vec4 v0x558ed723bbd0_0;
    %store/vec4 v0x558ed723dae0_0, 0, 5;
    %load/vec4 v0x558ed723bcb0_0;
    %store/vec4 v0x558ed723dd80_0, 0, 5;
    %load/vec4 v0x558ed723baf0_0;
    %pad/u 32;
    %store/vec4 v0x558ed723d760_0, 0, 32;
    %pushi/vec4 0, 0, 32;
    %store/vec4 v0x558ed723d920_0, 0, 32;
    %pushi/vec4 0, 0, 32;
    %store/vec4 v0x558ed723d680_0, 0, 32;
    %pushi/vec4 0, 0, 32;
    %store/vec4 v0x558ed723d840_0, 0, 32;
    %load/vec4 v0x558ed723dbc0_0;
    %store/vec4 v0x558ed723dca0_0, 0, 32;
    %load/vec4 v0x558ed723de60_0;
    %store/vec4 v0x558ed723df40_0, 0, 32;
    %jmp T_17.44;
T_17.36 ;
    %load/vec4 v0x558ed723bbd0_0;
    %store/vec4 v0x558ed723dae0_0, 0, 5;
    %load/vec4 v0x558ed723bcb0_0;
    %store/vec4 v0x558ed723dd80_0, 0, 5;
    %load/vec4 v0x558ed723baf0_0;
    %pad/u 32;
    %store/vec4 v0x558ed723d760_0, 0, 32;
    %pushi/vec4 0, 0, 32;
    %store/vec4 v0x558ed723d920_0, 0, 32;
    %pushi/vec4 0, 0, 32;
    %store/vec4 v0x558ed723d680_0, 0, 32;
    %pushi/vec4 0, 0, 32;
    %store/vec4 v0x558ed723d840_0, 0, 32;
    %load/vec4 v0x558ed723dbc0_0;
    %store/vec4 v0x558ed723dca0_0, 0, 32;
    %load/vec4 v0x558ed723de60_0;
    %store/vec4 v0x558ed723df40_0, 0, 32;
    %jmp T_17.44;
T_17.37 ;
    %load/vec4 v0x558ed723bbd0_0;
    %store/vec4 v0x558ed723dae0_0, 0, 5;
    %load/vec4 v0x558ed723bcb0_0;
    %store/vec4 v0x558ed723dd80_0, 0, 5;
    %load/vec4 v0x558ed723baf0_0;
    %pad/u 32;
    %store/vec4 v0x558ed723d760_0, 0, 32;
    %pushi/vec4 0, 0, 32;
    %store/vec4 v0x558ed723d920_0, 0, 32;
    %pushi/vec4 0, 0, 32;
    %store/vec4 v0x558ed723d680_0, 0, 32;
    %pushi/vec4 0, 0, 32;
    %store/vec4 v0x558ed723d840_0, 0, 32;
    %load/vec4 v0x558ed723dbc0_0;
    %store/vec4 v0x558ed723dca0_0, 0, 32;
    %load/vec4 v0x558ed723de60_0;
    %store/vec4 v0x558ed723df40_0, 0, 32;
    %jmp T_17.44;
T_17.38 ;
    %load/vec4 v0x558ed723bbd0_0;
    %store/vec4 v0x558ed723dae0_0, 0, 5;
    %load/vec4 v0x558ed723bcb0_0;
    %store/vec4 v0x558ed723dd80_0, 0, 5;
    %load/vec4 v0x558ed723baf0_0;
    %pad/u 32;
    %store/vec4 v0x558ed723d760_0, 0, 32;
    %pushi/vec4 0, 0, 32;
    %store/vec4 v0x558ed723d920_0, 0, 32;
    %pushi/vec4 0, 0, 32;
    %store/vec4 v0x558ed723d680_0, 0, 32;
    %pushi/vec4 0, 0, 32;
    %store/vec4 v0x558ed723d840_0, 0, 32;
    %load/vec4 v0x558ed723dbc0_0;
    %store/vec4 v0x558ed723dca0_0, 0, 32;
    %load/vec4 v0x558ed723de60_0;
    %store/vec4 v0x558ed723df40_0, 0, 32;
    %jmp T_17.44;
T_17.39 ;
    %load/vec4 v0x558ed723bbd0_0;
    %store/vec4 v0x558ed723dae0_0, 0, 5;
    %load/vec4 v0x558ed723bcb0_0;
    %store/vec4 v0x558ed723dd80_0, 0, 5;
    %load/vec4 v0x558ed723baf0_0;
    %pad/u 32;
    %store/vec4 v0x558ed723d760_0, 0, 32;
    %pushi/vec4 0, 0, 32;
    %store/vec4 v0x558ed723d920_0, 0, 32;
    %pushi/vec4 0, 0, 32;
    %store/vec4 v0x558ed723d680_0, 0, 32;
    %pushi/vec4 0, 0, 32;
    %store/vec4 v0x558ed723d840_0, 0, 32;
    %load/vec4 v0x558ed723dbc0_0;
    %store/vec4 v0x558ed723dca0_0, 0, 32;
    %load/vec4 v0x558ed723de60_0;
    %store/vec4 v0x558ed723df40_0, 0, 32;
    %jmp T_17.44;
T_17.40 ;
    %load/vec4 v0x558ed723bbd0_0;
    %store/vec4 v0x558ed723dae0_0, 0, 5;
    %load/vec4 v0x558ed723bcb0_0;
    %store/vec4 v0x558ed723dd80_0, 0, 5;
    %load/vec4 v0x558ed723baf0_0;
    %pad/u 32;
    %store/vec4 v0x558ed723d760_0, 0, 32;
    %pushi/vec4 0, 0, 32;
    %store/vec4 v0x558ed723d920_0, 0, 32;
    %pushi/vec4 0, 0, 32;
    %store/vec4 v0x558ed723d680_0, 0, 32;
    %pushi/vec4 0, 0, 32;
    %store/vec4 v0x558ed723d840_0, 0, 32;
    %load/vec4 v0x558ed723dbc0_0;
    %store/vec4 v0x558ed723dca0_0, 0, 32;
    %load/vec4 v0x558ed723de60_0;
    %store/vec4 v0x558ed723df40_0, 0, 32;
    %jmp T_17.44;
T_17.41 ;
    %load/vec4 v0x558ed723bbd0_0;
    %store/vec4 v0x558ed723dae0_0, 0, 5;
    %load/vec4 v0x558ed723bcb0_0;
    %store/vec4 v0x558ed723dd80_0, 0, 5;
    %load/vec4 v0x558ed723baf0_0;
    %pad/u 32;
    %store/vec4 v0x558ed723d760_0, 0, 32;
    %pushi/vec4 0, 0, 32;
    %store/vec4 v0x558ed723d920_0, 0, 32;
    %pushi/vec4 0, 0, 32;
    %store/vec4 v0x558ed723d680_0, 0, 32;
    %pushi/vec4 0, 0, 32;
    %store/vec4 v0x558ed723d840_0, 0, 32;
    %load/vec4 v0x558ed723dbc0_0;
    %store/vec4 v0x558ed723dca0_0, 0, 32;
    %load/vec4 v0x558ed723de60_0;
    %store/vec4 v0x558ed723df40_0, 0, 32;
    %jmp T_17.44;
T_17.42 ;
    %load/vec4 v0x558ed723bbd0_0;
    %store/vec4 v0x558ed723dae0_0, 0, 5;
    %load/vec4 v0x558ed723bcb0_0;
    %store/vec4 v0x558ed723dd80_0, 0, 5;
    %load/vec4 v0x558ed723baf0_0;
    %pad/u 32;
    %store/vec4 v0x558ed723d760_0, 0, 32;
    %pushi/vec4 0, 0, 32;
    %store/vec4 v0x558ed723d920_0, 0, 32;
    %pushi/vec4 0, 0, 32;
    %store/vec4 v0x558ed723d680_0, 0, 32;
    %pushi/vec4 0, 0, 32;
    %store/vec4 v0x558ed723d840_0, 0, 32;
    %load/vec4 v0x558ed723dbc0_0;
    %store/vec4 v0x558ed723dca0_0, 0, 32;
    %load/vec4 v0x558ed723de60_0;
    %store/vec4 v0x558ed723df40_0, 0, 32;
    %jmp T_17.44;
T_17.44 ;
    %pop/vec4 1;
    %jmp T_17.34;
T_17.34 ;
    %pop/vec4 1;
    %jmp T_17.13;
T_17.3 ;
    %load/vec4 v0x558ed723bd90_0;
    %dup/vec4;
    %pushi/vec4 0, 0, 3;
    %cmp/u;
    %jmp/1 T_17.45, 6;
    %dup/vec4;
    %pushi/vec4 1, 0, 3;
    %cmp/u;
    %jmp/1 T_17.46, 6;
    %dup/vec4;
    %pushi/vec4 2, 0, 3;
    %cmp/u;
    %jmp/1 T_17.47, 6;
    %pushi/vec4 0, 0, 5;
    %store/vec4 v0x558ed723dae0_0, 0, 5;
    %pushi/vec4 0, 0, 5;
    %store/vec4 v0x558ed723dd80_0, 0, 5;
    %pushi/vec4 0, 0, 32;
    %store/vec4 v0x558ed723d760_0, 0, 32;
    %pushi/vec4 0, 0, 32;
    %store/vec4 v0x558ed723d920_0, 0, 32;
    %pushi/vec4 0, 0, 32;
    %store/vec4 v0x558ed723d680_0, 0, 32;
    %pushi/vec4 0, 0, 32;
    %store/vec4 v0x558ed723d840_0, 0, 32;
    %pushi/vec4 0, 0, 32;
    %store/vec4 v0x558ed723dca0_0, 0, 32;
    %pushi/vec4 0, 0, 32;
    %store/vec4 v0x558ed723df40_0, 0, 32;
    %jmp T_17.49;
T_17.45 ;
    %load/vec4 v0x558ed723c060_0;
    %store/vec4 v0x558ed723dae0_0, 0, 5;
    %load/vec4 v0x558ed723c140_0;
    %store/vec4 v0x558ed723dd80_0, 0, 5;
    %load/vec4 v0x558ed723bf80_0;
    %parti/s 1, 11, 5;
    %replicate 19;
    %load/vec4 v0x558ed723bf80_0;
    %concat/vec4; draw_concat_vec4
    %pad/u 32;
    %store/vec4 v0x558ed723d760_0, 0, 32;
    %pushi/vec4 0, 0, 32;
    %store/vec4 v0x558ed723d920_0, 0, 32;
    %pushi/vec4 0, 0, 32;
    %store/vec4 v0x558ed723d680_0, 0, 32;
    %pushi/vec4 0, 0, 32;
    %store/vec4 v0x558ed723d840_0, 0, 32;
    %load/vec4 v0x558ed723dbc0_0;
    %store/vec4 v0x558ed723dca0_0, 0, 32;
    %load/vec4 v0x558ed723de60_0;
    %store/vec4 v0x558ed723df40_0, 0, 32;
    %jmp T_17.49;
T_17.46 ;
    %load/vec4 v0x558ed723c060_0;
    %store/vec4 v0x558ed723dae0_0, 0, 5;
    %load/vec4 v0x558ed723c140_0;
    %store/vec4 v0x558ed723dd80_0, 0, 5;
    %load/vec4 v0x558ed723bf80_0;
    %parti/s 1, 11, 5;
    %replicate 19;
    %load/vec4 v0x558ed723bf80_0;
    %concat/vec4; draw_concat_vec4
    %pad/u 32;
    %store/vec4 v0x558ed723d760_0, 0, 32;
    %pushi/vec4 0, 0, 32;
    %store/vec4 v0x558ed723d920_0, 0, 32;
    %pushi/vec4 0, 0, 32;
    %store/vec4 v0x558ed723d680_0, 0, 32;
    %pushi/vec4 0, 0, 32;
    %store/vec4 v0x558ed723d840_0, 0, 32;
    %load/vec4 v0x558ed723dbc0_0;
    %store/vec4 v0x558ed723dca0_0, 0, 32;
    %load/vec4 v0x558ed723de60_0;
    %store/vec4 v0x558ed723df40_0, 0, 32;
    %jmp T_17.49;
T_17.47 ;
    %load/vec4 v0x558ed723c060_0;
    %store/vec4 v0x558ed723dae0_0, 0, 5;
    %load/vec4 v0x558ed723c140_0;
    %store/vec4 v0x558ed723dd80_0, 0, 5;
    %load/vec4 v0x558ed723bf80_0;
    %parti/s 1, 11, 5;
    %replicate 19;
    %load/vec4 v0x558ed723bf80_0;
    %concat/vec4; draw_concat_vec4
    %pad/u 32;
    %store/vec4 v0x558ed723d760_0, 0, 32;
    %pushi/vec4 0, 0, 32;
    %store/vec4 v0x558ed723d920_0, 0, 32;
    %pushi/vec4 0, 0, 32;
    %store/vec4 v0x558ed723d680_0, 0, 32;
    %pushi/vec4 0, 0, 32;
    %store/vec4 v0x558ed723d840_0, 0, 32;
    %load/vec4 v0x558ed723dbc0_0;
    %store/vec4 v0x558ed723dca0_0, 0, 32;
    %load/vec4 v0x558ed723de60_0;
    %store/vec4 v0x558ed723df40_0, 0, 32;
    %jmp T_17.49;
T_17.49 ;
    %pop/vec4 1;
    %jmp T_17.13;
T_17.4 ;
    %load/vec4 v0x558ed723b2c0_0;
    %dup/vec4;
    %pushi/vec4 0, 0, 3;
    %cmp/u;
    %jmp/1 T_17.50, 6;
    %dup/vec4;
    %pushi/vec4 1, 0, 3;
    %cmp/u;
    %jmp/1 T_17.51, 6;
    %dup/vec4;
    %pushi/vec4 2, 0, 3;
    %cmp/u;
    %jmp/1 T_17.52, 6;
    %dup/vec4;
    %pushi/vec4 4, 0, 3;
    %cmp/u;
    %jmp/1 T_17.53, 6;
    %dup/vec4;
    %pushi/vec4 5, 0, 3;
    %cmp/u;
    %jmp/1 T_17.54, 6;
    %pushi/vec4 0, 0, 5;
    %store/vec4 v0x558ed723dae0_0, 0, 5;
    %pushi/vec4 0, 0, 5;
    %store/vec4 v0x558ed723dd80_0, 0, 5;
    %pushi/vec4 0, 0, 32;
    %store/vec4 v0x558ed723d760_0, 0, 32;
    %pushi/vec4 0, 0, 32;
    %store/vec4 v0x558ed723d920_0, 0, 32;
    %pushi/vec4 0, 0, 32;
    %store/vec4 v0x558ed723d680_0, 0, 32;
    %pushi/vec4 0, 0, 32;
    %store/vec4 v0x558ed723d840_0, 0, 32;
    %pushi/vec4 0, 0, 32;
    %store/vec4 v0x558ed723dca0_0, 0, 32;
    %pushi/vec4 0, 0, 32;
    %store/vec4 v0x558ed723df40_0, 0, 32;
    %jmp T_17.56;
T_17.50 ;
    %load/vec4 v0x558ed723b5b0_0;
    %store/vec4 v0x558ed723dae0_0, 0, 5;
    %pushi/vec4 0, 0, 5;
    %store/vec4 v0x558ed723dd80_0, 0, 5;
    %load/vec4 v0x558ed723b3f0_0;
    %parti/s 1, 11, 5;
    %replicate 19;
    %load/vec4 v0x558ed723b3f0_0;
    %concat/vec4; draw_concat_vec4
    %pad/u 32;
    %store/vec4 v0x558ed723d760_0, 0, 32;
    %load/vec4 v0x558ed723b4d0_0;
    %pad/u 32;
    %store/vec4 v0x558ed723d920_0, 0, 32;
    %pushi/vec4 0, 0, 32;
    %store/vec4 v0x558ed723d680_0, 0, 32;
    %pushi/vec4 0, 0, 32;
    %store/vec4 v0x558ed723d840_0, 0, 32;
    %load/vec4 v0x558ed723dbc0_0;
    %store/vec4 v0x558ed723dca0_0, 0, 32;
    %pushi/vec4 0, 0, 32;
    %store/vec4 v0x558ed723df40_0, 0, 32;
    %jmp T_17.56;
T_17.51 ;
    %load/vec4 v0x558ed723b5b0_0;
    %store/vec4 v0x558ed723dae0_0, 0, 5;
    %pushi/vec4 0, 0, 5;
    %store/vec4 v0x558ed723dd80_0, 0, 5;
    %load/vec4 v0x558ed723b3f0_0;
    %parti/s 1, 11, 5;
    %replicate 19;
    %load/vec4 v0x558ed723b3f0_0;
    %concat/vec4; draw_concat_vec4
    %pad/u 32;
    %store/vec4 v0x558ed723d760_0, 0, 32;
    %load/vec4 v0x558ed723b4d0_0;
    %pad/u 32;
    %store/vec4 v0x558ed723d920_0, 0, 32;
    %pushi/vec4 0, 0, 32;
    %store/vec4 v0x558ed723d680_0, 0, 32;
    %pushi/vec4 0, 0, 32;
    %store/vec4 v0x558ed723d840_0, 0, 32;
    %load/vec4 v0x558ed723dbc0_0;
    %store/vec4 v0x558ed723dca0_0, 0, 32;
    %pushi/vec4 0, 0, 32;
    %store/vec4 v0x558ed723df40_0, 0, 32;
    %jmp T_17.56;
T_17.52 ;
    %load/vec4 v0x558ed723b5b0_0;
    %store/vec4 v0x558ed723dae0_0, 0, 5;
    %pushi/vec4 0, 0, 5;
    %store/vec4 v0x558ed723dd80_0, 0, 5;
    %load/vec4 v0x558ed723b3f0_0;
    %parti/s 1, 11, 5;
    %replicate 19;
    %load/vec4 v0x558ed723b3f0_0;
    %concat/vec4; draw_concat_vec4
    %pad/u 32;
    %store/vec4 v0x558ed723d760_0, 0, 32;
    %load/vec4 v0x558ed723b4d0_0;
    %pad/u 32;
    %store/vec4 v0x558ed723d920_0, 0, 32;
    %pushi/vec4 0, 0, 32;
    %store/vec4 v0x558ed723d680_0, 0, 32;
    %pushi/vec4 0, 0, 32;
    %store/vec4 v0x558ed723d840_0, 0, 32;
    %load/vec4 v0x558ed723dbc0_0;
    %store/vec4 v0x558ed723dca0_0, 0, 32;
    %pushi/vec4 0, 0, 32;
    %store/vec4 v0x558ed723df40_0, 0, 32;
    %jmp T_17.56;
T_17.53 ;
    %load/vec4 v0x558ed723b5b0_0;
    %store/vec4 v0x558ed723dae0_0, 0, 5;
    %pushi/vec4 0, 0, 5;
    %store/vec4 v0x558ed723dd80_0, 0, 5;
    %load/vec4 v0x558ed723b3f0_0;
    %parti/s 1, 11, 5;
    %replicate 19;
    %load/vec4 v0x558ed723b3f0_0;
    %concat/vec4; draw_concat_vec4
    %pad/u 32;
    %store/vec4 v0x558ed723d760_0, 0, 32;
    %load/vec4 v0x558ed723b4d0_0;
    %pad/u 32;
    %store/vec4 v0x558ed723d920_0, 0, 32;
    %pushi/vec4 0, 0, 32;
    %store/vec4 v0x558ed723d680_0, 0, 32;
    %pushi/vec4 0, 0, 32;
    %store/vec4 v0x558ed723d840_0, 0, 32;
    %load/vec4 v0x558ed723dbc0_0;
    %store/vec4 v0x558ed723dca0_0, 0, 32;
    %pushi/vec4 0, 0, 32;
    %store/vec4 v0x558ed723df40_0, 0, 32;
    %jmp T_17.56;
T_17.54 ;
    %load/vec4 v0x558ed723b5b0_0;
    %store/vec4 v0x558ed723dae0_0, 0, 5;
    %pushi/vec4 0, 0, 5;
    %store/vec4 v0x558ed723dd80_0, 0, 5;
    %load/vec4 v0x558ed723b3f0_0;
    %parti/s 1, 11, 5;
    %replicate 19;
    %load/vec4 v0x558ed723b3f0_0;
    %concat/vec4; draw_concat_vec4
    %pad/u 32;
    %store/vec4 v0x558ed723d760_0, 0, 32;
    %load/vec4 v0x558ed723b4d0_0;
    %pad/u 32;
    %store/vec4 v0x558ed723d920_0, 0, 32;
    %pushi/vec4 0, 0, 32;
    %store/vec4 v0x558ed723d680_0, 0, 32;
    %pushi/vec4 0, 0, 32;
    %store/vec4 v0x558ed723d840_0, 0, 32;
    %load/vec4 v0x558ed723dbc0_0;
    %store/vec4 v0x558ed723dca0_0, 0, 32;
    %pushi/vec4 0, 0, 32;
    %store/vec4 v0x558ed723df40_0, 0, 32;
    %jmp T_17.56;
T_17.56 ;
    %pop/vec4 1;
    %jmp T_17.13;
T_17.5 ;
    %load/vec4 v0x558ed723b2c0_0;
    %dup/vec4;
    %pushi/vec4 1, 0, 3;
    %cmp/u;
    %jmp/1 T_17.57, 6;
    %dup/vec4;
    %pushi/vec4 2, 0, 3;
    %cmp/u;
    %jmp/1 T_17.58, 6;
    %dup/vec4;
    %pushi/vec4 3, 0, 3;
    %cmp/u;
    %jmp/1 T_17.59, 6;
    %dup/vec4;
    %pushi/vec4 5, 0, 3;
    %cmp/u;
    %jmp/1 T_17.60, 6;
    %dup/vec4;
    %pushi/vec4 6, 0, 3;
    %cmp/u;
    %jmp/1 T_17.61, 6;
    %dup/vec4;
    %pushi/vec4 7, 0, 3;
    %cmp/u;
    %jmp/1 T_17.62, 6;
    %pushi/vec4 0, 0, 5;
    %store/vec4 v0x558ed723dae0_0, 0, 5;
    %pushi/vec4 0, 0, 5;
    %store/vec4 v0x558ed723dd80_0, 0, 5;
    %pushi/vec4 0, 0, 32;
    %store/vec4 v0x558ed723d760_0, 0, 32;
    %pushi/vec4 0, 0, 32;
    %store/vec4 v0x558ed723d920_0, 0, 32;
    %pushi/vec4 0, 0, 32;
    %store/vec4 v0x558ed723d680_0, 0, 32;
    %pushi/vec4 0, 0, 32;
    %store/vec4 v0x558ed723d840_0, 0, 32;
    %pushi/vec4 0, 0, 32;
    %store/vec4 v0x558ed723dca0_0, 0, 32;
    %pushi/vec4 0, 0, 32;
    %store/vec4 v0x558ed723df40_0, 0, 32;
    %jmp T_17.64;
T_17.57 ;
    %load/vec4 v0x558ed723b5b0_0;
    %store/vec4 v0x558ed723dae0_0, 0, 5;
    %pushi/vec4 0, 0, 5;
    %store/vec4 v0x558ed723dd80_0, 0, 5;
    %load/vec4 v0x558ed723b3f0_0;
    %pad/u 32;
    %store/vec4 v0x558ed723d020_0, 0, 32;
    %load/vec4 v0x558ed723d0e0_0;
    %store/vec4 v0x558ed723d180_0, 0, 32;
    %pushi/vec4 0, 0, 32;
    %store/vec4 v0x558ed723d760_0, 0, 32;
    %load/vec4 v0x558ed723b4d0_0;
    %pad/u 32;
    %store/vec4 v0x558ed723d920_0, 0, 32;
    %pushi/vec4 0, 0, 32;
    %store/vec4 v0x558ed723d680_0, 0, 32;
    %pushi/vec4 0, 0, 32;
    %store/vec4 v0x558ed723d840_0, 0, 32;
    %load/vec4 v0x558ed723dbc0_0;
    %store/vec4 v0x558ed723dca0_0, 0, 32;
    %pushi/vec4 0, 0, 32;
    %store/vec4 v0x558ed723df40_0, 0, 32;
    %jmp T_17.64;
T_17.58 ;
    %load/vec4 v0x558ed723b5b0_0;
    %store/vec4 v0x558ed723dae0_0, 0, 5;
    %pushi/vec4 0, 0, 5;
    %store/vec4 v0x558ed723dd80_0, 0, 5;
    %load/vec4 v0x558ed723b3f0_0;
    %pad/u 32;
    %store/vec4 v0x558ed723d020_0, 0, 32;
    %load/vec4 v0x558ed723d0e0_0;
    %store/vec4 v0x558ed723d180_0, 0, 32;
    %pushi/vec4 0, 0, 32;
    %store/vec4 v0x558ed723d760_0, 0, 32;
    %load/vec4 v0x558ed723b4d0_0;
    %pad/u 32;
    %store/vec4 v0x558ed723d920_0, 0, 32;
    %pushi/vec4 0, 0, 32;
    %store/vec4 v0x558ed723d680_0, 0, 32;
    %pushi/vec4 0, 0, 32;
    %store/vec4 v0x558ed723d840_0, 0, 32;
    %load/vec4 v0x558ed723dbc0_0;
    %store/vec4 v0x558ed723dca0_0, 0, 32;
    %pushi/vec4 0, 0, 32;
    %store/vec4 v0x558ed723df40_0, 0, 32;
    %jmp T_17.64;
T_17.59 ;
    %load/vec4 v0x558ed723b5b0_0;
    %store/vec4 v0x558ed723dae0_0, 0, 5;
    %pushi/vec4 0, 0, 5;
    %store/vec4 v0x558ed723dd80_0, 0, 5;
    %load/vec4 v0x558ed723b3f0_0;
    %pad/u 32;
    %store/vec4 v0x558ed723d020_0, 0, 32;
    %load/vec4 v0x558ed723d0e0_0;
    %store/vec4 v0x558ed723d180_0, 0, 32;
    %pushi/vec4 0, 0, 32;
    %store/vec4 v0x558ed723d760_0, 0, 32;
    %load/vec4 v0x558ed723b4d0_0;
    %pad/u 32;
    %store/vec4 v0x558ed723d920_0, 0, 32;
    %pushi/vec4 0, 0, 32;
    %store/vec4 v0x558ed723d680_0, 0, 32;
    %pushi/vec4 0, 0, 32;
    %store/vec4 v0x558ed723d840_0, 0, 32;
    %load/vec4 v0x558ed723dbc0_0;
    %store/vec4 v0x558ed723dca0_0, 0, 32;
    %pushi/vec4 0, 0, 32;
    %store/vec4 v0x558ed723df40_0, 0, 32;
    %jmp T_17.64;
T_17.60 ;
    %pushi/vec4 0, 0, 5;
    %store/vec4 v0x558ed723dae0_0, 0, 5;
    %pushi/vec4 0, 0, 5;
    %store/vec4 v0x558ed723dd80_0, 0, 5;
    %load/vec4 v0x558ed723b3f0_0;
    %pad/u 32;
    %store/vec4 v0x558ed723d020_0, 0, 32;
    %load/vec4 v0x558ed723d0e0_0;
    %store/vec4 v0x558ed723d180_0, 0, 32;
    %pushi/vec4 0, 0, 27;
    %load/vec4 v0x558ed723b5b0_0;
    %concat/vec4; draw_concat_vec4
    %store/vec4 v0x558ed723d760_0, 0, 32;
    %load/vec4 v0x558ed723b4d0_0;
    %pad/u 32;
    %store/vec4 v0x558ed723d920_0, 0, 32;
    %pushi/vec4 0, 0, 32;
    %store/vec4 v0x558ed723d680_0, 0, 32;
    %pushi/vec4 0, 0, 32;
    %store/vec4 v0x558ed723d840_0, 0, 32;
    %pushi/vec4 0, 0, 32;
    %store/vec4 v0x558ed723dca0_0, 0, 32;
    %pushi/vec4 0, 0, 32;
    %store/vec4 v0x558ed723df40_0, 0, 32;
    %jmp T_17.64;
T_17.61 ;
    %pushi/vec4 0, 0, 5;
    %store/vec4 v0x558ed723dae0_0, 0, 5;
    %pushi/vec4 0, 0, 5;
    %store/vec4 v0x558ed723dd80_0, 0, 5;
    %load/vec4 v0x558ed723b3f0_0;
    %pad/u 32;
    %store/vec4 v0x558ed723d020_0, 0, 32;
    %load/vec4 v0x558ed723d0e0_0;
    %store/vec4 v0x558ed723d180_0, 0, 32;
    %pushi/vec4 0, 0, 27;
    %load/vec4 v0x558ed723b5b0_0;
    %concat/vec4; draw_concat_vec4
    %store/vec4 v0x558ed723d760_0, 0, 32;
    %load/vec4 v0x558ed723b4d0_0;
    %pad/u 32;
    %store/vec4 v0x558ed723d920_0, 0, 32;
    %pushi/vec4 0, 0, 32;
    %store/vec4 v0x558ed723d680_0, 0, 32;
    %pushi/vec4 0, 0, 32;
    %store/vec4 v0x558ed723d840_0, 0, 32;
    %pushi/vec4 0, 0, 32;
    %store/vec4 v0x558ed723dca0_0, 0, 32;
    %pushi/vec4 0, 0, 32;
    %store/vec4 v0x558ed723df40_0, 0, 32;
    %jmp T_17.64;
T_17.62 ;
    %pushi/vec4 0, 0, 5;
    %store/vec4 v0x558ed723dae0_0, 0, 5;
    %pushi/vec4 0, 0, 5;
    %store/vec4 v0x558ed723dd80_0, 0, 5;
    %load/vec4 v0x558ed723b3f0_0;
    %pad/u 32;
    %store/vec4 v0x558ed723d020_0, 0, 32;
    %load/vec4 v0x558ed723d0e0_0;
    %store/vec4 v0x558ed723d180_0, 0, 32;
    %pushi/vec4 0, 0, 27;
    %load/vec4 v0x558ed723b5b0_0;
    %concat/vec4; draw_concat_vec4
    %store/vec4 v0x558ed723d760_0, 0, 32;
    %load/vec4 v0x558ed723b4d0_0;
    %pad/u 32;
    %store/vec4 v0x558ed723d920_0, 0, 32;
    %pushi/vec4 0, 0, 32;
    %store/vec4 v0x558ed723d680_0, 0, 32;
    %pushi/vec4 0, 0, 32;
    %store/vec4 v0x558ed723d840_0, 0, 32;
    %pushi/vec4 0, 0, 32;
    %store/vec4 v0x558ed723dca0_0, 0, 32;
    %pushi/vec4 0, 0, 32;
    %store/vec4 v0x558ed723df40_0, 0, 32;
    %jmp T_17.64;
T_17.64 ;
    %pop/vec4 1;
    %jmp T_17.13;
T_17.6 ;
    %pushi/vec4 0, 0, 5;
    %store/vec4 v0x558ed723dae0_0, 0, 5;
    %pushi/vec4 0, 0, 5;
    %store/vec4 v0x558ed723dd80_0, 0, 5;
    %load/vec4 v0x558ed723b850_0;
    %pad/u 32;
    %store/vec4 v0x558ed723d760_0, 0, 32;
    %pushi/vec4 4, 0, 32;
    %store/vec4 v0x558ed723d920_0, 0, 32;
    %load/vec4 v0x558ed723d300_0;
    %store/vec4 v0x558ed723d680_0, 0, 32;
    %load/vec4 v0x558ed723b770_0;
    %parti/s 1, 19, 6;
    %replicate 11;
    %load/vec4 v0x558ed723b770_0;
    %concat/vec4; draw_concat_vec4
    %concati/vec4 0, 0, 1;
    %store/vec4 v0x558ed723d840_0, 0, 32;
    %pushi/vec4 0, 0, 32;
    %store/vec4 v0x558ed723dca0_0, 0, 32;
    %pushi/vec4 0, 0, 32;
    %store/vec4 v0x558ed723df40_0, 0, 32;
    %jmp T_17.13;
T_17.7 ;
    %load/vec4 v0x558ed723b5b0_0;
    %store/vec4 v0x558ed723dae0_0, 0, 5;
    %pushi/vec4 0, 0, 5;
    %store/vec4 v0x558ed723dd80_0, 0, 5;
    %load/vec4 v0x558ed723b4d0_0;
    %pad/u 32;
    %store/vec4 v0x558ed723d760_0, 0, 32;
    %pushi/vec4 4, 0, 32;
    %store/vec4 v0x558ed723d920_0, 0, 32;
    %load/vec4 v0x558ed723dbc0_0;
    %store/vec4 v0x558ed723d680_0, 0, 32;
    %load/vec4 v0x558ed723b770_0;
    %parti/s 1, 19, 6;
    %replicate 11;
    %load/vec4 v0x558ed723b770_0;
    %concat/vec4; draw_concat_vec4
    %concati/vec4 0, 0, 1;
    %store/vec4 v0x558ed723d840_0, 0, 32;
    %load/vec4 v0x558ed723dbc0_0;
    %store/vec4 v0x558ed723dca0_0, 0, 32;
    %pushi/vec4 0, 0, 32;
    %store/vec4 v0x558ed723df40_0, 0, 32;
    %jmp T_17.13;
T_17.8 ;
    %pushi/vec4 0, 0, 5;
    %store/vec4 v0x558ed723dae0_0, 0, 5;
    %pushi/vec4 0, 0, 5;
    %store/vec4 v0x558ed723dd80_0, 0, 5;
    %load/vec4 v0x558ed723c220_0;
    %concati/vec4 0, 0, 12;
    %store/vec4 v0x558ed723d760_0, 0, 32;
    %load/vec4 v0x558ed723c300_0;
    %pad/u 32;
    %store/vec4 v0x558ed723d920_0, 0, 32;
    %pushi/vec4 0, 0, 32;
    %store/vec4 v0x558ed723d680_0, 0, 32;
    %pushi/vec4 0, 0, 32;
    %store/vec4 v0x558ed723d840_0, 0, 32;
    %pushi/vec4 0, 0, 32;
    %store/vec4 v0x558ed723dca0_0, 0, 32;
    %pushi/vec4 0, 0, 32;
    %store/vec4 v0x558ed723df40_0, 0, 32;
    %jmp T_17.13;
T_17.9 ;
    %pushi/vec4 0, 0, 5;
    %store/vec4 v0x558ed723dae0_0, 0, 5;
    %pushi/vec4 0, 0, 5;
    %store/vec4 v0x558ed723dd80_0, 0, 5;
    %load/vec4 v0x558ed723c220_0;
    %concati/vec4 0, 0, 12;
    %store/vec4 v0x558ed723d760_0, 0, 32;
    %load/vec4 v0x558ed723c300_0;
    %pad/u 32;
    %store/vec4 v0x558ed723d920_0, 0, 32;
    %pushi/vec4 0, 0, 32;
    %store/vec4 v0x558ed723d680_0, 0, 32;
    %pushi/vec4 0, 0, 32;
    %store/vec4 v0x558ed723d840_0, 0, 32;
    %pushi/vec4 0, 0, 32;
    %store/vec4 v0x558ed723dca0_0, 0, 32;
    %pushi/vec4 0, 0, 32;
    %store/vec4 v0x558ed723df40_0, 0, 32;
    %jmp T_17.13;
T_17.10 ;
    %pushi/vec4 0, 0, 5;
    %store/vec4 v0x558ed723dae0_0, 0, 5;
    %pushi/vec4 0, 0, 5;
    %store/vec4 v0x558ed723dd80_0, 0, 5;
    %pushi/vec4 0, 0, 32;
    %store/vec4 v0x558ed723d760_0, 0, 32;
    %pushi/vec4 0, 0, 32;
    %store/vec4 v0x558ed723d920_0, 0, 32;
    %pushi/vec4 0, 0, 32;
    %store/vec4 v0x558ed723d680_0, 0, 32;
    %pushi/vec4 0, 0, 32;
    %store/vec4 v0x558ed723d840_0, 0, 32;
    %pushi/vec4 0, 0, 32;
    %store/vec4 v0x558ed723dca0_0, 0, 32;
    %pushi/vec4 0, 0, 32;
    %store/vec4 v0x558ed723df40_0, 0, 32;
    %jmp T_17.13;
T_17.11 ;
    %pushi/vec4 0, 0, 5;
    %store/vec4 v0x558ed723dae0_0, 0, 5;
    %pushi/vec4 0, 0, 5;
    %store/vec4 v0x558ed723dd80_0, 0, 5;
    %pushi/vec4 0, 0, 32;
    %store/vec4 v0x558ed723d760_0, 0, 32;
    %pushi/vec4 0, 0, 32;
    %store/vec4 v0x558ed723d920_0, 0, 32;
    %load/vec4 v0x558ed723d300_0;
    %store/vec4 v0x558ed723d680_0, 0, 32;
    %pushi/vec4 4, 0, 32;
    %store/vec4 v0x558ed723d840_0, 0, 32;
    %pushi/vec4 0, 0, 32;
    %store/vec4 v0x558ed723dca0_0, 0, 32;
    %pushi/vec4 0, 0, 32;
    %store/vec4 v0x558ed723df40_0, 0, 32;
    %jmp T_17.13;
T_17.13 ;
    %pop/vec4 1;
    %jmp T_17;
    .thread T_17, $push;
# The file index is used to find the file name in the following table.
:file_names 9;
    "N/A";
    "<interactive>";
    "./../utils/gen_dff.v";
    "rv32i.v";
    "./csr_reg.v";
    "./id.v";
    "./if_id.v";
    "./pc.v";
    "./regs.v";
