
Warning-[UNKWN_OPTVSIM] Unknown option passed
  Ignoring unknown option '-f+filelist.f' passed to 'vcs' and continuing 
  compilation.

Command: vcs -full64 -sverilog -timescale=1ns/1ns +acc +vpi -debug_all -LDFLAGS -Wl,--no-as-needed \
+define+UVM_OBJECT_MUST_HAVE_CONSTRUCTOR -cm line+cond+fsm+branch+tgl -cm_dir ./coverage.vdb \
-ntb_opts uvm-1.2 -CFLAGS -DVCS -debug_all -fsdb -f+filelist.f ./quick_sim_pc.sv \
-l ./cmp.log
                         Chronologic VCS (TM)
       Version O-2018.09-SP2_Full64 -- Sat Oct  5 13:51:13 2024
               Copyright (c) 1991-2018 by Synopsys Inc.
                         ALL RIGHTS RESERVED

This program is proprietary and confidential information of Synopsys Inc.
and may be used and disclosed only as authorized in a license agreement
controlling such use and disclosure.


Warning-[DEPRECATED_OPTION] Deprecated option used
  The specified option '+acc' is deprecated.
  Please use '-debug_access+r+w+nomemcbk -debug_region+cell' instead.


Warning-[DEBUG_DEP] Option will be deprecated
  The option '-debug_all' will be deprecated in a future release.  Please use 
  '-debug_acc+all -debug_region+cell+encrypt' instead.

Parsing design file '/opt/synopsys/vcs201809/etc/uvm-1.2/uvm_pkg.sv'
Parsing included file '/opt/synopsys/vcs201809/etc/uvm-1.2/uvm_macros.svh'.
Parsing included file '/opt/synopsys/vcs201809/etc/uvm-1.2/macros/uvm_version_defines.svh'.
Back to file '/opt/synopsys/vcs201809/etc/uvm-1.2/uvm_macros.svh'.
Parsing included file '/opt/synopsys/vcs201809/etc/uvm-1.2/macros/uvm_global_defines.svh'.
Back to file '/opt/synopsys/vcs201809/etc/uvm-1.2/uvm_macros.svh'.
Parsing included file '/opt/synopsys/vcs201809/etc/uvm-1.2/macros/uvm_message_defines.svh'.
Back to file '/opt/synopsys/vcs201809/etc/uvm-1.2/uvm_macros.svh'.
Parsing included file '/opt/synopsys/vcs201809/etc/uvm-1.2/macros/uvm_phase_defines.svh'.
Back to file '/opt/synopsys/vcs201809/etc/uvm-1.2/uvm_macros.svh'.
Parsing included file '/opt/synopsys/vcs201809/etc/uvm-1.2/macros/uvm_object_defines.svh'.
Back to file '/opt/synopsys/vcs201809/etc/uvm-1.2/uvm_macros.svh'.
Parsing included file '/opt/synopsys/vcs201809/etc/uvm-1.2/macros/uvm_printer_defines.svh'.
Back to file '/opt/synopsys/vcs201809/etc/uvm-1.2/uvm_macros.svh'.
Parsing included file '/opt/synopsys/vcs201809/etc/uvm-1.2/macros/uvm_tlm_defines.svh'.
Parsing included file '/opt/synopsys/vcs201809/etc/uvm-1.2/tlm1/uvm_tlm_imps.svh'.
Back to file '/opt/synopsys/vcs201809/etc/uvm-1.2/macros/uvm_tlm_defines.svh'.
Back to file '/opt/synopsys/vcs201809/etc/uvm-1.2/uvm_macros.svh'.
Parsing included file '/opt/synopsys/vcs201809/etc/uvm-1.2/macros/uvm_sequence_defines.svh'.
Back to file '/opt/synopsys/vcs201809/etc/uvm-1.2/uvm_macros.svh'.
Parsing included file '/opt/synopsys/vcs201809/etc/uvm-1.2/macros/uvm_callback_defines.svh'.
Back to file '/opt/synopsys/vcs201809/etc/uvm-1.2/uvm_macros.svh'.
Parsing included file '/opt/synopsys/vcs201809/etc/uvm-1.2/macros/uvm_reg_defines.svh'.
Back to file '/opt/synopsys/vcs201809/etc/uvm-1.2/uvm_macros.svh'.
Parsing included file '/opt/synopsys/vcs201809/etc/uvm-1.2/macros/uvm_deprecated_defines.svh'.
Back to file '/opt/synopsys/vcs201809/etc/uvm-1.2/uvm_macros.svh'.
Back to file '/opt/synopsys/vcs201809/etc/uvm-1.2/uvm_pkg.sv'.
Parsing included file '/opt/synopsys/vcs201809/etc/uvm-1.2/dpi/uvm_dpi.svh'.
Parsing included file '/opt/synopsys/vcs201809/etc/uvm-1.2/dpi/uvm_hdl.svh'.
Back to file '/opt/synopsys/vcs201809/etc/uvm-1.2/dpi/uvm_dpi.svh'.
Parsing included file '/opt/synopsys/vcs201809/etc/uvm-1.2/dpi/uvm_svcmd_dpi.svh'.
Back to file '/opt/synopsys/vcs201809/etc/uvm-1.2/dpi/uvm_dpi.svh'.
Parsing included file '/opt/synopsys/vcs201809/etc/uvm-1.2/dpi/uvm_regex.svh'.
Back to file '/opt/synopsys/vcs201809/etc/uvm-1.2/dpi/uvm_dpi.svh'.
Back to file '/opt/synopsys/vcs201809/etc/uvm-1.2/uvm_pkg.sv'.
Parsing included file '/opt/synopsys/vcs201809/etc/uvm-1.2/base/uvm_base.svh'.
Parsing included file '/opt/synopsys/vcs201809/etc/uvm-1.2/base/uvm_coreservice.svh'.
Back to file '/opt/synopsys/vcs201809/etc/uvm-1.2/base/uvm_base.svh'.
Parsing included file '/opt/synopsys/vcs201809/etc/uvm-1.2/base/uvm_version.svh'.
Back to file '/opt/synopsys/vcs201809/etc/uvm-1.2/base/uvm_base.svh'.
Parsing included file '/opt/synopsys/vcs201809/etc/uvm-1.2/base/uvm_object_globals.svh'.
Back to file '/opt/synopsys/vcs201809/etc/uvm-1.2/base/uvm_base.svh'.
Parsing included file '/opt/synopsys/vcs201809/etc/uvm-1.2/base/uvm_misc.svh'.
Back to file '/opt/synopsys/vcs201809/etc/uvm-1.2/base/uvm_base.svh'.
Parsing included file '/opt/synopsys/vcs201809/etc/uvm-1.2/base/uvm_object.svh'.
Back to file '/opt/synopsys/vcs201809/etc/uvm-1.2/base/uvm_base.svh'.
Parsing included file '/opt/synopsys/vcs201809/etc/uvm-1.2/base/uvm_pool.svh'.
Back to file '/opt/synopsys/vcs201809/etc/uvm-1.2/base/uvm_base.svh'.
Parsing included file '/opt/synopsys/vcs201809/etc/uvm-1.2/base/uvm_queue.svh'.
Back to file '/opt/synopsys/vcs201809/etc/uvm-1.2/base/uvm_base.svh'.
Parsing included file '/opt/synopsys/vcs201809/etc/uvm-1.2/base/uvm_factory.svh'.
Back to file '/opt/synopsys/vcs201809/etc/uvm-1.2/base/uvm_base.svh'.
Parsing included file '/opt/synopsys/vcs201809/etc/uvm-1.2/base/uvm_registry.svh'.
Back to file '/opt/synopsys/vcs201809/etc/uvm-1.2/base/uvm_base.svh'.
Parsing included file '/opt/synopsys/vcs201809/etc/uvm-1.2/base/uvm_spell_chkr.svh'.
Back to file '/opt/synopsys/vcs201809/etc/uvm-1.2/base/uvm_base.svh'.
Parsing included file '/opt/synopsys/vcs201809/etc/uvm-1.2/base/uvm_resource.svh'.
Back to file '/opt/synopsys/vcs201809/etc/uvm-1.2/base/uvm_base.svh'.
Parsing included file '/opt/synopsys/vcs201809/etc/uvm-1.2/base/uvm_resource_specializations.svh'.
Back to file '/opt/synopsys/vcs201809/etc/uvm-1.2/base/uvm_base.svh'.
Parsing included file '/opt/synopsys/vcs201809/etc/uvm-1.2/base/uvm_resource_db.svh'.
Back to file '/opt/synopsys/vcs201809/etc/uvm-1.2/base/uvm_base.svh'.
Parsing included file '/opt/synopsys/vcs201809/etc/uvm-1.2/base/uvm_config_db.svh'.
Back to file '/opt/synopsys/vcs201809/etc/uvm-1.2/base/uvm_base.svh'.
Parsing included file '/opt/synopsys/vcs201809/etc/uvm-1.2/base/uvm_printer.svh'.
Back to file '/opt/synopsys/vcs201809/etc/uvm-1.2/base/uvm_base.svh'.
Parsing included file '/opt/synopsys/vcs201809/etc/uvm-1.2/base/uvm_comparer.svh'.
Back to file '/opt/synopsys/vcs201809/etc/uvm-1.2/base/uvm_base.svh'.
Parsing included file '/opt/synopsys/vcs201809/etc/uvm-1.2/base/uvm_packer.svh'.
Back to file '/opt/synopsys/vcs201809/etc/uvm-1.2/base/uvm_base.svh'.
Parsing included file '/opt/synopsys/vcs201809/etc/uvm-1.2/base/uvm_links.svh'.
Back to file '/opt/synopsys/vcs201809/etc/uvm-1.2/base/uvm_base.svh'.
Parsing included file '/opt/synopsys/vcs201809/etc/uvm-1.2/base/uvm_tr_database.svh'.
Back to file '/opt/synopsys/vcs201809/etc/uvm-1.2/base/uvm_base.svh'.
Parsing included file '/opt/synopsys/vcs201809/etc/uvm-1.2/base/uvm_tr_stream.svh'.
Back to file '/opt/synopsys/vcs201809/etc/uvm-1.2/base/uvm_base.svh'.
Parsing included file '/opt/synopsys/vcs201809/etc/uvm-1.2/base/uvm_recorder.svh'.
Back to file '/opt/synopsys/vcs201809/etc/uvm-1.2/base/uvm_base.svh'.
Parsing included file '/opt/synopsys/vcs201809/etc/uvm-1.2/base/uvm_event_callback.svh'.
Back to file '/opt/synopsys/vcs201809/etc/uvm-1.2/base/uvm_base.svh'.
Parsing included file '/opt/synopsys/vcs201809/etc/uvm-1.2/base/uvm_event.svh'.
Back to file '/opt/synopsys/vcs201809/etc/uvm-1.2/base/uvm_base.svh'.
Parsing included file '/opt/synopsys/vcs201809/etc/uvm-1.2/base/uvm_barrier.svh'.
Back to file '/opt/synopsys/vcs201809/etc/uvm-1.2/base/uvm_base.svh'.
Parsing included file '/opt/synopsys/vcs201809/etc/uvm-1.2/base/uvm_callback.svh'.
Parsing included file '/opt/synopsys/vcs201809/etc/uvm-1.2/uvm_macros.svh'.
Back to file '/opt/synopsys/vcs201809/etc/uvm-1.2/base/uvm_callback.svh'.
Back to file '/opt/synopsys/vcs201809/etc/uvm-1.2/base/uvm_base.svh'.
Parsing included file '/opt/synopsys/vcs201809/etc/uvm-1.2/base/uvm_report_message.svh'.
Back to file '/opt/synopsys/vcs201809/etc/uvm-1.2/base/uvm_base.svh'.
Parsing included file '/opt/synopsys/vcs201809/etc/uvm-1.2/base/uvm_report_catcher.svh'.
Back to file '/opt/synopsys/vcs201809/etc/uvm-1.2/base/uvm_base.svh'.
Parsing included file '/opt/synopsys/vcs201809/etc/uvm-1.2/base/uvm_report_server.svh'.
Back to file '/opt/synopsys/vcs201809/etc/uvm-1.2/base/uvm_base.svh'.
Parsing included file '/opt/synopsys/vcs201809/etc/uvm-1.2/base/uvm_report_handler.svh'.
Back to file '/opt/synopsys/vcs201809/etc/uvm-1.2/base/uvm_base.svh'.
Parsing included file '/opt/synopsys/vcs201809/etc/uvm-1.2/base/uvm_report_object.svh'.
Back to file '/opt/synopsys/vcs201809/etc/uvm-1.2/base/uvm_base.svh'.
Parsing included file '/opt/synopsys/vcs201809/etc/uvm-1.2/base/uvm_transaction.svh'.
Back to file '/opt/synopsys/vcs201809/etc/uvm-1.2/base/uvm_base.svh'.
Parsing included file '/opt/synopsys/vcs201809/etc/uvm-1.2/base/uvm_phase.svh'.
Back to file '/opt/synopsys/vcs201809/etc/uvm-1.2/base/uvm_base.svh'.
Parsing included file '/opt/synopsys/vcs201809/etc/uvm-1.2/base/uvm_domain.svh'.
Back to file '/opt/synopsys/vcs201809/etc/uvm-1.2/base/uvm_base.svh'.
Parsing included file '/opt/synopsys/vcs201809/etc/uvm-1.2/base/uvm_bottomup_phase.svh'.
Back to file '/opt/synopsys/vcs201809/etc/uvm-1.2/base/uvm_base.svh'.
Parsing included file '/opt/synopsys/vcs201809/etc/uvm-1.2/base/uvm_topdown_phase.svh'.
Back to file '/opt/synopsys/vcs201809/etc/uvm-1.2/base/uvm_base.svh'.
Parsing included file '/opt/synopsys/vcs201809/etc/uvm-1.2/base/uvm_task_phase.svh'.
Back to file '/opt/synopsys/vcs201809/etc/uvm-1.2/base/uvm_base.svh'.
Parsing included file '/opt/synopsys/vcs201809/etc/uvm-1.2/base/uvm_common_phases.svh'.
Back to file '/opt/synopsys/vcs201809/etc/uvm-1.2/base/uvm_base.svh'.
Parsing included file '/opt/synopsys/vcs201809/etc/uvm-1.2/base/uvm_runtime_phases.svh'.
Back to file '/opt/synopsys/vcs201809/etc/uvm-1.2/base/uvm_base.svh'.
Parsing included file '/opt/synopsys/vcs201809/etc/uvm-1.2/base/uvm_component.svh'.
Parsing included file '/opt/synopsys/vcs201809/etc/uvm-1.2/base/uvm_root.svh'.
Back to file '/opt/synopsys/vcs201809/etc/uvm-1.2/base/uvm_component.svh'.
Back to file '/opt/synopsys/vcs201809/etc/uvm-1.2/base/uvm_base.svh'.
Parsing included file '/opt/synopsys/vcs201809/etc/uvm-1.2/base/uvm_objection.svh'.
Back to file '/opt/synopsys/vcs201809/etc/uvm-1.2/base/uvm_base.svh'.
Parsing included file '/opt/synopsys/vcs201809/etc/uvm-1.2/base/uvm_heartbeat.svh'.
Back to file '/opt/synopsys/vcs201809/etc/uvm-1.2/base/uvm_base.svh'.
Parsing included file '/opt/synopsys/vcs201809/etc/uvm-1.2/base/uvm_globals.svh'.
Back to file '/opt/synopsys/vcs201809/etc/uvm-1.2/base/uvm_base.svh'.
Parsing included file '/opt/synopsys/vcs201809/etc/uvm-1.2/base/uvm_cmdline_processor.svh'.
Back to file '/opt/synopsys/vcs201809/etc/uvm-1.2/base/uvm_base.svh'.
Parsing included file '/opt/synopsys/vcs201809/etc/uvm-1.2/base/uvm_traversal.svh'.
Back to file '/opt/synopsys/vcs201809/etc/uvm-1.2/base/uvm_base.svh'.
Back to file '/opt/synopsys/vcs201809/etc/uvm-1.2/uvm_pkg.sv'.
Parsing included file '/opt/synopsys/vcs201809/etc/uvm-1.2/dap/uvm_dap.svh'.
Parsing included file '/opt/synopsys/vcs201809/etc/uvm-1.2/dap/uvm_set_get_dap_base.svh'.
Back to file '/opt/synopsys/vcs201809/etc/uvm-1.2/dap/uvm_dap.svh'.
Parsing included file '/opt/synopsys/vcs201809/etc/uvm-1.2/dap/uvm_simple_lock_dap.svh'.
Back to file '/opt/synopsys/vcs201809/etc/uvm-1.2/dap/uvm_dap.svh'.
Parsing included file '/opt/synopsys/vcs201809/etc/uvm-1.2/dap/uvm_get_to_lock_dap.svh'.
Back to file '/opt/synopsys/vcs201809/etc/uvm-1.2/dap/uvm_dap.svh'.
Parsing included file '/opt/synopsys/vcs201809/etc/uvm-1.2/dap/uvm_set_before_get_dap.svh'.
Back to file '/opt/synopsys/vcs201809/etc/uvm-1.2/dap/uvm_dap.svh'.
Back to file '/opt/synopsys/vcs201809/etc/uvm-1.2/uvm_pkg.sv'.
Parsing included file '/opt/synopsys/vcs201809/etc/uvm-1.2/tlm1/uvm_tlm.svh'.
Parsing included file '/opt/synopsys/vcs201809/etc/uvm-1.2/tlm1/uvm_tlm_ifs.svh'.
Back to file '/opt/synopsys/vcs201809/etc/uvm-1.2/tlm1/uvm_tlm.svh'.
Parsing included file '/opt/synopsys/vcs201809/etc/uvm-1.2/tlm1/uvm_sqr_ifs.svh'.
Back to file '/opt/synopsys/vcs201809/etc/uvm-1.2/tlm1/uvm_tlm.svh'.
Parsing included file '/opt/synopsys/vcs201809/etc/uvm-1.2/base/uvm_port_base.svh'.
Back to file '/opt/synopsys/vcs201809/etc/uvm-1.2/tlm1/uvm_tlm.svh'.
Parsing included file '/opt/synopsys/vcs201809/etc/uvm-1.2/tlm1/uvm_tlm_imps.svh'.
Back to file '/opt/synopsys/vcs201809/etc/uvm-1.2/tlm1/uvm_tlm.svh'.
Parsing included file '/opt/synopsys/vcs201809/etc/uvm-1.2/tlm1/uvm_imps.svh'.
Back to file '/opt/synopsys/vcs201809/etc/uvm-1.2/tlm1/uvm_tlm.svh'.
Parsing included file '/opt/synopsys/vcs201809/etc/uvm-1.2/tlm1/uvm_ports.svh'.
Back to file '/opt/synopsys/vcs201809/etc/uvm-1.2/tlm1/uvm_tlm.svh'.
Parsing included file '/opt/synopsys/vcs201809/etc/uvm-1.2/tlm1/uvm_exports.svh'.
Back to file '/opt/synopsys/vcs201809/etc/uvm-1.2/tlm1/uvm_tlm.svh'.
Parsing included file '/opt/synopsys/vcs201809/etc/uvm-1.2/tlm1/uvm_analysis_port.svh'.
Back to file '/opt/synopsys/vcs201809/etc/uvm-1.2/tlm1/uvm_tlm.svh'.
Parsing included file '/opt/synopsys/vcs201809/etc/uvm-1.2/tlm1/uvm_tlm_fifo_base.svh'.
Back to file '/opt/synopsys/vcs201809/etc/uvm-1.2/tlm1/uvm_tlm.svh'.
Parsing included file '/opt/synopsys/vcs201809/etc/uvm-1.2/tlm1/uvm_tlm_fifos.svh'.
Back to file '/opt/synopsys/vcs201809/etc/uvm-1.2/tlm1/uvm_tlm.svh'.
Parsing included file '/opt/synopsys/vcs201809/etc/uvm-1.2/tlm1/uvm_tlm_req_rsp.svh'.
Back to file '/opt/synopsys/vcs201809/etc/uvm-1.2/tlm1/uvm_tlm.svh'.
Parsing included file '/opt/synopsys/vcs201809/etc/uvm-1.2/tlm1/uvm_sqr_connections.svh'.
Back to file '/opt/synopsys/vcs201809/etc/uvm-1.2/tlm1/uvm_tlm.svh'.
Back to file '/opt/synopsys/vcs201809/etc/uvm-1.2/uvm_pkg.sv'.
Parsing included file '/opt/synopsys/vcs201809/etc/uvm-1.2/comps/uvm_comps.svh'.
Parsing included file '/opt/synopsys/vcs201809/etc/uvm-1.2/comps/uvm_pair.svh'.
Back to file '/opt/synopsys/vcs201809/etc/uvm-1.2/comps/uvm_comps.svh'.
Parsing included file '/opt/synopsys/vcs201809/etc/uvm-1.2/comps/uvm_policies.svh'.
Back to file '/opt/synopsys/vcs201809/etc/uvm-1.2/comps/uvm_comps.svh'.
Parsing included file '/opt/synopsys/vcs201809/etc/uvm-1.2/comps/uvm_in_order_comparator.svh'.
Back to file '/opt/synopsys/vcs201809/etc/uvm-1.2/comps/uvm_comps.svh'.
Parsing included file '/opt/synopsys/vcs201809/etc/uvm-1.2/comps/uvm_algorithmic_comparator.svh'.
Back to file '/opt/synopsys/vcs201809/etc/uvm-1.2/comps/uvm_comps.svh'.
Parsing included file '/opt/synopsys/vcs201809/etc/uvm-1.2/comps/uvm_random_stimulus.svh'.
Back to file '/opt/synopsys/vcs201809/etc/uvm-1.2/comps/uvm_comps.svh'.
Parsing included file '/opt/synopsys/vcs201809/etc/uvm-1.2/comps/uvm_subscriber.svh'.
Back to file '/opt/synopsys/vcs201809/etc/uvm-1.2/comps/uvm_comps.svh'.
Parsing included file '/opt/synopsys/vcs201809/etc/uvm-1.2/comps/uvm_monitor.svh'.
Back to file '/opt/synopsys/vcs201809/etc/uvm-1.2/comps/uvm_comps.svh'.
Parsing included file '/opt/synopsys/vcs201809/etc/uvm-1.2/comps/uvm_driver.svh'.
Back to file '/opt/synopsys/vcs201809/etc/uvm-1.2/comps/uvm_comps.svh'.
Parsing included file '/opt/synopsys/vcs201809/etc/uvm-1.2/comps/uvm_push_driver.svh'.
Back to file '/opt/synopsys/vcs201809/etc/uvm-1.2/comps/uvm_comps.svh'.
Parsing included file '/opt/synopsys/vcs201809/etc/uvm-1.2/comps/uvm_scoreboard.svh'.
Back to file '/opt/synopsys/vcs201809/etc/uvm-1.2/comps/uvm_comps.svh'.
Parsing included file '/opt/synopsys/vcs201809/etc/uvm-1.2/comps/uvm_agent.svh'.
Back to file '/opt/synopsys/vcs201809/etc/uvm-1.2/comps/uvm_comps.svh'.
Parsing included file '/opt/synopsys/vcs201809/etc/uvm-1.2/comps/uvm_env.svh'.
Back to file '/opt/synopsys/vcs201809/etc/uvm-1.2/comps/uvm_comps.svh'.
Parsing included file '/opt/synopsys/vcs201809/etc/uvm-1.2/comps/uvm_test.svh'.
Back to file '/opt/synopsys/vcs201809/etc/uvm-1.2/comps/uvm_comps.svh'.
Back to file '/opt/synopsys/vcs201809/etc/uvm-1.2/uvm_pkg.sv'.
Parsing included file '/opt/synopsys/vcs201809/etc/uvm-1.2/seq/uvm_seq.svh'.
Parsing included file '/opt/synopsys/vcs201809/etc/uvm-1.2/seq/uvm_sequence_item.svh'.
Back to file '/opt/synopsys/vcs201809/etc/uvm-1.2/seq/uvm_seq.svh'.
Parsing included file '/opt/synopsys/vcs201809/etc/uvm-1.2/seq/uvm_sequencer_base.svh'.
Back to file '/opt/synopsys/vcs201809/etc/uvm-1.2/seq/uvm_seq.svh'.
Parsing included file '/opt/synopsys/vcs201809/etc/uvm-1.2/seq/uvm_sequencer_analysis_fifo.svh'.
Back to file '/opt/synopsys/vcs201809/etc/uvm-1.2/seq/uvm_seq.svh'.
Parsing included file '/opt/synopsys/vcs201809/etc/uvm-1.2/seq/uvm_sequencer_param_base.svh'.
Back to file '/opt/synopsys/vcs201809/etc/uvm-1.2/seq/uvm_seq.svh'.
Parsing included file '/opt/synopsys/vcs201809/etc/uvm-1.2/seq/uvm_sequencer.svh'.
Back to file '/opt/synopsys/vcs201809/etc/uvm-1.2/seq/uvm_seq.svh'.
Parsing included file '/opt/synopsys/vcs201809/etc/uvm-1.2/seq/uvm_push_sequencer.svh'.
Back to file '/opt/synopsys/vcs201809/etc/uvm-1.2/seq/uvm_seq.svh'.
Parsing included file '/opt/synopsys/vcs201809/etc/uvm-1.2/seq/uvm_sequence_base.svh'.
Back to file '/opt/synopsys/vcs201809/etc/uvm-1.2/seq/uvm_seq.svh'.
Parsing included file '/opt/synopsys/vcs201809/etc/uvm-1.2/seq/uvm_sequence.svh'.
Back to file '/opt/synopsys/vcs201809/etc/uvm-1.2/seq/uvm_seq.svh'.
Parsing included file '/opt/synopsys/vcs201809/etc/uvm-1.2/seq/uvm_sequence_library.svh'.
Back to file '/opt/synopsys/vcs201809/etc/uvm-1.2/seq/uvm_seq.svh'.
Parsing included file '/opt/synopsys/vcs201809/etc/uvm-1.2/seq/uvm_sequence_builtin.svh'.
Back to file '/opt/synopsys/vcs201809/etc/uvm-1.2/seq/uvm_seq.svh'.
Back to file '/opt/synopsys/vcs201809/etc/uvm-1.2/uvm_pkg.sv'.
Parsing included file '/opt/synopsys/vcs201809/etc/uvm-1.2/tlm2/uvm_tlm2.svh'.
Parsing included file '/opt/synopsys/vcs201809/etc/uvm-1.2/tlm2/uvm_tlm2_defines.svh'.
Back to file '/opt/synopsys/vcs201809/etc/uvm-1.2/tlm2/uvm_tlm2.svh'.
Parsing included file '/opt/synopsys/vcs201809/etc/uvm-1.2/tlm2/uvm_tlm2_time.svh'.
Back to file '/opt/synopsys/vcs201809/etc/uvm-1.2/tlm2/uvm_tlm2.svh'.
Parsing included file '/opt/synopsys/vcs201809/etc/uvm-1.2/tlm2/uvm_tlm2_generic_payload.svh'.
Back to file '/opt/synopsys/vcs201809/etc/uvm-1.2/tlm2/uvm_tlm2.svh'.
Parsing included file '/opt/synopsys/vcs201809/etc/uvm-1.2/tlm2/uvm_tlm2_ifs.svh'.
Back to file '/opt/synopsys/vcs201809/etc/uvm-1.2/tlm2/uvm_tlm2.svh'.
Parsing included file '/opt/synopsys/vcs201809/etc/uvm-1.2/tlm2/uvm_tlm2_imps.svh'.
Back to file '/opt/synopsys/vcs201809/etc/uvm-1.2/tlm2/uvm_tlm2.svh'.
Parsing included file '/opt/synopsys/vcs201809/etc/uvm-1.2/tlm2/uvm_tlm2_ports.svh'.
Back to file '/opt/synopsys/vcs201809/etc/uvm-1.2/tlm2/uvm_tlm2.svh'.
Parsing included file '/opt/synopsys/vcs201809/etc/uvm-1.2/tlm2/uvm_tlm2_exports.svh'.
Back to file '/opt/synopsys/vcs201809/etc/uvm-1.2/tlm2/uvm_tlm2.svh'.
Parsing included file '/opt/synopsys/vcs201809/etc/uvm-1.2/tlm2/uvm_tlm2_sockets_base.svh'.
Back to file '/opt/synopsys/vcs201809/etc/uvm-1.2/tlm2/uvm_tlm2.svh'.
Parsing included file '/opt/synopsys/vcs201809/etc/uvm-1.2/tlm2/uvm_tlm2_sockets.svh'.
Back to file '/opt/synopsys/vcs201809/etc/uvm-1.2/tlm2/uvm_tlm2.svh'.
Back to file '/opt/synopsys/vcs201809/etc/uvm-1.2/uvm_pkg.sv'.
Parsing included file '/opt/synopsys/vcs201809/etc/uvm-1.2/reg/uvm_reg_model.svh'.
Parsing included file '/opt/synopsys/vcs201809/etc/uvm-1.2/reg/uvm_reg_item.svh'.
Back to file '/opt/synopsys/vcs201809/etc/uvm-1.2/reg/uvm_reg_model.svh'.
Parsing included file '/opt/synopsys/vcs201809/etc/uvm-1.2/reg/uvm_reg_adapter.svh'.
Back to file '/opt/synopsys/vcs201809/etc/uvm-1.2/reg/uvm_reg_model.svh'.
Parsing included file '/opt/synopsys/vcs201809/etc/uvm-1.2/reg/uvm_reg_predictor.svh'.
Back to file '/opt/synopsys/vcs201809/etc/uvm-1.2/reg/uvm_reg_model.svh'.
Parsing included file '/opt/synopsys/vcs201809/etc/uvm-1.2/reg/uvm_reg_sequence.svh'.
Back to file '/opt/synopsys/vcs201809/etc/uvm-1.2/reg/uvm_reg_model.svh'.
Parsing included file '/opt/synopsys/vcs201809/etc/uvm-1.2/reg/uvm_reg_cbs.svh'.
Back to file '/opt/synopsys/vcs201809/etc/uvm-1.2/reg/uvm_reg_model.svh'.
Parsing included file '/opt/synopsys/vcs201809/etc/uvm-1.2/reg/uvm_reg_backdoor.svh'.
Back to file '/opt/synopsys/vcs201809/etc/uvm-1.2/reg/uvm_reg_model.svh'.
Parsing included file '/opt/synopsys/vcs201809/etc/uvm-1.2/reg/uvm_reg_field.svh'.
Back to file '/opt/synopsys/vcs201809/etc/uvm-1.2/reg/uvm_reg_model.svh'.
Parsing included file '/opt/synopsys/vcs201809/etc/uvm-1.2/reg/uvm_vreg_field.svh'.
Back to file '/opt/synopsys/vcs201809/etc/uvm-1.2/reg/uvm_reg_model.svh'.
Parsing included file '/opt/synopsys/vcs201809/etc/uvm-1.2/reg/uvm_reg.svh'.
Back to file '/opt/synopsys/vcs201809/etc/uvm-1.2/reg/uvm_reg_model.svh'.
Parsing included file '/opt/synopsys/vcs201809/etc/uvm-1.2/reg/uvm_reg_indirect.svh'.
Back to file '/opt/synopsys/vcs201809/etc/uvm-1.2/reg/uvm_reg_model.svh'.
Parsing included file '/opt/synopsys/vcs201809/etc/uvm-1.2/reg/uvm_reg_fifo.svh'.
Back to file '/opt/synopsys/vcs201809/etc/uvm-1.2/reg/uvm_reg_model.svh'.
Parsing included file '/opt/synopsys/vcs201809/etc/uvm-1.2/reg/uvm_reg_file.svh'.
Back to file '/opt/synopsys/vcs201809/etc/uvm-1.2/reg/uvm_reg_model.svh'.
Parsing included file '/opt/synopsys/vcs201809/etc/uvm-1.2/reg/uvm_mem_mam.svh'.
Back to file '/opt/synopsys/vcs201809/etc/uvm-1.2/reg/uvm_reg_model.svh'.
Parsing included file '/opt/synopsys/vcs201809/etc/uvm-1.2/reg/uvm_vreg.svh'.
Back to file '/opt/synopsys/vcs201809/etc/uvm-1.2/reg/uvm_reg_model.svh'.
Parsing included file '/opt/synopsys/vcs201809/etc/uvm-1.2/reg/uvm_mem.svh'.
Back to file '/opt/synopsys/vcs201809/etc/uvm-1.2/reg/uvm_reg_model.svh'.
Parsing included file '/opt/synopsys/vcs201809/etc/uvm-1.2/reg/uvm_reg_map.svh'.
Back to file '/opt/synopsys/vcs201809/etc/uvm-1.2/reg/uvm_reg_model.svh'.
Parsing included file '/opt/synopsys/vcs201809/etc/uvm-1.2/reg/uvm_reg_block.svh'.
Back to file '/opt/synopsys/vcs201809/etc/uvm-1.2/reg/uvm_reg_model.svh'.
Parsing included file '/opt/synopsys/vcs201809/etc/uvm-1.2/reg/sequences/uvm_reg_hw_reset_seq.svh'.
Back to file '/opt/synopsys/vcs201809/etc/uvm-1.2/reg/uvm_reg_model.svh'.
Parsing included file '/opt/synopsys/vcs201809/etc/uvm-1.2/reg/sequences/uvm_reg_bit_bash_seq.svh'.
Back to file '/opt/synopsys/vcs201809/etc/uvm-1.2/reg/uvm_reg_model.svh'.
Parsing included file '/opt/synopsys/vcs201809/etc/uvm-1.2/reg/sequences/uvm_mem_walk_seq.svh'.
Back to file '/opt/synopsys/vcs201809/etc/uvm-1.2/reg/uvm_reg_model.svh'.
Parsing included file '/opt/synopsys/vcs201809/etc/uvm-1.2/reg/sequences/uvm_mem_access_seq.svh'.
Back to file '/opt/synopsys/vcs201809/etc/uvm-1.2/reg/uvm_reg_model.svh'.
Parsing included file '/opt/synopsys/vcs201809/etc/uvm-1.2/reg/sequences/uvm_reg_access_seq.svh'.
Back to file '/opt/synopsys/vcs201809/etc/uvm-1.2/reg/uvm_reg_model.svh'.
Parsing included file '/opt/synopsys/vcs201809/etc/uvm-1.2/reg/sequences/uvm_reg_mem_shared_access_seq.svh'.
Back to file '/opt/synopsys/vcs201809/etc/uvm-1.2/reg/uvm_reg_model.svh'.
Parsing included file '/opt/synopsys/vcs201809/etc/uvm-1.2/reg/sequences/uvm_reg_mem_built_in_seq.svh'.
Back to file '/opt/synopsys/vcs201809/etc/uvm-1.2/reg/uvm_reg_model.svh'.
Parsing included file '/opt/synopsys/vcs201809/etc/uvm-1.2/reg/sequences/uvm_reg_mem_hdl_paths_seq.svh'.
Back to file '/opt/synopsys/vcs201809/etc/uvm-1.2/reg/uvm_reg_model.svh'.
Parsing included file '/opt/synopsys/vcs201809/etc/uvm-1.2/reg/snps_uvm_reg_bank.svh'.
Back to file '/opt/synopsys/vcs201809/etc/uvm-1.2/reg/uvm_reg_model.svh'.
Back to file '/opt/synopsys/vcs201809/etc/uvm-1.2/uvm_pkg.sv'.
Parsing design file '/opt/synopsys/vcs201809/etc/uvm-1.2/vcs/uvm_custom_install_vcs_recorder.sv'
Parsing included file '/opt/synopsys/vcs201809/etc/uvm-1.2/vcs/msglog.svh'.
Back to file '/opt/synopsys/vcs201809/etc/uvm-1.2/vcs/uvm_custom_install_vcs_recorder.sv'.
Parsing included file '/opt/synopsys/vcs201809/etc/uvm-1.2/vcs/uvm_msglog_report_server.sv'.
Back to file '/opt/synopsys/vcs201809/etc/uvm-1.2/vcs/uvm_custom_install_vcs_recorder.sv'.
Parsing included file '/opt/synopsys/vcs201809/etc/uvm-1.2/vcs/uvm_vcs_recorder.svh'.
Parsing included file '/opt/synopsys/vcs201809/etc/uvm-1.2/vcs/uvm_vcs_tr_database.svh'.
Parsing included file '/opt/synopsys/vcs201809/etc/uvm-1.2/vcs/uvm_vcs_tr_stream.svh'.
Back to file '/opt/synopsys/vcs201809/etc/uvm-1.2/vcs/uvm_vcs_tr_database.svh'.
Back to file '/opt/synopsys/vcs201809/etc/uvm-1.2/vcs/uvm_vcs_recorder.svh'.
Back to file '/opt/synopsys/vcs201809/etc/uvm-1.2/vcs/uvm_custom_install_vcs_recorder.sv'.
Parsing included file '/opt/synopsys/vcs201809/etc/uvm-1.2/vcs/uvm_vcs_record_interface.sv'.
Parsing included file '/opt/synopsys/vcs201809/etc/uvm-1.2/macros/uvm_global_defines.svh'.
Back to file '/opt/synopsys/vcs201809/etc/uvm-1.2/vcs/uvm_vcs_record_interface.sv'.
Back to file '/opt/synopsys/vcs201809/etc/uvm-1.2/vcs/uvm_custom_install_vcs_recorder.sv'.
Parsing design file '/opt/synopsys/vcs201809/etc/uvm-1.2/verdi/uvm_custom_install_verdi_recorder.sv'
Parsing included file '/opt/synopsys/vcs201809/etc/uvm-1.2/uvm_macros.svh'.
Back to file '/opt/synopsys/vcs201809/etc/uvm-1.2/verdi/uvm_custom_install_verdi_recorder.sv'.
Parsing included file '/opt/synopsys/vcs201809/etc/uvm-1.2/verdi/uvm_verdi_recorder.svh'.
Parsing included file '/opt/synopsys/vcs201809/etc/uvm-1.2/verdi/uvm_verdi_pli_base.svh'.
Back to file '/opt/synopsys/vcs201809/etc/uvm-1.2/verdi/uvm_verdi_recorder.svh'.
Parsing included file '/opt/synopsys/vcs201809/etc/uvm-1.2/verdi/uvm_verdi_tr_database.svh'.
Parsing included file '/opt/synopsys/vcs201809/etc/uvm-1.2/verdi/uvm_verdi_tr_stream.svh'.
Back to file '/opt/synopsys/vcs201809/etc/uvm-1.2/verdi/uvm_verdi_tr_database.svh'.
Back to file '/opt/synopsys/vcs201809/etc/uvm-1.2/verdi/uvm_verdi_recorder.svh'.
Back to file '/opt/synopsys/vcs201809/etc/uvm-1.2/verdi/uvm_custom_install_verdi_recorder.sv'.
Parsing included file '/opt/synopsys/vcs201809/etc/uvm-1.2/verdi/uvm_verdi_reg_map_recording.sv'.
Back to file '/opt/synopsys/vcs201809/etc/uvm-1.2/verdi/uvm_custom_install_verdi_recorder.sv'.
Parsing included file '/opt/synopsys/vcs201809/etc/uvm-1.2/verdi/uvm_verdi_message_catcher.svh'.
Parsing included file '/opt/synopsys/vcs201809/etc/uvm-1.2/verdi/uvm_verdi_pli_base.svh'.
Back to file '/opt/synopsys/vcs201809/etc/uvm-1.2/verdi/uvm_verdi_message_catcher.svh'.
Back to file '/opt/synopsys/vcs201809/etc/uvm-1.2/verdi/uvm_custom_install_verdi_recorder.sv'.
Parsing included file '/opt/synopsys/vcs201809/etc/uvm-1.2/verdi/uvm_verdi_factory.svh'.
Back to file '/opt/synopsys/vcs201809/etc/uvm-1.2/verdi/uvm_custom_install_verdi_recorder.sv'.
Parsing included file '/opt/synopsys/vcs201809/etc/uvm-1.2/verdi/./dpi/uvm_verdi_dpi.svh'.
Back to file '/opt/synopsys/vcs201809/etc/uvm-1.2/verdi/uvm_custom_install_verdi_recorder.sv'.
Parsing included file '/opt/synopsys/vcs201809/etc/uvm-1.2/verdi/uvm_verdi_reg_recording.sv'.
Back to file '/opt/synopsys/vcs201809/etc/uvm-1.2/verdi/uvm_custom_install_verdi_recorder.sv'.
Parsing included file '/opt/synopsys/vcs201809/etc/uvm-1.2/verdi/verdi_trans_recorder_dpi.svh'.
Back to file '/opt/synopsys/vcs201809/etc/uvm-1.2/verdi/uvm_custom_install_verdi_recorder.sv'.
Parsing included file '/opt/synopsys/vcs201809/etc/uvm-1.2/verdi/uvm_verdi_pli.svh'.
Back to file '/opt/synopsys/vcs201809/etc/uvm-1.2/verdi/uvm_custom_install_verdi_recorder.sv'.
Parsing design file './quick_sim_pc.sv'
Parsing included file '../core/rv32i_defines.v'.
Back to file './quick_sim_pc.sv'.
Parsing included file '../core/pc.v'.
Back to file './quick_sim_pc.sv'.
Parsing included file '../core/id.v'.
Back to file './quick_sim_pc.sv'.
Parsing included file '../core/if_id.v'.
Parsing included file '../utils/gen_dff.v'.
Back to file '../core/if_id.v'.
Back to file './quick_sim_pc.sv'.
Parsing included file '../core/id_ex.v'.
Back to file './quick_sim_pc.sv'.
Parsing included file '../core/regs.v'.
Parsing included file '../core/rv32i_defines.v'.
Back to file '../core/regs.v'.
Back to file './quick_sim_pc.sv'.
Parsing included file '../core/csr_reg.v'.
Back to file './quick_sim_pc.sv'.
Parsing included file '../core/ex.v'.
Back to file './quick_sim_pc.sv'.
Parsing included file '../cache/simple_ram.v'.
Back to file './quick_sim_pc.sv'.
Parsing included file '../cache/4way_4word.v'.
Back to file './quick_sim_pc.sv'.
Top Level Modules:
       uvm_custom_install_recording
       uvm_custom_install_verdi_recording
       gen_rst_0_dff
       gen_rst_1_dff
       gen_rst_def_dff
       gen_en_dff
       quick_sim_pc
TimeScale is 1 ns / 1 ns

Warning-[TFIPC] Too few instance port connections
./quick_sim_pc.sv, 123
quick_sim_pc, "ex ex_uut( .op1_i (id_ex_op1_o),  .op2_i (id_ex_op2_o),  .op1_jump_i (id_ex_op1_jump_o),  .op2_jump_i (id_ex_op2_jump_o),  .inst_i (id_ex_inst_o),  .inst_addr_i (id_ex_inst_addr_o),  .reg1_rdata_i (id_ex_reg1_rdata_o),  .reg2_rdata_i (id_ex_reg2_rdata_o),  .csr_rdata_i (id_ex_csr_rdata_o),  .reg_wdata_o (ex_reg_wdata_o),  .reg_we_o (ex_reg_we_o),  .reg_waddr_o (ex_reg_waddr_o),  .csr_wdata_o (ex_csr_wdata_o),  .csr_we_o (ex_csr_we_o),  .csr_waddr_o (ex_csr_waddr_o),  .jump_flag_o (ex_jump_flag_o),  .jump_addr_o (ex_jump_addr_o));"
  The above instance has fewer port connections than the module definition.
  Please use '+lint=TFIPC-L' to print out detailed information of unconnected 
  ports.


Warning-[TFIPC] Too few instance port connections
./quick_sim_pc.sv, 192
quick_sim_pc, "if_id uut_ifid( .clk (clk),  .rst (rst),  .inst_i (inst_o),  .inst_addr_i (inst_addr_o),  .inst_valid_i (inst_valid),  .hold_flag_i (hold_flag_i),  .inst_o (if_id_inst_o),  .inst_addr_o (if_id_inst_addr_o));"
  The above instance has fewer port connections than the module definition.
  Please use '+lint=TFIPC-L' to print out detailed information of unconnected 
  ports.


Warning-[PCWM-W] Port connection width mismatch
./quick_sim_pc.sv, 105
"csr_reg csr_reg_uut( .clk (clk),  .rst (rst),  .we_i (ex_csr_we_o),  .raddr_i (csr_raddr_o),  .waddr_i (ex_csr_waddr_o),  .data_i (ex_csr_wdata_o),  .data_o (csr_rdata_i));"
  The following 5-bit expression is connected to 32-bit port "raddr_i" of 
  module "csr_reg", instance "csr_reg_uut".
  Expression: csr_raddr_o
  	use +lint=PCWM for more details


Warning-[PCWM-W] Port connection width mismatch
./quick_sim_pc.sv, 105
"csr_reg csr_reg_uut( .clk (clk),  .rst (rst),  .we_i (ex_csr_we_o),  .raddr_i (csr_raddr_o),  .waddr_i (ex_csr_waddr_o),  .data_i (ex_csr_wdata_o),  .data_o (csr_rdata_i));"
  The following 5-bit expression is connected to 32-bit port "waddr_i" of 
  module "csr_reg", instance "csr_reg_uut".
  Expression: ex_csr_waddr_o
  	use +lint=PCWM for more details


Warning-[PCWM-W] Port connection width mismatch
./quick_sim_pc.sv, 123
"ex ex_uut( .op1_i (id_ex_op1_o),  .op2_i (id_ex_op2_o),  .op1_jump_i (id_ex_op1_jump_o),  .op2_jump_i (id_ex_op2_jump_o),  .inst_i (id_ex_inst_o),  .inst_addr_i (id_ex_inst_addr_o),  .reg1_rdata_i (id_ex_reg1_rdata_o),  .reg2_rdata_i (id_ex_reg2_rdata_o),  .csr_rdata_i (id_ex_csr_rdata_o),  .reg_wdata_o (ex_reg_wdata_o),  .reg_we_o (ex_reg_we_o),  .reg_waddr_o (ex_reg_waddr_o),  .csr_wdata_o (ex_csr_wdata_o),  .csr_we_o (ex_csr_we_o),  .csr_waddr_o (ex_csr_waddr_o),  .jump_flag_o (ex_jump_flag_o),  .jump_addr_o (ex_jump_addr_o));"
  The following 5-bit expression is connected to 32-bit port "csr_waddr_o" of 
  module "ex", instance "ex_uut".
  Expression: ex_csr_waddr_o
  	use +lint=PCWM for more details


Warning-[PCWM-W] Port connection width mismatch
./quick_sim_pc.sv, 166
"id uut_id( .rst (rst),  .inst_i (if_id_inst_o),  .inst_addr_i (if_id_inst_addr_o),  .reg1_rdata_i (reg1_rdata_i),  .reg2_rdata_i (reg2_rdata_i),  .csr_rdata_i (csr_rdata_i),  .reg1_raddr_o (reg1_raddr_o),  .reg2_raddr_o (reg2_raddr_o),  .csr_raddr_o (csr_raddr_o),  .op1_o (op1_o),  .op2_o (op2_o),  .op1_jump_o (op1_jump_o),  .op2_jump_o (op2_jump_o),  .inst_o (id_inst_o),  .inst_addr_o (id_inst_addr_o),  .reg1_rdata_o (reg1_rdata_o),  .reg2_rdata_o (reg2_rdata_o),  .csr_rdata_o (csr_rdata_o));"
  The following 5-bit expression is connected to 32-bit port "csr_raddr_o" of 
  module "id", instance "uut_id".
  Expression: csr_raddr_o
  	use +lint=PCWM for more details

VCS Coverage Metrics Release O-2018.09-SP2_Full64 Copyright (c) 1991-2018 by Synopsys Inc.
Notice: Ports coerced to inout, use -notice for details
Starting vcs inline pass...
15 modules and 0 UDP read.
recompiling module uvm_custom_install_verdi_recording
	However, due to incremental compilation, only 1 module needs to be compiled. 
make[1]: Entering directory '/home/host/risc_32i/src/rtl/tb/csrc'
rm -f _csrc*.so pre_vcsobj_*.so share_vcsobj_*.so
ld -shared  -Bsymbolic  -o .//../simv.daidir//_csrc0.so objs/amcQw_d.o 
rm -f _csrc0.so
if [ -x ../simv ]; then chmod -x ../simv; fi
g++  -o ../simv -no-pie    -Wl,-rpath-link=./ -Wl,-rpath='$ORIGIN'/simv.daidir/ -Wl,-rpath=./simv.daidir/ \
-Wl,-rpath='$ORIGIN'/simv.daidir//scsim.db.dir  -Wl,--no-as-needed -rdynamic  -Wl,-rpath=/opt/synopsys/vcs201809/linux64/lib \
-L/opt/synopsys/vcs201809/linux64/lib  uvm_dpi.o uvm_verdi_dpi.o     _5110_archive_1.so \
_prev_archive_1.so _csrc0.so  SIM_l.o  _csrc0.so    rmapats_mop.o rmapats.o rmar.o \
rmar_nd.o  rmar_llvm_0_1.o rmar_llvm_0_0.o          -lzerosoft_rt_stubs -lvirsim \
-lerrorinf -lsnpsmalloc -lvfs    -lvcsnew -lsimprofile -lreader_common /opt/synopsys/vcs201809/linux64/lib/libBA.a \
-luclinative /opt/synopsys/vcs201809/linux64/lib/vcs_tls.o   -Wl,-whole-archive -lvcsucli \
-Wl,-no-whole-archive       ./../simv.daidir/vc_hdrs.o  _vcs_pli_stub_.o   /opt/synopsys/vcs201809/linux64/lib/vcs_save_restore_new.o \
/opt/synopsys/verdi201809/share/PLI/VCS/LINUX64/pli.a -ldl  -lc -lm -lpthread -ldl \

../simv up to date
make[1]: Leaving directory '/home/host/risc_32i/src/rtl/tb/csrc'
CPU time: 3.649 seconds to compile + .231 seconds to elab + .415 seconds to link
