#! /usr/local/bin/vvp
:ivl_version "11.0 (stable)" "(v11_0-132-gb2f2414f4)";
:ivl_delay_selection "TYPICAL";
:vpi_time_precision - 9;
:vpi_module "/usr/local/lib/ivl/system.vpi";
:vpi_module "/usr/local/lib/ivl/vhdl_sys.vpi";
:vpi_module "/usr/local/lib/ivl/vhdl_textio.vpi";
:vpi_module "/usr/local/lib/ivl/v2005_math.vpi";
:vpi_module "/usr/local/lib/ivl/va_math.vpi";
S_0x55fcf1dedab0 .scope module, "quick_sim_pc" "quick_sim_pc" 2 4;
 .timescale -9 -9;
P_0x55fcf1dedc40 .param/l "JMPADDR" 1 2 9, C4<11111110111111101010101110101011>;
v0x55fcf1e04690_0 .var "clk", 0 0;
v0x55fcf1e04750_0 .var "hold_flag_i", 2 0;
v0x55fcf1e04820_0 .var "jtag_reset_flag_i", 0 0;
v0x55fcf1e04920_0 .var "jump_addr_i", 31 0;
v0x55fcf1e049f0_0 .var "jump_flag_i", 0 0;
v0x55fcf1e04ae0_0 .net "pc_o", 31 0, v0x55fcf1e04410_0;  1 drivers
v0x55fcf1e04bb0_0 .var "rst", 0 0;
S_0x55fcf1dedce0 .scope module, "u_pc" "pc" 2 10, 3 1 0, S_0x55fcf1dedab0;
 .timescale -9 -9;
    .port_info 0 /INPUT 1 "clk";
    .port_info 1 /INPUT 1 "rst";
    .port_info 2 /INPUT 1 "jump_flag_i";
    .port_info 3 /INPUT 32 "jump_addr_i";
    .port_info 4 /INPUT 3 "hold_flag_i";
    .port_info 5 /OUTPUT 32 "pc_o";
    .port_info 6 /INPUT 1 "jtag_reset_flag_i";
v0x55fcf1dda3a0_0 .net "clk", 0 0, v0x55fcf1e04690_0;  1 drivers
v0x55fcf1e04070_0 .net "hold_flag_i", 2 0, v0x55fcf1e04750_0;  1 drivers
v0x55fcf1e04150_0 .net "jtag_reset_flag_i", 0 0, v0x55fcf1e04820_0;  1 drivers
v0x55fcf1e04220_0 .net "jump_addr_i", 31 0, v0x55fcf1e04920_0;  1 drivers
v0x55fcf1e04300_0 .net "jump_flag_i", 0 0, v0x55fcf1e049f0_0;  1 drivers
v0x55fcf1e04410_0 .var "pc_o", 31 0;
v0x55fcf1e044f0_0 .net "rst", 0 0, v0x55fcf1e04bb0_0;  1 drivers
E_0x55fcf1db3620 .event posedge, v0x55fcf1dda3a0_0;
    .scope S_0x55fcf1dedce0;
T_0 ;
    %wait E_0x55fcf1db3620;
    %load/vec4 v0x55fcf1e044f0_0;
    %load/vec4 v0x55fcf1e04150_0;
    %or;
    %flag_set/vec4 8;
    %jmp/0xz  T_0.0, 8;
    %pushi/vec4 0, 0, 32;
    %assign/vec4 v0x55fcf1e04410_0, 0;
    %jmp T_0.1;
T_0.0 ;
    %load/vec4 v0x55fcf1e04300_0;
    %flag_set/vec4 8;
    %jmp/0xz  T_0.2, 8;
    %load/vec4 v0x55fcf1e04220_0;
    %assign/vec4 v0x55fcf1e04410_0, 0;
    %jmp T_0.3;
T_0.2 ;
    %load/vec4 v0x55fcf1e04070_0;
    %cmpi/u 1, 0, 3;
    %flag_or 5, 4; GT is !LE
    %flag_inv 5;
    %jmp/0xz  T_0.4, 5;
    %load/vec4 v0x55fcf1e04410_0;
    %assign/vec4 v0x55fcf1e04410_0, 0;
    %jmp T_0.5;
T_0.4 ;
    %load/vec4 v0x55fcf1e04410_0;
    %addi 4, 0, 32;
    %assign/vec4 v0x55fcf1e04410_0, 0;
T_0.5 ;
T_0.3 ;
T_0.1 ;
    %jmp T_0;
    .thread T_0;
    .scope S_0x55fcf1dedab0;
T_1 ;
    %pushi/vec4 0, 0, 1;
    %store/vec4 v0x55fcf1e04690_0, 0, 1;
    %pushi/vec4 100, 0, 32;
T_1.0 %dup/vec4;
    %pushi/vec4 0, 0, 32;
    %cmp/s;
    %jmp/1xz T_1.1, 5;
    %jmp/1 T_1.1, 4;
    %pushi/vec4 1, 0, 32;
    %sub;
    %delay 5, 0;
    %load/vec4 v0x55fcf1e04690_0;
    %inv;
    %store/vec4 v0x55fcf1e04690_0, 0, 1;
    %jmp T_1.0;
T_1.1 ;
    %pop/vec4 1;
    %end;
    .thread T_1;
    .scope S_0x55fcf1dedab0;
T_2 ;
    %pushi/vec4 3, 0, 2;
    %split/vec4 1;
    %assign/vec4 v0x55fcf1e04820_0, 0;
    %assign/vec4 v0x55fcf1e04bb0_0, 0;
    %pushi/vec4 0, 0, 1;
    %assign/vec4 v0x55fcf1e049f0_0, 0;
    %pushi/vec4 0, 0, 3;
    %assign/vec4 v0x55fcf1e04750_0, 0;
    %delay 10, 0;
    %pushi/vec4 2, 0, 2;
    %split/vec4 1;
    %assign/vec4 v0x55fcf1e04820_0, 0;
    %assign/vec4 v0x55fcf1e04bb0_0, 0;
    %delay 10, 0;
    %pushi/vec4 1, 0, 2;
    %split/vec4 1;
    %assign/vec4 v0x55fcf1e04820_0, 0;
    %assign/vec4 v0x55fcf1e04bb0_0, 0;
    %delay 10, 0;
    %pushi/vec4 0, 0, 2;
    %split/vec4 1;
    %assign/vec4 v0x55fcf1e04820_0, 0;
    %assign/vec4 v0x55fcf1e04bb0_0, 0;
    %delay 100, 0;
    %pushi/vec4 1, 0, 1;
    %assign/vec4 v0x55fcf1e049f0_0, 0;
    %pushi/vec4 4278102955, 0, 32;
    %assign/vec4 v0x55fcf1e04920_0, 0;
    %wait E_0x55fcf1db3620;
    %pushi/vec4 0, 0, 1;
    %assign/vec4 v0x55fcf1e049f0_0, 0;
    %delay 100, 0;
    %pushi/vec4 0, 0, 1;
    %assign/vec4 v0x55fcf1e049f0_0, 0;
    %delay 100, 0;
    %pushi/vec4 3, 0, 3;
    %assign/vec4 v0x55fcf1e04750_0, 0;
    %delay 20, 0;
    %pushi/vec4 0, 0, 3;
    %assign/vec4 v0x55fcf1e04750_0, 0;
    %end;
    .thread T_2;
    .scope S_0x55fcf1dedab0;
T_3 ;
    %vpi_call 2 46 "$dumpfile", "quick_sim_pc.vcd" {0 0 0};
    %vpi_call 2 47 "$dumpvars", 32'sb00000000000000000000000000000000, S_0x55fcf1dedab0 {0 0 0};
    %end;
    .thread T_3;
# The file index is used to find the file name in the following table.
:file_names 4;
    "N/A";
    "<interactive>";
    "quick_sim_pc.v";
    "./../core/pc.v";
