#! /usr/local/bin/vvp
:ivl_version "11.0 (stable)";
:ivl_delay_selection "TYPICAL";
:vpi_time_precision - 12;
:vpi_module "/usr/local/lib/ivl/system.vpi";
:vpi_module "/usr/local/lib/ivl/vhdl_sys.vpi";
:vpi_module "/usr/local/lib/ivl/vhdl_textio.vpi";
:vpi_module "/usr/local/lib/ivl/v2005_math.vpi";
:vpi_module "/usr/local/lib/ivl/va_math.vpi";
S_0x55cfa519d520 .scope module, "proc_subtraction" "proc_subtraction" 2 23;
 .timescale -9 -12;
    .port_info 0 /INPUT 1 "clk_200M";
    .port_info 1 /INPUT 1 "rst_200M";
    .port_info 2 /INPUT 15 "i_rec_addr";
    .port_info 3 /INPUT 1 "i_rec_ce";
    .port_info 4 /INPUT 1 "i_rec_we";
    .port_info 5 /INPUT 40 "i_rec_d";
    .port_info 6 /OUTPUT 24 "sum_traction";
    .port_info 7 /INPUT 1 "refresh";
o0x7ffa7de490c8 .functor BUFZ 1, C4<z>; HiZ drive
o0x7ffa7de49128 .functor BUFZ 1, C4<z>; HiZ drive
L_0x55cfa51b68c0 .functor AND 1, o0x7ffa7de490c8, o0x7ffa7de49128, C4<1>, C4<1>;
o0x7ffa7de49098 .functor BUFZ 15, C4<zzzzzzzzzzzzzzz>; HiZ drive
L_0x55cfa51b4710 .functor BUFZ 15, o0x7ffa7de49098, C4<000000000000000>, C4<000000000000000>, C4<000000000000000>;
v0x55cfa51fa160_0 .net *"_ivl_100", 7 0, L_0x55cfa520d850;  1 drivers
v0x55cfa51fa260_0 .net *"_ivl_104", 8 0, L_0x55cfa520dcf0;  1 drivers
L_0x7ffa7ddff018 .functor BUFT 1, C4<0>, C4<0>, C4<0>, C4<0>;
v0x55cfa51fa340_0 .net *"_ivl_107", 0 0, L_0x7ffa7ddff018;  1 drivers
v0x55cfa51fa400_0 .net *"_ivl_108", 8 0, L_0x55cfa520de30;  1 drivers
v0x55cfa51fa4e0_0 .net *"_ivl_11", 7 0, L_0x55cfa5209ae0;  1 drivers
L_0x7ffa7ddff060 .functor BUFT 1, C4<0>, C4<0>, C4<0>, C4<0>;
v0x55cfa51fa5c0_0 .net *"_ivl_111", 0 0, L_0x7ffa7ddff060;  1 drivers
v0x55cfa51fa6a0_0 .net *"_ivl_114", 8 0, L_0x55cfa520e260;  1 drivers
L_0x7ffa7ddff0a8 .functor BUFT 1, C4<0>, C4<0>, C4<0>, C4<0>;
v0x55cfa51fa780_0 .net *"_ivl_117", 0 0, L_0x7ffa7ddff0a8;  1 drivers
v0x55cfa51fa860_0 .net *"_ivl_118", 8 0, L_0x55cfa520e560;  1 drivers
L_0x7ffa7ddff0f0 .functor BUFT 1, C4<0>, C4<0>, C4<0>, C4<0>;
v0x55cfa51fa940_0 .net *"_ivl_121", 0 0, L_0x7ffa7ddff0f0;  1 drivers
v0x55cfa51faa20_0 .net *"_ivl_124", 9 0, L_0x55cfa520e9b0;  1 drivers
L_0x7ffa7ddff138 .functor BUFT 1, C4<0>, C4<0>, C4<0>, C4<0>;
v0x55cfa51fab00_0 .net *"_ivl_127", 0 0, L_0x7ffa7ddff138;  1 drivers
v0x55cfa51fabe0_0 .net *"_ivl_128", 9 0, L_0x55cfa520eb40;  1 drivers
v0x55cfa51facc0_0 .net *"_ivl_13", 7 0, L_0x55cfa5209c00;  1 drivers
L_0x7ffa7ddff180 .functor BUFT 1, C4<0>, C4<0>, C4<0>, C4<0>;
v0x55cfa51fada0_0 .net *"_ivl_131", 0 0, L_0x7ffa7ddff180;  1 drivers
v0x55cfa51fae80_0 .net *"_ivl_134", 10 0, L_0x55cfa520efa0;  1 drivers
L_0x7ffa7ddff1c8 .functor BUFT 1, C4<0>, C4<0>, C4<0>, C4<0>;
v0x55cfa51faf60_0 .net *"_ivl_137", 0 0, L_0x7ffa7ddff1c8;  1 drivers
v0x55cfa51fb150_0 .net *"_ivl_138", 10 0, L_0x55cfa520f2d0;  1 drivers
v0x55cfa51fb230_0 .net *"_ivl_14", 7 0, L_0x55cfa5209ca0;  1 drivers
L_0x7ffa7ddff210 .functor BUFT 1, C4<000>, C4<0>, C4<0>, C4<0>;
v0x55cfa51fb310_0 .net *"_ivl_141", 2 0, L_0x7ffa7ddff210;  1 drivers
v0x55cfa51fb3f0_0 .net *"_ivl_17", 7 0, L_0x55cfa5209e20;  1 drivers
v0x55cfa51fb4d0_0 .net *"_ivl_19", 7 0, L_0x55cfa5209ec0;  1 drivers
v0x55cfa51fb5b0_0 .net *"_ivl_20", 7 0, L_0x55cfa5209fb0;  1 drivers
v0x55cfa51fb690_0 .net *"_ivl_25", 7 0, L_0x55cfa520a240;  1 drivers
v0x55cfa51fb770_0 .net *"_ivl_27", 7 0, L_0x55cfa520a2e0;  1 drivers
v0x55cfa51fb850_0 .net *"_ivl_28", 0 0, L_0x55cfa520a3f0;  1 drivers
v0x55cfa51fb910_0 .net *"_ivl_31", 7 0, L_0x55cfa520a4e0;  1 drivers
v0x55cfa51fb9f0_0 .net *"_ivl_33", 7 0, L_0x55cfa520a600;  1 drivers
v0x55cfa51fbad0_0 .net *"_ivl_34", 7 0, L_0x55cfa520a6a0;  1 drivers
v0x55cfa51fbbb0_0 .net *"_ivl_37", 7 0, L_0x55cfa520a870;  1 drivers
v0x55cfa51fbc90_0 .net *"_ivl_39", 7 0, L_0x55cfa520a910;  1 drivers
v0x55cfa51fbd70_0 .net *"_ivl_40", 7 0, L_0x55cfa520aa50;  1 drivers
v0x55cfa51fbe50_0 .net *"_ivl_45", 7 0, L_0x55cfa520a9b0;  1 drivers
v0x55cfa51fc140_0 .net *"_ivl_47", 7 0, L_0x55cfa520ae00;  1 drivers
v0x55cfa51fc220_0 .net *"_ivl_48", 0 0, L_0x55cfa520af60;  1 drivers
v0x55cfa51fc2e0_0 .net *"_ivl_5", 7 0, L_0x55cfa5209780;  1 drivers
v0x55cfa51fc3c0_0 .net *"_ivl_51", 7 0, L_0x55cfa520b0a0;  1 drivers
v0x55cfa51fc4a0_0 .net *"_ivl_53", 7 0, L_0x55cfa520b320;  1 drivers
v0x55cfa51fc580_0 .net *"_ivl_54", 7 0, L_0x55cfa520b3c0;  1 drivers
v0x55cfa51fc660_0 .net *"_ivl_57", 7 0, L_0x55cfa520b5e0;  1 drivers
v0x55cfa51fc740_0 .net *"_ivl_59", 7 0, L_0x55cfa520b680;  1 drivers
v0x55cfa51fc820_0 .net *"_ivl_60", 7 0, L_0x55cfa520b810;  1 drivers
v0x55cfa51fc900_0 .net *"_ivl_65", 7 0, L_0x55cfa520bc10;  1 drivers
v0x55cfa51fc9e0_0 .net *"_ivl_67", 7 0, L_0x55cfa520bcb0;  1 drivers
v0x55cfa51fcac0_0 .net *"_ivl_68", 0 0, L_0x55cfa520be60;  1 drivers
v0x55cfa51fcb80_0 .net *"_ivl_7", 7 0, L_0x55cfa5209880;  1 drivers
v0x55cfa51fcc60_0 .net *"_ivl_71", 7 0, L_0x55cfa520bfa0;  1 drivers
v0x55cfa51fcd40_0 .net *"_ivl_73", 7 0, L_0x55cfa520c160;  1 drivers
v0x55cfa51fce20_0 .net *"_ivl_74", 7 0, L_0x55cfa520c200;  1 drivers
v0x55cfa51fcf00_0 .net *"_ivl_77", 7 0, L_0x55cfa520c040;  1 drivers
v0x55cfa51fcfe0_0 .net *"_ivl_79", 7 0, L_0x55cfa520c470;  1 drivers
v0x55cfa51fd0c0_0 .net *"_ivl_8", 0 0, L_0x55cfa52099a0;  1 drivers
v0x55cfa51fd180_0 .net *"_ivl_80", 7 0, L_0x55cfa520c650;  1 drivers
v0x55cfa51fd260_0 .net *"_ivl_85", 7 0, L_0x55cfa520ca20;  1 drivers
v0x55cfa51fd340_0 .net *"_ivl_87", 7 0, L_0x55cfa520cac0;  1 drivers
v0x55cfa51fd420_0 .net *"_ivl_88", 0 0, L_0x55cfa520ccc0;  1 drivers
v0x55cfa51fd4e0_0 .net *"_ivl_91", 7 0, L_0x55cfa520ce00;  1 drivers
v0x55cfa51fd5c0_0 .net *"_ivl_93", 7 0, L_0x55cfa520d010;  1 drivers
v0x55cfa51fd6a0_0 .net *"_ivl_94", 7 0, L_0x55cfa520d0b0;  1 drivers
v0x55cfa51fd780_0 .net *"_ivl_97", 7 0, L_0x55cfa520d370;  1 drivers
v0x55cfa51fd860_0 .net *"_ivl_99", 7 0, L_0x55cfa520d620;  1 drivers
v0x55cfa51fd940_0 .net "add1", 7 0, L_0x55cfa520a0a0;  1 drivers
v0x55cfa51fda20_0 .net "add12", 8 0, L_0x55cfa520e120;  1 drivers
v0x55cfa51fdb00_0 .net "add1234", 9 0, L_0x55cfa520ee60;  1 drivers
v0x55cfa51fdbe0_0 .net "add12345", 10 0, L_0x55cfa520f410;  1 drivers
v0x55cfa51fe0d0_0 .net "add2", 7 0, L_0x55cfa520abc0;  1 drivers
v0x55cfa51fe1b0_0 .net "add3", 7 0, L_0x55cfa520b980;  1 drivers
v0x55cfa51fe290_0 .net "add34", 8 0, L_0x55cfa520e6a0;  1 drivers
v0x55cfa51fe370_0 .net "add4", 7 0, L_0x55cfa520c740;  1 drivers
v0x55cfa51fe450_0 .net "add5", 7 0, L_0x55cfa520d9c0;  1 drivers
v0x55cfa51fe530_0 .var "ce_tmp1", 0 0;
v0x55cfa51fe610_0 .var "ce_tmp2", 0 0;
o0x7ffa7de480d8 .functor BUFZ 1, C4<z>; HiZ drive
v0x55cfa51fe6b0_0 .net "clk_200M", 0 0, o0x7ffa7de480d8;  0 drivers
v0x55cfa51fe750_0 .var "data_buf_1", 39 0;
v0x55cfa51fe810_0 .var "data_buf_2", 39 0;
v0x55cfa51fe8d0_0 .net "get_addr", 14 0, L_0x55cfa51b4710;  1 drivers
v0x55cfa51fe990_0 .net "get_data", 39 0, v0x55cfa51b0920_0;  1 drivers
v0x55cfa51fea50_0 .net "i_rec_addr", 14 0, o0x7ffa7de49098;  0 drivers
v0x55cfa51feb10_0 .net "i_rec_ce", 0 0, o0x7ffa7de490c8;  0 drivers
o0x7ffa7de490f8 .functor BUFZ 40, C4<zzzzzzzzzzzzzzzzzzzzzzzzzzzzzzzzzzzzzzzz>; HiZ drive
v0x55cfa51febd0_0 .net "i_rec_d", 39 0, o0x7ffa7de490f8;  0 drivers
v0x55cfa51fecb0_0 .net "i_rec_we", 0 0, o0x7ffa7de49128;  0 drivers
v0x55cfa51fed70_0 .var "init", 0 0;
o0x7ffa7de49188 .functor BUFZ 1, C4<z>; HiZ drive
v0x55cfa51fee50_0 .net "refresh", 0 0, o0x7ffa7de49188;  0 drivers
o0x7ffa7de491b8 .functor BUFZ 1, C4<z>; HiZ drive
v0x55cfa51fef10_0 .net "rst_200M", 0 0, o0x7ffa7de491b8;  0 drivers
v0x55cfa51fefd0_0 .var "set_addr_buf_1", 14 0;
v0x55cfa51ff0b0_0 .var "set_addr_buf_2", 14 0;
v0x55cfa51ff1a0_0 .var "sum_traction", 23 0;
v0x55cfa51ff260_0 .var "we_tmp1", 0 0;
v0x55cfa51ff340_0 .var "we_tmp2", 0 0;
v0x55cfa51ff400_0 .net "work_enable", 0 0, L_0x55cfa51b68c0;  1 drivers
E_0x55cfa517d2f0/0 .event negedge, v0x55cfa51fef10_0;
E_0x55cfa517d2f0/1 .event posedge, v0x55cfa51b1050_0;
E_0x55cfa517d2f0 .event/or E_0x55cfa517d2f0/0, E_0x55cfa517d2f0/1;
L_0x55cfa5209780 .part v0x55cfa51fe750_0, 32, 8;
L_0x55cfa5209880 .part v0x55cfa51b0920_0, 32, 8;
L_0x55cfa52099a0 .cmp/gt 8, L_0x55cfa5209780, L_0x55cfa5209880;
L_0x55cfa5209ae0 .part v0x55cfa51fe750_0, 32, 8;
L_0x55cfa5209c00 .part v0x55cfa51b0920_0, 32, 8;
L_0x55cfa5209ca0 .arith/sub 8, L_0x55cfa5209ae0, L_0x55cfa5209c00;
L_0x55cfa5209e20 .part v0x55cfa51b0920_0, 32, 8;
L_0x55cfa5209ec0 .part v0x55cfa51fe750_0, 32, 8;
L_0x55cfa5209fb0 .arith/sub 8, L_0x55cfa5209e20, L_0x55cfa5209ec0;
L_0x55cfa520a0a0 .functor MUXZ 8, L_0x55cfa5209fb0, L_0x55cfa5209ca0, L_0x55cfa52099a0, C4<>;
L_0x55cfa520a240 .part v0x55cfa51fe750_0, 24, 8;
L_0x55cfa520a2e0 .part v0x55cfa51b0920_0, 24, 8;
L_0x55cfa520a3f0 .cmp/gt 8, L_0x55cfa520a240, L_0x55cfa520a2e0;
L_0x55cfa520a4e0 .part v0x55cfa51fe750_0, 24, 8;
L_0x55cfa520a600 .part v0x55cfa51b0920_0, 24, 8;
L_0x55cfa520a6a0 .arith/sub 8, L_0x55cfa520a4e0, L_0x55cfa520a600;
L_0x55cfa520a870 .part v0x55cfa51b0920_0, 24, 8;
L_0x55cfa520a910 .part v0x55cfa51fe750_0, 24, 8;
L_0x55cfa520aa50 .arith/sub 8, L_0x55cfa520a870, L_0x55cfa520a910;
L_0x55cfa520abc0 .functor MUXZ 8, L_0x55cfa520aa50, L_0x55cfa520a6a0, L_0x55cfa520a3f0, C4<>;
L_0x55cfa520a9b0 .part v0x55cfa51fe750_0, 16, 8;
L_0x55cfa520ae00 .part v0x55cfa51b0920_0, 16, 8;
L_0x55cfa520af60 .cmp/gt 8, L_0x55cfa520a9b0, L_0x55cfa520ae00;
L_0x55cfa520b0a0 .part v0x55cfa51fe750_0, 16, 8;
L_0x55cfa520b320 .part v0x55cfa51b0920_0, 16, 8;
L_0x55cfa520b3c0 .arith/sub 8, L_0x55cfa520b0a0, L_0x55cfa520b320;
L_0x55cfa520b5e0 .part v0x55cfa51b0920_0, 16, 8;
L_0x55cfa520b680 .part v0x55cfa51fe750_0, 16, 8;
L_0x55cfa520b810 .arith/sub 8, L_0x55cfa520b5e0, L_0x55cfa520b680;
L_0x55cfa520b980 .functor MUXZ 8, L_0x55cfa520b810, L_0x55cfa520b3c0, L_0x55cfa520af60, C4<>;
L_0x55cfa520bc10 .part v0x55cfa51fe750_0, 8, 8;
L_0x55cfa520bcb0 .part v0x55cfa51b0920_0, 8, 8;
L_0x55cfa520be60 .cmp/gt 8, L_0x55cfa520bc10, L_0x55cfa520bcb0;
L_0x55cfa520bfa0 .part v0x55cfa51fe750_0, 8, 8;
L_0x55cfa520c160 .part v0x55cfa51b0920_0, 8, 8;
L_0x55cfa520c200 .arith/sub 8, L_0x55cfa520bfa0, L_0x55cfa520c160;
L_0x55cfa520c040 .part v0x55cfa51b0920_0, 8, 8;
L_0x55cfa520c470 .part v0x55cfa51fe750_0, 8, 8;
L_0x55cfa520c650 .arith/sub 8, L_0x55cfa520c040, L_0x55cfa520c470;
L_0x55cfa520c740 .functor MUXZ 8, L_0x55cfa520c650, L_0x55cfa520c200, L_0x55cfa520be60, C4<>;
L_0x55cfa520ca20 .part v0x55cfa51fe750_0, 0, 8;
L_0x55cfa520cac0 .part v0x55cfa51b0920_0, 0, 8;
L_0x55cfa520ccc0 .cmp/gt 8, L_0x55cfa520ca20, L_0x55cfa520cac0;
L_0x55cfa520ce00 .part v0x55cfa51fe750_0, 0, 8;
L_0x55cfa520d010 .part v0x55cfa51b0920_0, 0, 8;
L_0x55cfa520d0b0 .arith/sub 8, L_0x55cfa520ce00, L_0x55cfa520d010;
L_0x55cfa520d370 .part v0x55cfa51b0920_0, 0, 8;
L_0x55cfa520d620 .part v0x55cfa51fe750_0, 0, 8;
L_0x55cfa520d850 .arith/sub 8, L_0x55cfa520d370, L_0x55cfa520d620;
L_0x55cfa520d9c0 .functor MUXZ 8, L_0x55cfa520d850, L_0x55cfa520d0b0, L_0x55cfa520ccc0, C4<>;
L_0x55cfa520dcf0 .concat [ 8 1 0 0], L_0x55cfa520a0a0, L_0x7ffa7ddff018;
L_0x55cfa520de30 .concat [ 8 1 0 0], L_0x55cfa520abc0, L_0x7ffa7ddff060;
L_0x55cfa520e120 .arith/sum 9, L_0x55cfa520dcf0, L_0x55cfa520de30;
L_0x55cfa520e260 .concat [ 8 1 0 0], L_0x55cfa520b980, L_0x7ffa7ddff0a8;
L_0x55cfa520e560 .concat [ 8 1 0 0], L_0x55cfa520c740, L_0x7ffa7ddff0f0;
L_0x55cfa520e6a0 .arith/sum 9, L_0x55cfa520e260, L_0x55cfa520e560;
L_0x55cfa520e9b0 .concat [ 9 1 0 0], L_0x55cfa520e120, L_0x7ffa7ddff138;
L_0x55cfa520eb40 .concat [ 9 1 0 0], L_0x55cfa520e6a0, L_0x7ffa7ddff180;
L_0x55cfa520ee60 .arith/sum 10, L_0x55cfa520e9b0, L_0x55cfa520eb40;
L_0x55cfa520efa0 .concat [ 10 1 0 0], L_0x55cfa520ee60, L_0x7ffa7ddff1c8;
L_0x55cfa520f2d0 .concat [ 8 3 0 0], L_0x55cfa520d9c0, L_0x7ffa7ddff210;
L_0x55cfa520f410 .arith/sum 11, L_0x55cfa520efa0, L_0x55cfa520f2d0;
LS_0x55cfa520f750_0_0 .concat [ 1 1 1 1], v0x55cfa51ff340_0, v0x55cfa51ff340_0, v0x55cfa51ff340_0, v0x55cfa51ff340_0;
LS_0x55cfa520f750_0_4 .concat [ 1 0 0 0], v0x55cfa51ff340_0;
L_0x55cfa520f750 .concat [ 4 1 0 0], LS_0x55cfa520f750_0_0, LS_0x55cfa520f750_0_4;
S_0x55cfa51b70c0 .scope module, "tmp_val_mem" "sum_io_empty_ram" 2 111, 2 128 0, S_0x55cfa519d520;
 .timescale -9 -12;
    .port_info 0 /INPUT 15 "addr0";
    .port_info 1 /INPUT 1 "ce0";
    .port_info 2 /OUTPUT 40 "q0";
    .port_info 3 /INPUT 15 "addr1";
    .port_info 4 /INPUT 1 "ce1";
    .port_info 5 /INPUT 40 "d1";
    .port_info 6 /INPUT 5 "we1";
    .port_info 7 /INPUT 1 "clk";
P_0x55cfa518c910 .param/l "AWIDTH" 0 2 131, +C4<00000000000000000000000000001111>;
P_0x55cfa518c950 .param/l "COL_WIDTH" 0 2 133, +C4<00000000000000000000000000001000>;
P_0x55cfa518c990 .param/l "DWIDTH" 0 2 130, +C4<00000000000000000000000000101000>;
P_0x55cfa518c9d0 .param/l "MEM_SIZE" 0 2 132, +C4<00000000000000000100011001010000>;
P_0x55cfa518ca10 .param/l "NUM_COL" 0 2 134, +C4<00000000000000000000000000000101>;
v0x55cfa51b1980_0 .net "addr0", 14 0, L_0x55cfa51b4710;  alias, 1 drivers
v0x55cfa51b2170_0 .net "addr1", 14 0, v0x55cfa51ff0b0_0;  1 drivers
v0x55cfa51b1190_0 .net "ce0", 0 0, L_0x55cfa51b68c0;  alias, 1 drivers
v0x55cfa51b0e20_0 .net "ce1", 0 0, v0x55cfa51fe610_0;  1 drivers
v0x55cfa51b1050_0 .net "clk", 0 0, o0x7ffa7de480d8;  alias, 0 drivers
v0x55cfa51b10f0_0 .net "d1", 39 0, v0x55cfa51fe810_0;  1 drivers
v0x55cfa51b0920_0 .var "q0", 39 0;
v0x55cfa51e9d80 .array "ram", 17999 0, 39 0;
v0x55cfa51f9fa0_0 .net "we1", 4 0, L_0x55cfa520f750;  1 drivers
S_0x55cfa5192210 .scope generate, "genblk1[0]" "genblk1[0]" 2 158, 2 158 0, S_0x55cfa51b70c0;
 .timescale -9 -12;
P_0x55cfa51923f0 .param/l "i" 0 2 158, +C4<00>;
E_0x55cfa5166d00 .event posedge, v0x55cfa51b1050_0;
S_0x55cfa5192490 .scope generate, "genblk1[1]" "genblk1[1]" 2 158, 2 158 0, S_0x55cfa51b70c0;
 .timescale -9 -12;
P_0x55cfa5192670 .param/l "i" 0 2 158, +C4<01>;
S_0x55cfa5143ce0 .scope generate, "genblk1[2]" "genblk1[2]" 2 158, 2 158 0, S_0x55cfa51b70c0;
 .timescale -9 -12;
P_0x55cfa5143ec0 .param/l "i" 0 2 158, +C4<010>;
S_0x55cfa5143f60 .scope generate, "genblk1[3]" "genblk1[3]" 2 158, 2 158 0, S_0x55cfa51b70c0;
 .timescale -9 -12;
P_0x55cfa5144140 .param/l "i" 0 2 158, +C4<011>;
S_0x55cfa51cf1e0 .scope generate, "genblk1[4]" "genblk1[4]" 2 158, 2 158 0, S_0x55cfa51b70c0;
 .timescale -9 -12;
P_0x55cfa51ce6b0 .param/l "i" 0 2 158, +C4<0100>;
S_0x55cfa51a2580 .scope module, "sum_io_empty" "sum_io_empty" 2 172;
 .timescale -9 -12;
    .port_info 0 /INPUT 1 "reset";
    .port_info 1 /INPUT 1 "clk";
    .port_info 2 /INPUT 15 "address0";
    .port_info 3 /INPUT 1 "ce0";
    .port_info 4 /OUTPUT 400 "q0";
    .port_info 5 /INPUT 15 "address1";
    .port_info 6 /INPUT 1 "ce1";
    .port_info 7 /INPUT 50 "we1";
    .port_info 8 /INPUT 400 "d1";
P_0x55cfa519fba0 .param/l "AddressRange" 0 2 184, C4<00000000000000000001001110001000>;
P_0x55cfa519fbe0 .param/l "AddressWidth" 0 2 185, C4<00000000000000000000000000001111>;
P_0x55cfa519fc20 .param/l "DataWidth" 0 2 183, C4<00000000000000000000000110010000>;
o0x7ffa7de49428 .functor BUFZ 15, C4<zzzzzzzzzzzzzzz>; HiZ drive
v0x55cfa5208f10_0 .net "address0", 14 0, o0x7ffa7de49428;  0 drivers
o0x7ffa7de49458 .functor BUFZ 15, C4<zzzzzzzzzzzzzzz>; HiZ drive
v0x55cfa5208ff0_0 .net "address1", 14 0, o0x7ffa7de49458;  0 drivers
o0x7ffa7de49488 .functor BUFZ 1, C4<z>; HiZ drive
v0x55cfa52090c0_0 .net "ce0", 0 0, o0x7ffa7de49488;  0 drivers
o0x7ffa7de494b8 .functor BUFZ 1, C4<z>; HiZ drive
v0x55cfa52091c0_0 .net "ce1", 0 0, o0x7ffa7de494b8;  0 drivers
o0x7ffa7de494e8 .functor BUFZ 1, C4<z>; HiZ drive
v0x55cfa5209290_0 .net "clk", 0 0, o0x7ffa7de494e8;  0 drivers
o0x7ffa7de49518 .functor BUFZ 400, C4<zzzzzzzzzzzzzzzzzzzzzzzzzzzzzzzzzzzzzzzzzzzzzzzzzzzzzzzzzzzzzzzzzzzzzzzzzzzzzzzzzzzzzzzzzzzzzzzzzzzzzzzzzzzzzzzzzzzzzzzzzzzzzzzzzzzzzzzzzzzzzzzzzzzzzzzzzzzzzzzzzzzzzzzzzzzzzzzzzzzzzzzzzzzzzzzzzzzzzzzzzzzzzzzzzzzzzzzzzzzzzzzzzzzzzzzzzzzzzzzzzzzzzzzzzzzzzzzzzzzzzzzzzzzzzzzzzzzzzzzzzzzzzzzzzzzzzzzzzzzzzzzzzzzzzzzzzzzzzzzzzzzzzzzzzzzzzzzzzzzzzzzzzzzzzzzzzzzzzzzzzzzzzzzzzzzzzzzzzzzzzzzzzzzzzzzzzzzzzzzz>; HiZ drive
v0x55cfa5209330_0 .net "d1", 399 0, o0x7ffa7de49518;  0 drivers
v0x55cfa5209400_0 .net "q0", 399 0, v0x55cfa5208b90_0;  1 drivers
o0x7ffa7de49728 .functor BUFZ 1, C4<z>; HiZ drive
v0x55cfa52094d0_0 .net "reset", 0 0, o0x7ffa7de49728;  0 drivers
o0x7ffa7de49578 .functor BUFZ 50, C4<zzzzzzzzzzzzzzzzzzzzzzzzzzzzzzzzzzzzzzzzzzzzzzzzzz>; HiZ drive
v0x55cfa5209570_0 .net "we1", 49 0, o0x7ffa7de49578;  0 drivers
S_0x55cfa51ff5d0 .scope module, "sum_io_empty_ram_U" "sum_io_empty_ram" 2 198, 2 128 0, S_0x55cfa51a2580;
 .timescale -9 -12;
    .port_info 0 /INPUT 15 "addr0";
    .port_info 1 /INPUT 1 "ce0";
    .port_info 2 /OUTPUT 400 "q0";
    .port_info 3 /INPUT 15 "addr1";
    .port_info 4 /INPUT 1 "ce1";
    .port_info 5 /INPUT 400 "d1";
    .port_info 6 /INPUT 50 "we1";
    .port_info 7 /INPUT 1 "clk";
P_0x55cfa51ff780 .param/l "AWIDTH" 0 2 131, +C4<00000000000000000000000000001111>;
P_0x55cfa51ff7c0 .param/l "COL_WIDTH" 0 2 133, +C4<00000000000000000000000000001000>;
P_0x55cfa51ff800 .param/l "DWIDTH" 0 2 130, +C4<00000000000000000000000110010000>;
P_0x55cfa51ff840 .param/l "MEM_SIZE" 0 2 132, +C4<00000000000000000001001110001000>;
P_0x55cfa51ff880 .param/l "NUM_COL" 0 2 134, +C4<00000000000000000000000000110010>;
v0x55cfa5208660_0 .net "addr0", 14 0, o0x7ffa7de49428;  alias, 0 drivers
v0x55cfa5208760_0 .net "addr1", 14 0, o0x7ffa7de49458;  alias, 0 drivers
v0x55cfa5208840_0 .net "ce0", 0 0, o0x7ffa7de49488;  alias, 0 drivers
v0x55cfa52088e0_0 .net "ce1", 0 0, o0x7ffa7de494b8;  alias, 0 drivers
v0x55cfa52089a0_0 .net "clk", 0 0, o0x7ffa7de494e8;  alias, 0 drivers
v0x55cfa5208ab0_0 .net "d1", 399 0, o0x7ffa7de49518;  alias, 0 drivers
v0x55cfa5208b90_0 .var "q0", 399 0;
v0x55cfa5208c70 .array "ram", 4999 0, 399 0;
v0x55cfa5208d50_0 .net "we1", 49 0, o0x7ffa7de49578;  alias, 0 drivers
S_0x55cfa51ffc70 .scope generate, "genblk1[0]" "genblk1[0]" 2 158, 2 158 0, S_0x55cfa51ff5d0;
 .timescale -9 -12;
P_0x55cfa51ffe90 .param/l "i" 0 2 158, +C4<00>;
E_0x55cfa51cdef0 .event posedge, v0x55cfa52089a0_0;
S_0x55cfa51fff90 .scope generate, "genblk1[1]" "genblk1[1]" 2 158, 2 158 0, S_0x55cfa51ff5d0;
 .timescale -9 -12;
P_0x55cfa52001b0 .param/l "i" 0 2 158, +C4<01>;
S_0x55cfa5200270 .scope generate, "genblk1[2]" "genblk1[2]" 2 158, 2 158 0, S_0x55cfa51ff5d0;
 .timescale -9 -12;
P_0x55cfa5200480 .param/l "i" 0 2 158, +C4<010>;
S_0x55cfa5200540 .scope generate, "genblk1[3]" "genblk1[3]" 2 158, 2 158 0, S_0x55cfa51ff5d0;
 .timescale -9 -12;
P_0x55cfa5200720 .param/l "i" 0 2 158, +C4<011>;
S_0x55cfa5200800 .scope generate, "genblk1[4]" "genblk1[4]" 2 158, 2 158 0, S_0x55cfa51ff5d0;
 .timescale -9 -12;
P_0x55cfa5200a30 .param/l "i" 0 2 158, +C4<0100>;
S_0x55cfa5200b10 .scope generate, "genblk1[5]" "genblk1[5]" 2 158, 2 158 0, S_0x55cfa51ff5d0;
 .timescale -9 -12;
P_0x55cfa5200cf0 .param/l "i" 0 2 158, +C4<0101>;
S_0x55cfa5200dd0 .scope generate, "genblk1[6]" "genblk1[6]" 2 158, 2 158 0, S_0x55cfa51ff5d0;
 .timescale -9 -12;
P_0x55cfa5200fb0 .param/l "i" 0 2 158, +C4<0110>;
S_0x55cfa5201090 .scope generate, "genblk1[7]" "genblk1[7]" 2 158, 2 158 0, S_0x55cfa51ff5d0;
 .timescale -9 -12;
P_0x55cfa5201270 .param/l "i" 0 2 158, +C4<0111>;
S_0x55cfa5201350 .scope generate, "genblk1[8]" "genblk1[8]" 2 158, 2 158 0, S_0x55cfa51ff5d0;
 .timescale -9 -12;
P_0x55cfa52009e0 .param/l "i" 0 2 158, +C4<01000>;
S_0x55cfa52015c0 .scope generate, "genblk1[9]" "genblk1[9]" 2 158, 2 158 0, S_0x55cfa51ff5d0;
 .timescale -9 -12;
P_0x55cfa52017a0 .param/l "i" 0 2 158, +C4<01001>;
S_0x55cfa5201880 .scope generate, "genblk1[10]" "genblk1[10]" 2 158, 2 158 0, S_0x55cfa51ff5d0;
 .timescale -9 -12;
P_0x55cfa5201a60 .param/l "i" 0 2 158, +C4<01010>;
S_0x55cfa5201b40 .scope generate, "genblk1[11]" "genblk1[11]" 2 158, 2 158 0, S_0x55cfa51ff5d0;
 .timescale -9 -12;
P_0x55cfa5201d20 .param/l "i" 0 2 158, +C4<01011>;
S_0x55cfa5201e00 .scope generate, "genblk1[12]" "genblk1[12]" 2 158, 2 158 0, S_0x55cfa51ff5d0;
 .timescale -9 -12;
P_0x55cfa5201fe0 .param/l "i" 0 2 158, +C4<01100>;
S_0x55cfa52020c0 .scope generate, "genblk1[13]" "genblk1[13]" 2 158, 2 158 0, S_0x55cfa51ff5d0;
 .timescale -9 -12;
P_0x55cfa52022a0 .param/l "i" 0 2 158, +C4<01101>;
S_0x55cfa5202380 .scope generate, "genblk1[14]" "genblk1[14]" 2 158, 2 158 0, S_0x55cfa51ff5d0;
 .timescale -9 -12;
P_0x55cfa5202560 .param/l "i" 0 2 158, +C4<01110>;
S_0x55cfa5202640 .scope generate, "genblk1[15]" "genblk1[15]" 2 158, 2 158 0, S_0x55cfa51ff5d0;
 .timescale -9 -12;
P_0x55cfa5202820 .param/l "i" 0 2 158, +C4<01111>;
S_0x55cfa5202900 .scope generate, "genblk1[16]" "genblk1[16]" 2 158, 2 158 0, S_0x55cfa51ff5d0;
 .timescale -9 -12;
P_0x55cfa5202ae0 .param/l "i" 0 2 158, +C4<010000>;
S_0x55cfa5202bc0 .scope generate, "genblk1[17]" "genblk1[17]" 2 158, 2 158 0, S_0x55cfa51ff5d0;
 .timescale -9 -12;
P_0x55cfa5202da0 .param/l "i" 0 2 158, +C4<010001>;
S_0x55cfa5202e80 .scope generate, "genblk1[18]" "genblk1[18]" 2 158, 2 158 0, S_0x55cfa51ff5d0;
 .timescale -9 -12;
P_0x55cfa5203060 .param/l "i" 0 2 158, +C4<010010>;
S_0x55cfa5203140 .scope generate, "genblk1[19]" "genblk1[19]" 2 158, 2 158 0, S_0x55cfa51ff5d0;
 .timescale -9 -12;
P_0x55cfa5203320 .param/l "i" 0 2 158, +C4<010011>;
S_0x55cfa5203400 .scope generate, "genblk1[20]" "genblk1[20]" 2 158, 2 158 0, S_0x55cfa51ff5d0;
 .timescale -9 -12;
P_0x55cfa52035e0 .param/l "i" 0 2 158, +C4<010100>;
S_0x55cfa52036c0 .scope generate, "genblk1[21]" "genblk1[21]" 2 158, 2 158 0, S_0x55cfa51ff5d0;
 .timescale -9 -12;
P_0x55cfa52038a0 .param/l "i" 0 2 158, +C4<010101>;
S_0x55cfa5203980 .scope generate, "genblk1[22]" "genblk1[22]" 2 158, 2 158 0, S_0x55cfa51ff5d0;
 .timescale -9 -12;
P_0x55cfa5203b60 .param/l "i" 0 2 158, +C4<010110>;
S_0x55cfa5203c40 .scope generate, "genblk1[23]" "genblk1[23]" 2 158, 2 158 0, S_0x55cfa51ff5d0;
 .timescale -9 -12;
P_0x55cfa5203e20 .param/l "i" 0 2 158, +C4<010111>;
S_0x55cfa5203f00 .scope generate, "genblk1[24]" "genblk1[24]" 2 158, 2 158 0, S_0x55cfa51ff5d0;
 .timescale -9 -12;
P_0x55cfa52040e0 .param/l "i" 0 2 158, +C4<011000>;
S_0x55cfa52041c0 .scope generate, "genblk1[25]" "genblk1[25]" 2 158, 2 158 0, S_0x55cfa51ff5d0;
 .timescale -9 -12;
P_0x55cfa52043a0 .param/l "i" 0 2 158, +C4<011001>;
S_0x55cfa5204480 .scope generate, "genblk1[26]" "genblk1[26]" 2 158, 2 158 0, S_0x55cfa51ff5d0;
 .timescale -9 -12;
P_0x55cfa5204660 .param/l "i" 0 2 158, +C4<011010>;
S_0x55cfa5204740 .scope generate, "genblk1[27]" "genblk1[27]" 2 158, 2 158 0, S_0x55cfa51ff5d0;
 .timescale -9 -12;
P_0x55cfa5204920 .param/l "i" 0 2 158, +C4<011011>;
S_0x55cfa5204a00 .scope generate, "genblk1[28]" "genblk1[28]" 2 158, 2 158 0, S_0x55cfa51ff5d0;
 .timescale -9 -12;
P_0x55cfa5204be0 .param/l "i" 0 2 158, +C4<011100>;
S_0x55cfa5204cc0 .scope generate, "genblk1[29]" "genblk1[29]" 2 158, 2 158 0, S_0x55cfa51ff5d0;
 .timescale -9 -12;
P_0x55cfa5204ea0 .param/l "i" 0 2 158, +C4<011101>;
S_0x55cfa5204f80 .scope generate, "genblk1[30]" "genblk1[30]" 2 158, 2 158 0, S_0x55cfa51ff5d0;
 .timescale -9 -12;
P_0x55cfa5205160 .param/l "i" 0 2 158, +C4<011110>;
S_0x55cfa5205240 .scope generate, "genblk1[31]" "genblk1[31]" 2 158, 2 158 0, S_0x55cfa51ff5d0;
 .timescale -9 -12;
P_0x55cfa5205420 .param/l "i" 0 2 158, +C4<011111>;
S_0x55cfa5205500 .scope generate, "genblk1[32]" "genblk1[32]" 2 158, 2 158 0, S_0x55cfa51ff5d0;
 .timescale -9 -12;
P_0x55cfa52056e0 .param/l "i" 0 2 158, +C4<0100000>;
S_0x55cfa52057a0 .scope generate, "genblk1[33]" "genblk1[33]" 2 158, 2 158 0, S_0x55cfa51ff5d0;
 .timescale -9 -12;
P_0x55cfa52059a0 .param/l "i" 0 2 158, +C4<0100001>;
S_0x55cfa5205a60 .scope generate, "genblk1[34]" "genblk1[34]" 2 158, 2 158 0, S_0x55cfa51ff5d0;
 .timescale -9 -12;
P_0x55cfa5205c60 .param/l "i" 0 2 158, +C4<0100010>;
S_0x55cfa5205d20 .scope generate, "genblk1[35]" "genblk1[35]" 2 158, 2 158 0, S_0x55cfa51ff5d0;
 .timescale -9 -12;
P_0x55cfa5205f20 .param/l "i" 0 2 158, +C4<0100011>;
S_0x55cfa5205fe0 .scope generate, "genblk1[36]" "genblk1[36]" 2 158, 2 158 0, S_0x55cfa51ff5d0;
 .timescale -9 -12;
P_0x55cfa52061e0 .param/l "i" 0 2 158, +C4<0100100>;
S_0x55cfa52062a0 .scope generate, "genblk1[37]" "genblk1[37]" 2 158, 2 158 0, S_0x55cfa51ff5d0;
 .timescale -9 -12;
P_0x55cfa52064a0 .param/l "i" 0 2 158, +C4<0100101>;
S_0x55cfa5206560 .scope generate, "genblk1[38]" "genblk1[38]" 2 158, 2 158 0, S_0x55cfa51ff5d0;
 .timescale -9 -12;
P_0x55cfa5206760 .param/l "i" 0 2 158, +C4<0100110>;
S_0x55cfa5206820 .scope generate, "genblk1[39]" "genblk1[39]" 2 158, 2 158 0, S_0x55cfa51ff5d0;
 .timescale -9 -12;
P_0x55cfa5206a20 .param/l "i" 0 2 158, +C4<0100111>;
S_0x55cfa5206ae0 .scope generate, "genblk1[40]" "genblk1[40]" 2 158, 2 158 0, S_0x55cfa51ff5d0;
 .timescale -9 -12;
P_0x55cfa5206ce0 .param/l "i" 0 2 158, +C4<0101000>;
S_0x55cfa5206da0 .scope generate, "genblk1[41]" "genblk1[41]" 2 158, 2 158 0, S_0x55cfa51ff5d0;
 .timescale -9 -12;
P_0x55cfa5206fa0 .param/l "i" 0 2 158, +C4<0101001>;
S_0x55cfa5207060 .scope generate, "genblk1[42]" "genblk1[42]" 2 158, 2 158 0, S_0x55cfa51ff5d0;
 .timescale -9 -12;
P_0x55cfa5207260 .param/l "i" 0 2 158, +C4<0101010>;
S_0x55cfa5207320 .scope generate, "genblk1[43]" "genblk1[43]" 2 158, 2 158 0, S_0x55cfa51ff5d0;
 .timescale -9 -12;
P_0x55cfa5207520 .param/l "i" 0 2 158, +C4<0101011>;
S_0x55cfa52075e0 .scope generate, "genblk1[44]" "genblk1[44]" 2 158, 2 158 0, S_0x55cfa51ff5d0;
 .timescale -9 -12;
P_0x55cfa52077e0 .param/l "i" 0 2 158, +C4<0101100>;
S_0x55cfa52078a0 .scope generate, "genblk1[45]" "genblk1[45]" 2 158, 2 158 0, S_0x55cfa51ff5d0;
 .timescale -9 -12;
P_0x55cfa5207aa0 .param/l "i" 0 2 158, +C4<0101101>;
S_0x55cfa5207b60 .scope generate, "genblk1[46]" "genblk1[46]" 2 158, 2 158 0, S_0x55cfa51ff5d0;
 .timescale -9 -12;
P_0x55cfa5207d60 .param/l "i" 0 2 158, +C4<0101110>;
S_0x55cfa5207e20 .scope generate, "genblk1[47]" "genblk1[47]" 2 158, 2 158 0, S_0x55cfa51ff5d0;
 .timescale -9 -12;
P_0x55cfa5208020 .param/l "i" 0 2 158, +C4<0101111>;
S_0x55cfa52080e0 .scope generate, "genblk1[48]" "genblk1[48]" 2 158, 2 158 0, S_0x55cfa51ff5d0;
 .timescale -9 -12;
P_0x55cfa52082e0 .param/l "i" 0 2 158, +C4<0110000>;
S_0x55cfa52083a0 .scope generate, "genblk1[49]" "genblk1[49]" 2 158, 2 158 0, S_0x55cfa51ff5d0;
 .timescale -9 -12;
P_0x55cfa52085a0 .param/l "i" 0 2 158, +C4<0110001>;
    .scope S_0x55cfa5192210;
T_0 ;
    %wait E_0x55cfa5166d00;
    %load/vec4 v0x55cfa51b0e20_0;
    %flag_set/vec4 8;
    %jmp/0xz  T_0.0, 8;
    %load/vec4 v0x55cfa51f9fa0_0;
    %parti/s 1, 0, 2;
    %flag_set/vec4 8;
    %jmp/0xz  T_0.2, 8;
    %load/vec4 v0x55cfa51b10f0_0;
    %parti/s 8, 0, 2;
    %load/vec4 v0x55cfa51b2170_0;
    %pad/u 16;
    %ix/vec4 3;
    %ix/load 4, 0, 0; Constant delay
    %assign/vec4/a/d v0x55cfa51e9d80, 0, 4;
T_0.2 ;
T_0.0 ;
    %jmp T_0;
    .thread T_0;
    .scope S_0x55cfa5192490;
T_1 ;
    %wait E_0x55cfa5166d00;
    %load/vec4 v0x55cfa51b0e20_0;
    %flag_set/vec4 8;
    %jmp/0xz  T_1.0, 8;
    %load/vec4 v0x55cfa51f9fa0_0;
    %parti/s 1, 1, 2;
    %flag_set/vec4 8;
    %jmp/0xz  T_1.2, 8;
    %load/vec4 v0x55cfa51b10f0_0;
    %parti/s 8, 8, 5;
    %load/vec4 v0x55cfa51b2170_0;
    %pad/u 16;
    %ix/vec4 3;
    %ix/load 4, 8, 0; part off
    %ix/load 5, 0, 0; Constant delay
    %assign/vec4/a/d v0x55cfa51e9d80, 4, 5;
T_1.2 ;
T_1.0 ;
    %jmp T_1;
    .thread T_1;
    .scope S_0x55cfa5143ce0;
T_2 ;
    %wait E_0x55cfa5166d00;
    %load/vec4 v0x55cfa51b0e20_0;
    %flag_set/vec4 8;
    %jmp/0xz  T_2.0, 8;
    %load/vec4 v0x55cfa51f9fa0_0;
    %parti/s 1, 2, 3;
    %flag_set/vec4 8;
    %jmp/0xz  T_2.2, 8;
    %load/vec4 v0x55cfa51b10f0_0;
    %parti/s 8, 16, 6;
    %load/vec4 v0x55cfa51b2170_0;
    %pad/u 16;
    %ix/vec4 3;
    %ix/load 4, 16, 0; part off
    %ix/load 5, 0, 0; Constant delay
    %assign/vec4/a/d v0x55cfa51e9d80, 4, 5;
T_2.2 ;
T_2.0 ;
    %jmp T_2;
    .thread T_2;
    .scope S_0x55cfa5143f60;
T_3 ;
    %wait E_0x55cfa5166d00;
    %load/vec4 v0x55cfa51b0e20_0;
    %flag_set/vec4 8;
    %jmp/0xz  T_3.0, 8;
    %load/vec4 v0x55cfa51f9fa0_0;
    %parti/s 1, 3, 3;
    %flag_set/vec4 8;
    %jmp/0xz  T_3.2, 8;
    %load/vec4 v0x55cfa51b10f0_0;
    %parti/s 8, 24, 6;
    %load/vec4 v0x55cfa51b2170_0;
    %pad/u 16;
    %ix/vec4 3;
    %ix/load 4, 24, 0; part off
    %ix/load 5, 0, 0; Constant delay
    %assign/vec4/a/d v0x55cfa51e9d80, 4, 5;
T_3.2 ;
T_3.0 ;
    %jmp T_3;
    .thread T_3;
    .scope S_0x55cfa51cf1e0;
T_4 ;
    %wait E_0x55cfa5166d00;
    %load/vec4 v0x55cfa51b0e20_0;
    %flag_set/vec4 8;
    %jmp/0xz  T_4.0, 8;
    %load/vec4 v0x55cfa51f9fa0_0;
    %parti/s 1, 4, 4;
    %flag_set/vec4 8;
    %jmp/0xz  T_4.2, 8;
    %load/vec4 v0x55cfa51b10f0_0;
    %parti/s 8, 32, 7;
    %load/vec4 v0x55cfa51b2170_0;
    %pad/u 16;
    %ix/vec4 3;
    %ix/load 4, 32, 0; part off
    %ix/load 5, 0, 0; Constant delay
    %assign/vec4/a/d v0x55cfa51e9d80, 4, 5;
T_4.2 ;
T_4.0 ;
    %jmp T_4;
    .thread T_4;
    .scope S_0x55cfa51b70c0;
T_5 ;
    %wait E_0x55cfa5166d00;
    %load/vec4 v0x55cfa51b1190_0;
    %flag_set/vec4 8;
    %jmp/0xz  T_5.0, 8;
    %load/vec4 v0x55cfa51b1980_0;
    %pad/u 16;
    %ix/vec4 4;
    %load/vec4a v0x55cfa51e9d80, 4;
    %assign/vec4 v0x55cfa51b0920_0, 0;
T_5.0 ;
    %jmp T_5;
    .thread T_5;
    .scope S_0x55cfa519d520;
T_6 ;
    %wait E_0x55cfa517d2f0;
    %load/vec4 v0x55cfa51fef10_0;
    %nor/r;
    %flag_set/vec4 8;
    %jmp/0xz  T_6.0, 8;
    %pushi/vec4 0, 0, 15;
    %assign/vec4 v0x55cfa51ff0b0_0, 0;
    %pushi/vec4 0, 0, 15;
    %assign/vec4 v0x55cfa51fefd0_0, 0;
    %pushi/vec4 0, 0, 40;
    %assign/vec4 v0x55cfa51fe810_0, 0;
    %pushi/vec4 0, 0, 40;
    %assign/vec4 v0x55cfa51fe750_0, 0;
    %pushi/vec4 0, 0, 1;
    %assign/vec4 v0x55cfa51fe530_0, 0;
    %pushi/vec4 0, 0, 1;
    %assign/vec4 v0x55cfa51fe530_0, 0;
    %pushi/vec4 0, 0, 1;
    %assign/vec4 v0x55cfa51ff260_0, 0;
    %pushi/vec4 0, 0, 1;
    %assign/vec4 v0x55cfa51ff340_0, 0;
    %pushi/vec4 0, 0, 1;
    %assign/vec4 v0x55cfa51fed70_0, 0;
    %jmp T_6.1;
T_6.0 ;
    %load/vec4 v0x55cfa51ff400_0;
    %flag_set/vec4 8;
    %jmp/0xz  T_6.2, 8;
    %load/vec4 v0x55cfa51fea50_0;
    %assign/vec4 v0x55cfa51fefd0_0, 0;
    %load/vec4 v0x55cfa51febd0_0;
    %assign/vec4 v0x55cfa51fe750_0, 0;
    %load/vec4 v0x55cfa51feb10_0;
    %assign/vec4 v0x55cfa51fe530_0, 0;
    %load/vec4 v0x55cfa51fe530_0;
    %assign/vec4 v0x55cfa51fe610_0, 0;
    %load/vec4 v0x55cfa51fefd0_0;
    %assign/vec4 v0x55cfa51ff0b0_0, 0;
    %load/vec4 v0x55cfa51fe750_0;
    %assign/vec4 v0x55cfa51fe810_0, 0;
    %load/vec4 v0x55cfa51fecb0_0;
    %assign/vec4 v0x55cfa51ff260_0, 0;
    %load/vec4 v0x55cfa51ff260_0;
    %assign/vec4 v0x55cfa51ff340_0, 0;
    %load/vec4 v0x55cfa51fefd0_0;
    %cmpi/e 17999, 0, 15;
    %jmp/0xz  T_6.4, 4;
    %pushi/vec4 1, 0, 1;
    %assign/vec4 v0x55cfa51fed70_0, 0;
T_6.4 ;
T_6.2 ;
T_6.1 ;
    %jmp T_6;
    .thread T_6;
    .scope S_0x55cfa519d520;
T_7 ;
    %wait E_0x55cfa517d2f0;
    %load/vec4 v0x55cfa51fef10_0;
    %nor/r;
    %flag_set/vec4 8;
    %jmp/0xz  T_7.0, 8;
    %pushi/vec4 0, 0, 24;
    %assign/vec4 v0x55cfa51ff1a0_0, 0;
    %jmp T_7.1;
T_7.0 ;
    %load/vec4 v0x55cfa51fee50_0;
    %flag_set/vec4 8;
    %jmp/0xz  T_7.2, 8;
    %pushi/vec4 1, 0, 24;
    %assign/vec4 v0x55cfa51ff1a0_0, 0;
    %jmp T_7.3;
T_7.2 ;
    %load/vec4 v0x55cfa51ff260_0;
    %load/vec4 v0x55cfa51fe530_0;
    %and;
    %flag_set/vec4 8;
    %jmp/0xz  T_7.4, 8;
    %load/vec4 v0x55cfa51fed70_0;
    %flag_set/vec4 8;
    %jmp/0xz  T_7.6, 8;
    %load/vec4 v0x55cfa51ff1a0_0;
    %load/vec4 v0x55cfa51fdbe0_0;
    %pad/u 24;
    %add;
    %assign/vec4 v0x55cfa51ff1a0_0, 0;
T_7.6 ;
T_7.4 ;
T_7.3 ;
T_7.1 ;
    %jmp T_7;
    .thread T_7;
    .scope S_0x55cfa51ffc70;
T_8 ;
    %wait E_0x55cfa51cdef0;
    %load/vec4 v0x55cfa52088e0_0;
    %flag_set/vec4 8;
    %jmp/0xz  T_8.0, 8;
    %load/vec4 v0x55cfa5208d50_0;
    %parti/s 1, 0, 2;
    %flag_set/vec4 8;
    %jmp/0xz  T_8.2, 8;
    %load/vec4 v0x55cfa5208ab0_0;
    %parti/s 8, 0, 2;
    %ix/getv 3, v0x55cfa5208760_0;
    %ix/load 4, 0, 0; Constant delay
    %assign/vec4/a/d v0x55cfa5208c70, 0, 4;
T_8.2 ;
T_8.0 ;
    %jmp T_8;
    .thread T_8;
    .scope S_0x55cfa51fff90;
T_9 ;
    %wait E_0x55cfa51cdef0;
    %load/vec4 v0x55cfa52088e0_0;
    %flag_set/vec4 8;
    %jmp/0xz  T_9.0, 8;
    %load/vec4 v0x55cfa5208d50_0;
    %parti/s 1, 1, 2;
    %flag_set/vec4 8;
    %jmp/0xz  T_9.2, 8;
    %load/vec4 v0x55cfa5208ab0_0;
    %parti/s 8, 8, 5;
    %ix/getv 3, v0x55cfa5208760_0;
    %ix/load 4, 8, 0; part off
    %ix/load 5, 0, 0; Constant delay
    %assign/vec4/a/d v0x55cfa5208c70, 4, 5;
T_9.2 ;
T_9.0 ;
    %jmp T_9;
    .thread T_9;
    .scope S_0x55cfa5200270;
T_10 ;
    %wait E_0x55cfa51cdef0;
    %load/vec4 v0x55cfa52088e0_0;
    %flag_set/vec4 8;
    %jmp/0xz  T_10.0, 8;
    %load/vec4 v0x55cfa5208d50_0;
    %parti/s 1, 2, 3;
    %flag_set/vec4 8;
    %jmp/0xz  T_10.2, 8;
    %load/vec4 v0x55cfa5208ab0_0;
    %parti/s 8, 16, 6;
    %ix/getv 3, v0x55cfa5208760_0;
    %ix/load 4, 16, 0; part off
    %ix/load 5, 0, 0; Constant delay
    %assign/vec4/a/d v0x55cfa5208c70, 4, 5;
T_10.2 ;
T_10.0 ;
    %jmp T_10;
    .thread T_10;
    .scope S_0x55cfa5200540;
T_11 ;
    %wait E_0x55cfa51cdef0;
    %load/vec4 v0x55cfa52088e0_0;
    %flag_set/vec4 8;
    %jmp/0xz  T_11.0, 8;
    %load/vec4 v0x55cfa5208d50_0;
    %parti/s 1, 3, 3;
    %flag_set/vec4 8;
    %jmp/0xz  T_11.2, 8;
    %load/vec4 v0x55cfa5208ab0_0;
    %parti/s 8, 24, 6;
    %ix/getv 3, v0x55cfa5208760_0;
    %ix/load 4, 24, 0; part off
    %ix/load 5, 0, 0; Constant delay
    %assign/vec4/a/d v0x55cfa5208c70, 4, 5;
T_11.2 ;
T_11.0 ;
    %jmp T_11;
    .thread T_11;
    .scope S_0x55cfa5200800;
T_12 ;
    %wait E_0x55cfa51cdef0;
    %load/vec4 v0x55cfa52088e0_0;
    %flag_set/vec4 8;
    %jmp/0xz  T_12.0, 8;
    %load/vec4 v0x55cfa5208d50_0;
    %parti/s 1, 4, 4;
    %flag_set/vec4 8;
    %jmp/0xz  T_12.2, 8;
    %load/vec4 v0x55cfa5208ab0_0;
    %parti/s 8, 32, 7;
    %ix/getv 3, v0x55cfa5208760_0;
    %ix/load 4, 32, 0; part off
    %ix/load 5, 0, 0; Constant delay
    %assign/vec4/a/d v0x55cfa5208c70, 4, 5;
T_12.2 ;
T_12.0 ;
    %jmp T_12;
    .thread T_12;
    .scope S_0x55cfa5200b10;
T_13 ;
    %wait E_0x55cfa51cdef0;
    %load/vec4 v0x55cfa52088e0_0;
    %flag_set/vec4 8;
    %jmp/0xz  T_13.0, 8;
    %load/vec4 v0x55cfa5208d50_0;
    %parti/s 1, 5, 4;
    %flag_set/vec4 8;
    %jmp/0xz  T_13.2, 8;
    %load/vec4 v0x55cfa5208ab0_0;
    %parti/s 8, 40, 7;
    %ix/getv 3, v0x55cfa5208760_0;
    %ix/load 4, 40, 0; part off
    %ix/load 5, 0, 0; Constant delay
    %assign/vec4/a/d v0x55cfa5208c70, 4, 5;
T_13.2 ;
T_13.0 ;
    %jmp T_13;
    .thread T_13;
    .scope S_0x55cfa5200dd0;
T_14 ;
    %wait E_0x55cfa51cdef0;
    %load/vec4 v0x55cfa52088e0_0;
    %flag_set/vec4 8;
    %jmp/0xz  T_14.0, 8;
    %load/vec4 v0x55cfa5208d50_0;
    %parti/s 1, 6, 4;
    %flag_set/vec4 8;
    %jmp/0xz  T_14.2, 8;
    %load/vec4 v0x55cfa5208ab0_0;
    %parti/s 8, 48, 7;
    %ix/getv 3, v0x55cfa5208760_0;
    %ix/load 4, 48, 0; part off
    %ix/load 5, 0, 0; Constant delay
    %assign/vec4/a/d v0x55cfa5208c70, 4, 5;
T_14.2 ;
T_14.0 ;
    %jmp T_14;
    .thread T_14;
    .scope S_0x55cfa5201090;
T_15 ;
    %wait E_0x55cfa51cdef0;
    %load/vec4 v0x55cfa52088e0_0;
    %flag_set/vec4 8;
    %jmp/0xz  T_15.0, 8;
    %load/vec4 v0x55cfa5208d50_0;
    %parti/s 1, 7, 4;
    %flag_set/vec4 8;
    %jmp/0xz  T_15.2, 8;
    %load/vec4 v0x55cfa5208ab0_0;
    %parti/s 8, 56, 7;
    %ix/getv 3, v0x55cfa5208760_0;
    %ix/load 4, 56, 0; part off
    %ix/load 5, 0, 0; Constant delay
    %assign/vec4/a/d v0x55cfa5208c70, 4, 5;
T_15.2 ;
T_15.0 ;
    %jmp T_15;
    .thread T_15;
    .scope S_0x55cfa5201350;
T_16 ;
    %wait E_0x55cfa51cdef0;
    %load/vec4 v0x55cfa52088e0_0;
    %flag_set/vec4 8;
    %jmp/0xz  T_16.0, 8;
    %load/vec4 v0x55cfa5208d50_0;
    %parti/s 1, 8, 5;
    %flag_set/vec4 8;
    %jmp/0xz  T_16.2, 8;
    %load/vec4 v0x55cfa5208ab0_0;
    %parti/s 8, 64, 8;
    %ix/getv 3, v0x55cfa5208760_0;
    %ix/load 4, 64, 0; part off
    %ix/load 5, 0, 0; Constant delay
    %assign/vec4/a/d v0x55cfa5208c70, 4, 5;
T_16.2 ;
T_16.0 ;
    %jmp T_16;
    .thread T_16;
    .scope S_0x55cfa52015c0;
T_17 ;
    %wait E_0x55cfa51cdef0;
    %load/vec4 v0x55cfa52088e0_0;
    %flag_set/vec4 8;
    %jmp/0xz  T_17.0, 8;
    %load/vec4 v0x55cfa5208d50_0;
    %parti/s 1, 9, 5;
    %flag_set/vec4 8;
    %jmp/0xz  T_17.2, 8;
    %load/vec4 v0x55cfa5208ab0_0;
    %parti/s 8, 72, 8;
    %ix/getv 3, v0x55cfa5208760_0;
    %ix/load 4, 72, 0; part off
    %ix/load 5, 0, 0; Constant delay
    %assign/vec4/a/d v0x55cfa5208c70, 4, 5;
T_17.2 ;
T_17.0 ;
    %jmp T_17;
    .thread T_17;
    .scope S_0x55cfa5201880;
T_18 ;
    %wait E_0x55cfa51cdef0;
    %load/vec4 v0x55cfa52088e0_0;
    %flag_set/vec4 8;
    %jmp/0xz  T_18.0, 8;
    %load/vec4 v0x55cfa5208d50_0;
    %parti/s 1, 10, 5;
    %flag_set/vec4 8;
    %jmp/0xz  T_18.2, 8;
    %load/vec4 v0x55cfa5208ab0_0;
    %parti/s 8, 80, 8;
    %ix/getv 3, v0x55cfa5208760_0;
    %ix/load 4, 80, 0; part off
    %ix/load 5, 0, 0; Constant delay
    %assign/vec4/a/d v0x55cfa5208c70, 4, 5;
T_18.2 ;
T_18.0 ;
    %jmp T_18;
    .thread T_18;
    .scope S_0x55cfa5201b40;
T_19 ;
    %wait E_0x55cfa51cdef0;
    %load/vec4 v0x55cfa52088e0_0;
    %flag_set/vec4 8;
    %jmp/0xz  T_19.0, 8;
    %load/vec4 v0x55cfa5208d50_0;
    %parti/s 1, 11, 5;
    %flag_set/vec4 8;
    %jmp/0xz  T_19.2, 8;
    %load/vec4 v0x55cfa5208ab0_0;
    %parti/s 8, 88, 8;
    %ix/getv 3, v0x55cfa5208760_0;
    %ix/load 4, 88, 0; part off
    %ix/load 5, 0, 0; Constant delay
    %assign/vec4/a/d v0x55cfa5208c70, 4, 5;
T_19.2 ;
T_19.0 ;
    %jmp T_19;
    .thread T_19;
    .scope S_0x55cfa5201e00;
T_20 ;
    %wait E_0x55cfa51cdef0;
    %load/vec4 v0x55cfa52088e0_0;
    %flag_set/vec4 8;
    %jmp/0xz  T_20.0, 8;
    %load/vec4 v0x55cfa5208d50_0;
    %parti/s 1, 12, 5;
    %flag_set/vec4 8;
    %jmp/0xz  T_20.2, 8;
    %load/vec4 v0x55cfa5208ab0_0;
    %parti/s 8, 96, 8;
    %ix/getv 3, v0x55cfa5208760_0;
    %ix/load 4, 96, 0; part off
    %ix/load 5, 0, 0; Constant delay
    %assign/vec4/a/d v0x55cfa5208c70, 4, 5;
T_20.2 ;
T_20.0 ;
    %jmp T_20;
    .thread T_20;
    .scope S_0x55cfa52020c0;
T_21 ;
    %wait E_0x55cfa51cdef0;
    %load/vec4 v0x55cfa52088e0_0;
    %flag_set/vec4 8;
    %jmp/0xz  T_21.0, 8;
    %load/vec4 v0x55cfa5208d50_0;
    %parti/s 1, 13, 5;
    %flag_set/vec4 8;
    %jmp/0xz  T_21.2, 8;
    %load/vec4 v0x55cfa5208ab0_0;
    %parti/s 8, 104, 8;
    %ix/getv 3, v0x55cfa5208760_0;
    %ix/load 4, 104, 0; part off
    %ix/load 5, 0, 0; Constant delay
    %assign/vec4/a/d v0x55cfa5208c70, 4, 5;
T_21.2 ;
T_21.0 ;
    %jmp T_21;
    .thread T_21;
    .scope S_0x55cfa5202380;
T_22 ;
    %wait E_0x55cfa51cdef0;
    %load/vec4 v0x55cfa52088e0_0;
    %flag_set/vec4 8;
    %jmp/0xz  T_22.0, 8;
    %load/vec4 v0x55cfa5208d50_0;
    %parti/s 1, 14, 5;
    %flag_set/vec4 8;
    %jmp/0xz  T_22.2, 8;
    %load/vec4 v0x55cfa5208ab0_0;
    %parti/s 8, 112, 8;
    %ix/getv 3, v0x55cfa5208760_0;
    %ix/load 4, 112, 0; part off
    %ix/load 5, 0, 0; Constant delay
    %assign/vec4/a/d v0x55cfa5208c70, 4, 5;
T_22.2 ;
T_22.0 ;
    %jmp T_22;
    .thread T_22;
    .scope S_0x55cfa5202640;
T_23 ;
    %wait E_0x55cfa51cdef0;
    %load/vec4 v0x55cfa52088e0_0;
    %flag_set/vec4 8;
    %jmp/0xz  T_23.0, 8;
    %load/vec4 v0x55cfa5208d50_0;
    %parti/s 1, 15, 5;
    %flag_set/vec4 8;
    %jmp/0xz  T_23.2, 8;
    %load/vec4 v0x55cfa5208ab0_0;
    %parti/s 8, 120, 8;
    %ix/getv 3, v0x55cfa5208760_0;
    %ix/load 4, 120, 0; part off
    %ix/load 5, 0, 0; Constant delay
    %assign/vec4/a/d v0x55cfa5208c70, 4, 5;
T_23.2 ;
T_23.0 ;
    %jmp T_23;
    .thread T_23;
    .scope S_0x55cfa5202900;
T_24 ;
    %wait E_0x55cfa51cdef0;
    %load/vec4 v0x55cfa52088e0_0;
    %flag_set/vec4 8;
    %jmp/0xz  T_24.0, 8;
    %load/vec4 v0x55cfa5208d50_0;
    %parti/s 1, 16, 6;
    %flag_set/vec4 8;
    %jmp/0xz  T_24.2, 8;
    %load/vec4 v0x55cfa5208ab0_0;
    %parti/s 8, 128, 9;
    %ix/getv 3, v0x55cfa5208760_0;
    %ix/load 4, 128, 0; part off
    %ix/load 5, 0, 0; Constant delay
    %assign/vec4/a/d v0x55cfa5208c70, 4, 5;
T_24.2 ;
T_24.0 ;
    %jmp T_24;
    .thread T_24;
    .scope S_0x55cfa5202bc0;
T_25 ;
    %wait E_0x55cfa51cdef0;
    %load/vec4 v0x55cfa52088e0_0;
    %flag_set/vec4 8;
    %jmp/0xz  T_25.0, 8;
    %load/vec4 v0x55cfa5208d50_0;
    %parti/s 1, 17, 6;
    %flag_set/vec4 8;
    %jmp/0xz  T_25.2, 8;
    %load/vec4 v0x55cfa5208ab0_0;
    %parti/s 8, 136, 9;
    %ix/getv 3, v0x55cfa5208760_0;
    %ix/load 4, 136, 0; part off
    %ix/load 5, 0, 0; Constant delay
    %assign/vec4/a/d v0x55cfa5208c70, 4, 5;
T_25.2 ;
T_25.0 ;
    %jmp T_25;
    .thread T_25;
    .scope S_0x55cfa5202e80;
T_26 ;
    %wait E_0x55cfa51cdef0;
    %load/vec4 v0x55cfa52088e0_0;
    %flag_set/vec4 8;
    %jmp/0xz  T_26.0, 8;
    %load/vec4 v0x55cfa5208d50_0;
    %parti/s 1, 18, 6;
    %flag_set/vec4 8;
    %jmp/0xz  T_26.2, 8;
    %load/vec4 v0x55cfa5208ab0_0;
    %parti/s 8, 144, 9;
    %ix/getv 3, v0x55cfa5208760_0;
    %ix/load 4, 144, 0; part off
    %ix/load 5, 0, 0; Constant delay
    %assign/vec4/a/d v0x55cfa5208c70, 4, 5;
T_26.2 ;
T_26.0 ;
    %jmp T_26;
    .thread T_26;
    .scope S_0x55cfa5203140;
T_27 ;
    %wait E_0x55cfa51cdef0;
    %load/vec4 v0x55cfa52088e0_0;
    %flag_set/vec4 8;
    %jmp/0xz  T_27.0, 8;
    %load/vec4 v0x55cfa5208d50_0;
    %parti/s 1, 19, 6;
    %flag_set/vec4 8;
    %jmp/0xz  T_27.2, 8;
    %load/vec4 v0x55cfa5208ab0_0;
    %parti/s 8, 152, 9;
    %ix/getv 3, v0x55cfa5208760_0;
    %ix/load 4, 152, 0; part off
    %ix/load 5, 0, 0; Constant delay
    %assign/vec4/a/d v0x55cfa5208c70, 4, 5;
T_27.2 ;
T_27.0 ;
    %jmp T_27;
    .thread T_27;
    .scope S_0x55cfa5203400;
T_28 ;
    %wait E_0x55cfa51cdef0;
    %load/vec4 v0x55cfa52088e0_0;
    %flag_set/vec4 8;
    %jmp/0xz  T_28.0, 8;
    %load/vec4 v0x55cfa5208d50_0;
    %parti/s 1, 20, 6;
    %flag_set/vec4 8;
    %jmp/0xz  T_28.2, 8;
    %load/vec4 v0x55cfa5208ab0_0;
    %parti/s 8, 160, 9;
    %ix/getv 3, v0x55cfa5208760_0;
    %ix/load 4, 160, 0; part off
    %ix/load 5, 0, 0; Constant delay
    %assign/vec4/a/d v0x55cfa5208c70, 4, 5;
T_28.2 ;
T_28.0 ;
    %jmp T_28;
    .thread T_28;
    .scope S_0x55cfa52036c0;
T_29 ;
    %wait E_0x55cfa51cdef0;
    %load/vec4 v0x55cfa52088e0_0;
    %flag_set/vec4 8;
    %jmp/0xz  T_29.0, 8;
    %load/vec4 v0x55cfa5208d50_0;
    %parti/s 1, 21, 6;
    %flag_set/vec4 8;
    %jmp/0xz  T_29.2, 8;
    %load/vec4 v0x55cfa5208ab0_0;
    %parti/s 8, 168, 9;
    %ix/getv 3, v0x55cfa5208760_0;
    %ix/load 4, 168, 0; part off
    %ix/load 5, 0, 0; Constant delay
    %assign/vec4/a/d v0x55cfa5208c70, 4, 5;
T_29.2 ;
T_29.0 ;
    %jmp T_29;
    .thread T_29;
    .scope S_0x55cfa5203980;
T_30 ;
    %wait E_0x55cfa51cdef0;
    %load/vec4 v0x55cfa52088e0_0;
    %flag_set/vec4 8;
    %jmp/0xz  T_30.0, 8;
    %load/vec4 v0x55cfa5208d50_0;
    %parti/s 1, 22, 6;
    %flag_set/vec4 8;
    %jmp/0xz  T_30.2, 8;
    %load/vec4 v0x55cfa5208ab0_0;
    %parti/s 8, 176, 9;
    %ix/getv 3, v0x55cfa5208760_0;
    %ix/load 4, 176, 0; part off
    %ix/load 5, 0, 0; Constant delay
    %assign/vec4/a/d v0x55cfa5208c70, 4, 5;
T_30.2 ;
T_30.0 ;
    %jmp T_30;
    .thread T_30;
    .scope S_0x55cfa5203c40;
T_31 ;
    %wait E_0x55cfa51cdef0;
    %load/vec4 v0x55cfa52088e0_0;
    %flag_set/vec4 8;
    %jmp/0xz  T_31.0, 8;
    %load/vec4 v0x55cfa5208d50_0;
    %parti/s 1, 23, 6;
    %flag_set/vec4 8;
    %jmp/0xz  T_31.2, 8;
    %load/vec4 v0x55cfa5208ab0_0;
    %parti/s 8, 184, 9;
    %ix/getv 3, v0x55cfa5208760_0;
    %ix/load 4, 184, 0; part off
    %ix/load 5, 0, 0; Constant delay
    %assign/vec4/a/d v0x55cfa5208c70, 4, 5;
T_31.2 ;
T_31.0 ;
    %jmp T_31;
    .thread T_31;
    .scope S_0x55cfa5203f00;
T_32 ;
    %wait E_0x55cfa51cdef0;
    %load/vec4 v0x55cfa52088e0_0;
    %flag_set/vec4 8;
    %jmp/0xz  T_32.0, 8;
    %load/vec4 v0x55cfa5208d50_0;
    %parti/s 1, 24, 6;
    %flag_set/vec4 8;
    %jmp/0xz  T_32.2, 8;
    %load/vec4 v0x55cfa5208ab0_0;
    %parti/s 8, 192, 9;
    %ix/getv 3, v0x55cfa5208760_0;
    %ix/load 4, 192, 0; part off
    %ix/load 5, 0, 0; Constant delay
    %assign/vec4/a/d v0x55cfa5208c70, 4, 5;
T_32.2 ;
T_32.0 ;
    %jmp T_32;
    .thread T_32;
    .scope S_0x55cfa52041c0;
T_33 ;
    %wait E_0x55cfa51cdef0;
    %load/vec4 v0x55cfa52088e0_0;
    %flag_set/vec4 8;
    %jmp/0xz  T_33.0, 8;
    %load/vec4 v0x55cfa5208d50_0;
    %parti/s 1, 25, 6;
    %flag_set/vec4 8;
    %jmp/0xz  T_33.2, 8;
    %load/vec4 v0x55cfa5208ab0_0;
    %parti/s 8, 200, 9;
    %ix/getv 3, v0x55cfa5208760_0;
    %ix/load 4, 200, 0; part off
    %ix/load 5, 0, 0; Constant delay
    %assign/vec4/a/d v0x55cfa5208c70, 4, 5;
T_33.2 ;
T_33.0 ;
    %jmp T_33;
    .thread T_33;
    .scope S_0x55cfa5204480;
T_34 ;
    %wait E_0x55cfa51cdef0;
    %load/vec4 v0x55cfa52088e0_0;
    %flag_set/vec4 8;
    %jmp/0xz  T_34.0, 8;
    %load/vec4 v0x55cfa5208d50_0;
    %parti/s 1, 26, 6;
    %flag_set/vec4 8;
    %jmp/0xz  T_34.2, 8;
    %load/vec4 v0x55cfa5208ab0_0;
    %parti/s 8, 208, 9;
    %ix/getv 3, v0x55cfa5208760_0;
    %ix/load 4, 208, 0; part off
    %ix/load 5, 0, 0; Constant delay
    %assign/vec4/a/d v0x55cfa5208c70, 4, 5;
T_34.2 ;
T_34.0 ;
    %jmp T_34;
    .thread T_34;
    .scope S_0x55cfa5204740;
T_35 ;
    %wait E_0x55cfa51cdef0;
    %load/vec4 v0x55cfa52088e0_0;
    %flag_set/vec4 8;
    %jmp/0xz  T_35.0, 8;
    %load/vec4 v0x55cfa5208d50_0;
    %parti/s 1, 27, 6;
    %flag_set/vec4 8;
    %jmp/0xz  T_35.2, 8;
    %load/vec4 v0x55cfa5208ab0_0;
    %parti/s 8, 216, 9;
    %ix/getv 3, v0x55cfa5208760_0;
    %ix/load 4, 216, 0; part off
    %ix/load 5, 0, 0; Constant delay
    %assign/vec4/a/d v0x55cfa5208c70, 4, 5;
T_35.2 ;
T_35.0 ;
    %jmp T_35;
    .thread T_35;
    .scope S_0x55cfa5204a00;
T_36 ;
    %wait E_0x55cfa51cdef0;
    %load/vec4 v0x55cfa52088e0_0;
    %flag_set/vec4 8;
    %jmp/0xz  T_36.0, 8;
    %load/vec4 v0x55cfa5208d50_0;
    %parti/s 1, 28, 6;
    %flag_set/vec4 8;
    %jmp/0xz  T_36.2, 8;
    %load/vec4 v0x55cfa5208ab0_0;
    %parti/s 8, 224, 9;
    %ix/getv 3, v0x55cfa5208760_0;
    %ix/load 4, 224, 0; part off
    %ix/load 5, 0, 0; Constant delay
    %assign/vec4/a/d v0x55cfa5208c70, 4, 5;
T_36.2 ;
T_36.0 ;
    %jmp T_36;
    .thread T_36;
    .scope S_0x55cfa5204cc0;
T_37 ;
    %wait E_0x55cfa51cdef0;
    %load/vec4 v0x55cfa52088e0_0;
    %flag_set/vec4 8;
    %jmp/0xz  T_37.0, 8;
    %load/vec4 v0x55cfa5208d50_0;
    %parti/s 1, 29, 6;
    %flag_set/vec4 8;
    %jmp/0xz  T_37.2, 8;
    %load/vec4 v0x55cfa5208ab0_0;
    %parti/s 8, 232, 9;
    %ix/getv 3, v0x55cfa5208760_0;
    %ix/load 4, 232, 0; part off
    %ix/load 5, 0, 0; Constant delay
    %assign/vec4/a/d v0x55cfa5208c70, 4, 5;
T_37.2 ;
T_37.0 ;
    %jmp T_37;
    .thread T_37;
    .scope S_0x55cfa5204f80;
T_38 ;
    %wait E_0x55cfa51cdef0;
    %load/vec4 v0x55cfa52088e0_0;
    %flag_set/vec4 8;
    %jmp/0xz  T_38.0, 8;
    %load/vec4 v0x55cfa5208d50_0;
    %parti/s 1, 30, 6;
    %flag_set/vec4 8;
    %jmp/0xz  T_38.2, 8;
    %load/vec4 v0x55cfa5208ab0_0;
    %parti/s 8, 240, 9;
    %ix/getv 3, v0x55cfa5208760_0;
    %ix/load 4, 240, 0; part off
    %ix/load 5, 0, 0; Constant delay
    %assign/vec4/a/d v0x55cfa5208c70, 4, 5;
T_38.2 ;
T_38.0 ;
    %jmp T_38;
    .thread T_38;
    .scope S_0x55cfa5205240;
T_39 ;
    %wait E_0x55cfa51cdef0;
    %load/vec4 v0x55cfa52088e0_0;
    %flag_set/vec4 8;
    %jmp/0xz  T_39.0, 8;
    %load/vec4 v0x55cfa5208d50_0;
    %parti/s 1, 31, 6;
    %flag_set/vec4 8;
    %jmp/0xz  T_39.2, 8;
    %load/vec4 v0x55cfa5208ab0_0;
    %parti/s 8, 248, 9;
    %ix/getv 3, v0x55cfa5208760_0;
    %ix/load 4, 248, 0; part off
    %ix/load 5, 0, 0; Constant delay
    %assign/vec4/a/d v0x55cfa5208c70, 4, 5;
T_39.2 ;
T_39.0 ;
    %jmp T_39;
    .thread T_39;
    .scope S_0x55cfa5205500;
T_40 ;
    %wait E_0x55cfa51cdef0;
    %load/vec4 v0x55cfa52088e0_0;
    %flag_set/vec4 8;
    %jmp/0xz  T_40.0, 8;
    %load/vec4 v0x55cfa5208d50_0;
    %parti/s 1, 32, 7;
    %flag_set/vec4 8;
    %jmp/0xz  T_40.2, 8;
    %load/vec4 v0x55cfa5208ab0_0;
    %parti/s 8, 256, 10;
    %ix/getv 3, v0x55cfa5208760_0;
    %ix/load 4, 256, 0; part off
    %ix/load 5, 0, 0; Constant delay
    %assign/vec4/a/d v0x55cfa5208c70, 4, 5;
T_40.2 ;
T_40.0 ;
    %jmp T_40;
    .thread T_40;
    .scope S_0x55cfa52057a0;
T_41 ;
    %wait E_0x55cfa51cdef0;
    %load/vec4 v0x55cfa52088e0_0;
    %flag_set/vec4 8;
    %jmp/0xz  T_41.0, 8;
    %load/vec4 v0x55cfa5208d50_0;
    %parti/s 1, 33, 7;
    %flag_set/vec4 8;
    %jmp/0xz  T_41.2, 8;
    %load/vec4 v0x55cfa5208ab0_0;
    %parti/s 8, 264, 10;
    %ix/getv 3, v0x55cfa5208760_0;
    %ix/load 4, 264, 0; part off
    %ix/load 5, 0, 0; Constant delay
    %assign/vec4/a/d v0x55cfa5208c70, 4, 5;
T_41.2 ;
T_41.0 ;
    %jmp T_41;
    .thread T_41;
    .scope S_0x55cfa5205a60;
T_42 ;
    %wait E_0x55cfa51cdef0;
    %load/vec4 v0x55cfa52088e0_0;
    %flag_set/vec4 8;
    %jmp/0xz  T_42.0, 8;
    %load/vec4 v0x55cfa5208d50_0;
    %parti/s 1, 34, 7;
    %flag_set/vec4 8;
    %jmp/0xz  T_42.2, 8;
    %load/vec4 v0x55cfa5208ab0_0;
    %parti/s 8, 272, 10;
    %ix/getv 3, v0x55cfa5208760_0;
    %ix/load 4, 272, 0; part off
    %ix/load 5, 0, 0; Constant delay
    %assign/vec4/a/d v0x55cfa5208c70, 4, 5;
T_42.2 ;
T_42.0 ;
    %jmp T_42;
    .thread T_42;
    .scope S_0x55cfa5205d20;
T_43 ;
    %wait E_0x55cfa51cdef0;
    %load/vec4 v0x55cfa52088e0_0;
    %flag_set/vec4 8;
    %jmp/0xz  T_43.0, 8;
    %load/vec4 v0x55cfa5208d50_0;
    %parti/s 1, 35, 7;
    %flag_set/vec4 8;
    %jmp/0xz  T_43.2, 8;
    %load/vec4 v0x55cfa5208ab0_0;
    %parti/s 8, 280, 10;
    %ix/getv 3, v0x55cfa5208760_0;
    %ix/load 4, 280, 0; part off
    %ix/load 5, 0, 0; Constant delay
    %assign/vec4/a/d v0x55cfa5208c70, 4, 5;
T_43.2 ;
T_43.0 ;
    %jmp T_43;
    .thread T_43;
    .scope S_0x55cfa5205fe0;
T_44 ;
    %wait E_0x55cfa51cdef0;
    %load/vec4 v0x55cfa52088e0_0;
    %flag_set/vec4 8;
    %jmp/0xz  T_44.0, 8;
    %load/vec4 v0x55cfa5208d50_0;
    %parti/s 1, 36, 7;
    %flag_set/vec4 8;
    %jmp/0xz  T_44.2, 8;
    %load/vec4 v0x55cfa5208ab0_0;
    %parti/s 8, 288, 10;
    %ix/getv 3, v0x55cfa5208760_0;
    %ix/load 4, 288, 0; part off
    %ix/load 5, 0, 0; Constant delay
    %assign/vec4/a/d v0x55cfa5208c70, 4, 5;
T_44.2 ;
T_44.0 ;
    %jmp T_44;
    .thread T_44;
    .scope S_0x55cfa52062a0;
T_45 ;
    %wait E_0x55cfa51cdef0;
    %load/vec4 v0x55cfa52088e0_0;
    %flag_set/vec4 8;
    %jmp/0xz  T_45.0, 8;
    %load/vec4 v0x55cfa5208d50_0;
    %parti/s 1, 37, 7;
    %flag_set/vec4 8;
    %jmp/0xz  T_45.2, 8;
    %load/vec4 v0x55cfa5208ab0_0;
    %parti/s 8, 296, 10;
    %ix/getv 3, v0x55cfa5208760_0;
    %ix/load 4, 296, 0; part off
    %ix/load 5, 0, 0; Constant delay
    %assign/vec4/a/d v0x55cfa5208c70, 4, 5;
T_45.2 ;
T_45.0 ;
    %jmp T_45;
    .thread T_45;
    .scope S_0x55cfa5206560;
T_46 ;
    %wait E_0x55cfa51cdef0;
    %load/vec4 v0x55cfa52088e0_0;
    %flag_set/vec4 8;
    %jmp/0xz  T_46.0, 8;
    %load/vec4 v0x55cfa5208d50_0;
    %parti/s 1, 38, 7;
    %flag_set/vec4 8;
    %jmp/0xz  T_46.2, 8;
    %load/vec4 v0x55cfa5208ab0_0;
    %parti/s 8, 304, 10;
    %ix/getv 3, v0x55cfa5208760_0;
    %ix/load 4, 304, 0; part off
    %ix/load 5, 0, 0; Constant delay
    %assign/vec4/a/d v0x55cfa5208c70, 4, 5;
T_46.2 ;
T_46.0 ;
    %jmp T_46;
    .thread T_46;
    .scope S_0x55cfa5206820;
T_47 ;
    %wait E_0x55cfa51cdef0;
    %load/vec4 v0x55cfa52088e0_0;
    %flag_set/vec4 8;
    %jmp/0xz  T_47.0, 8;
    %load/vec4 v0x55cfa5208d50_0;
    %parti/s 1, 39, 7;
    %flag_set/vec4 8;
    %jmp/0xz  T_47.2, 8;
    %load/vec4 v0x55cfa5208ab0_0;
    %parti/s 8, 312, 10;
    %ix/getv 3, v0x55cfa5208760_0;
    %ix/load 4, 312, 0; part off
    %ix/load 5, 0, 0; Constant delay
    %assign/vec4/a/d v0x55cfa5208c70, 4, 5;
T_47.2 ;
T_47.0 ;
    %jmp T_47;
    .thread T_47;
    .scope S_0x55cfa5206ae0;
T_48 ;
    %wait E_0x55cfa51cdef0;
    %load/vec4 v0x55cfa52088e0_0;
    %flag_set/vec4 8;
    %jmp/0xz  T_48.0, 8;
    %load/vec4 v0x55cfa5208d50_0;
    %parti/s 1, 40, 7;
    %flag_set/vec4 8;
    %jmp/0xz  T_48.2, 8;
    %load/vec4 v0x55cfa5208ab0_0;
    %parti/s 8, 320, 10;
    %ix/getv 3, v0x55cfa5208760_0;
    %ix/load 4, 320, 0; part off
    %ix/load 5, 0, 0; Constant delay
    %assign/vec4/a/d v0x55cfa5208c70, 4, 5;
T_48.2 ;
T_48.0 ;
    %jmp T_48;
    .thread T_48;
    .scope S_0x55cfa5206da0;
T_49 ;
    %wait E_0x55cfa51cdef0;
    %load/vec4 v0x55cfa52088e0_0;
    %flag_set/vec4 8;
    %jmp/0xz  T_49.0, 8;
    %load/vec4 v0x55cfa5208d50_0;
    %parti/s 1, 41, 7;
    %flag_set/vec4 8;
    %jmp/0xz  T_49.2, 8;
    %load/vec4 v0x55cfa5208ab0_0;
    %parti/s 8, 328, 10;
    %ix/getv 3, v0x55cfa5208760_0;
    %ix/load 4, 328, 0; part off
    %ix/load 5, 0, 0; Constant delay
    %assign/vec4/a/d v0x55cfa5208c70, 4, 5;
T_49.2 ;
T_49.0 ;
    %jmp T_49;
    .thread T_49;
    .scope S_0x55cfa5207060;
T_50 ;
    %wait E_0x55cfa51cdef0;
    %load/vec4 v0x55cfa52088e0_0;
    %flag_set/vec4 8;
    %jmp/0xz  T_50.0, 8;
    %load/vec4 v0x55cfa5208d50_0;
    %parti/s 1, 42, 7;
    %flag_set/vec4 8;
    %jmp/0xz  T_50.2, 8;
    %load/vec4 v0x55cfa5208ab0_0;
    %parti/s 8, 336, 10;
    %ix/getv 3, v0x55cfa5208760_0;
    %ix/load 4, 336, 0; part off
    %ix/load 5, 0, 0; Constant delay
    %assign/vec4/a/d v0x55cfa5208c70, 4, 5;
T_50.2 ;
T_50.0 ;
    %jmp T_50;
    .thread T_50;
    .scope S_0x55cfa5207320;
T_51 ;
    %wait E_0x55cfa51cdef0;
    %load/vec4 v0x55cfa52088e0_0;
    %flag_set/vec4 8;
    %jmp/0xz  T_51.0, 8;
    %load/vec4 v0x55cfa5208d50_0;
    %parti/s 1, 43, 7;
    %flag_set/vec4 8;
    %jmp/0xz  T_51.2, 8;
    %load/vec4 v0x55cfa5208ab0_0;
    %parti/s 8, 344, 10;
    %ix/getv 3, v0x55cfa5208760_0;
    %ix/load 4, 344, 0; part off
    %ix/load 5, 0, 0; Constant delay
    %assign/vec4/a/d v0x55cfa5208c70, 4, 5;
T_51.2 ;
T_51.0 ;
    %jmp T_51;
    .thread T_51;
    .scope S_0x55cfa52075e0;
T_52 ;
    %wait E_0x55cfa51cdef0;
    %load/vec4 v0x55cfa52088e0_0;
    %flag_set/vec4 8;
    %jmp/0xz  T_52.0, 8;
    %load/vec4 v0x55cfa5208d50_0;
    %parti/s 1, 44, 7;
    %flag_set/vec4 8;
    %jmp/0xz  T_52.2, 8;
    %load/vec4 v0x55cfa5208ab0_0;
    %parti/s 8, 352, 10;
    %ix/getv 3, v0x55cfa5208760_0;
    %ix/load 4, 352, 0; part off
    %ix/load 5, 0, 0; Constant delay
    %assign/vec4/a/d v0x55cfa5208c70, 4, 5;
T_52.2 ;
T_52.0 ;
    %jmp T_52;
    .thread T_52;
    .scope S_0x55cfa52078a0;
T_53 ;
    %wait E_0x55cfa51cdef0;
    %load/vec4 v0x55cfa52088e0_0;
    %flag_set/vec4 8;
    %jmp/0xz  T_53.0, 8;
    %load/vec4 v0x55cfa5208d50_0;
    %parti/s 1, 45, 7;
    %flag_set/vec4 8;
    %jmp/0xz  T_53.2, 8;
    %load/vec4 v0x55cfa5208ab0_0;
    %parti/s 8, 360, 10;
    %ix/getv 3, v0x55cfa5208760_0;
    %ix/load 4, 360, 0; part off
    %ix/load 5, 0, 0; Constant delay
    %assign/vec4/a/d v0x55cfa5208c70, 4, 5;
T_53.2 ;
T_53.0 ;
    %jmp T_53;
    .thread T_53;
    .scope S_0x55cfa5207b60;
T_54 ;
    %wait E_0x55cfa51cdef0;
    %load/vec4 v0x55cfa52088e0_0;
    %flag_set/vec4 8;
    %jmp/0xz  T_54.0, 8;
    %load/vec4 v0x55cfa5208d50_0;
    %parti/s 1, 46, 7;
    %flag_set/vec4 8;
    %jmp/0xz  T_54.2, 8;
    %load/vec4 v0x55cfa5208ab0_0;
    %parti/s 8, 368, 10;
    %ix/getv 3, v0x55cfa5208760_0;
    %ix/load 4, 368, 0; part off
    %ix/load 5, 0, 0; Constant delay
    %assign/vec4/a/d v0x55cfa5208c70, 4, 5;
T_54.2 ;
T_54.0 ;
    %jmp T_54;
    .thread T_54;
    .scope S_0x55cfa5207e20;
T_55 ;
    %wait E_0x55cfa51cdef0;
    %load/vec4 v0x55cfa52088e0_0;
    %flag_set/vec4 8;
    %jmp/0xz  T_55.0, 8;
    %load/vec4 v0x55cfa5208d50_0;
    %parti/s 1, 47, 7;
    %flag_set/vec4 8;
    %jmp/0xz  T_55.2, 8;
    %load/vec4 v0x55cfa5208ab0_0;
    %parti/s 8, 376, 10;
    %ix/getv 3, v0x55cfa5208760_0;
    %ix/load 4, 376, 0; part off
    %ix/load 5, 0, 0; Constant delay
    %assign/vec4/a/d v0x55cfa5208c70, 4, 5;
T_55.2 ;
T_55.0 ;
    %jmp T_55;
    .thread T_55;
    .scope S_0x55cfa52080e0;
T_56 ;
    %wait E_0x55cfa51cdef0;
    %load/vec4 v0x55cfa52088e0_0;
    %flag_set/vec4 8;
    %jmp/0xz  T_56.0, 8;
    %load/vec4 v0x55cfa5208d50_0;
    %parti/s 1, 48, 7;
    %flag_set/vec4 8;
    %jmp/0xz  T_56.2, 8;
    %load/vec4 v0x55cfa5208ab0_0;
    %parti/s 8, 384, 10;
    %ix/getv 3, v0x55cfa5208760_0;
    %ix/load 4, 384, 0; part off
    %ix/load 5, 0, 0; Constant delay
    %assign/vec4/a/d v0x55cfa5208c70, 4, 5;
T_56.2 ;
T_56.0 ;
    %jmp T_56;
    .thread T_56;
    .scope S_0x55cfa52083a0;
T_57 ;
    %wait E_0x55cfa51cdef0;
    %load/vec4 v0x55cfa52088e0_0;
    %flag_set/vec4 8;
    %jmp/0xz  T_57.0, 8;
    %load/vec4 v0x55cfa5208d50_0;
    %parti/s 1, 49, 7;
    %flag_set/vec4 8;
    %jmp/0xz  T_57.2, 8;
    %load/vec4 v0x55cfa5208ab0_0;
    %parti/s 8, 392, 10;
    %ix/getv 3, v0x55cfa5208760_0;
    %ix/load 4, 392, 0; part off
    %ix/load 5, 0, 0; Constant delay
    %assign/vec4/a/d v0x55cfa5208c70, 4, 5;
T_57.2 ;
T_57.0 ;
    %jmp T_57;
    .thread T_57;
    .scope S_0x55cfa51ff5d0;
T_58 ;
    %wait E_0x55cfa51cdef0;
    %load/vec4 v0x55cfa5208840_0;
    %flag_set/vec4 8;
    %jmp/0xz  T_58.0, 8;
    %ix/getv 4, v0x55cfa5208660_0;
    %load/vec4a v0x55cfa5208c70, 4;
    %assign/vec4 v0x55cfa5208b90_0, 0;
T_58.0 ;
    %jmp T_58;
    .thread T_58;
# The file index is used to find the file name in the following table.
:file_names 3;
    "N/A";
    "<interactive>";
    "sub.v";
