#! /usr/local/bin/vvp
:ivl_version "11.0 (stable)";
:ivl_delay_selection "TYPICAL";
:vpi_time_precision - 12;
:vpi_module "/usr/local/lib/ivl/system.vpi";
:vpi_module "/usr/local/lib/ivl/vhdl_sys.vpi";
:vpi_module "/usr/local/lib/ivl/vhdl_textio.vpi";
:vpi_module "/usr/local/lib/ivl/v2005_math.vpi";
:vpi_module "/usr/local/lib/ivl/va_math.vpi";
S_0x55e508db9f60 .scope module, "sum_io_empty" "sum_io_empty" 2 170;
 .timescale -9 -12;
    .port_info 0 /INPUT 1 "reset";
    .port_info 1 /INPUT 1 "clk";
    .port_info 2 /INPUT 15 "address0";
    .port_info 3 /INPUT 1 "ce0";
    .port_info 4 /OUTPUT 400 "q0";
    .port_info 5 /INPUT 15 "address1";
    .port_info 6 /INPUT 1 "ce1";
    .port_info 7 /INPUT 50 "we1";
    .port_info 8 /INPUT 400 "d1";
P_0x55e508dd3580 .param/l "AddressRange" 0 2 182, C4<00000000000000000001001110001000>;
P_0x55e508dd35c0 .param/l "AddressWidth" 0 2 183, C4<00000000000000000000000000001111>;
P_0x55e508dd3600 .param/l "DataWidth" 0 2 181, C4<00000000000000000000000110010000>;
o0x7f7f2bf19018 .functor BUFZ 15, C4<zzzzzzzzzzzzzzz>; HiZ drive
v0x55e508e07ce0_0 .net "address0", 14 0, o0x7f7f2bf19018;  0 drivers
o0x7f7f2bf19048 .functor BUFZ 15, C4<zzzzzzzzzzzzzzz>; HiZ drive
v0x55e508e07dc0_0 .net "address1", 14 0, o0x7f7f2bf19048;  0 drivers
o0x7f7f2bf19078 .functor BUFZ 1, C4<z>; HiZ drive
v0x55e508e07e60_0 .net "ce0", 0 0, o0x7f7f2bf19078;  0 drivers
o0x7f7f2bf190a8 .functor BUFZ 1, C4<z>; HiZ drive
v0x55e508e07f00_0 .net "ce1", 0 0, o0x7f7f2bf190a8;  0 drivers
o0x7f7f2bf190d8 .functor BUFZ 1, C4<z>; HiZ drive
v0x55e508e07fa0_0 .net "clk", 0 0, o0x7f7f2bf190d8;  0 drivers
o0x7f7f2bf19108 .functor BUFZ 400, C4<zzzzzzzzzzzzzzzzzzzzzzzzzzzzzzzzzzzzzzzzzzzzzzzzzzzzzzzzzzzzzzzzzzzzzzzzzzzzzzzzzzzzzzzzzzzzzzzzzzzzzzzzzzzzzzzzzzzzzzzzzzzzzzzzzzzzzzzzzzzzzzzzzzzzzzzzzzzzzzzzzzzzzzzzzzzzzzzzzzzzzzzzzzzzzzzzzzzzzzzzzzzzzzzzzzzzzzzzzzzzzzzzzzzzzzzzzzzzzzzzzzzzzzzzzzzzzzzzzzzzzzzzzzzzzzzzzzzzzzzzzzzzzzzzzzzzzzzzzzzzzzzzzzzzzzzzzzzzzzzzzzzzzzzzzzzzzzzzzzzzzzzzzzzzzzzzzzzzzzzzzzzzzzzzzzzzzzzzzzzzzzzzzzzzzzzzzzzzzzzz>; HiZ drive
v0x55e508e08040_0 .net "d1", 399 0, o0x7f7f2bf19108;  0 drivers
v0x55e508e080e0_0 .net "q0", 399 0, v0x55e508da13f0_0;  1 drivers
o0x7f7f2bf19318 .functor BUFZ 1, C4<z>; HiZ drive
v0x55e508e081b0_0 .net "reset", 0 0, o0x7f7f2bf19318;  0 drivers
o0x7f7f2bf19168 .functor BUFZ 50, C4<zzzzzzzzzzzzzzzzzzzzzzzzzzzzzzzzzzzzzzzzzzzzzzzzzz>; HiZ drive
v0x55e508e08250_0 .net "we1", 49 0, o0x7f7f2bf19168;  0 drivers
S_0x55e508dc1a30 .scope module, "sum_io_empty_ram_U" "sum_io_empty_ram" 2 196, 2 126 0, S_0x55e508db9f60;
 .timescale -9 -12;
    .port_info 0 /INPUT 15 "addr0";
    .port_info 1 /INPUT 1 "ce0";
    .port_info 2 /OUTPUT 400 "q0";
    .port_info 3 /INPUT 15 "addr1";
    .port_info 4 /INPUT 1 "ce1";
    .port_info 5 /INPUT 400 "d1";
    .port_info 6 /INPUT 50 "we1";
    .port_info 7 /INPUT 1 "clk";
P_0x55e508dbf050 .param/l "AWIDTH" 0 2 129, +C4<00000000000000000000000000001111>;
P_0x55e508dbf090 .param/l "COL_WIDTH" 0 2 131, +C4<00000000000000000000000000001000>;
P_0x55e508dbf0d0 .param/l "DWIDTH" 0 2 128, +C4<00000000000000000000000110010000>;
P_0x55e508dbf110 .param/l "MEM_SIZE" 0 2 130, +C4<00000000000000000001001110001000>;
P_0x55e508dbf150 .param/l "NUM_COL" 0 2 132, +C4<00000000000000000000000000110010>;
v0x55e508da1c10_0 .net "addr0", 14 0, o0x7f7f2bf19018;  alias, 0 drivers
v0x55e508da19e0_0 .net "addr1", 14 0, o0x7f7f2bf19048;  alias, 0 drivers
v0x55e508da1940_0 .net "ce0", 0 0, o0x7f7f2bf19078;  alias, 0 drivers
v0x55e508da18a0_0 .net "ce1", 0 0, o0x7f7f2bf190a8;  alias, 0 drivers
v0x55e508da1ad0_0 .net "clk", 0 0, o0x7f7f2bf190d8;  alias, 0 drivers
v0x55e508da1b70_0 .net "d1", 399 0, o0x7f7f2bf19108;  alias, 0 drivers
v0x55e508da13f0_0 .var "q0", 399 0;
v0x55e508df7a30 .array "ram", 4999 0, 399 0;
v0x55e508e07b20_0 .net "we1", 49 0, o0x7f7f2bf19168;  alias, 0 drivers
S_0x55e508dbc670 .scope generate, "genblk1[0]" "genblk1[0]" 2 156, 2 156 0, S_0x55e508dc1a30;
 .timescale -9 -12;
P_0x55e508dd4080 .param/l "i" 0 2 156, +C4<00>;
E_0x55e508d76d70 .event posedge, v0x55e508da1ad0_0;
S_0x55e508dcdb80 .scope generate, "genblk1[1]" "genblk1[1]" 2 156, 2 156 0, S_0x55e508dc1a30;
 .timescale -9 -12;
P_0x55e508dd1030 .param/l "i" 0 2 156, +C4<01>;
S_0x55e508d8b0d0 .scope generate, "genblk1[2]" "genblk1[2]" 2 156, 2 156 0, S_0x55e508dc1a30;
 .timescale -9 -12;
P_0x55e508d8b2b0 .param/l "i" 0 2 156, +C4<010>;
S_0x55e508d8b350 .scope generate, "genblk1[3]" "genblk1[3]" 2 156, 2 156 0, S_0x55e508dc1a30;
 .timescale -9 -12;
P_0x55e508dce6d0 .param/l "i" 0 2 156, +C4<011>;
S_0x55e508d85820 .scope generate, "genblk1[4]" "genblk1[4]" 2 156, 2 156 0, S_0x55e508dc1a30;
 .timescale -9 -12;
P_0x55e508d85a50 .param/l "i" 0 2 156, +C4<0100>;
S_0x55e508d8e670 .scope generate, "genblk1[5]" "genblk1[5]" 2 156, 2 156 0, S_0x55e508dc1a30;
 .timescale -9 -12;
P_0x55e508d8e850 .param/l "i" 0 2 156, +C4<0101>;
S_0x55e508d8e8f0 .scope generate, "genblk1[6]" "genblk1[6]" 2 156, 2 156 0, S_0x55e508dc1a30;
 .timescale -9 -12;
P_0x55e508d8ead0 .param/l "i" 0 2 156, +C4<0110>;
S_0x55e508d3cd40 .scope generate, "genblk1[7]" "genblk1[7]" 2 156, 2 156 0, S_0x55e508dc1a30;
 .timescale -9 -12;
P_0x55e508d3cf20 .param/l "i" 0 2 156, +C4<0111>;
S_0x55e508d3cfc0 .scope generate, "genblk1[8]" "genblk1[8]" 2 156, 2 156 0, S_0x55e508dc1a30;
 .timescale -9 -12;
P_0x55e508d85a00 .param/l "i" 0 2 156, +C4<01000>;
S_0x55e508dd6180 .scope generate, "genblk1[9]" "genblk1[9]" 2 156, 2 156 0, S_0x55e508dc1a30;
 .timescale -9 -12;
P_0x55e508db8c90 .param/l "i" 0 2 156, +C4<01001>;
S_0x55e508dd6310 .scope generate, "genblk1[10]" "genblk1[10]" 2 156, 2 156 0, S_0x55e508dc1a30;
 .timescale -9 -12;
P_0x55e508db74f0 .param/l "i" 0 2 156, +C4<01010>;
S_0x55e508dd64a0 .scope generate, "genblk1[11]" "genblk1[11]" 2 156, 2 156 0, S_0x55e508dc1a30;
 .timescale -9 -12;
P_0x55e508db5d50 .param/l "i" 0 2 156, +C4<01011>;
S_0x55e508dd6630 .scope generate, "genblk1[12]" "genblk1[12]" 2 156, 2 156 0, S_0x55e508dc1a30;
 .timescale -9 -12;
P_0x55e508db45b0 .param/l "i" 0 2 156, +C4<01100>;
S_0x55e508dd67c0 .scope generate, "genblk1[13]" "genblk1[13]" 2 156, 2 156 0, S_0x55e508dc1a30;
 .timescale -9 -12;
P_0x55e508db2e10 .param/l "i" 0 2 156, +C4<01101>;
S_0x55e508dd6950 .scope generate, "genblk1[14]" "genblk1[14]" 2 156, 2 156 0, S_0x55e508dc1a30;
 .timescale -9 -12;
P_0x55e508db1850 .param/l "i" 0 2 156, +C4<01110>;
S_0x55e508dd6ae0 .scope generate, "genblk1[15]" "genblk1[15]" 2 156, 2 156 0, S_0x55e508dc1a30;
 .timescale -9 -12;
P_0x55e508dafe70 .param/l "i" 0 2 156, +C4<01111>;
S_0x55e508dd6c70 .scope generate, "genblk1[16]" "genblk1[16]" 2 156, 2 156 0, S_0x55e508dc1a30;
 .timescale -9 -12;
P_0x55e508dae730 .param/l "i" 0 2 156, +C4<010000>;
S_0x55e508dd6e00 .scope generate, "genblk1[17]" "genblk1[17]" 2 156, 2 156 0, S_0x55e508dc1a30;
 .timescale -9 -12;
P_0x55e508dacff0 .param/l "i" 0 2 156, +C4<010001>;
S_0x55e508dd6f90 .scope generate, "genblk1[18]" "genblk1[18]" 2 156, 2 156 0, S_0x55e508dc1a30;
 .timescale -9 -12;
P_0x55e508dab8b0 .param/l "i" 0 2 156, +C4<010010>;
S_0x55e508dd7120 .scope generate, "genblk1[19]" "genblk1[19]" 2 156, 2 156 0, S_0x55e508dc1a30;
 .timescale -9 -12;
P_0x55e508daa170 .param/l "i" 0 2 156, +C4<010011>;
S_0x55e508dd72b0 .scope generate, "genblk1[20]" "genblk1[20]" 2 156, 2 156 0, S_0x55e508dc1a30;
 .timescale -9 -12;
P_0x55e508da8a30 .param/l "i" 0 2 156, +C4<010100>;
S_0x55e508dd7440 .scope generate, "genblk1[21]" "genblk1[21]" 2 156, 2 156 0, S_0x55e508dc1a30;
 .timescale -9 -12;
P_0x55e508da72f0 .param/l "i" 0 2 156, +C4<010101>;
S_0x55e508dd75d0 .scope generate, "genblk1[22]" "genblk1[22]" 2 156, 2 156 0, S_0x55e508dc1a30;
 .timescale -9 -12;
P_0x55e508da5bb0 .param/l "i" 0 2 156, +C4<010110>;
S_0x55e508dd7760 .scope generate, "genblk1[23]" "genblk1[23]" 2 156, 2 156 0, S_0x55e508dc1a30;
 .timescale -9 -12;
P_0x55e508dcb8d0 .param/l "i" 0 2 156, +C4<010111>;
S_0x55e508dd78f0 .scope generate, "genblk1[24]" "genblk1[24]" 2 156, 2 156 0, S_0x55e508dc1a30;
 .timescale -9 -12;
P_0x55e508dc80c0 .param/l "i" 0 2 156, +C4<011000>;
S_0x55e508dd7a80 .scope generate, "genblk1[25]" "genblk1[25]" 2 156, 2 156 0, S_0x55e508dc1a30;
 .timescale -9 -12;
P_0x55e508d8fa90 .param/l "i" 0 2 156, +C4<011001>;
S_0x55e508dd7c10 .scope generate, "genblk1[26]" "genblk1[26]" 2 156, 2 156 0, S_0x55e508dc1a30;
 .timescale -9 -12;
P_0x55e508d902a0 .param/l "i" 0 2 156, +C4<011010>;
S_0x55e508dd7da0 .scope generate, "genblk1[27]" "genblk1[27]" 2 156, 2 156 0, S_0x55e508dc1a30;
 .timescale -9 -12;
P_0x55e508d8eda0 .param/l "i" 0 2 156, +C4<011011>;
S_0x55e508dd7f30 .scope generate, "genblk1[28]" "genblk1[28]" 2 156, 2 156 0, S_0x55e508dc1a30;
 .timescale -9 -12;
P_0x55e508d86c40 .param/l "i" 0 2 156, +C4<011100>;
S_0x55e508dd80c0 .scope generate, "genblk1[29]" "genblk1[29]" 2 156, 2 156 0, S_0x55e508dc1a30;
 .timescale -9 -12;
P_0x55e508d871d0 .param/l "i" 0 2 156, +C4<011101>;
S_0x55e508dd8250 .scope generate, "genblk1[30]" "genblk1[30]" 2 156, 2 156 0, S_0x55e508dc1a30;
 .timescale -9 -12;
P_0x55e508d87e40 .param/l "i" 0 2 156, +C4<011110>;
S_0x55e508dd83e0 .scope generate, "genblk1[31]" "genblk1[31]" 2 156, 2 156 0, S_0x55e508dc1a30;
 .timescale -9 -12;
P_0x55e508d881b0 .param/l "i" 0 2 156, +C4<011111>;
S_0x55e508dd8570 .scope generate, "genblk1[32]" "genblk1[32]" 2 156, 2 156 0, S_0x55e508dc1a30;
 .timescale -9 -12;
P_0x55e508d8c4b0 .param/l "i" 0 2 156, +C4<0100000>;
S_0x55e508dd8910 .scope generate, "genblk1[33]" "genblk1[33]" 2 156, 2 156 0, S_0x55e508dc1a30;
 .timescale -9 -12;
P_0x55e508d8d360 .param/l "i" 0 2 156, +C4<0100001>;
S_0x55e508dd8aa0 .scope generate, "genblk1[34]" "genblk1[34]" 2 156, 2 156 0, S_0x55e508dc1a30;
 .timescale -9 -12;
P_0x55e508d8c770 .param/l "i" 0 2 156, +C4<0100010>;
S_0x55e508dd8c30 .scope generate, "genblk1[35]" "genblk1[35]" 2 156, 2 156 0, S_0x55e508dc1a30;
 .timescale -9 -12;
P_0x55e508d8c610 .param/l "i" 0 2 156, +C4<0100011>;
S_0x55e508dd8dc0 .scope generate, "genblk1[36]" "genblk1[36]" 2 156, 2 156 0, S_0x55e508dc1a30;
 .timescale -9 -12;
P_0x55e508d813e0 .param/l "i" 0 2 156, +C4<0100100>;
S_0x55e508dd8f50 .scope generate, "genblk1[37]" "genblk1[37]" 2 156, 2 156 0, S_0x55e508dc1a30;
 .timescale -9 -12;
P_0x55e508d7c1d0 .param/l "i" 0 2 156, +C4<0100101>;
S_0x55e508dd90e0 .scope generate, "genblk1[38]" "genblk1[38]" 2 156, 2 156 0, S_0x55e508dc1a30;
 .timescale -9 -12;
P_0x55e508d7c870 .param/l "i" 0 2 156, +C4<0100110>;
S_0x55e508dd9270 .scope generate, "genblk1[39]" "genblk1[39]" 2 156, 2 156 0, S_0x55e508dc1a30;
 .timescale -9 -12;
P_0x55e508d76b20 .param/l "i" 0 2 156, +C4<0100111>;
S_0x55e508dd9400 .scope generate, "genblk1[40]" "genblk1[40]" 2 156, 2 156 0, S_0x55e508dc1a30;
 .timescale -9 -12;
P_0x55e508d77f10 .param/l "i" 0 2 156, +C4<0101000>;
S_0x55e508dd9590 .scope generate, "genblk1[41]" "genblk1[41]" 2 156, 2 156 0, S_0x55e508dc1a30;
 .timescale -9 -12;
P_0x55e508d74f10 .param/l "i" 0 2 156, +C4<0101001>;
S_0x55e508dd9720 .scope generate, "genblk1[42]" "genblk1[42]" 2 156, 2 156 0, S_0x55e508dc1a30;
 .timescale -9 -12;
P_0x55e508d77170 .param/l "i" 0 2 156, +C4<0101010>;
S_0x55e508dd98b0 .scope generate, "genblk1[43]" "genblk1[43]" 2 156, 2 156 0, S_0x55e508dc1a30;
 .timescale -9 -12;
P_0x55e508d77460 .param/l "i" 0 2 156, +C4<0101011>;
S_0x55e508dd9a40 .scope generate, "genblk1[44]" "genblk1[44]" 2 156, 2 156 0, S_0x55e508dc1a30;
 .timescale -9 -12;
P_0x55e508da2b50 .param/l "i" 0 2 156, +C4<0101100>;
S_0x55e508dd9bd0 .scope generate, "genblk1[45]" "genblk1[45]" 2 156, 2 156 0, S_0x55e508dc1a30;
 .timescale -9 -12;
P_0x55e508da3ad0 .param/l "i" 0 2 156, +C4<0101101>;
S_0x55e508dd9d60 .scope generate, "genblk1[46]" "genblk1[46]" 2 156, 2 156 0, S_0x55e508dc1a30;
 .timescale -9 -12;
P_0x55e508da4a50 .param/l "i" 0 2 156, +C4<0101110>;
S_0x55e508dd9ef0 .scope generate, "genblk1[47]" "genblk1[47]" 2 156, 2 156 0, S_0x55e508dc1a30;
 .timescale -9 -12;
P_0x55e508da59d0 .param/l "i" 0 2 156, +C4<0101111>;
S_0x55e508dda080 .scope generate, "genblk1[48]" "genblk1[48]" 2 156, 2 156 0, S_0x55e508dc1a30;
 .timescale -9 -12;
P_0x55e508da6950 .param/l "i" 0 2 156, +C4<0110000>;
S_0x55e508dda210 .scope generate, "genblk1[49]" "genblk1[49]" 2 156, 2 156 0, S_0x55e508dc1a30;
 .timescale -9 -12;
P_0x55e508da78d0 .param/l "i" 0 2 156, +C4<0110001>;
S_0x55e508dc4410 .scope module, "tb_sub" "tb_sub" 3 4;
 .timescale -9 -12;
v0x55e508e0f960_0 .var "addr", 14 0;
v0x55e508e0fa70_0 .var "ce", 0 0;
v0x55e508e0fb10_0 .var "clk", 0 0;
v0x55e508e0fc00_0 .net "d", 39 0, L_0x55e508e10180;  1 drivers
v0x55e508e0fca0_0 .var "di", 7 0;
v0x55e508e0fd90_0 .var "di2", 7 0;
v0x55e508e0fe70_0 .var "refresh", 0 0;
v0x55e508e0ff10_0 .var "rst", 0 0;
v0x55e508e0ffe0_0 .net "sum_traction", 25 0, v0x55e508e0f520_0;  1 drivers
v0x55e508e100b0_0 .var "we", 0 0;
E_0x55e508d76320 .event posedge, v0x55e508e0f290_0;
LS_0x55e508e10180_0_0 .concat [ 8 8 8 8], v0x55e508e0fca0_0, v0x55e508e0fca0_0, v0x55e508e0fca0_0, v0x55e508e0fca0_0;
LS_0x55e508e10180_0_4 .concat [ 8 0 0 0], v0x55e508e0fca0_0;
L_0x55e508e10180 .concat [ 32 8 0 0], LS_0x55e508e10180_0_0, LS_0x55e508e10180_0_4;
S_0x55e508e08490 .scope module, "ps" "proc_subtraction" 3 67, 2 23 0, S_0x55e508dc4410;
 .timescale -9 -12;
    .port_info 0 /INPUT 1 "clk_200M";
    .port_info 1 /INPUT 1 "rst_200M";
    .port_info 2 /INPUT 15 "i_rec_addr";
    .port_info 3 /INPUT 1 "i_rec_ce";
    .port_info 4 /INPUT 1 "i_rec_we";
    .port_info 5 /INPUT 40 "i_rec_d";
    .port_info 6 /OUTPUT 26 "sum_traction";
    .port_info 7 /INPUT 1 "refresh";
L_0x55e508da4470 .functor AND 1, v0x55e508e0fa70_0, v0x55e508e100b0_0, C4<1>, C4<1>;
L_0x55e508da3cb0 .functor BUFZ 15, v0x55e508e0f960_0, C4<000000000000000>, C4<000000000000000>, C4<000000000000000>;
v0x55e508e0a4b0_0 .net *"_ivl_100", 7 0, L_0x55e508e14220;  1 drivers
v0x55e508e0a5b0_0 .net *"_ivl_104", 8 0, L_0x55e508e146c0;  1 drivers
L_0x7f7f2bed0018 .functor BUFT 1, C4<0>, C4<0>, C4<0>, C4<0>;
v0x55e508e0a690_0 .net *"_ivl_107", 0 0, L_0x7f7f2bed0018;  1 drivers
v0x55e508e0a750_0 .net *"_ivl_108", 8 0, L_0x55e508e14800;  1 drivers
v0x55e508e0a830_0 .net *"_ivl_11", 7 0, L_0x55e508e106b0;  1 drivers
L_0x7f7f2bed0060 .functor BUFT 1, C4<0>, C4<0>, C4<0>, C4<0>;
v0x55e508e0a910_0 .net *"_ivl_111", 0 0, L_0x7f7f2bed0060;  1 drivers
v0x55e508e0a9f0_0 .net *"_ivl_114", 8 0, L_0x55e508e14c30;  1 drivers
L_0x7f7f2bed00a8 .functor BUFT 1, C4<0>, C4<0>, C4<0>, C4<0>;
v0x55e508e0aad0_0 .net *"_ivl_117", 0 0, L_0x7f7f2bed00a8;  1 drivers
v0x55e508e0abb0_0 .net *"_ivl_118", 8 0, L_0x55e508e14f30;  1 drivers
L_0x7f7f2bed00f0 .functor BUFT 1, C4<0>, C4<0>, C4<0>, C4<0>;
v0x55e508e0ad20_0 .net *"_ivl_121", 0 0, L_0x7f7f2bed00f0;  1 drivers
v0x55e508e0ae00_0 .net *"_ivl_124", 9 0, L_0x55e508e15380;  1 drivers
L_0x7f7f2bed0138 .functor BUFT 1, C4<0>, C4<0>, C4<0>, C4<0>;
v0x55e508e0aee0_0 .net *"_ivl_127", 0 0, L_0x7f7f2bed0138;  1 drivers
v0x55e508e0afc0_0 .net *"_ivl_128", 9 0, L_0x55e508e15510;  1 drivers
v0x55e508e0b0a0_0 .net *"_ivl_13", 7 0, L_0x55e508e107d0;  1 drivers
L_0x7f7f2bed0180 .functor BUFT 1, C4<0>, C4<0>, C4<0>, C4<0>;
v0x55e508e0b180_0 .net *"_ivl_131", 0 0, L_0x7f7f2bed0180;  1 drivers
v0x55e508e0b260_0 .net *"_ivl_134", 10 0, L_0x55e508e15970;  1 drivers
L_0x7f7f2bed01c8 .functor BUFT 1, C4<0>, C4<0>, C4<0>, C4<0>;
v0x55e508e0b340_0 .net *"_ivl_137", 0 0, L_0x7f7f2bed01c8;  1 drivers
v0x55e508e0b420_0 .net *"_ivl_138", 10 0, L_0x55e508e15ca0;  1 drivers
v0x55e508e0b500_0 .net *"_ivl_14", 7 0, L_0x55e508e10870;  1 drivers
L_0x7f7f2bed0210 .functor BUFT 1, C4<000>, C4<0>, C4<0>, C4<0>;
v0x55e508e0b5e0_0 .net *"_ivl_141", 2 0, L_0x7f7f2bed0210;  1 drivers
v0x55e508e0b6c0_0 .net *"_ivl_17", 7 0, L_0x55e508e109f0;  1 drivers
v0x55e508e0b7a0_0 .net *"_ivl_19", 7 0, L_0x55e508e10b20;  1 drivers
v0x55e508e0b880_0 .net *"_ivl_20", 7 0, L_0x55e508e10c10;  1 drivers
v0x55e508e0b960_0 .net *"_ivl_25", 7 0, L_0x55e508e10ea0;  1 drivers
v0x55e508e0ba40_0 .net *"_ivl_27", 7 0, L_0x55e508e10fd0;  1 drivers
v0x55e508e0bb20_0 .net *"_ivl_28", 0 0, L_0x55e508e110e0;  1 drivers
v0x55e508e0bbe0_0 .net *"_ivl_31", 7 0, L_0x55e508e111d0;  1 drivers
v0x55e508e0bcc0_0 .net *"_ivl_33", 7 0, L_0x55e508e112f0;  1 drivers
v0x55e508e0bda0_0 .net *"_ivl_34", 7 0, L_0x55e508e11390;  1 drivers
v0x55e508e0be80_0 .net *"_ivl_37", 7 0, L_0x55e508e11560;  1 drivers
v0x55e508e0bf60_0 .net *"_ivl_39", 7 0, L_0x55e508e11600;  1 drivers
v0x55e508e0c040_0 .net *"_ivl_40", 7 0, L_0x55e508e11740;  1 drivers
v0x55e508e0c120_0 .net *"_ivl_45", 7 0, L_0x55e508e116a0;  1 drivers
v0x55e508e0c410_0 .net *"_ivl_47", 7 0, L_0x55e508e11af0;  1 drivers
v0x55e508e0c4f0_0 .net *"_ivl_48", 0 0, L_0x55e508e11c50;  1 drivers
v0x55e508e0c5b0_0 .net *"_ivl_5", 7 0, L_0x55e508e103e0;  1 drivers
v0x55e508e0c690_0 .net *"_ivl_51", 7 0, L_0x55e508e11d90;  1 drivers
v0x55e508e0c770_0 .net *"_ivl_53", 7 0, L_0x55e508e11f00;  1 drivers
v0x55e508e0c850_0 .net *"_ivl_54", 7 0, L_0x55e508e11fa0;  1 drivers
v0x55e508e0c930_0 .net *"_ivl_57", 7 0, L_0x55e508e121c0;  1 drivers
v0x55e508e0ca10_0 .net *"_ivl_59", 7 0, L_0x55e508e12260;  1 drivers
v0x55e508e0caf0_0 .net *"_ivl_60", 7 0, L_0x55e508e123f0;  1 drivers
v0x55e508e0cbd0_0 .net *"_ivl_65", 7 0, L_0x55e508e127f0;  1 drivers
v0x55e508e0ccb0_0 .net *"_ivl_67", 7 0, L_0x55e508e12890;  1 drivers
v0x55e508e0cd90_0 .net *"_ivl_68", 0 0, L_0x55e508e12a40;  1 drivers
v0x55e508e0ce50_0 .net *"_ivl_7", 7 0, L_0x55e508e10480;  1 drivers
v0x55e508e0cf30_0 .net *"_ivl_71", 7 0, L_0x55e508e12b80;  1 drivers
v0x55e508e0d010_0 .net *"_ivl_73", 7 0, L_0x55e508e12d40;  1 drivers
v0x55e508e0d0f0_0 .net *"_ivl_74", 7 0, L_0x55e508e12de0;  1 drivers
v0x55e508e0d1d0_0 .net *"_ivl_77", 7 0, L_0x55e508e12c20;  1 drivers
v0x55e508e0d2b0_0 .net *"_ivl_79", 7 0, L_0x55e508e13050;  1 drivers
v0x55e508e0d390_0 .net *"_ivl_8", 0 0, L_0x55e508e10570;  1 drivers
v0x55e508e0d450_0 .net *"_ivl_80", 7 0, L_0x55e508e13230;  1 drivers
v0x55e508e0d530_0 .net *"_ivl_85", 7 0, L_0x55e508e13600;  1 drivers
v0x55e508e0d610_0 .net *"_ivl_87", 7 0, L_0x55e508e136a0;  1 drivers
v0x55e508e0d6f0_0 .net *"_ivl_88", 0 0, L_0x55e508e138a0;  1 drivers
v0x55e508e0d7b0_0 .net *"_ivl_91", 7 0, L_0x55e508e139e0;  1 drivers
v0x55e508e0d890_0 .net *"_ivl_93", 7 0, L_0x55e508e13bf0;  1 drivers
v0x55e508e0d970_0 .net *"_ivl_94", 7 0, L_0x55e508e13c90;  1 drivers
v0x55e508e0da50_0 .net *"_ivl_97", 7 0, L_0x55e508e13f50;  1 drivers
v0x55e508e0db30_0 .net *"_ivl_99", 7 0, L_0x55e508e13ff0;  1 drivers
v0x55e508e0dc10_0 .net "add1", 7 0, L_0x55e508e10d00;  1 drivers
v0x55e508e0dcf0_0 .net "add12", 8 0, L_0x55e508e14af0;  1 drivers
v0x55e508e0ddd0_0 .net "add1234", 9 0, L_0x55e508e15830;  1 drivers
v0x55e508e0deb0_0 .net "add12345", 10 0, L_0x55e508e15de0;  1 drivers
v0x55e508e0e3a0_0 .net "add2", 7 0, L_0x55e508e118b0;  1 drivers
v0x55e508e0e480_0 .net "add3", 7 0, L_0x55e508e12560;  1 drivers
v0x55e508e0e560_0 .net "add34", 8 0, L_0x55e508e15070;  1 drivers
v0x55e508e0e640_0 .net "add4", 7 0, L_0x55e508e13320;  1 drivers
v0x55e508e0e720_0 .net "add5", 7 0, L_0x55e508e14390;  1 drivers
v0x55e508e0e800_0 .var "ce_tmp1", 0 0;
v0x55e508e0e8e0_0 .var "ce_tmp2", 0 0;
v0x55e508e0e980_0 .net "clk_200M", 0 0, v0x55e508e0fb10_0;  1 drivers
v0x55e508e0ea50_0 .var "data_buf_1", 39 0;
v0x55e508e0eb10_0 .var "data_buf_2", 39 0;
v0x55e508e0ec00_0 .net "get_addr", 14 0, L_0x55e508da3cb0;  1 drivers
v0x55e508e0ecf0_0 .net "get_data", 39 0, v0x55e508e0a130_0;  1 drivers
v0x55e508e0ede0_0 .net "i_rec_addr", 14 0, v0x55e508e0f960_0;  1 drivers
v0x55e508e0eea0_0 .net "i_rec_ce", 0 0, v0x55e508e0fa70_0;  1 drivers
v0x55e508e0ef70_0 .net "i_rec_d", 39 0, L_0x55e508e10180;  alias, 1 drivers
v0x55e508e0f030_0 .net "i_rec_we", 0 0, v0x55e508e100b0_0;  1 drivers
v0x55e508e0f0f0_0 .var "init", 0 0;
v0x55e508e0f1d0_0 .net "refresh", 0 0, v0x55e508e0fe70_0;  1 drivers
v0x55e508e0f290_0 .net "rst_200M", 0 0, v0x55e508e0ff10_0;  1 drivers
v0x55e508e0f350_0 .var "set_addr_buf_1", 14 0;
v0x55e508e0f430_0 .var "set_addr_buf_2", 14 0;
v0x55e508e0f520_0 .var "sum_traction", 25 0;
v0x55e508e0f5e0_0 .var "we_tmp1", 0 0;
v0x55e508e0f6c0_0 .var "we_tmp2", 0 0;
v0x55e508e0f780_0 .net "work_enable", 0 0, L_0x55e508da4470;  1 drivers
E_0x55e508d5fd00/0 .event negedge, v0x55e508e0f290_0;
E_0x55e508d5fd00/1 .event posedge, v0x55e508e09f40_0;
E_0x55e508d5fd00 .event/or E_0x55e508d5fd00/0, E_0x55e508d5fd00/1;
L_0x55e508e103e0 .part v0x55e508e0ea50_0, 32, 8;
L_0x55e508e10480 .part v0x55e508e0a130_0, 32, 8;
L_0x55e508e10570 .cmp/gt 8, L_0x55e508e103e0, L_0x55e508e10480;
L_0x55e508e106b0 .part v0x55e508e0ea50_0, 32, 8;
L_0x55e508e107d0 .part v0x55e508e0a130_0, 32, 8;
L_0x55e508e10870 .arith/sub 8, L_0x55e508e106b0, L_0x55e508e107d0;
L_0x55e508e109f0 .part v0x55e508e0a130_0, 32, 8;
L_0x55e508e10b20 .part v0x55e508e0ea50_0, 32, 8;
L_0x55e508e10c10 .arith/sub 8, L_0x55e508e109f0, L_0x55e508e10b20;
L_0x55e508e10d00 .functor MUXZ 8, L_0x55e508e10c10, L_0x55e508e10870, L_0x55e508e10570, C4<>;
L_0x55e508e10ea0 .part v0x55e508e0ea50_0, 24, 8;
L_0x55e508e10fd0 .part v0x55e508e0a130_0, 24, 8;
L_0x55e508e110e0 .cmp/gt 8, L_0x55e508e10ea0, L_0x55e508e10fd0;
L_0x55e508e111d0 .part v0x55e508e0ea50_0, 24, 8;
L_0x55e508e112f0 .part v0x55e508e0a130_0, 24, 8;
L_0x55e508e11390 .arith/sub 8, L_0x55e508e111d0, L_0x55e508e112f0;
L_0x55e508e11560 .part v0x55e508e0a130_0, 24, 8;
L_0x55e508e11600 .part v0x55e508e0ea50_0, 24, 8;
L_0x55e508e11740 .arith/sub 8, L_0x55e508e11560, L_0x55e508e11600;
L_0x55e508e118b0 .functor MUXZ 8, L_0x55e508e11740, L_0x55e508e11390, L_0x55e508e110e0, C4<>;
L_0x55e508e116a0 .part v0x55e508e0ea50_0, 16, 8;
L_0x55e508e11af0 .part v0x55e508e0a130_0, 16, 8;
L_0x55e508e11c50 .cmp/gt 8, L_0x55e508e116a0, L_0x55e508e11af0;
L_0x55e508e11d90 .part v0x55e508e0ea50_0, 16, 8;
L_0x55e508e11f00 .part v0x55e508e0a130_0, 16, 8;
L_0x55e508e11fa0 .arith/sub 8, L_0x55e508e11d90, L_0x55e508e11f00;
L_0x55e508e121c0 .part v0x55e508e0a130_0, 16, 8;
L_0x55e508e12260 .part v0x55e508e0ea50_0, 16, 8;
L_0x55e508e123f0 .arith/sub 8, L_0x55e508e121c0, L_0x55e508e12260;
L_0x55e508e12560 .functor MUXZ 8, L_0x55e508e123f0, L_0x55e508e11fa0, L_0x55e508e11c50, C4<>;
L_0x55e508e127f0 .part v0x55e508e0ea50_0, 8, 8;
L_0x55e508e12890 .part v0x55e508e0a130_0, 8, 8;
L_0x55e508e12a40 .cmp/gt 8, L_0x55e508e127f0, L_0x55e508e12890;
L_0x55e508e12b80 .part v0x55e508e0ea50_0, 8, 8;
L_0x55e508e12d40 .part v0x55e508e0a130_0, 8, 8;
L_0x55e508e12de0 .arith/sub 8, L_0x55e508e12b80, L_0x55e508e12d40;
L_0x55e508e12c20 .part v0x55e508e0a130_0, 8, 8;
L_0x55e508e13050 .part v0x55e508e0ea50_0, 8, 8;
L_0x55e508e13230 .arith/sub 8, L_0x55e508e12c20, L_0x55e508e13050;
L_0x55e508e13320 .functor MUXZ 8, L_0x55e508e13230, L_0x55e508e12de0, L_0x55e508e12a40, C4<>;
L_0x55e508e13600 .part v0x55e508e0ea50_0, 0, 8;
L_0x55e508e136a0 .part v0x55e508e0a130_0, 0, 8;
L_0x55e508e138a0 .cmp/gt 8, L_0x55e508e13600, L_0x55e508e136a0;
L_0x55e508e139e0 .part v0x55e508e0ea50_0, 0, 8;
L_0x55e508e13bf0 .part v0x55e508e0a130_0, 0, 8;
L_0x55e508e13c90 .arith/sub 8, L_0x55e508e139e0, L_0x55e508e13bf0;
L_0x55e508e13f50 .part v0x55e508e0a130_0, 0, 8;
L_0x55e508e13ff0 .part v0x55e508e0ea50_0, 0, 8;
L_0x55e508e14220 .arith/sub 8, L_0x55e508e13f50, L_0x55e508e13ff0;
L_0x55e508e14390 .functor MUXZ 8, L_0x55e508e14220, L_0x55e508e13c90, L_0x55e508e138a0, C4<>;
L_0x55e508e146c0 .concat [ 8 1 0 0], L_0x55e508e10d00, L_0x7f7f2bed0018;
L_0x55e508e14800 .concat [ 8 1 0 0], L_0x55e508e118b0, L_0x7f7f2bed0060;
L_0x55e508e14af0 .arith/sum 9, L_0x55e508e146c0, L_0x55e508e14800;
L_0x55e508e14c30 .concat [ 8 1 0 0], L_0x55e508e12560, L_0x7f7f2bed00a8;
L_0x55e508e14f30 .concat [ 8 1 0 0], L_0x55e508e13320, L_0x7f7f2bed00f0;
L_0x55e508e15070 .arith/sum 9, L_0x55e508e14c30, L_0x55e508e14f30;
L_0x55e508e15380 .concat [ 9 1 0 0], L_0x55e508e14af0, L_0x7f7f2bed0138;
L_0x55e508e15510 .concat [ 9 1 0 0], L_0x55e508e15070, L_0x7f7f2bed0180;
L_0x55e508e15830 .arith/sum 10, L_0x55e508e15380, L_0x55e508e15510;
L_0x55e508e15970 .concat [ 10 1 0 0], L_0x55e508e15830, L_0x7f7f2bed01c8;
L_0x55e508e15ca0 .concat [ 8 3 0 0], L_0x55e508e14390, L_0x7f7f2bed0210;
L_0x55e508e15de0 .arith/sum 11, L_0x55e508e15970, L_0x55e508e15ca0;
LS_0x55e508e16120_0_0 .concat [ 1 1 1 1], v0x55e508e0f6c0_0, v0x55e508e0f6c0_0, v0x55e508e0f6c0_0, v0x55e508e0f6c0_0;
LS_0x55e508e16120_0_4 .concat [ 1 0 0 0], v0x55e508e0f6c0_0;
L_0x55e508e16120 .concat [ 4 1 0 0], LS_0x55e508e16120_0_0, LS_0x55e508e16120_0_4;
S_0x55e508e086d0 .scope module, "tmp_val_mem" "sum_io_empty_ram" 2 109, 2 126 0, S_0x55e508e08490;
 .timescale -9 -12;
    .port_info 0 /INPUT 15 "addr0";
    .port_info 1 /INPUT 1 "ce0";
    .port_info 2 /OUTPUT 40 "q0";
    .port_info 3 /INPUT 15 "addr1";
    .port_info 4 /INPUT 1 "ce1";
    .port_info 5 /INPUT 40 "d1";
    .port_info 6 /INPUT 5 "we1";
    .port_info 7 /INPUT 1 "clk";
P_0x55e508e088d0 .param/l "AWIDTH" 0 2 129, +C4<00000000000000000000000000001111>;
P_0x55e508e08910 .param/l "COL_WIDTH" 0 2 131, +C4<00000000000000000000000000001000>;
P_0x55e508e08950 .param/l "DWIDTH" 0 2 128, +C4<00000000000000000000000000101000>;
P_0x55e508e08990 .param/l "MEM_SIZE" 0 2 130, +C4<00000000000000000100011001010000>;
P_0x55e508e089d0 .param/l "NUM_COL" 0 2 132, +C4<00000000000000000000000000000101>;
v0x55e508e09c20_0 .net "addr0", 14 0, L_0x55e508da3cb0;  alias, 1 drivers
v0x55e508e09d00_0 .net "addr1", 14 0, v0x55e508e0f430_0;  1 drivers
v0x55e508e09de0_0 .net "ce0", 0 0, v0x55e508e0fa70_0;  alias, 1 drivers
v0x55e508e09e80_0 .net "ce1", 0 0, v0x55e508e0e8e0_0;  1 drivers
v0x55e508e09f40_0 .net "clk", 0 0, v0x55e508e0fb10_0;  alias, 1 drivers
v0x55e508e0a050_0 .net "d1", 39 0, v0x55e508e0eb10_0;  1 drivers
v0x55e508e0a130_0 .var "q0", 39 0;
v0x55e508e0a210 .array "ram", 17999 0, 39 0;
v0x55e508e0a2f0_0 .net "we1", 4 0, L_0x55e508e16120;  1 drivers
S_0x55e508e08d80 .scope generate, "genblk1[0]" "genblk1[0]" 2 156, 2 156 0, S_0x55e508e086d0;
 .timescale -9 -12;
P_0x55e508e08fa0 .param/l "i" 0 2 156, +C4<00>;
E_0x55e508dd58f0 .event posedge, v0x55e508e09f40_0;
S_0x55e508e090a0 .scope generate, "genblk1[1]" "genblk1[1]" 2 156, 2 156 0, S_0x55e508e086d0;
 .timescale -9 -12;
P_0x55e508e092c0 .param/l "i" 0 2 156, +C4<01>;
S_0x55e508e09380 .scope generate, "genblk1[2]" "genblk1[2]" 2 156, 2 156 0, S_0x55e508e086d0;
 .timescale -9 -12;
P_0x55e508e09590 .param/l "i" 0 2 156, +C4<010>;
S_0x55e508e09650 .scope generate, "genblk1[3]" "genblk1[3]" 2 156, 2 156 0, S_0x55e508e086d0;
 .timescale -9 -12;
P_0x55e508e09830 .param/l "i" 0 2 156, +C4<011>;
S_0x55e508e09910 .scope generate, "genblk1[4]" "genblk1[4]" 2 156, 2 156 0, S_0x55e508e086d0;
 .timescale -9 -12;
P_0x55e508e09b40 .param/l "i" 0 2 156, +C4<0100>;
    .scope S_0x55e508dbc670;
T_0 ;
    %wait E_0x55e508d76d70;
    %load/vec4 v0x55e508da18a0_0;
    %flag_set/vec4 8;
    %jmp/0xz  T_0.0, 8;
    %load/vec4 v0x55e508e07b20_0;
    %parti/s 1, 0, 2;
    %flag_set/vec4 8;
    %jmp/0xz  T_0.2, 8;
    %load/vec4 v0x55e508da1b70_0;
    %parti/s 8, 0, 2;
    %ix/getv 3, v0x55e508da19e0_0;
    %ix/load 4, 0, 0; Constant delay
    %assign/vec4/a/d v0x55e508df7a30, 0, 4;
T_0.2 ;
T_0.0 ;
    %jmp T_0;
    .thread T_0;
    .scope S_0x55e508dcdb80;
T_1 ;
    %wait E_0x55e508d76d70;
    %load/vec4 v0x55e508da18a0_0;
    %flag_set/vec4 8;
    %jmp/0xz  T_1.0, 8;
    %load/vec4 v0x55e508e07b20_0;
    %parti/s 1, 1, 2;
    %flag_set/vec4 8;
    %jmp/0xz  T_1.2, 8;
    %load/vec4 v0x55e508da1b70_0;
    %parti/s 8, 8, 5;
    %ix/getv 3, v0x55e508da19e0_0;
    %ix/load 4, 8, 0; part off
    %ix/load 5, 0, 0; Constant delay
    %assign/vec4/a/d v0x55e508df7a30, 4, 5;
T_1.2 ;
T_1.0 ;
    %jmp T_1;
    .thread T_1;
    .scope S_0x55e508d8b0d0;
T_2 ;
    %wait E_0x55e508d76d70;
    %load/vec4 v0x55e508da18a0_0;
    %flag_set/vec4 8;
    %jmp/0xz  T_2.0, 8;
    %load/vec4 v0x55e508e07b20_0;
    %parti/s 1, 2, 3;
    %flag_set/vec4 8;
    %jmp/0xz  T_2.2, 8;
    %load/vec4 v0x55e508da1b70_0;
    %parti/s 8, 16, 6;
    %ix/getv 3, v0x55e508da19e0_0;
    %ix/load 4, 16, 0; part off
    %ix/load 5, 0, 0; Constant delay
    %assign/vec4/a/d v0x55e508df7a30, 4, 5;
T_2.2 ;
T_2.0 ;
    %jmp T_2;
    .thread T_2;
    .scope S_0x55e508d8b350;
T_3 ;
    %wait E_0x55e508d76d70;
    %load/vec4 v0x55e508da18a0_0;
    %flag_set/vec4 8;
    %jmp/0xz  T_3.0, 8;
    %load/vec4 v0x55e508e07b20_0;
    %parti/s 1, 3, 3;
    %flag_set/vec4 8;
    %jmp/0xz  T_3.2, 8;
    %load/vec4 v0x55e508da1b70_0;
    %parti/s 8, 24, 6;
    %ix/getv 3, v0x55e508da19e0_0;
    %ix/load 4, 24, 0; part off
    %ix/load 5, 0, 0; Constant delay
    %assign/vec4/a/d v0x55e508df7a30, 4, 5;
T_3.2 ;
T_3.0 ;
    %jmp T_3;
    .thread T_3;
    .scope S_0x55e508d85820;
T_4 ;
    %wait E_0x55e508d76d70;
    %load/vec4 v0x55e508da18a0_0;
    %flag_set/vec4 8;
    %jmp/0xz  T_4.0, 8;
    %load/vec4 v0x55e508e07b20_0;
    %parti/s 1, 4, 4;
    %flag_set/vec4 8;
    %jmp/0xz  T_4.2, 8;
    %load/vec4 v0x55e508da1b70_0;
    %parti/s 8, 32, 7;
    %ix/getv 3, v0x55e508da19e0_0;
    %ix/load 4, 32, 0; part off
    %ix/load 5, 0, 0; Constant delay
    %assign/vec4/a/d v0x55e508df7a30, 4, 5;
T_4.2 ;
T_4.0 ;
    %jmp T_4;
    .thread T_4;
    .scope S_0x55e508d8e670;
T_5 ;
    %wait E_0x55e508d76d70;
    %load/vec4 v0x55e508da18a0_0;
    %flag_set/vec4 8;
    %jmp/0xz  T_5.0, 8;
    %load/vec4 v0x55e508e07b20_0;
    %parti/s 1, 5, 4;
    %flag_set/vec4 8;
    %jmp/0xz  T_5.2, 8;
    %load/vec4 v0x55e508da1b70_0;
    %parti/s 8, 40, 7;
    %ix/getv 3, v0x55e508da19e0_0;
    %ix/load 4, 40, 0; part off
    %ix/load 5, 0, 0; Constant delay
    %assign/vec4/a/d v0x55e508df7a30, 4, 5;
T_5.2 ;
T_5.0 ;
    %jmp T_5;
    .thread T_5;
    .scope S_0x55e508d8e8f0;
T_6 ;
    %wait E_0x55e508d76d70;
    %load/vec4 v0x55e508da18a0_0;
    %flag_set/vec4 8;
    %jmp/0xz  T_6.0, 8;
    %load/vec4 v0x55e508e07b20_0;
    %parti/s 1, 6, 4;
    %flag_set/vec4 8;
    %jmp/0xz  T_6.2, 8;
    %load/vec4 v0x55e508da1b70_0;
    %parti/s 8, 48, 7;
    %ix/getv 3, v0x55e508da19e0_0;
    %ix/load 4, 48, 0; part off
    %ix/load 5, 0, 0; Constant delay
    %assign/vec4/a/d v0x55e508df7a30, 4, 5;
T_6.2 ;
T_6.0 ;
    %jmp T_6;
    .thread T_6;
    .scope S_0x55e508d3cd40;
T_7 ;
    %wait E_0x55e508d76d70;
    %load/vec4 v0x55e508da18a0_0;
    %flag_set/vec4 8;
    %jmp/0xz  T_7.0, 8;
    %load/vec4 v0x55e508e07b20_0;
    %parti/s 1, 7, 4;
    %flag_set/vec4 8;
    %jmp/0xz  T_7.2, 8;
    %load/vec4 v0x55e508da1b70_0;
    %parti/s 8, 56, 7;
    %ix/getv 3, v0x55e508da19e0_0;
    %ix/load 4, 56, 0; part off
    %ix/load 5, 0, 0; Constant delay
    %assign/vec4/a/d v0x55e508df7a30, 4, 5;
T_7.2 ;
T_7.0 ;
    %jmp T_7;
    .thread T_7;
    .scope S_0x55e508d3cfc0;
T_8 ;
    %wait E_0x55e508d76d70;
    %load/vec4 v0x55e508da18a0_0;
    %flag_set/vec4 8;
    %jmp/0xz  T_8.0, 8;
    %load/vec4 v0x55e508e07b20_0;
    %parti/s 1, 8, 5;
    %flag_set/vec4 8;
    %jmp/0xz  T_8.2, 8;
    %load/vec4 v0x55e508da1b70_0;
    %parti/s 8, 64, 8;
    %ix/getv 3, v0x55e508da19e0_0;
    %ix/load 4, 64, 0; part off
    %ix/load 5, 0, 0; Constant delay
    %assign/vec4/a/d v0x55e508df7a30, 4, 5;
T_8.2 ;
T_8.0 ;
    %jmp T_8;
    .thread T_8;
    .scope S_0x55e508dd6180;
T_9 ;
    %wait E_0x55e508d76d70;
    %load/vec4 v0x55e508da18a0_0;
    %flag_set/vec4 8;
    %jmp/0xz  T_9.0, 8;
    %load/vec4 v0x55e508e07b20_0;
    %parti/s 1, 9, 5;
    %flag_set/vec4 8;
    %jmp/0xz  T_9.2, 8;
    %load/vec4 v0x55e508da1b70_0;
    %parti/s 8, 72, 8;
    %ix/getv 3, v0x55e508da19e0_0;
    %ix/load 4, 72, 0; part off
    %ix/load 5, 0, 0; Constant delay
    %assign/vec4/a/d v0x55e508df7a30, 4, 5;
T_9.2 ;
T_9.0 ;
    %jmp T_9;
    .thread T_9;
    .scope S_0x55e508dd6310;
T_10 ;
    %wait E_0x55e508d76d70;
    %load/vec4 v0x55e508da18a0_0;
    %flag_set/vec4 8;
    %jmp/0xz  T_10.0, 8;
    %load/vec4 v0x55e508e07b20_0;
    %parti/s 1, 10, 5;
    %flag_set/vec4 8;
    %jmp/0xz  T_10.2, 8;
    %load/vec4 v0x55e508da1b70_0;
    %parti/s 8, 80, 8;
    %ix/getv 3, v0x55e508da19e0_0;
    %ix/load 4, 80, 0; part off
    %ix/load 5, 0, 0; Constant delay
    %assign/vec4/a/d v0x55e508df7a30, 4, 5;
T_10.2 ;
T_10.0 ;
    %jmp T_10;
    .thread T_10;
    .scope S_0x55e508dd64a0;
T_11 ;
    %wait E_0x55e508d76d70;
    %load/vec4 v0x55e508da18a0_0;
    %flag_set/vec4 8;
    %jmp/0xz  T_11.0, 8;
    %load/vec4 v0x55e508e07b20_0;
    %parti/s 1, 11, 5;
    %flag_set/vec4 8;
    %jmp/0xz  T_11.2, 8;
    %load/vec4 v0x55e508da1b70_0;
    %parti/s 8, 88, 8;
    %ix/getv 3, v0x55e508da19e0_0;
    %ix/load 4, 88, 0; part off
    %ix/load 5, 0, 0; Constant delay
    %assign/vec4/a/d v0x55e508df7a30, 4, 5;
T_11.2 ;
T_11.0 ;
    %jmp T_11;
    .thread T_11;
    .scope S_0x55e508dd6630;
T_12 ;
    %wait E_0x55e508d76d70;
    %load/vec4 v0x55e508da18a0_0;
    %flag_set/vec4 8;
    %jmp/0xz  T_12.0, 8;
    %load/vec4 v0x55e508e07b20_0;
    %parti/s 1, 12, 5;
    %flag_set/vec4 8;
    %jmp/0xz  T_12.2, 8;
    %load/vec4 v0x55e508da1b70_0;
    %parti/s 8, 96, 8;
    %ix/getv 3, v0x55e508da19e0_0;
    %ix/load 4, 96, 0; part off
    %ix/load 5, 0, 0; Constant delay
    %assign/vec4/a/d v0x55e508df7a30, 4, 5;
T_12.2 ;
T_12.0 ;
    %jmp T_12;
    .thread T_12;
    .scope S_0x55e508dd67c0;
T_13 ;
    %wait E_0x55e508d76d70;
    %load/vec4 v0x55e508da18a0_0;
    %flag_set/vec4 8;
    %jmp/0xz  T_13.0, 8;
    %load/vec4 v0x55e508e07b20_0;
    %parti/s 1, 13, 5;
    %flag_set/vec4 8;
    %jmp/0xz  T_13.2, 8;
    %load/vec4 v0x55e508da1b70_0;
    %parti/s 8, 104, 8;
    %ix/getv 3, v0x55e508da19e0_0;
    %ix/load 4, 104, 0; part off
    %ix/load 5, 0, 0; Constant delay
    %assign/vec4/a/d v0x55e508df7a30, 4, 5;
T_13.2 ;
T_13.0 ;
    %jmp T_13;
    .thread T_13;
    .scope S_0x55e508dd6950;
T_14 ;
    %wait E_0x55e508d76d70;
    %load/vec4 v0x55e508da18a0_0;
    %flag_set/vec4 8;
    %jmp/0xz  T_14.0, 8;
    %load/vec4 v0x55e508e07b20_0;
    %parti/s 1, 14, 5;
    %flag_set/vec4 8;
    %jmp/0xz  T_14.2, 8;
    %load/vec4 v0x55e508da1b70_0;
    %parti/s 8, 112, 8;
    %ix/getv 3, v0x55e508da19e0_0;
    %ix/load 4, 112, 0; part off
    %ix/load 5, 0, 0; Constant delay
    %assign/vec4/a/d v0x55e508df7a30, 4, 5;
T_14.2 ;
T_14.0 ;
    %jmp T_14;
    .thread T_14;
    .scope S_0x55e508dd6ae0;
T_15 ;
    %wait E_0x55e508d76d70;
    %load/vec4 v0x55e508da18a0_0;
    %flag_set/vec4 8;
    %jmp/0xz  T_15.0, 8;
    %load/vec4 v0x55e508e07b20_0;
    %parti/s 1, 15, 5;
    %flag_set/vec4 8;
    %jmp/0xz  T_15.2, 8;
    %load/vec4 v0x55e508da1b70_0;
    %parti/s 8, 120, 8;
    %ix/getv 3, v0x55e508da19e0_0;
    %ix/load 4, 120, 0; part off
    %ix/load 5, 0, 0; Constant delay
    %assign/vec4/a/d v0x55e508df7a30, 4, 5;
T_15.2 ;
T_15.0 ;
    %jmp T_15;
    .thread T_15;
    .scope S_0x55e508dd6c70;
T_16 ;
    %wait E_0x55e508d76d70;
    %load/vec4 v0x55e508da18a0_0;
    %flag_set/vec4 8;
    %jmp/0xz  T_16.0, 8;
    %load/vec4 v0x55e508e07b20_0;
    %parti/s 1, 16, 6;
    %flag_set/vec4 8;
    %jmp/0xz  T_16.2, 8;
    %load/vec4 v0x55e508da1b70_0;
    %parti/s 8, 128, 9;
    %ix/getv 3, v0x55e508da19e0_0;
    %ix/load 4, 128, 0; part off
    %ix/load 5, 0, 0; Constant delay
    %assign/vec4/a/d v0x55e508df7a30, 4, 5;
T_16.2 ;
T_16.0 ;
    %jmp T_16;
    .thread T_16;
    .scope S_0x55e508dd6e00;
T_17 ;
    %wait E_0x55e508d76d70;
    %load/vec4 v0x55e508da18a0_0;
    %flag_set/vec4 8;
    %jmp/0xz  T_17.0, 8;
    %load/vec4 v0x55e508e07b20_0;
    %parti/s 1, 17, 6;
    %flag_set/vec4 8;
    %jmp/0xz  T_17.2, 8;
    %load/vec4 v0x55e508da1b70_0;
    %parti/s 8, 136, 9;
    %ix/getv 3, v0x55e508da19e0_0;
    %ix/load 4, 136, 0; part off
    %ix/load 5, 0, 0; Constant delay
    %assign/vec4/a/d v0x55e508df7a30, 4, 5;
T_17.2 ;
T_17.0 ;
    %jmp T_17;
    .thread T_17;
    .scope S_0x55e508dd6f90;
T_18 ;
    %wait E_0x55e508d76d70;
    %load/vec4 v0x55e508da18a0_0;
    %flag_set/vec4 8;
    %jmp/0xz  T_18.0, 8;
    %load/vec4 v0x55e508e07b20_0;
    %parti/s 1, 18, 6;
    %flag_set/vec4 8;
    %jmp/0xz  T_18.2, 8;
    %load/vec4 v0x55e508da1b70_0;
    %parti/s 8, 144, 9;
    %ix/getv 3, v0x55e508da19e0_0;
    %ix/load 4, 144, 0; part off
    %ix/load 5, 0, 0; Constant delay
    %assign/vec4/a/d v0x55e508df7a30, 4, 5;
T_18.2 ;
T_18.0 ;
    %jmp T_18;
    .thread T_18;
    .scope S_0x55e508dd7120;
T_19 ;
    %wait E_0x55e508d76d70;
    %load/vec4 v0x55e508da18a0_0;
    %flag_set/vec4 8;
    %jmp/0xz  T_19.0, 8;
    %load/vec4 v0x55e508e07b20_0;
    %parti/s 1, 19, 6;
    %flag_set/vec4 8;
    %jmp/0xz  T_19.2, 8;
    %load/vec4 v0x55e508da1b70_0;
    %parti/s 8, 152, 9;
    %ix/getv 3, v0x55e508da19e0_0;
    %ix/load 4, 152, 0; part off
    %ix/load 5, 0, 0; Constant delay
    %assign/vec4/a/d v0x55e508df7a30, 4, 5;
T_19.2 ;
T_19.0 ;
    %jmp T_19;
    .thread T_19;
    .scope S_0x55e508dd72b0;
T_20 ;
    %wait E_0x55e508d76d70;
    %load/vec4 v0x55e508da18a0_0;
    %flag_set/vec4 8;
    %jmp/0xz  T_20.0, 8;
    %load/vec4 v0x55e508e07b20_0;
    %parti/s 1, 20, 6;
    %flag_set/vec4 8;
    %jmp/0xz  T_20.2, 8;
    %load/vec4 v0x55e508da1b70_0;
    %parti/s 8, 160, 9;
    %ix/getv 3, v0x55e508da19e0_0;
    %ix/load 4, 160, 0; part off
    %ix/load 5, 0, 0; Constant delay
    %assign/vec4/a/d v0x55e508df7a30, 4, 5;
T_20.2 ;
T_20.0 ;
    %jmp T_20;
    .thread T_20;
    .scope S_0x55e508dd7440;
T_21 ;
    %wait E_0x55e508d76d70;
    %load/vec4 v0x55e508da18a0_0;
    %flag_set/vec4 8;
    %jmp/0xz  T_21.0, 8;
    %load/vec4 v0x55e508e07b20_0;
    %parti/s 1, 21, 6;
    %flag_set/vec4 8;
    %jmp/0xz  T_21.2, 8;
    %load/vec4 v0x55e508da1b70_0;
    %parti/s 8, 168, 9;
    %ix/getv 3, v0x55e508da19e0_0;
    %ix/load 4, 168, 0; part off
    %ix/load 5, 0, 0; Constant delay
    %assign/vec4/a/d v0x55e508df7a30, 4, 5;
T_21.2 ;
T_21.0 ;
    %jmp T_21;
    .thread T_21;
    .scope S_0x55e508dd75d0;
T_22 ;
    %wait E_0x55e508d76d70;
    %load/vec4 v0x55e508da18a0_0;
    %flag_set/vec4 8;
    %jmp/0xz  T_22.0, 8;
    %load/vec4 v0x55e508e07b20_0;
    %parti/s 1, 22, 6;
    %flag_set/vec4 8;
    %jmp/0xz  T_22.2, 8;
    %load/vec4 v0x55e508da1b70_0;
    %parti/s 8, 176, 9;
    %ix/getv 3, v0x55e508da19e0_0;
    %ix/load 4, 176, 0; part off
    %ix/load 5, 0, 0; Constant delay
    %assign/vec4/a/d v0x55e508df7a30, 4, 5;
T_22.2 ;
T_22.0 ;
    %jmp T_22;
    .thread T_22;
    .scope S_0x55e508dd7760;
T_23 ;
    %wait E_0x55e508d76d70;
    %load/vec4 v0x55e508da18a0_0;
    %flag_set/vec4 8;
    %jmp/0xz  T_23.0, 8;
    %load/vec4 v0x55e508e07b20_0;
    %parti/s 1, 23, 6;
    %flag_set/vec4 8;
    %jmp/0xz  T_23.2, 8;
    %load/vec4 v0x55e508da1b70_0;
    %parti/s 8, 184, 9;
    %ix/getv 3, v0x55e508da19e0_0;
    %ix/load 4, 184, 0; part off
    %ix/load 5, 0, 0; Constant delay
    %assign/vec4/a/d v0x55e508df7a30, 4, 5;
T_23.2 ;
T_23.0 ;
    %jmp T_23;
    .thread T_23;
    .scope S_0x55e508dd78f0;
T_24 ;
    %wait E_0x55e508d76d70;
    %load/vec4 v0x55e508da18a0_0;
    %flag_set/vec4 8;
    %jmp/0xz  T_24.0, 8;
    %load/vec4 v0x55e508e07b20_0;
    %parti/s 1, 24, 6;
    %flag_set/vec4 8;
    %jmp/0xz  T_24.2, 8;
    %load/vec4 v0x55e508da1b70_0;
    %parti/s 8, 192, 9;
    %ix/getv 3, v0x55e508da19e0_0;
    %ix/load 4, 192, 0; part off
    %ix/load 5, 0, 0; Constant delay
    %assign/vec4/a/d v0x55e508df7a30, 4, 5;
T_24.2 ;
T_24.0 ;
    %jmp T_24;
    .thread T_24;
    .scope S_0x55e508dd7a80;
T_25 ;
    %wait E_0x55e508d76d70;
    %load/vec4 v0x55e508da18a0_0;
    %flag_set/vec4 8;
    %jmp/0xz  T_25.0, 8;
    %load/vec4 v0x55e508e07b20_0;
    %parti/s 1, 25, 6;
    %flag_set/vec4 8;
    %jmp/0xz  T_25.2, 8;
    %load/vec4 v0x55e508da1b70_0;
    %parti/s 8, 200, 9;
    %ix/getv 3, v0x55e508da19e0_0;
    %ix/load 4, 200, 0; part off
    %ix/load 5, 0, 0; Constant delay
    %assign/vec4/a/d v0x55e508df7a30, 4, 5;
T_25.2 ;
T_25.0 ;
    %jmp T_25;
    .thread T_25;
    .scope S_0x55e508dd7c10;
T_26 ;
    %wait E_0x55e508d76d70;
    %load/vec4 v0x55e508da18a0_0;
    %flag_set/vec4 8;
    %jmp/0xz  T_26.0, 8;
    %load/vec4 v0x55e508e07b20_0;
    %parti/s 1, 26, 6;
    %flag_set/vec4 8;
    %jmp/0xz  T_26.2, 8;
    %load/vec4 v0x55e508da1b70_0;
    %parti/s 8, 208, 9;
    %ix/getv 3, v0x55e508da19e0_0;
    %ix/load 4, 208, 0; part off
    %ix/load 5, 0, 0; Constant delay
    %assign/vec4/a/d v0x55e508df7a30, 4, 5;
T_26.2 ;
T_26.0 ;
    %jmp T_26;
    .thread T_26;
    .scope S_0x55e508dd7da0;
T_27 ;
    %wait E_0x55e508d76d70;
    %load/vec4 v0x55e508da18a0_0;
    %flag_set/vec4 8;
    %jmp/0xz  T_27.0, 8;
    %load/vec4 v0x55e508e07b20_0;
    %parti/s 1, 27, 6;
    %flag_set/vec4 8;
    %jmp/0xz  T_27.2, 8;
    %load/vec4 v0x55e508da1b70_0;
    %parti/s 8, 216, 9;
    %ix/getv 3, v0x55e508da19e0_0;
    %ix/load 4, 216, 0; part off
    %ix/load 5, 0, 0; Constant delay
    %assign/vec4/a/d v0x55e508df7a30, 4, 5;
T_27.2 ;
T_27.0 ;
    %jmp T_27;
    .thread T_27;
    .scope S_0x55e508dd7f30;
T_28 ;
    %wait E_0x55e508d76d70;
    %load/vec4 v0x55e508da18a0_0;
    %flag_set/vec4 8;
    %jmp/0xz  T_28.0, 8;
    %load/vec4 v0x55e508e07b20_0;
    %parti/s 1, 28, 6;
    %flag_set/vec4 8;
    %jmp/0xz  T_28.2, 8;
    %load/vec4 v0x55e508da1b70_0;
    %parti/s 8, 224, 9;
    %ix/getv 3, v0x55e508da19e0_0;
    %ix/load 4, 224, 0; part off
    %ix/load 5, 0, 0; Constant delay
    %assign/vec4/a/d v0x55e508df7a30, 4, 5;
T_28.2 ;
T_28.0 ;
    %jmp T_28;
    .thread T_28;
    .scope S_0x55e508dd80c0;
T_29 ;
    %wait E_0x55e508d76d70;
    %load/vec4 v0x55e508da18a0_0;
    %flag_set/vec4 8;
    %jmp/0xz  T_29.0, 8;
    %load/vec4 v0x55e508e07b20_0;
    %parti/s 1, 29, 6;
    %flag_set/vec4 8;
    %jmp/0xz  T_29.2, 8;
    %load/vec4 v0x55e508da1b70_0;
    %parti/s 8, 232, 9;
    %ix/getv 3, v0x55e508da19e0_0;
    %ix/load 4, 232, 0; part off
    %ix/load 5, 0, 0; Constant delay
    %assign/vec4/a/d v0x55e508df7a30, 4, 5;
T_29.2 ;
T_29.0 ;
    %jmp T_29;
    .thread T_29;
    .scope S_0x55e508dd8250;
T_30 ;
    %wait E_0x55e508d76d70;
    %load/vec4 v0x55e508da18a0_0;
    %flag_set/vec4 8;
    %jmp/0xz  T_30.0, 8;
    %load/vec4 v0x55e508e07b20_0;
    %parti/s 1, 30, 6;
    %flag_set/vec4 8;
    %jmp/0xz  T_30.2, 8;
    %load/vec4 v0x55e508da1b70_0;
    %parti/s 8, 240, 9;
    %ix/getv 3, v0x55e508da19e0_0;
    %ix/load 4, 240, 0; part off
    %ix/load 5, 0, 0; Constant delay
    %assign/vec4/a/d v0x55e508df7a30, 4, 5;
T_30.2 ;
T_30.0 ;
    %jmp T_30;
    .thread T_30;
    .scope S_0x55e508dd83e0;
T_31 ;
    %wait E_0x55e508d76d70;
    %load/vec4 v0x55e508da18a0_0;
    %flag_set/vec4 8;
    %jmp/0xz  T_31.0, 8;
    %load/vec4 v0x55e508e07b20_0;
    %parti/s 1, 31, 6;
    %flag_set/vec4 8;
    %jmp/0xz  T_31.2, 8;
    %load/vec4 v0x55e508da1b70_0;
    %parti/s 8, 248, 9;
    %ix/getv 3, v0x55e508da19e0_0;
    %ix/load 4, 248, 0; part off
    %ix/load 5, 0, 0; Constant delay
    %assign/vec4/a/d v0x55e508df7a30, 4, 5;
T_31.2 ;
T_31.0 ;
    %jmp T_31;
    .thread T_31;
    .scope S_0x55e508dd8570;
T_32 ;
    %wait E_0x55e508d76d70;
    %load/vec4 v0x55e508da18a0_0;
    %flag_set/vec4 8;
    %jmp/0xz  T_32.0, 8;
    %load/vec4 v0x55e508e07b20_0;
    %parti/s 1, 32, 7;
    %flag_set/vec4 8;
    %jmp/0xz  T_32.2, 8;
    %load/vec4 v0x55e508da1b70_0;
    %parti/s 8, 256, 10;
    %ix/getv 3, v0x55e508da19e0_0;
    %ix/load 4, 256, 0; part off
    %ix/load 5, 0, 0; Constant delay
    %assign/vec4/a/d v0x55e508df7a30, 4, 5;
T_32.2 ;
T_32.0 ;
    %jmp T_32;
    .thread T_32;
    .scope S_0x55e508dd8910;
T_33 ;
    %wait E_0x55e508d76d70;
    %load/vec4 v0x55e508da18a0_0;
    %flag_set/vec4 8;
    %jmp/0xz  T_33.0, 8;
    %load/vec4 v0x55e508e07b20_0;
    %parti/s 1, 33, 7;
    %flag_set/vec4 8;
    %jmp/0xz  T_33.2, 8;
    %load/vec4 v0x55e508da1b70_0;
    %parti/s 8, 264, 10;
    %ix/getv 3, v0x55e508da19e0_0;
    %ix/load 4, 264, 0; part off
    %ix/load 5, 0, 0; Constant delay
    %assign/vec4/a/d v0x55e508df7a30, 4, 5;
T_33.2 ;
T_33.0 ;
    %jmp T_33;
    .thread T_33;
    .scope S_0x55e508dd8aa0;
T_34 ;
    %wait E_0x55e508d76d70;
    %load/vec4 v0x55e508da18a0_0;
    %flag_set/vec4 8;
    %jmp/0xz  T_34.0, 8;
    %load/vec4 v0x55e508e07b20_0;
    %parti/s 1, 34, 7;
    %flag_set/vec4 8;
    %jmp/0xz  T_34.2, 8;
    %load/vec4 v0x55e508da1b70_0;
    %parti/s 8, 272, 10;
    %ix/getv 3, v0x55e508da19e0_0;
    %ix/load 4, 272, 0; part off
    %ix/load 5, 0, 0; Constant delay
    %assign/vec4/a/d v0x55e508df7a30, 4, 5;
T_34.2 ;
T_34.0 ;
    %jmp T_34;
    .thread T_34;
    .scope S_0x55e508dd8c30;
T_35 ;
    %wait E_0x55e508d76d70;
    %load/vec4 v0x55e508da18a0_0;
    %flag_set/vec4 8;
    %jmp/0xz  T_35.0, 8;
    %load/vec4 v0x55e508e07b20_0;
    %parti/s 1, 35, 7;
    %flag_set/vec4 8;
    %jmp/0xz  T_35.2, 8;
    %load/vec4 v0x55e508da1b70_0;
    %parti/s 8, 280, 10;
    %ix/getv 3, v0x55e508da19e0_0;
    %ix/load 4, 280, 0; part off
    %ix/load 5, 0, 0; Constant delay
    %assign/vec4/a/d v0x55e508df7a30, 4, 5;
T_35.2 ;
T_35.0 ;
    %jmp T_35;
    .thread T_35;
    .scope S_0x55e508dd8dc0;
T_36 ;
    %wait E_0x55e508d76d70;
    %load/vec4 v0x55e508da18a0_0;
    %flag_set/vec4 8;
    %jmp/0xz  T_36.0, 8;
    %load/vec4 v0x55e508e07b20_0;
    %parti/s 1, 36, 7;
    %flag_set/vec4 8;
    %jmp/0xz  T_36.2, 8;
    %load/vec4 v0x55e508da1b70_0;
    %parti/s 8, 288, 10;
    %ix/getv 3, v0x55e508da19e0_0;
    %ix/load 4, 288, 0; part off
    %ix/load 5, 0, 0; Constant delay
    %assign/vec4/a/d v0x55e508df7a30, 4, 5;
T_36.2 ;
T_36.0 ;
    %jmp T_36;
    .thread T_36;
    .scope S_0x55e508dd8f50;
T_37 ;
    %wait E_0x55e508d76d70;
    %load/vec4 v0x55e508da18a0_0;
    %flag_set/vec4 8;
    %jmp/0xz  T_37.0, 8;
    %load/vec4 v0x55e508e07b20_0;
    %parti/s 1, 37, 7;
    %flag_set/vec4 8;
    %jmp/0xz  T_37.2, 8;
    %load/vec4 v0x55e508da1b70_0;
    %parti/s 8, 296, 10;
    %ix/getv 3, v0x55e508da19e0_0;
    %ix/load 4, 296, 0; part off
    %ix/load 5, 0, 0; Constant delay
    %assign/vec4/a/d v0x55e508df7a30, 4, 5;
T_37.2 ;
T_37.0 ;
    %jmp T_37;
    .thread T_37;
    .scope S_0x55e508dd90e0;
T_38 ;
    %wait E_0x55e508d76d70;
    %load/vec4 v0x55e508da18a0_0;
    %flag_set/vec4 8;
    %jmp/0xz  T_38.0, 8;
    %load/vec4 v0x55e508e07b20_0;
    %parti/s 1, 38, 7;
    %flag_set/vec4 8;
    %jmp/0xz  T_38.2, 8;
    %load/vec4 v0x55e508da1b70_0;
    %parti/s 8, 304, 10;
    %ix/getv 3, v0x55e508da19e0_0;
    %ix/load 4, 304, 0; part off
    %ix/load 5, 0, 0; Constant delay
    %assign/vec4/a/d v0x55e508df7a30, 4, 5;
T_38.2 ;
T_38.0 ;
    %jmp T_38;
    .thread T_38;
    .scope S_0x55e508dd9270;
T_39 ;
    %wait E_0x55e508d76d70;
    %load/vec4 v0x55e508da18a0_0;
    %flag_set/vec4 8;
    %jmp/0xz  T_39.0, 8;
    %load/vec4 v0x55e508e07b20_0;
    %parti/s 1, 39, 7;
    %flag_set/vec4 8;
    %jmp/0xz  T_39.2, 8;
    %load/vec4 v0x55e508da1b70_0;
    %parti/s 8, 312, 10;
    %ix/getv 3, v0x55e508da19e0_0;
    %ix/load 4, 312, 0; part off
    %ix/load 5, 0, 0; Constant delay
    %assign/vec4/a/d v0x55e508df7a30, 4, 5;
T_39.2 ;
T_39.0 ;
    %jmp T_39;
    .thread T_39;
    .scope S_0x55e508dd9400;
T_40 ;
    %wait E_0x55e508d76d70;
    %load/vec4 v0x55e508da18a0_0;
    %flag_set/vec4 8;
    %jmp/0xz  T_40.0, 8;
    %load/vec4 v0x55e508e07b20_0;
    %parti/s 1, 40, 7;
    %flag_set/vec4 8;
    %jmp/0xz  T_40.2, 8;
    %load/vec4 v0x55e508da1b70_0;
    %parti/s 8, 320, 10;
    %ix/getv 3, v0x55e508da19e0_0;
    %ix/load 4, 320, 0; part off
    %ix/load 5, 0, 0; Constant delay
    %assign/vec4/a/d v0x55e508df7a30, 4, 5;
T_40.2 ;
T_40.0 ;
    %jmp T_40;
    .thread T_40;
    .scope S_0x55e508dd9590;
T_41 ;
    %wait E_0x55e508d76d70;
    %load/vec4 v0x55e508da18a0_0;
    %flag_set/vec4 8;
    %jmp/0xz  T_41.0, 8;
    %load/vec4 v0x55e508e07b20_0;
    %parti/s 1, 41, 7;
    %flag_set/vec4 8;
    %jmp/0xz  T_41.2, 8;
    %load/vec4 v0x55e508da1b70_0;
    %parti/s 8, 328, 10;
    %ix/getv 3, v0x55e508da19e0_0;
    %ix/load 4, 328, 0; part off
    %ix/load 5, 0, 0; Constant delay
    %assign/vec4/a/d v0x55e508df7a30, 4, 5;
T_41.2 ;
T_41.0 ;
    %jmp T_41;
    .thread T_41;
    .scope S_0x55e508dd9720;
T_42 ;
    %wait E_0x55e508d76d70;
    %load/vec4 v0x55e508da18a0_0;
    %flag_set/vec4 8;
    %jmp/0xz  T_42.0, 8;
    %load/vec4 v0x55e508e07b20_0;
    %parti/s 1, 42, 7;
    %flag_set/vec4 8;
    %jmp/0xz  T_42.2, 8;
    %load/vec4 v0x55e508da1b70_0;
    %parti/s 8, 336, 10;
    %ix/getv 3, v0x55e508da19e0_0;
    %ix/load 4, 336, 0; part off
    %ix/load 5, 0, 0; Constant delay
    %assign/vec4/a/d v0x55e508df7a30, 4, 5;
T_42.2 ;
T_42.0 ;
    %jmp T_42;
    .thread T_42;
    .scope S_0x55e508dd98b0;
T_43 ;
    %wait E_0x55e508d76d70;
    %load/vec4 v0x55e508da18a0_0;
    %flag_set/vec4 8;
    %jmp/0xz  T_43.0, 8;
    %load/vec4 v0x55e508e07b20_0;
    %parti/s 1, 43, 7;
    %flag_set/vec4 8;
    %jmp/0xz  T_43.2, 8;
    %load/vec4 v0x55e508da1b70_0;
    %parti/s 8, 344, 10;
    %ix/getv 3, v0x55e508da19e0_0;
    %ix/load 4, 344, 0; part off
    %ix/load 5, 0, 0; Constant delay
    %assign/vec4/a/d v0x55e508df7a30, 4, 5;
T_43.2 ;
T_43.0 ;
    %jmp T_43;
    .thread T_43;
    .scope S_0x55e508dd9a40;
T_44 ;
    %wait E_0x55e508d76d70;
    %load/vec4 v0x55e508da18a0_0;
    %flag_set/vec4 8;
    %jmp/0xz  T_44.0, 8;
    %load/vec4 v0x55e508e07b20_0;
    %parti/s 1, 44, 7;
    %flag_set/vec4 8;
    %jmp/0xz  T_44.2, 8;
    %load/vec4 v0x55e508da1b70_0;
    %parti/s 8, 352, 10;
    %ix/getv 3, v0x55e508da19e0_0;
    %ix/load 4, 352, 0; part off
    %ix/load 5, 0, 0; Constant delay
    %assign/vec4/a/d v0x55e508df7a30, 4, 5;
T_44.2 ;
T_44.0 ;
    %jmp T_44;
    .thread T_44;
    .scope S_0x55e508dd9bd0;
T_45 ;
    %wait E_0x55e508d76d70;
    %load/vec4 v0x55e508da18a0_0;
    %flag_set/vec4 8;
    %jmp/0xz  T_45.0, 8;
    %load/vec4 v0x55e508e07b20_0;
    %parti/s 1, 45, 7;
    %flag_set/vec4 8;
    %jmp/0xz  T_45.2, 8;
    %load/vec4 v0x55e508da1b70_0;
    %parti/s 8, 360, 10;
    %ix/getv 3, v0x55e508da19e0_0;
    %ix/load 4, 360, 0; part off
    %ix/load 5, 0, 0; Constant delay
    %assign/vec4/a/d v0x55e508df7a30, 4, 5;
T_45.2 ;
T_45.0 ;
    %jmp T_45;
    .thread T_45;
    .scope S_0x55e508dd9d60;
T_46 ;
    %wait E_0x55e508d76d70;
    %load/vec4 v0x55e508da18a0_0;
    %flag_set/vec4 8;
    %jmp/0xz  T_46.0, 8;
    %load/vec4 v0x55e508e07b20_0;
    %parti/s 1, 46, 7;
    %flag_set/vec4 8;
    %jmp/0xz  T_46.2, 8;
    %load/vec4 v0x55e508da1b70_0;
    %parti/s 8, 368, 10;
    %ix/getv 3, v0x55e508da19e0_0;
    %ix/load 4, 368, 0; part off
    %ix/load 5, 0, 0; Constant delay
    %assign/vec4/a/d v0x55e508df7a30, 4, 5;
T_46.2 ;
T_46.0 ;
    %jmp T_46;
    .thread T_46;
    .scope S_0x55e508dd9ef0;
T_47 ;
    %wait E_0x55e508d76d70;
    %load/vec4 v0x55e508da18a0_0;
    %flag_set/vec4 8;
    %jmp/0xz  T_47.0, 8;
    %load/vec4 v0x55e508e07b20_0;
    %parti/s 1, 47, 7;
    %flag_set/vec4 8;
    %jmp/0xz  T_47.2, 8;
    %load/vec4 v0x55e508da1b70_0;
    %parti/s 8, 376, 10;
    %ix/getv 3, v0x55e508da19e0_0;
    %ix/load 4, 376, 0; part off
    %ix/load 5, 0, 0; Constant delay
    %assign/vec4/a/d v0x55e508df7a30, 4, 5;
T_47.2 ;
T_47.0 ;
    %jmp T_47;
    .thread T_47;
    .scope S_0x55e508dda080;
T_48 ;
    %wait E_0x55e508d76d70;
    %load/vec4 v0x55e508da18a0_0;
    %flag_set/vec4 8;
    %jmp/0xz  T_48.0, 8;
    %load/vec4 v0x55e508e07b20_0;
    %parti/s 1, 48, 7;
    %flag_set/vec4 8;
    %jmp/0xz  T_48.2, 8;
    %load/vec4 v0x55e508da1b70_0;
    %parti/s 8, 384, 10;
    %ix/getv 3, v0x55e508da19e0_0;
    %ix/load 4, 384, 0; part off
    %ix/load 5, 0, 0; Constant delay
    %assign/vec4/a/d v0x55e508df7a30, 4, 5;
T_48.2 ;
T_48.0 ;
    %jmp T_48;
    .thread T_48;
    .scope S_0x55e508dda210;
T_49 ;
    %wait E_0x55e508d76d70;
    %load/vec4 v0x55e508da18a0_0;
    %flag_set/vec4 8;
    %jmp/0xz  T_49.0, 8;
    %load/vec4 v0x55e508e07b20_0;
    %parti/s 1, 49, 7;
    %flag_set/vec4 8;
    %jmp/0xz  T_49.2, 8;
    %load/vec4 v0x55e508da1b70_0;
    %parti/s 8, 392, 10;
    %ix/getv 3, v0x55e508da19e0_0;
    %ix/load 4, 392, 0; part off
    %ix/load 5, 0, 0; Constant delay
    %assign/vec4/a/d v0x55e508df7a30, 4, 5;
T_49.2 ;
T_49.0 ;
    %jmp T_49;
    .thread T_49;
    .scope S_0x55e508dc1a30;
T_50 ;
    %wait E_0x55e508d76d70;
    %load/vec4 v0x55e508da1940_0;
    %flag_set/vec4 8;
    %jmp/0xz  T_50.0, 8;
    %ix/getv 4, v0x55e508da1c10_0;
    %load/vec4a v0x55e508df7a30, 4;
    %assign/vec4 v0x55e508da13f0_0, 0;
T_50.0 ;
    %jmp T_50;
    .thread T_50;
    .scope S_0x55e508e08d80;
T_51 ;
    %wait E_0x55e508dd58f0;
    %load/vec4 v0x55e508e09e80_0;
    %flag_set/vec4 8;
    %jmp/0xz  T_51.0, 8;
    %load/vec4 v0x55e508e0a2f0_0;
    %parti/s 1, 0, 2;
    %flag_set/vec4 8;
    %jmp/0xz  T_51.2, 8;
    %load/vec4 v0x55e508e0a050_0;
    %parti/s 8, 0, 2;
    %load/vec4 v0x55e508e09d00_0;
    %pad/u 16;
    %ix/vec4 3;
    %ix/load 4, 0, 0; Constant delay
    %assign/vec4/a/d v0x55e508e0a210, 0, 4;
T_51.2 ;
T_51.0 ;
    %jmp T_51;
    .thread T_51;
    .scope S_0x55e508e090a0;
T_52 ;
    %wait E_0x55e508dd58f0;
    %load/vec4 v0x55e508e09e80_0;
    %flag_set/vec4 8;
    %jmp/0xz  T_52.0, 8;
    %load/vec4 v0x55e508e0a2f0_0;
    %parti/s 1, 1, 2;
    %flag_set/vec4 8;
    %jmp/0xz  T_52.2, 8;
    %load/vec4 v0x55e508e0a050_0;
    %parti/s 8, 8, 5;
    %load/vec4 v0x55e508e09d00_0;
    %pad/u 16;
    %ix/vec4 3;
    %ix/load 4, 8, 0; part off
    %ix/load 5, 0, 0; Constant delay
    %assign/vec4/a/d v0x55e508e0a210, 4, 5;
T_52.2 ;
T_52.0 ;
    %jmp T_52;
    .thread T_52;
    .scope S_0x55e508e09380;
T_53 ;
    %wait E_0x55e508dd58f0;
    %load/vec4 v0x55e508e09e80_0;
    %flag_set/vec4 8;
    %jmp/0xz  T_53.0, 8;
    %load/vec4 v0x55e508e0a2f0_0;
    %parti/s 1, 2, 3;
    %flag_set/vec4 8;
    %jmp/0xz  T_53.2, 8;
    %load/vec4 v0x55e508e0a050_0;
    %parti/s 8, 16, 6;
    %load/vec4 v0x55e508e09d00_0;
    %pad/u 16;
    %ix/vec4 3;
    %ix/load 4, 16, 0; part off
    %ix/load 5, 0, 0; Constant delay
    %assign/vec4/a/d v0x55e508e0a210, 4, 5;
T_53.2 ;
T_53.0 ;
    %jmp T_53;
    .thread T_53;
    .scope S_0x55e508e09650;
T_54 ;
    %wait E_0x55e508dd58f0;
    %load/vec4 v0x55e508e09e80_0;
    %flag_set/vec4 8;
    %jmp/0xz  T_54.0, 8;
    %load/vec4 v0x55e508e0a2f0_0;
    %parti/s 1, 3, 3;
    %flag_set/vec4 8;
    %jmp/0xz  T_54.2, 8;
    %load/vec4 v0x55e508e0a050_0;
    %parti/s 8, 24, 6;
    %load/vec4 v0x55e508e09d00_0;
    %pad/u 16;
    %ix/vec4 3;
    %ix/load 4, 24, 0; part off
    %ix/load 5, 0, 0; Constant delay
    %assign/vec4/a/d v0x55e508e0a210, 4, 5;
T_54.2 ;
T_54.0 ;
    %jmp T_54;
    .thread T_54;
    .scope S_0x55e508e09910;
T_55 ;
    %wait E_0x55e508dd58f0;
    %load/vec4 v0x55e508e09e80_0;
    %flag_set/vec4 8;
    %jmp/0xz  T_55.0, 8;
    %load/vec4 v0x55e508e0a2f0_0;
    %parti/s 1, 4, 4;
    %flag_set/vec4 8;
    %jmp/0xz  T_55.2, 8;
    %load/vec4 v0x55e508e0a050_0;
    %parti/s 8, 32, 7;
    %load/vec4 v0x55e508e09d00_0;
    %pad/u 16;
    %ix/vec4 3;
    %ix/load 4, 32, 0; part off
    %ix/load 5, 0, 0; Constant delay
    %assign/vec4/a/d v0x55e508e0a210, 4, 5;
T_55.2 ;
T_55.0 ;
    %jmp T_55;
    .thread T_55;
    .scope S_0x55e508e086d0;
T_56 ;
    %wait E_0x55e508dd58f0;
    %load/vec4 v0x55e508e09de0_0;
    %flag_set/vec4 8;
    %jmp/0xz  T_56.0, 8;
    %load/vec4 v0x55e508e09c20_0;
    %pad/u 16;
    %ix/vec4 4;
    %load/vec4a v0x55e508e0a210, 4;
    %assign/vec4 v0x55e508e0a130_0, 0;
T_56.0 ;
    %jmp T_56;
    .thread T_56;
    .scope S_0x55e508e08490;
T_57 ;
    %wait E_0x55e508d5fd00;
    %load/vec4 v0x55e508e0f290_0;
    %nor/r;
    %flag_set/vec4 8;
    %jmp/0xz  T_57.0, 8;
    %pushi/vec4 0, 0, 15;
    %assign/vec4 v0x55e508e0f430_0, 0;
    %pushi/vec4 0, 0, 15;
    %assign/vec4 v0x55e508e0f350_0, 0;
    %pushi/vec4 0, 0, 40;
    %assign/vec4 v0x55e508e0eb10_0, 0;
    %pushi/vec4 0, 0, 40;
    %assign/vec4 v0x55e508e0ea50_0, 0;
    %pushi/vec4 0, 0, 1;
    %assign/vec4 v0x55e508e0e800_0, 0;
    %pushi/vec4 0, 0, 1;
    %assign/vec4 v0x55e508e0e800_0, 0;
    %pushi/vec4 0, 0, 1;
    %assign/vec4 v0x55e508e0f5e0_0, 0;
    %pushi/vec4 0, 0, 1;
    %assign/vec4 v0x55e508e0f6c0_0, 0;
    %pushi/vec4 0, 0, 1;
    %assign/vec4 v0x55e508e0f0f0_0, 0;
    %jmp T_57.1;
T_57.0 ;
    %load/vec4 v0x55e508e0f780_0;
    %flag_set/vec4 8;
    %jmp/0xz  T_57.2, 8;
    %load/vec4 v0x55e508e0ede0_0;
    %assign/vec4 v0x55e508e0f350_0, 0;
    %load/vec4 v0x55e508e0ef70_0;
    %assign/vec4 v0x55e508e0ea50_0, 0;
    %load/vec4 v0x55e508e0eea0_0;
    %assign/vec4 v0x55e508e0e800_0, 0;
    %load/vec4 v0x55e508e0e800_0;
    %assign/vec4 v0x55e508e0e8e0_0, 0;
    %load/vec4 v0x55e508e0f350_0;
    %assign/vec4 v0x55e508e0f430_0, 0;
    %load/vec4 v0x55e508e0ea50_0;
    %assign/vec4 v0x55e508e0eb10_0, 0;
    %load/vec4 v0x55e508e0f030_0;
    %assign/vec4 v0x55e508e0f5e0_0, 0;
    %load/vec4 v0x55e508e0f5e0_0;
    %assign/vec4 v0x55e508e0f6c0_0, 0;
    %load/vec4 v0x55e508e0f350_0;
    %cmpi/e 17999, 0, 15;
    %jmp/0xz  T_57.4, 4;
    %pushi/vec4 1, 0, 1;
    %assign/vec4 v0x55e508e0f0f0_0, 0;
T_57.4 ;
T_57.2 ;
T_57.1 ;
    %jmp T_57;
    .thread T_57;
    .scope S_0x55e508e08490;
T_58 ;
    %wait E_0x55e508d5fd00;
    %load/vec4 v0x55e508e0f290_0;
    %nor/r;
    %flag_set/vec4 8;
    %jmp/0xz  T_58.0, 8;
    %pushi/vec4 0, 0, 26;
    %assign/vec4 v0x55e508e0f520_0, 0;
    %jmp T_58.1;
T_58.0 ;
    %load/vec4 v0x55e508e0ec00_0;
    %pad/u 32;
    %cmpi/u 18000, 0, 32;
    %flag_or 5, 4; GT is !LE
    %flag_inv 5;
    %jmp/1 T_58.4, 5;
    %flag_mov 8, 5;
    %load/vec4 v0x55e508e0ec00_0;
    %pad/u 32;
    %cmpi/e 0, 0, 32;
    %flag_or 4, 8;
    %flag_mov 5, 4;
T_58.4;
    %jmp/0xz  T_58.2, 5;
    %pushi/vec4 0, 0, 26;
    %assign/vec4 v0x55e508e0f520_0, 0;
    %jmp T_58.3;
T_58.2 ;
    %load/vec4 v0x55e508e0f5e0_0;
    %load/vec4 v0x55e508e0e800_0;
    %and;
    %flag_set/vec4 8;
    %jmp/0xz  T_58.5, 8;
    %load/vec4 v0x55e508e0f520_0;
    %load/vec4 v0x55e508e0deb0_0;
    %pad/u 26;
    %add;
    %assign/vec4 v0x55e508e0f520_0, 0;
T_58.5 ;
T_58.3 ;
T_58.1 ;
    %jmp T_58;
    .thread T_58;
    .scope S_0x55e508dc4410;
T_59 ;
    %pushi/vec4 0, 0, 1;
    %store/vec4 v0x55e508e0fb10_0, 0, 1;
T_59.0 ;
    %delay 5000, 0;
    %load/vec4 v0x55e508e0fb10_0;
    %inv;
    %store/vec4 v0x55e508e0fb10_0, 0, 1;
    %jmp T_59.0;
    %end;
    .thread T_59;
    .scope S_0x55e508dc4410;
T_60 ;
    %pushi/vec4 0, 0, 1;
    %store/vec4 v0x55e508e0ff10_0, 0, 1;
    %delay 100000, 0;
    %pushi/vec4 1, 0, 1;
    %store/vec4 v0x55e508e0ff10_0, 0, 1;
    %end;
    .thread T_60;
    .scope S_0x55e508dc4410;
T_61 ;
    %pushi/vec4 0, 0, 15;
    %store/vec4 v0x55e508e0f960_0, 0, 15;
    %pushi/vec4 0, 0, 1;
    %store/vec4 v0x55e508e0fa70_0, 0, 1;
    %pushi/vec4 0, 0, 1;
    %store/vec4 v0x55e508e100b0_0, 0, 1;
    %pushi/vec4 0, 0, 8;
    %store/vec4 v0x55e508e0fca0_0, 0, 8;
    %pushi/vec4 255, 0, 8;
    %store/vec4 v0x55e508e0fd90_0, 0, 8;
    %pushi/vec4 0, 0, 1;
    %store/vec4 v0x55e508e0fe70_0, 0, 1;
    %pushi/vec4 4, 0, 32;
T_61.0 %dup/vec4;
    %pushi/vec4 0, 0, 32;
    %cmp/s;
    %jmp/1xz T_61.1, 5;
    %jmp/1 T_61.1, 4;
    %pushi/vec4 1, 0, 32;
    %sub;
    %wait E_0x55e508dd58f0;
    %load/vec4 v0x55e508e0ff10_0;
    %inv;
    %flag_set/vec4 8;
    %jmp/0xz  T_61.2, 8;
    %wait E_0x55e508d76320;
    %wait E_0x55e508dd58f0;
T_61.2 ;
    %pushi/vec4 0, 0, 15;
    %assign/vec4 v0x55e508e0f960_0, 0;
    %pushi/vec4 1, 0, 1;
    %assign/vec4 v0x55e508e0fa70_0, 0;
    %pushi/vec4 1, 0, 1;
    %assign/vec4 v0x55e508e100b0_0, 0;
    %pushi/vec4 0, 0, 1;
    %assign/vec4 v0x55e508e0fe70_0, 0;
    %load/vec4 v0x55e508e0fd90_0;
    %assign/vec4 v0x55e508e0fca0_0, 0;
    %load/vec4 v0x55e508e0fca0_0;
    %assign/vec4 v0x55e508e0fd90_0, 0;
    %pushi/vec4 19000, 0, 32;
T_61.4 %dup/vec4;
    %pushi/vec4 0, 0, 32;
    %cmp/s;
    %jmp/1xz T_61.5, 5;
    %jmp/1 T_61.5, 4;
    %pushi/vec4 1, 0, 32;
    %sub;
    %wait E_0x55e508dd58f0;
    %load/vec4 v0x55e508e0ff10_0;
    %inv;
    %flag_set/vec4 8;
    %jmp/0xz  T_61.6, 8;
    %wait E_0x55e508d76320;
    %wait E_0x55e508dd58f0;
T_61.6 ;
    %load/vec4 v0x55e508e0f960_0;
    %addi 1, 0, 15;
    %assign/vec4 v0x55e508e0f960_0, 0;
    %pushi/vec4 1, 0, 1;
    %assign/vec4 v0x55e508e0fa70_0, 0;
    %pushi/vec4 1, 0, 1;
    %assign/vec4 v0x55e508e100b0_0, 0;
    %load/vec4 v0x55e508e0f960_0;
    %pad/u 32;
    %cmpi/e 18000, 0, 32;
    %jmp/0xz  T_61.8, 4;
    %pushi/vec4 1, 0, 1;
    %assign/vec4 v0x55e508e0fe70_0, 0;
    %vpi_call 3 57 "$display", "sub is %d", v0x55e508e0ffe0_0 {0 0 0};
    %jmp T_61.9;
T_61.8 ;
    %pushi/vec4 0, 0, 1;
    %assign/vec4 v0x55e508e0fe70_0, 0;
T_61.9 ;
    %jmp T_61.4;
T_61.5 ;
    %pop/vec4 1;
    %jmp T_61.0;
T_61.1 ;
    %pop/vec4 1;
    %vpi_call 3 64 "$finish" {0 0 0};
    %end;
    .thread T_61;
    .scope S_0x55e508dc4410;
T_62 ;
    %vpi_call 3 78 "$dumpfile", "sub.vcd" {0 0 0};
    %vpi_call 3 79 "$dumpvars", 32'sb00000000000000000000000000000000, S_0x55e508e08490 {0 0 0};
    %end;
    .thread T_62;
# The file index is used to find the file name in the following table.
:file_names 4;
    "N/A";
    "<interactive>";
    "./sub.v";
    "tb_sub.v";
